GBN a 
=========================================================================
                          Station A                                 
-------------------------------------------------------------------------
Protocol.lib, version 3.0, Build: Oct 19 2009 (jiangy@public3.bta.net.cn)
Channel: 8000 bps, 270 ms propagation delay, bit error rate 1.0E-005
Log file "GBN-A.log", TCP port 59144, debug mask 0x00
Station A is waiting for station B on TCP port 59144 ... Done.
New epoch: Sat May 20 15:41:07 2017
=========================================================================
Designed by LXS, build: May 20 2017  13:12:58
3.656 .... 4 packets received, 3445 bps, 43.06%, Err 1 (4.8e-005)
5.826 .... 12 packets received, 5404 bps, 67.55%, Err 1 (2.6e-005)
7.937 .... 20 packets received, 6151 bps, 76.89%, Err 1 (1.8e-005)
10.060 .... 28 packets received, 6530 bps, 81.62%, Err 1 (1.4e-005)
12.195 .... 36 packets received, 6754 bps, 84.42%, Err 1 (1.1e-005)
14.315 .... 44 packets received, 6912 bps, 86.40%, Err 1 (9.4e-006)
16.418 .... 52 packets received, 7034 bps, 87.93%, Err 1 (8.1e-006)
18.536 .... 60 packets received, 7120 bps, 89.00%, Err 1 (7.1e-006)
20.638 .... 68 packets received, 7193 bps, 89.92%, Err 1 (6.4e-006)
22.774 .... 76 packets received, 7241 bps, 90.51%, Err 1 (5.7e-006)
24.878 .... 84 packets received, 7289 bps, 91.12%, Err 1 (5.2e-006)
27.243 .... 89 packets received, 7020 bps, 87.75%, Err 3 (1.4e-005)
29.393 .... 97 packets received, 7066 bps, 88.32%, Err 3 (1.3e-005)
31.495 .... 105 packets received, 7117 bps, 88.96%, Err 3 (1.2e-005)
33.629 .... 113 packets received, 7154 bps, 89.42%, Err 3 (1.2e-005)
35.717 .... 121 packets received, 7196 bps, 89.94%, Err 3 (1.1e-005)
37.851 .... 129 packets received, 7224 bps, 90.30%, Err 3 (1.0e-005)
39.954 .... 137 packets received, 7255 bps, 90.68%, Err 3 (9.6e-006)
42.088 .... 145 packets received, 7277 bps, 90.96%, Err 3 (9.1e-006)
44.191 .... 153 packets received, 7302 bps, 91.27%, Err 3 (8.7e-006)
46.311 .... 161 packets received, 7322 bps, 91.52%, Err 3 (8.3e-006)
48.415 .... 165 packets received, 7169 bps, 89.61%, Err 4 (1.1e-005)
50.550 .... 173 packets received, 7191 bps, 89.88%, Err 4 (1.0e-005)
52.652 .... 181 packets received, 7215 bps, 90.19%, Err 4 (9.7e-006)
54.773 .... 189 packets received, 7236 bps, 90.45%, Err 4 (9.3e-006)
56.893 .... 197 packets received, 7254 bps, 90.68%, Err 5 (1.1e-005)
58.996 .... 205 packets received, 7274 bps, 90.92%, Err 6 (1.3e-005)
61.117 .... 209 packets received, 7153 bps, 89.41%, Err 6 (1.2e-005)
63.250 .... 217 packets received, 7171 bps, 89.64%, Err 6 (1.2e-005)
65.370 .... 225 packets received, 7190 bps, 89.87%, Err 6 (1.2e-005)
67.472 .... 233 packets received, 7209 bps, 90.11%, Err 6 (1.1e-005)
69.608 .... 241 packets received, 7223 bps, 90.29%, Err 6 (1.1e-005)
71.699 .... 249 packets received, 7241 bps, 90.52%, Err 6 (1.1e-005)
73.818 .... 257 packets received, 7256 bps, 90.70%, Err 6 (1.0e-005)
75.954 .... 265 packets received, 7268 bps, 90.85%, Err 6 (1.0e-005)
78.040 .... 273 packets received, 7284 bps, 91.05%, Err 6 (9.7e-006)
80.144 .... 281 packets received, 7297 bps, 91.21%, Err 6 (9.5e-006)
82.280 .... 289 packets received, 7307 bps, 91.34%, Err 6 (9.2e-006)
84.381 .... 297 packets received, 7319 bps, 91.49%, Err 6 (9.0e-006)
86.469 .... 305 packets received, 7332 bps, 91.65%, Err 6 (8.8e-006)
92.738 .... 313 packets received, 7009 bps, 87.61%, Err 8 (1.1e-005)
94.856 .... 321 packets received, 7025 bps, 87.82%, Err 8 (1.1e-005)
96.975 .... 329 packets received, 7041 bps, 88.01%, Err 8 (1.1e-005)
99.108 .... 337 packets received, 7055 bps, 88.19%, Err 8 (1.0e-005)
104.473 .... 343 packets received, 6807 bps, 85.09%, Err 8 (1.0e-005)
108.635 .... 344 packets received, 6562 bps, 82.03%, Err 8 (1.0e-005)
112.716 .... 345 packets received, 6340 bps, 79.25%, Err 8 (1.0e-005)
116.781 .... 346 packets received, 6135 bps, 76.69%, Err 8 (1.0e-005)
120.934 .... 347 packets received, 5939 bps, 74.24%, Err 8 (1.0e-005)
125.072 .... 348 packets received, 5757 bps, 71.96%, Err 8 (1.0e-005)
129.248 .... 349 packets received, 5585 bps, 69.82%, Err 8 (1.0e-005)
133.408 .... 350 packets received, 5425 bps, 67.81%, Err 8 (9.9e-006)
137.521 .... 351 packets received, 5276 bps, 65.95%, Err 8 (9.9e-006)
141.650 .... 352 packets received, 5136 bps, 64.20%, Err 8 (9.9e-006)
145.796 .... 353 packets received, 5002 bps, 62.53%, Err 8 (9.8e-006)
149.979 .... 354 packets received, 4876 bps, 60.94%, Err 8 (9.8e-006)
154.063 .... 355 packets received, 4759 bps, 59.48%, Err 8 (9.8e-006)
158.082 .... 356 packets received, 4650 bps, 58.12%, Err 8 (9.7e-006)
162.179 .... 357 packets received, 4544 bps, 56.80%, Err 8 (9.7e-006)
166.291 .... 358 packets received, 4443 bps, 55.54%, Err 8 (9.7e-006)
170.343 .... 359 packets received, 4349 bps, 54.36%, Err 8 (9.6e-006)
174.424 .... 360 packets received, 4258 bps, 53.23%, Err 8 (9.6e-006)
178.599 .... 361 packets received, 4169 bps, 52.12%, Err 8 (9.6e-006)
182.679 .... 362 packets received, 4087 bps, 51.09%, Err 8 (9.5e-006)
186.712 .... 363 packets received, 4009 bps, 50.11%, Err 8 (9.5e-006)
190.825 .... 364 packets received, 3933 bps, 49.16%, Err 8 (9.5e-006)
194.892 .... 365 packets received, 3861 bps, 48.26%, Err 8 (9.4e-006)
199.023 .... 366 packets received, 3791 bps, 47.38%, Err 8 (9.4e-006)
201.077 .... 369 packets received, 3782 bps, 47.28%, Err 8 (9.3e-006)
203.180 .... 377 packets received, 3824 bps, 47.80%, Err 8 (9.1e-006)
205.281 .... 385 packets received, 3865 bps, 48.31%, Err 8 (9.0e-006)
207.390 .... 393 packets received, 3905 bps, 48.81%, Err 8 (8.8e-006)
209.526 .... 401 packets received, 3944 bps, 49.30%, Err 8 (8.6e-006)
211.660 .... 409 packets received, 3981 bps, 49.77%, Err 8 (8.5e-006)
213.778 .... 417 packets received, 4019 bps, 50.24%, Err 8 (8.3e-006)
215.866 .... 425 packets received, 4056 bps, 50.70%, Err 8 (8.2e-006)
218.001 .... 433 packets received, 4092 bps, 51.15%, Err 8 (8.0e-006)
220.121 .... 441 packets received, 4127 bps, 51.59%, Err 8 (7.9e-006)
222.209 .... 445 packets received, 4125 bps, 51.56%, Err 10 (9.7e-006)
224.343 .... 447 packets received, 4104 bps, 51.30%, Err 10 (9.6e-006)
226.507 .... 455 packets received, 4137 bps, 51.72%, Err 10 (9.4e-006)
228.593 .... 463 packets received, 4171 bps, 52.14%, Err 10 (9.3e-006)
230.725 .... 471 packets received, 4204 bps, 52.55%, Err 11 (1.0e-005)
232.843 .... 474 packets received, 4192 bps, 52.40%, Err 11 (9.9e-006)
234.976 .... 478 packets received, 4189 bps, 52.36%, Err 13 (1.2e-005)
237.079 .... 486 packets received, 4221 bps, 52.76%, Err 13 (1.1e-005)
239.197 .... 494 packets received, 4252 bps, 53.15%, Err 13 (1.1e-005)
241.302 .... 502 packets received, 4283 bps, 53.54%, Err 13 (1.1e-005)
243.421 .... 510 packets received, 4313 bps, 53.92%, Err 13 (1.1e-005)
245.540 .... 518 packets received, 4343 bps, 54.29%, Err 13 (1.1e-005)
247.647 .... 526 packets received, 4372 bps, 54.66%, Err 13 (1.1e-005)
249.766 .... 534 packets received, 4401 bps, 55.01%, Err 13 (1.0e-005)
251.992 .... 541 packets received, 4419 bps, 55.24%, Err 13 (1.0e-005)
254.080 .... 549 packets received, 4448 bps, 55.59%, Err 14 (1.1e-005)
256.198 .... 552 packets received, 4435 bps, 55.43%, Err 14 (1.1e-005)
258.333 .... 560 packets received, 4462 bps, 55.77%, Err 14 (1.1e-005)
260.468 .... 567 packets received, 4480 bps, 56.00%, Err 14 (1.1e-005)
262.573 .... 575 packets received, 4507 bps, 56.33%, Err 14 (1.0e-005)
264.679 .... 583 packets received, 4533 bps, 56.66%, Err 14 (1.0e-005)
267.605 .... 589 packets received, 4529 bps, 56.62%, Err 16 (1.2e-005)
269.725 .... 597 packets received, 4555 bps, 56.93%, Err 16 (1.1e-005)
271.862 .... 605 packets received, 4579 bps, 57.24%, Err 16 (1.1e-005)
273.961 .... 608 packets received, 4566 bps, 57.08%, Err 18 (1.3e-005)
276.093 .... 616 packets received, 4591 bps, 57.38%, Err 19 (1.3e-005)
278.212 .... 624 packets received, 4615 bps, 57.68%, Err 19 (1.3e-005)
280.315 .... 632 packets received, 4639 bps, 57.98%, Err 19 (1.3e-005)
282.435 .... 640 packets received, 4662 bps, 58.27%, Err 19 (1.3e-005)
284.555 .... 648 packets received, 4685 bps, 58.56%, Err 19 (1.2e-005)
286.643 .... 656 packets received, 4708 bps, 58.85%, Err 19 (1.2e-005)
288.776 .... 664 packets received, 4730 bps, 59.13%, Err 19 (1.2e-005)
290.879 .... 672 packets received, 4752 bps, 59.40%, Err 19 (1.2e-005)
292.996 .... 680 packets received, 4774 bps, 59.67%, Err 19 (1.2e-005)
295.101 .... 688 packets received, 4795 bps, 59.94%, Err 19 (1.2e-005)
297.223 .... 696 packets received, 4816 bps, 60.21%, Err 19 (1.2e-005)
299.328 .... 704 packets received, 4837 bps, 60.47%, Err 19 (1.2e-005)
304.416 .... 709 packets received, 4790 bps, 59.88%, Err 19 (1.2e-005)
308.608 .... 710 packets received, 4731 bps, 59.14%, Err 19 (1.1e-005)
312.647 .... 711 packets received, 4677 bps, 58.46%, Err 19 (1.1e-005)
316.697 .... 712 packets received, 4623 bps, 57.79%, Err 19 (1.1e-005)
320.794 .... 713 packets received, 4570 bps, 57.13%, Err 19 (1.1e-005)
324.922 .... 714 packets received, 4518 bps, 56.48%, Err 19 (1.1e-005)
329.072 .... 715 packets received, 4467 bps, 55.84%, Err 19 (1.1e-005)
333.125 .... 716 packets received, 4419 bps, 55.24%, Err 19 (1.1e-005)
337.161 .... 717 packets received, 4372 bps, 54.65%, Err 19 (1.1e-005)
341.228 .... 718 packets received, 4326 bps, 54.07%, Err 19 (1.1e-005)
345.418 .... 719 packets received, 4279 bps, 53.49%, Err 19 (1.1e-005)
349.564 .... 720 packets received, 4234 bps, 52.92%, Err 19 (1.1e-005)
353.634 .... 721 packets received, 4191 bps, 52.38%, Err 19 (1.1e-005)
357.661 .... 722 packets received, 4149 bps, 51.86%, Err 19 (1.1e-005)
361.837 .... 723 packets received, 4107 bps, 51.33%, Err 19 (1.1e-005)
365.864 .... 724 packets received, 4067 bps, 50.84%, Err 19 (1.1e-005)
370.030 .... 725 packets received, 4027 bps, 50.33%, Err 19 (1.1e-005)
374.174 .... 726 packets received, 3987 bps, 49.84%, Err 19 (1.1e-005)
378.429 .... 727 packets received, 3948 bps, 49.35%, Err 19 (1.1e-005)
382.477 .... 728 packets received, 3911 bps, 48.89%, Err 19 (1.1e-005)
386.621 .... 729 packets received, 3874 bps, 48.43%, Err 19 (1.1e-005)
390.729 .... 730 packets received, 3839 bps, 47.99%, Err 19 (1.1e-005)
394.751 .... 731 packets received, 3805 bps, 47.56%, Err 19 (1.1e-005)
398.892 .... 732 packets received, 3770 bps, 47.13%, Err 19 (1.1e-005)
401.078 .... 735 packets received, 3765 bps, 47.06%, Err 19 (1.1e-005)
403.170 .... 743 packets received, 3786 bps, 47.33%, Err 19 (1.1e-005)
405.281 .... 751 packets received, 3807 bps, 47.59%, Err 19 (1.1e-005)
407.408 .... 759 packets received, 3827 bps, 47.84%, Err 19 (1.1e-005)
409.518 .... 767 packets received, 3848 bps, 48.10%, Err 19 (1.1e-005)
411.628 .... 775 packets received, 3868 bps, 48.35%, Err 19 (1.1e-005)
413.737 .... 783 packets received, 3888 bps, 48.60%, Err 19 (1.0e-005)
415.864 .... 791 packets received, 3907 bps, 48.84%, Err 19 (1.0e-005)
417.966 .... 799 packets received, 3927 bps, 49.09%, Err 19 (1.0e-005)
420.112 .... 807 packets received, 3946 bps, 49.33%, Err 19 (1.0e-005)
422.197 .... 815 packets received, 3965 bps, 49.57%, Err 19 (1.0e-005)
424.324 .... 823 packets received, 3984 bps, 49.80%, Err 19 (1.0e-005)
426.435 .... 831 packets received, 4003 bps, 50.04%, Err 19 (9.9e-006)
428.560 .... 839 packets received, 4021 bps, 50.27%, Err 19 (9.8e-006)
430.672 .... 847 packets received, 4040 bps, 50.50%, Err 19 (9.7e-006)
432.796 .... 851 packets received, 4039 bps, 50.49%, Err 20 (1.0e-005)
434.913 .... 859 packets received, 4057 bps, 50.71%, Err 20 (1.0e-005)
437.026 .... 867 packets received, 4075 bps, 50.94%, Err 20 (1.0e-005)
440.228 .... 875 packets received, 4082 bps, 51.03%, Err 21 (1.0e-005)
442.326 .... 883 packets received, 4100 bps, 51.25%, Err 21 (1.0e-005)
444.451 .... 891 packets received, 4118 bps, 51.47%, Err 21 (1.0e-005)
446.564 .... 899 packets received, 4135 bps, 51.68%, Err 21 (1.0e-005)
448.698 .... 907 packets received, 4152 bps, 51.90%, Err 22 (1.0e-005)
450.804 .... 915 packets received, 4169 bps, 52.11%, Err 22 (1.0e-005)
452.910 .... 923 packets received, 4185 bps, 52.32%, Err 22 (1.0e-005)
455.014 .... 931 packets received, 4202 bps, 52.53%, Err 22 (1.0e-005)
457.131 .... 939 packets received, 4219 bps, 52.73%, Err 22 (1.0e-005)
459.248 .... 947 packets received, 4235 bps, 52.94%, Err 22 (1.0e-005)
461.384 .... 955 packets received, 4251 bps, 53.14%, Err 22 (1.0e-005)
463.502 .... 963 packets received, 4267 bps, 53.34%, Err 22 (9.9e-006)
465.603 .... 971 packets received, 4283 bps, 53.53%, Err 22 (9.8e-006)
467.721 .... 979 packets received, 4298 bps, 53.73%, Err 22 (9.8e-006)
469.857 .... 987 packets received, 4314 bps, 53.92%, Err 22 (9.7e-006)
471.974 .... 991 packets received, 4312 bps, 53.90%, Err 23 (1.0e-005)
474.120 .... 999 packets received, 4327 bps, 54.09%, Err 23 (1.0e-005)
476.193 .... 1007 packets received, 4343 bps, 54.28%, Err 23 (9.9e-006)
478.329 .... 1015 packets received, 4357 bps, 54.47%, Err 23 (9.8e-006)
480.430 .... 1023 packets received, 4373 bps, 54.66%, Err 23 (9.8e-006)
482.547 .... 1031 packets received, 4387 bps, 54.84%, Err 23 (9.7e-006)
484.663 .... 1039 packets received, 4402 bps, 55.03%, Err 23 (9.6e-006)
486.779 .... 1047 packets received, 4417 bps, 55.21%, Err 23 (9.6e-006)
488.884 .... 1055 packets received, 4431 bps, 55.39%, Err 23 (9.5e-006)
491.004 .... 1063 packets received, 4445 bps, 55.57%, Err 23 (9.4e-006)
493.109 .... 1071 packets received, 4460 bps, 55.75%, Err 23 (9.4e-006)
495.227 .... 1079 packets received, 4474 bps, 55.92%, Err 23 (9.3e-006)
497.361 .... 1087 packets received, 4488 bps, 56.09%, Err 23 (9.2e-006)
499.464 .... 1095 packets received, 4501 bps, 56.27%, Err 23 (9.2e-006)
504.538 .... 1100 packets received, 4476 bps, 55.96%, Err 23 (9.1e-006)
508.683 .... 1101 packets received, 4444 bps, 55.55%, Err 23 (9.1e-006)
512.826 .... 1102 packets received, 4412 bps, 55.15%, Err 23 (9.1e-006)
517.032 .... 1103 packets received, 4380 bps, 54.75%, Err 23 (9.1e-006)
521.248 .... 1104 packets received, 4348 bps, 54.35%, Err 23 (9.1e-006)
525.391 .... 1105 packets received, 4318 bps, 53.97%, Err 23 (9.1e-006)
529.521 .... 1106 packets received, 4288 bps, 53.60%, Err 23 (9.1e-006)
533.638 .... 1107 packets received, 4259 bps, 53.23%, Err 23 (9.1e-006)
537.751 .... 1108 packets received, 4230 bps, 52.87%, Err 23 (9.1e-006)
541.771 .... 1109 packets received, 4202 bps, 52.53%, Err 23 (9.0e-006)
545.885 .... 1110 packets received, 4174 bps, 52.18%, Err 23 (9.0e-006)
549.934 .... 1111 packets received, 4147 bps, 51.84%, Err 23 (9.0e-006)
553.937 .... 1112 packets received, 4121 bps, 51.51%, Err 23 (9.0e-006)
558.064 .... 1113 packets received, 4094 bps, 51.17%, Err 23 (9.0e-006)
562.224 .... 1114 packets received, 4067 bps, 50.84%, Err 23 (9.0e-006)
566.306 .... 1115 packets received, 4041 bps, 50.52%, Err 23 (9.0e-006)
570.358 .... 1116 packets received, 4016 bps, 50.20%, Err 23 (9.0e-006)
574.516 .... 1117 packets received, 3991 bps, 49.88%, Err 23 (9.0e-006)
578.615 .... 1118 packets received, 3966 bps, 49.57%, Err 23 (9.0e-006)
583.767 .... 1119 packets received, 3934 bps, 49.18%, Err 24 (9.3e-006)
586.797 .... 1120 packets received, 3917 bps, 48.97%, Err 24 (9.3e-006)
590.880 .... 1121 packets received, 3894 bps, 48.67%, Err 24 (9.3e-006)
595.009 .... 1122 packets received, 3870 bps, 48.38%, Err 24 (9.3e-006)
599.097 .... 1123 packets received, 3847 bps, 48.09%, Err 24 (9.3e-006)
601.325 .... 1127 packets received, 3847 bps, 48.08%, Err 24 (9.3e-006)
603.460 .... 1135 packets received, 3860 bps, 48.25%, Err 24 (9.2e-006)
605.534 .... 1143 packets received, 3874 bps, 48.42%, Err 25 (9.5e-006)
607.653 .... 1151 packets received, 3887 bps, 48.59%, Err 25 (9.5e-006)
609.774 .... 1159 packets received, 3901 bps, 48.76%, Err 25 (9.4e-006)
611.875 .... 1167 packets received, 3914 bps, 48.93%, Err 26 (9.7e-006)
616.267 .... 1168 packets received, 3890 bps, 48.62%, Err 27 (1.0e-005)
618.403 .... 1176 packets received, 3903 bps, 48.78%, Err 27 (9.9e-006)
620.507 .... 1184 packets received, 3916 bps, 48.95%, Err 27 (9.9e-006)
622.641 .... 1192 packets received, 3929 bps, 49.11%, Err 27 (9.8e-006)
624.727 .... 1200 packets received, 3942 bps, 49.27%, Err 27 (9.7e-006)
626.855 .... 1208 packets received, 3955 bps, 49.43%, Err 27 (9.7e-006)
629.012 .... 1216 packets received, 3967 bps, 49.59%, Err 27 (9.6e-006)
631.086 .... 1224 packets received, 3980 bps, 49.75%, Err 27 (9.6e-006)
633.219 .... 1231 packets received, 3989 bps, 49.87%, Err 27 (9.5e-006)
635.322 .... 1239 packets received, 4002 bps, 50.03%, Err 27 (9.5e-006)
637.456 .... 1247 packets received, 4014 bps, 50.18%, Err 27 (9.4e-006)
639.559 .... 1255 packets received, 4027 bps, 50.34%, Err 27 (9.3e-006)
641.972 .... 1263 packets received, 4037 bps, 50.47%, Err 27 (9.3e-006)
644.123 .... 1271 packets received, 4049 bps, 50.62%, Err 27 (9.2e-006)
646.193 .... 1279 packets received, 4062 bps, 50.77%, Err 27 (9.2e-006)
648.608 .... 1287 packets received, 4072 bps, 50.90%, Err 27 (9.1e-006)
650.715 .... 1295 packets received, 4084 bps, 51.05%, Err 27 (9.1e-006)
652.795 .... 1303 packets received, 4096 bps, 51.20%, Err 27 (9.0e-006)
654.962 .... 1311 packets received, 4107 bps, 51.34%, Err 27 (9.0e-006)
657.061 .... 1319 packets received, 4119 bps, 51.49%, Err 27 (8.9e-006)
657.482 ** WARNING: System too busy, sleep 15 ms, but be awakened 86 ms later
659.177 .... 1327 packets received, 4131 bps, 51.64%, Err 27 (8.9e-006)
661.285 .... 1335 packets received, 4143 bps, 51.78%, Err 27 (8.8e-006)
663.364 .... 1342 packets received, 4151 bps, 51.89%, Err 27 (8.8e-006)
664.802 ** WARNING: System too busy, sleep 15 ms, but be awakened 66 ms later
665.501 .... 1350 packets received, 4162 bps, 52.03%, Err 27 (8.7e-006)
667.594 .... 1353 packets received, 4159 bps, 51.98%, Err 29 (9.3e-006)
669.733 .... 1355 packets received, 4151 bps, 51.89%, Err 29 (9.3e-006)
671.855 .... 1363 packets received, 4163 bps, 52.03%, Err 29 (9.2e-006)
673.992 .... 1371 packets received, 4174 bps, 52.17%, Err 29 (9.2e-006)
676.131 .... 1379 packets received, 4185 bps, 52.31%, Err 29 (9.1e-006)
678.236 .... 1387 packets received, 4196 bps, 52.45%, Err 29 (9.1e-006)
680.372 .... 1395 packets received, 4207 bps, 52.59%, Err 29 (9.0e-006)
682.492 .... 1403 packets received, 4218 bps, 52.72%, Err 29 (9.0e-006)
685.121 .... 1409 packets received, 4220 bps, 52.75%, Err 30 (9.2e-006)
687.239 .... 1417 packets received, 4231 bps, 52.88%, Err 30 (9.2e-006)
689.365 .... 1425 packets received, 4241 bps, 53.02%, Err 30 (9.1e-006)
691.486 .... 1433 packets received, 4252 bps, 53.15%, Err 30 (9.1e-006)
694.645 .... 1441 packets received, 4256 bps, 53.20%, Err 31 (9.3e-006)
696.781 .... 1449 packets received, 4267 bps, 53.33%, Err 31 (9.3e-006)
698.804 .... 1455 packets received, 4272 bps, 53.40%, Err 31 (9.2e-006)
704.526 .... 1462 packets received, 4258 bps, 53.22%, Err 31 (9.2e-006)
708.719 .... 1463 packets received, 4235 bps, 52.94%, Err 31 (9.2e-006)
712.913 .... 1464 packets received, 4213 bps, 52.67%, Err 31 (9.2e-006)
716.996 .... 1465 packets received, 4192 bps, 52.40%, Err 31 (9.2e-006)
721.124 .... 1466 packets received, 4171 bps, 52.14%, Err 32 (9.5e-006)
725.249 .... 1467 packets received, 4150 bps, 51.87%, Err 32 (9.5e-006)
730.295 .... 1468 packets received, 4124 bps, 51.55%, Err 33 (9.7e-006)
733.484 .... 1469 packets received, 4109 bps, 51.36%, Err 33 (9.7e-006)
737.554 .... 1470 packets received, 4089 bps, 51.11%, Err 33 (9.7e-006)
741.588 .... 1471 packets received, 4069 bps, 50.87%, Err 33 (9.7e-006)
745.684 .... 1472 packets received, 4050 bps, 50.62%, Err 33 (9.7e-006)
749.773 .... 1473 packets received, 4030 bps, 50.38%, Err 33 (9.7e-006)
753.890 .... 1474 packets received, 4011 bps, 50.14%, Err 33 (9.7e-006)
758.050 .... 1475 packets received, 3992 bps, 49.90%, Err 33 (9.7e-006)
762.087 .... 1476 packets received, 3973 bps, 49.67%, Err 33 (9.7e-006)
766.138 .... 1477 packets received, 3955 bps, 49.44%, Err 33 (9.7e-006)
770.186 .... 1478 packets received, 3937 bps, 49.21%, Err 33 (9.7e-006)
774.194 .... 1479 packets received, 3919 bps, 48.99%, Err 33 (9.7e-006)
778.285 .... 1480 packets received, 3901 bps, 48.76%, Err 33 (9.7e-006)
782.431 .... 1481 packets received, 3883 bps, 48.54%, Err 33 (9.6e-006)
786.531 .... 1482 packets received, 3865 bps, 48.31%, Err 33 (9.6e-006)
790.718 .... 1483 packets received, 3847 bps, 48.09%, Err 33 (9.6e-006)
794.892 .... 1484 packets received, 3830 bps, 47.87%, Err 33 (9.6e-006)
798.913 .... 1485 packets received, 3813 bps, 47.66%, Err 33 (9.6e-006)
802.379 .... 1488 packets received, 3804 bps, 47.55%, Err 34 (9.9e-006)
804.497 .... 1496 packets received, 3814 bps, 47.68%, Err 34 (9.8e-006)
806.616 .... 1504 packets received, 3825 bps, 47.81%, Err 34 (9.8e-006)
808.757 .... 1512 packets received, 3835 bps, 47.94%, Err 34 (9.7e-006)
810.845 .... 1520 packets received, 3845 bps, 48.07%, Err 34 (9.7e-006)
812.965 .... 1528 packets received, 3855 bps, 48.19%, Err 34 (9.6e-006)
816.430 .... 1536 packets received, 3859 bps, 48.24%, Err 35 (9.8e-006)
818.563 .... 1544 packets received, 3869 bps, 48.36%, Err 35 (9.8e-006)
820.926 .... 1548 packets received, 3868 bps, 48.35%, Err 36 (1.0e-005)
823.093 .... 1556 packets received, 3878 bps, 48.47%, Err 36 (1.0e-005)
825.229 .... 1564 packets received, 3887 bps, 48.59%, Err 36 (9.9e-006)
828.356 .... 1568 packets received, 3883 bps, 48.53%, Err 37 (1.0e-005)
830.490 .... 1576 packets received, 3892 bps, 48.66%, Err 37 (1.0e-005)
832.609 .... 1584 packets received, 3902 bps, 48.78%, Err 38 (1.0e-005)
834.730 .... 1592 packets received, 3912 bps, 48.90%, Err 38 (1.0e-005)
837.108 .... 1596 packets received, 3911 bps, 48.88%, Err 39 (1.0e-005)
839.243 .... 1604 packets received, 3920 bps, 49.00%, Err 39 (1.0e-005)
841.363 .... 1612 packets received, 3930 bps, 49.12%, Err 39 (1.0e-005)
843.466 .... 1620 packets received, 3939 bps, 49.24%, Err 39 (1.0e-005)
845.585 .... 1628 packets received, 3949 bps, 49.36%, Err 39 (1.0e-005)
847.718 .... 1636 packets received, 3958 bps, 49.48%, Err 39 (1.0e-005)
849.852 .... 1644 packets received, 3968 bps, 49.60%, Err 39 (1.0e-005)
853.289 .... 1652 packets received, 3971 bps, 49.64%, Err 40 (1.0e-005)
855.438 .... 1660 packets received, 3980 bps, 49.75%, Err 40 (1.0e-005)
857.573 .... 1668 packets received, 3989 bps, 49.87%, Err 40 (1.0e-005)
859.675 .... 1676 packets received, 3999 bps, 49.98%, Err 40 (1.0e-005)
861.779 .... 1684 packets received, 4008 bps, 50.10%, Err 40 (1.0e-005)
863.912 .... 1692 packets received, 4017 bps, 50.21%, Err 40 (1.0e-005)
866.016 .... 1700 packets received, 4026 bps, 50.33%, Err 40 (1.0e-005)
868.175 .... 1708 packets received, 4035 bps, 50.44%, Err 40 (1.0e-005)
870.263 .... 1716 packets received, 4044 bps, 50.55%, Err 40 (1.0e-005)
872.366 .... 1724 packets received, 4053 bps, 50.67%, Err 40 (1.0e-005)
874.486 .... 1732 packets received, 4062 bps, 50.78%, Err 40 (9.9e-006)
876.591 .... 1740 packets received, 4071 bps, 50.89%, Err 40 (9.9e-006)
878.757 .... 1748 packets received, 4080 bps, 51.00%, Err 40 (9.9e-006)
880.847 .... 1756 packets received, 4089 bps, 51.11%, Err 40 (9.8e-006)
882.967 .... 1764 packets received, 4097 bps, 51.22%, Err 40 (9.8e-006)
885.072 .... 1768 packets received, 4097 bps, 51.21%, Err 41 (1.0e-005)
887.203 .... 1776 packets received, 4106 bps, 51.32%, Err 41 (9.9e-006)
889.306 .... 1784 packets received, 4114 bps, 51.43%, Err 41 (9.9e-006)
891.457 .... 1788 packets received, 4114 bps, 51.42%, Err 42 (1.0e-005)
893.561 .... 1791 packets received, 4111 bps, 51.38%, Err 43 (1.0e-005)
895.710 .... 1799 packets received, 4119 bps, 51.49%, Err 43 (1.0e-005)
897.845 .... 1807 packets received, 4128 bps, 51.60%, Err 43 (1.0e-005)
900.241 .... 1810 packets received, 4124 bps, 51.54%, Err 44 (1.0e-005)
904.032 .... 1815 packets received, 4118 bps, 51.47%, Err 44 (1.0e-005)
908.114 .... 1816 packets received, 4101 bps, 51.27%, Err 44 (1.0e-005)
912.212 .... 1817 packets received, 4085 bps, 51.06%, Err 44 (1.0e-005)
916.325 .... 1818 packets received, 4069 bps, 50.86%, Err 44 (1.0e-005)
920.376 .... 1819 packets received, 4053 bps, 50.67%, Err 44 (1.0e-005)
924.502 .... 1820 packets received, 4037 bps, 50.47%, Err 44 (1.0e-005)
928.513 .... 1821 packets received, 4022 bps, 50.28%, Err 44 (1.0e-005)
932.676 .... 1822 packets received, 4006 bps, 50.08%, Err 44 (1.0e-005)
936.712 .... 1823 packets received, 3991 bps, 49.89%, Err 44 (1.0e-005)
940.810 .... 1824 packets received, 3976 bps, 49.70%, Err 44 (1.0e-005)
944.843 .... 1825 packets received, 3961 bps, 49.51%, Err 44 (1.0e-005)
948.971 .... 1826 packets received, 3946 bps, 49.33%, Err 44 (1.0e-005)
953.098 .... 1827 packets received, 3931 bps, 49.14%, Err 44 (1.0e-005)
957.224 .... 1828 packets received, 3916 bps, 48.95%, Err 44 (1.0e-005)
961.261 .... 1829 packets received, 3902 bps, 48.77%, Err 44 (1.0e-005)
965.314 .... 1830 packets received, 3888 bps, 48.60%, Err 44 (1.0e-005)
969.365 .... 1831 packets received, 3874 bps, 48.42%, Err 44 (1.0e-005)
974.468 .... 1832 packets received, 3855 bps, 48.19%, Err 45 (1.0e-005)
977.620 .... 1833 packets received, 3845 bps, 48.06%, Err 45 (1.0e-005)
981.733 .... 1834 packets received, 3831 bps, 47.89%, Err 45 (1.0e-005)
985.923 .... 1835 packets received, 3817 bps, 47.71%, Err 45 (1.0e-005)
989.974 .... 1836 packets received, 3803 bps, 47.54%, Err 45 (1.0e-005)
994.185 .... 1837 packets received, 3789 bps, 47.36%, Err 45 (1.0e-005)
998.252 .... 1838 packets received, 3776 bps, 47.20%, Err 45 (1.0e-005)
1000.544 .... 1839 packets received, 3769 bps, 47.11%, Err 45 (1.0e-005)
1002.630 .... 1847 packets received, 3778 bps, 47.22%, Err 45 (1.0e-005)
1004.765 .... 1855 packets received, 3786 bps, 47.32%, Err 45 (1.0e-005)
1006.883 .... 1863 packets received, 3794 bps, 47.43%, Err 45 (1.0e-005)
1009.111 .... 1870 packets received, 3800 bps, 47.50%, Err 45 (1.0e-005)
1011.229 .... 1878 packets received, 3808 bps, 47.60%, Err 45 (1.0e-005)
1013.316 .... 1886 packets received, 3817 bps, 47.71%, Err 45 (1.0e-005)
1015.450 .... 1894 packets received, 3825 bps, 47.81%, Err 45 (1.0e-005)
1017.534 .... 1902 packets received, 3833 bps, 47.91%, Err 45 (1.0e-005)
1019.652 .... 1910 packets received, 3841 bps, 48.01%, Err 45 (1.0e-005)
1021.786 .... 1917 packets received, 3847 bps, 48.09%, Err 45 (1.0e-005)
1023.872 .... 1925 packets received, 3855 bps, 48.19%, Err 45 (1.0e-005)
1026.004 .... 1933 packets received, 3863 bps, 48.29%, Err 45 (1.0e-005)
1028.150 .... 1940 packets received, 3869 bps, 48.36%, Err 45 (9.9e-006)
1030.316 .... 1947 packets received, 3875 bps, 48.44%, Err 45 (9.9e-006)
1032.451 .... 1950 packets received, 3873 bps, 48.41%, Err 46 (1.0e-005)
1034.542 .... 1958 packets received, 3881 bps, 48.51%, Err 46 (1.0e-005)
1036.661 .... 1966 packets received, 3889 bps, 48.61%, Err 46 (1.0e-005)
1038.762 .... 1974 packets received, 3897 bps, 48.71%, Err 46 (1.0e-005)
1040.898 .... 1982 packets received, 3904 bps, 48.81%, Err 46 (9.9e-006)
1043.264 .... 1987 packets received, 3905 bps, 48.82%, Err 47 (1.0e-005)
1045.366 .... 1995 packets received, 3913 bps, 48.92%, Err 47 (1.0e-005)
1047.497 .... 2003 packets received, 3921 bps, 49.01%, Err 47 (1.0e-005)
1049.635 .... 2011 packets received, 3929 bps, 49.11%, Err 48 (1.0e-005)
1051.741 .... 2014 packets received, 3927 bps, 49.08%, Err 48 (1.0e-005)
1053.863 .... 2022 packets received, 3934 bps, 49.18%, Err 48 (1.0e-005)
1056.002 .... 2030 packets received, 3942 bps, 49.27%, Err 48 (1.0e-005)
1058.183 .... 2037 packets received, 3947 bps, 49.34%, Err 48 (1.0e-005)
1060.286 .... 2045 packets received, 3955 bps, 49.43%, Err 48 (1.0e-005)
1062.422 .... 2048 packets received, 3953 bps, 49.41%, Err 49 (1.0e-005)
1064.528 .... 2056 packets received, 3960 bps, 49.50%, Err 49 (1.0e-005)
1066.664 .... 2061 packets received, 3962 bps, 49.52%, Err 49 (1.0e-005)
1068.767 .... 2069 packets received, 3969 bps, 49.62%, Err 49 (1.0e-005)
1070.884 .... 2077 packets received, 3977 bps, 49.71%, Err 49 (1.0e-005)
1072.989 .... 2085 packets received, 3984 bps, 49.80%, Err 49 (1.0e-005)
1075.092 .... 2093 packets received, 3992 bps, 49.90%, Err 49 (1.0e-005)
1077.211 .... 2101 packets received, 3999 bps, 49.99%, Err 49 (1.0e-005)
1079.350 .... 2109 packets received, 4006 bps, 50.08%, Err 49 (1.0e-005)
1081.425 .... 2117 packets received, 4014 bps, 50.17%, Err 49 (9.9e-006)
1083.544 .... 2125 packets received, 4021 bps, 50.26%, Err 49 (9.9e-006)
1085.662 .... 2129 packets received, 4021 bps, 50.26%, Err 50 (1.0e-005)
1087.798 .... 2137 packets received, 4028 bps, 50.35%, Err 50 (1.0e-005)
1090.180 .... 2142 packets received, 4029 bps, 50.36%, Err 51 (1.0e-005)
1092.327 .... 2150 packets received, 4036 bps, 50.45%, Err 51 (1.0e-005)
1094.415 .... 2158 packets received, 4043 bps, 50.54%, Err 51 (1.0e-005)
1096.518 .... 2166 packets received, 4050 bps, 50.63%, Err 51 (1.0e-005)
1098.636 .... 2174 packets received, 4057 bps, 50.72%, Err 51 (1.0e-005)
1104.575 .... 2182 packets received, 4050 bps, 50.63%, Err 51 (1.0e-005)
1108.734 .... 2183 packets received, 4037 bps, 50.46%, Err 51 (1.0e-005)
1112.755 .... 2184 packets received, 4024 bps, 50.30%, Err 51 (1.0e-005)
1116.836 .... 2185 packets received, 4011 bps, 50.14%, Err 51 (1.0e-005)
1120.922 .... 2186 packets received, 3999 bps, 49.98%, Err 51 (1.0e-005)
1125.018 .... 2187 packets received, 3986 bps, 49.82%, Err 51 (1.0e-005)
1129.055 .... 2188 packets received, 3973 bps, 49.67%, Err 51 (1.0e-005)
1133.202 .... 2189 packets received, 3961 bps, 49.51%, Err 51 (1.0e-005)
1137.290 .... 2190 packets received, 3948 bps, 49.35%, Err 51 (1.0e-005)
1141.356 .... 2191 packets received, 3936 bps, 49.20%, Err 51 (1.0e-005)
1145.409 .... 2192 packets received, 3924 bps, 49.05%, Err 51 (1.0e-005)
1149.506 .... 2193 packets received, 3911 bps, 48.89%, Err 51 (1.0e-005)
1153.621 .... 2194 packets received, 3899 bps, 48.74%, Err 51 (9.9e-006)
1157.701 .... 2195 packets received, 3887 bps, 48.59%, Err 51 (9.9e-006)
1161.827 .... 2196 packets received, 3875 bps, 48.44%, Err 51 (9.9e-006)
1165.848 .... 2197 packets received, 3864 bps, 48.30%, Err 51 (9.9e-006)
1169.951 .... 2198 packets received, 3852 bps, 48.15%, Err 51 (9.9e-006)
1174.031 .... 2199 packets received, 3840 bps, 48.00%, Err 51 (9.9e-006)
1178.098 .... 2200 packets received, 3829 bps, 47.86%, Err 51 (9.9e-006)
1182.222 .... 2201 packets received, 3817 bps, 47.71%, Err 51 (9.9e-006)
1186.336 .... 2202 packets received, 3805 bps, 47.57%, Err 51 (9.9e-006)
1190.401 .... 2203 packets received, 3794 bps, 47.43%, Err 51 (9.9e-006)
1194.521 .... 2204 packets received, 3783 bps, 47.28%, Err 51 (9.9e-006)
1198.577 .... 2205 packets received, 3772 bps, 47.15%, Err 51 (9.9e-006)
1200.805 .... 2207 packets received, 3768 bps, 47.10%, Err 51 (9.9e-006)
1202.908 .... 2215 packets received, 3775 bps, 47.19%, Err 51 (9.8e-006)
1205.012 .... 2223 packets received, 3782 bps, 47.28%, Err 52 (1.0e-005)
1207.148 .... 2231 packets received, 3789 bps, 47.36%, Err 52 (1.0e-005)
1209.238 .... 2239 packets received, 3796 bps, 47.45%, Err 52 (9.9e-006)
1211.371 .... 2247 packets received, 3803 bps, 47.54%, Err 52 (9.9e-006)
1213.478 .... 2255 packets received, 3810 bps, 47.62%, Err 52 (9.9e-006)
1215.582 .... 2263 packets received, 3817 bps, 47.71%, Err 52 (9.8e-006)
1217.686 .... 2271 packets received, 3824 bps, 47.79%, Err 52 (9.8e-006)
1219.805 .... 2279 packets received, 3830 bps, 47.88%, Err 52 (9.8e-006)
1221.925 .... 2287 packets received, 3837 bps, 47.96%, Err 52 (9.8e-006)
1224.584 .... 2293 packets received, 3839 bps, 47.99%, Err 53 (9.9e-006)
1226.686 .... 2301 packets received, 3846 bps, 48.07%, Err 53 (9.9e-006)
1228.803 .... 2309 packets received, 3852 bps, 48.15%, Err 53 (9.8e-006)
1230.907 .... 2317 packets received, 3859 bps, 48.24%, Err 53 (9.8e-006)
1233.024 .... 2325 packets received, 3866 bps, 48.32%, Err 53 (9.8e-006)
1235.160 .... 2333 packets received, 3872 bps, 48.40%, Err 53 (9.7e-006)
1237.262 .... 2341 packets received, 3879 bps, 48.49%, Err 53 (9.7e-006)
1239.393 .... 2349 packets received, 3886 bps, 48.57%, Err 53 (9.7e-006)
1241.496 .... 2353 packets received, 3886 bps, 48.57%, Err 54 (9.8e-006)
1244.126 .... 2359 packets received, 3887 bps, 48.59%, Err 55 (1.0e-005)
1246.275 .... 2367 packets received, 3894 bps, 48.67%, Err 55 (1.0e-005)
1248.360 .... 2375 packets received, 3900 bps, 48.75%, Err 56 (1.0e-005)
1250.494 .... 2383 packets received, 3907 bps, 48.83%, Err 56 (1.0e-005)
1252.595 .... 2391 packets received, 3913 bps, 48.92%, Err 56 (1.0e-005)
1254.716 .... 2399 packets received, 3920 bps, 49.00%, Err 56 (1.0e-005)
1256.835 .... 2407 packets received, 3926 bps, 49.08%, Err 56 (1.0e-005)
1259.716 .... 2414 packets received, 3929 bps, 49.11%, Err 57 (1.0e-005)
1261.849 .... 2422 packets received, 3935 bps, 49.19%, Err 57 (1.0e-005)
1263.951 .... 2430 packets received, 3941 bps, 49.27%, Err 57 (1.0e-005)
1266.086 .... 2438 packets received, 3948 bps, 49.35%, Err 57 (1.0e-005)
1268.189 .... 2446 packets received, 3954 bps, 49.43%, Err 57 (1.0e-005)
1270.309 .... 2454 packets received, 3960 bps, 49.50%, Err 57 (1.0e-005)
1272.415 .... 2462 packets received, 3967 bps, 49.58%, Err 57 (9.9e-006)
1274.533 .... 2470 packets received, 3973 bps, 49.66%, Err 57 (9.9e-006)
1276.634 .... 2478 packets received, 3979 bps, 49.74%, Err 58 (1.0e-005)
1279.013 .... 2483 packets received, 3980 bps, 49.75%, Err 59 (1.0e-005)
1281.132 .... 2491 packets received, 3986 bps, 49.83%, Err 59 (1.0e-005)
1283.253 .... 2499 packets received, 3992 bps, 49.90%, Err 59 (1.0e-005)
1285.373 .... 2507 packets received, 3998 bps, 49.98%, Err 59 (1.0e-005)
1287.474 .... 2515 packets received, 4005 bps, 50.06%, Err 59 (1.0e-005)
1289.613 .... 2523 packets received, 4011 bps, 50.13%, Err 59 (1.0e-005)
1291.701 .... 2531 packets received, 4017 bps, 50.21%, Err 59 (1.0e-005)
1293.836 .... 2539 packets received, 4023 bps, 50.29%, Err 59 (1.0e-005)
1295.924 .... 2547 packets received, 4029 bps, 50.36%, Err 59 (1.0e-005)
1298.044 .... 2555 packets received, 4035 bps, 50.44%, Err 59 (9.9e-006)
1302.064 .... 2561 packets received, 4032 bps, 50.40%, Err 60 (1.0e-005)
1304.444 .... 2565 packets received, 4031 bps, 50.39%, Err 60 (1.0e-005)
1308.526 .... 2566 packets received, 4020 bps, 50.25%, Err 60 (1.0e-005)
1312.592 .... 2567 packets received, 4009 bps, 50.11%, Err 60 (1.0e-005)
1316.674 .... 2568 packets received, 3998 bps, 49.98%, Err 60 (1.0e-005)
1320.757 .... 2569 packets received, 3987 bps, 49.84%, Err 60 (1.0e-005)
1324.790 .... 2570 packets received, 3977 bps, 49.71%, Err 60 (1.0e-005)
1328.924 .... 2571 packets received, 3966 bps, 49.57%, Err 60 (1.0e-005)
1333.012 .... 2572 packets received, 3955 bps, 49.44%, Err 60 (1.0e-005)
1337.113 .... 2573 packets received, 3945 bps, 49.31%, Err 60 (1.0e-005)
1341.199 .... 2574 packets received, 3934 bps, 49.18%, Err 60 (1.0e-005)
1345.271 .... 2575 packets received, 3924 bps, 49.05%, Err 60 (1.0e-005)
1349.445 .... 2576 packets received, 3913 bps, 48.92%, Err 60 (1.0e-005)
1353.571 .... 2577 packets received, 3903 bps, 48.78%, Err 60 (1.0e-005)
1357.774 .... 2578 packets received, 3892 bps, 48.65%, Err 60 (1.0e-005)
1361.884 .... 2579 packets received, 3882 bps, 48.52%, Err 60 (1.0e-005)
1366.001 .... 2580 packets received, 3872 bps, 48.40%, Err 60 (1.0e-005)
1370.164 .... 2581 packets received, 3861 bps, 48.27%, Err 60 (1.0e-005)
1374.280 .... 2582 packets received, 3851 bps, 48.14%, Err 60 (1.0e-005)
1378.395 .... 2583 packets received, 3841 bps, 48.02%, Err 60 (1.0e-005)
1382.508 .... 2584 packets received, 3831 bps, 47.89%, Err 60 (1.0e-005)
1386.713 .... 2585 packets received, 3821 bps, 47.77%, Err 60 (1.0e-005)
1390.809 .... 2586 packets received, 3811 bps, 47.64%, Err 60 (1.0e-005)
1395.000 .... 2587 packets received, 3801 bps, 47.52%, Err 60 (1.0e-005)
1399.104 .... 2588 packets received, 3792 bps, 47.40%, Err 60 (9.9e-006)
1401.325 .... 2592 packets received, 3792 bps, 47.39%, Err 60 (9.9e-006)
1403.469 .... 2600 packets received, 3797 bps, 47.47%, Err 60 (9.9e-006)
1405.565 .... 2607 packets received, 3802 bps, 47.53%, Err 60 (9.9e-006)
1408.448 .... 2613 packets received, 3803 bps, 47.54%, Err 61 (1.0e-005)
1410.564 .... 2621 packets received, 3809 bps, 47.61%, Err 61 (1.0e-005)
1412.691 .... 2627 packets received, 3812 bps, 47.65%, Err 61 (1.0e-005)
1414.787 .... 2635 packets received, 3818 bps, 47.72%, Err 61 (9.9e-006)
1416.930 .... 2642 packets received, 3822 bps, 47.78%, Err 61 (9.9e-006)
1420.106 .... 2649 packets received, 3824 bps, 47.80%, Err 62 (1.0e-005)
1422.247 .... 2657 packets received, 3829 bps, 47.87%, Err 62 (1.0e-005)
1425.653 .... 2665 packets received, 3832 bps, 47.90%, Err 64 (1.0e-005)
1427.826 .... 2673 packets received, 3837 bps, 47.97%, Err 64 (1.0e-005)
1429.937 .... 2681 packets received, 3843 bps, 48.04%, Err 64 (1.0e-005)
1432.060 .... 2689 packets received, 3849 bps, 48.11%, Err 65 (1.0e-005)
1434.157 .... 2692 packets received, 3848 bps, 48.10%, Err 65 (1.0e-005)
1436.314 .... 2700 packets received, 3853 bps, 48.17%, Err 65 (1.0e-005)
1438.425 .... 2708 packets received, 3859 bps, 48.24%, Err 65 (1.0e-005)
1440.553 .... 2716 packets received, 3865 bps, 48.31%, Err 65 (1.0e-005)
1442.645 .... 2724 packets received, 3870 bps, 48.38%, Err 65 (1.0e-005)
1444.776 .... 2732 packets received, 3876 bps, 48.45%, Err 65 (1.0e-005)
1447.176 .... 2736 packets received, 3875 bps, 48.44%, Err 66 (1.0e-005)
1449.287 .... 2744 packets received, 3881 bps, 48.51%, Err 66 (1.0e-005)
1451.493 .... 2749 packets received, 3882 bps, 48.53%, Err 66 (1.0e-005)
1453.588 .... 2757 packets received, 3888 bps, 48.60%, Err 66 (1.0e-005)
1457.012 .... 2765 packets received, 3890 bps, 48.62%, Err 67 (1.0e-005)
1459.138 .... 2773 packets received, 3896 bps, 48.69%, Err 67 (1.0e-005)
1461.235 .... 2781 packets received, 3901 bps, 48.76%, Err 67 (1.0e-005)
1463.361 .... 2789 packets received, 3907 bps, 48.83%, Err 67 (1.0e-005)
1465.490 .... 2797 packets received, 3912 bps, 48.90%, Err 67 (1.0e-005)
1467.572 .... 2805 packets received, 3918 bps, 48.97%, Err 67 (1.0e-005)
1469.699 .... 2813 packets received, 3923 bps, 49.04%, Err 67 (1.0e-005)
1471.796 .... 2821 packets received, 3929 bps, 49.11%, Err 67 (1.0e-005)
1473.924 .... 2829 packets received, 3934 bps, 49.18%, Err 67 (1.0e-005)
1476.034 .... 2837 packets received, 3940 bps, 49.25%, Err 67 (1.0e-005)
1478.161 .... 2845 packets received, 3945 bps, 49.31%, Err 67 (1.0e-005)
1480.272 .... 2853 packets received, 3951 bps, 49.38%, Err 67 (1.0e-005)
1482.366 .... 2861 packets received, 3956 bps, 49.45%, Err 67 (1.0e-005)
1484.506 .... 2869 packets received, 3961 bps, 49.52%, Err 67 (1.0e-005)
1486.973 .... 2877 packets received, 3966 bps, 49.57%, Err 67 (1.0e-005)
1489.084 .... 2885 packets received, 3971 bps, 49.64%, Err 67 (1.0e-005)
1491.181 .... 2893 packets received, 3977 bps, 49.71%, Err 67 (9.9e-006)
1493.309 .... 2901 packets received, 3982 bps, 49.77%, Err 67 (9.9e-006)
1495.404 .... 2909 packets received, 3987 bps, 49.84%, Err 67 (9.9e-006)
1497.518 .... 2917 packets received, 3993 bps, 49.91%, Err 67 (9.9e-006)
1500.177 .... 2923 packets received, 3994 bps, 49.92%, Err 68 (1.0e-005)
1503.942 .... 2927 packets received, 3989 bps, 49.87%, Err 68 (1.0e-005)
1508.073 .... 2928 packets received, 3980 bps, 49.75%, Err 68 (1.0e-005)
1512.172 .... 2929 packets received, 3970 bps, 49.63%, Err 68 (1.0e-005)
1516.241 .... 2930 packets received, 3961 bps, 49.51%, Err 68 (1.0e-005)
1520.354 .... 2931 packets received, 3952 bps, 49.39%, Err 68 (9.9e-006)
1524.391 .... 2932 packets received, 3942 bps, 49.28%, Err 68 (9.9e-006)
1528.401 .... 2933 packets received, 3933 bps, 49.17%, Err 68 (9.9e-006)
1532.548 .... 2934 packets received, 3924 bps, 49.05%, Err 68 (9.9e-006)
1536.620 .... 2935 packets received, 3915 bps, 48.94%, Err 68 (9.9e-006)
1540.763 .... 2936 packets received, 3906 bps, 48.82%, Err 68 (9.9e-006)
1544.900 .... 2937 packets received, 3897 bps, 48.71%, Err 68 (9.9e-006)
1548.938 .... 2938 packets received, 3888 bps, 48.60%, Err 68 (9.9e-006)
1552.987 .... 2939 packets received, 3879 bps, 48.49%, Err 68 (9.9e-006)
1557.036 .... 2940 packets received, 3870 bps, 48.38%, Err 68 (9.9e-006)
1561.121 .... 2941 packets received, 3861 bps, 48.27%, Err 68 (9.9e-006)
1565.319 .... 2942 packets received, 3852 bps, 48.15%, Err 68 (9.9e-006)
1569.415 .... 2943 packets received, 3844 bps, 48.04%, Err 68 (9.9e-006)
1573.490 .... 2944 packets received, 3835 bps, 47.94%, Err 68 (9.9e-006)
1577.494 .... 2945 packets received, 3826 bps, 47.83%, Err 68 (9.9e-006)
1581.562 .... 2946 packets received, 3818 bps, 47.72%, Err 68 (9.9e-006)
1585.581 .... 2947 packets received, 3810 bps, 47.62%, Err 68 (9.9e-006)
1589.664 .... 2948 packets received, 3801 bps, 47.51%, Err 68 (9.9e-006)
1593.789 .... 2949 packets received, 3792 bps, 47.41%, Err 68 (9.9e-006)
1597.854 .... 2950 packets received, 3784 bps, 47.30%, Err 68 (9.9e-006)
1600.514 .... 2951 packets received, 3779 bps, 47.24%, Err 68 (9.9e-006)
1602.647 .... 2959 packets received, 3784 bps, 47.30%, Err 68 (9.8e-006)
1604.750 .... 2967 packets received, 3790 bps, 47.37%, Err 68 (9.8e-006)
1606.883 .... 2975 packets received, 3795 bps, 47.43%, Err 68 (9.8e-006)
1608.969 .... 2983 packets received, 3800 bps, 47.50%, Err 68 (9.8e-006)
1611.091 .... 2991 packets received, 3805 bps, 47.56%, Err 68 (9.7e-006)
1613.210 .... 2995 packets received, 3805 bps, 47.57%, Err 69 (9.9e-006)
1615.328 .... 3003 packets received, 3810 bps, 47.63%, Err 69 (9.8e-006)
1617.463 .... 3011 packets received, 3815 bps, 47.69%, Err 69 (9.8e-006)
1619.566 .... 3019 packets received, 3821 bps, 47.76%, Err 69 (9.8e-006)
1621.683 .... 3027 packets received, 3826 bps, 47.82%, Err 69 (9.8e-006)
1623.784 .... 3035 packets received, 3831 bps, 47.89%, Err 69 (9.7e-006)
1625.887 .... 3043 packets received, 3836 bps, 47.95%, Err 69 (9.7e-006)
1628.018 .... 3051 packets received, 3841 bps, 48.01%, Err 69 (9.7e-006)
1630.138 .... 3059 packets received, 3846 bps, 48.08%, Err 69 (9.7e-006)
1632.242 .... 3067 packets received, 3851 bps, 48.14%, Err 69 (9.7e-006)
1634.364 .... 3075 packets received, 3856 bps, 48.20%, Err 69 (9.6e-006)
1636.454 .... 3083 packets received, 3861 bps, 48.27%, Err 69 (9.6e-006)
1638.598 .... 3091 packets received, 3866 bps, 48.33%, Err 69 (9.6e-006)
1640.680 .... 3099 packets received, 3871 bps, 48.39%, Err 69 (9.6e-006)
1642.804 .... 3103 packets received, 3871 bps, 48.39%, Err 70 (9.7e-006)
1644.930 .... 3111 packets received, 3876 bps, 48.45%, Err 70 (9.7e-006)
1647.065 .... 3119 packets received, 3881 bps, 48.52%, Err 70 (9.6e-006)
1649.191 .... 3127 packets received, 3886 bps, 48.58%, Err 70 (9.6e-006)
1651.360 .... 3134 packets received, 3890 bps, 48.62%, Err 70 (9.6e-006)
1653.467 .... 3142 packets received, 3895 bps, 48.68%, Err 70 (9.6e-006)
1655.589 .... 3150 packets received, 3900 bps, 48.75%, Err 70 (9.6e-006)
1657.680 .... 3158 packets received, 3905 bps, 48.81%, Err 70 (9.5e-006)
1659.788 .... 3166 packets received, 3910 bps, 48.87%, Err 70 (9.5e-006)
1662.019 .... 3173 packets received, 3913 bps, 48.91%, Err 70 (9.5e-006)
1664.125 .... 3181 packets received, 3918 bps, 48.97%, Err 70 (9.5e-006)
1666.229 .... 3184 packets received, 3917 bps, 48.96%, Err 71 (9.6e-006)
1668.391 .... 3192 packets received, 3921 bps, 49.02%, Err 71 (9.6e-006)
1670.464 .... 3200 packets received, 3926 bps, 49.08%, Err 71 (9.5e-006)
1673.916 .... 3208 packets received, 3928 bps, 49.10%, Err 72 (9.6e-006)
1676.024 .... 3216 packets received, 3933 bps, 49.16%, Err 72 (9.6e-006)
1682.045 .... 3222 packets received, 3926 bps, 49.07%, Err 74 (9.8e-006)
1684.163 .... 3230 packets received, 3931 bps, 49.13%, Err 74 (9.8e-006)
1686.807 .... 3235 packets received, 3931 bps, 49.13%, Err 75 (9.9e-006)
1690.004 .... 3242 packets received, 3932 bps, 49.15%, Err 76 (1.0e-005)
1692.122 .... 3250 packets received, 3936 bps, 49.21%, Err 76 (1.0e-005)
1694.221 .... 3256 packets received, 3939 bps, 49.24%, Err 76 (1.0e-005)
1696.603 .... 3260 packets received, 3938 bps, 49.23%, Err 78 (1.0e-005)
1698.751 .... 3268 packets received, 3943 bps, 49.29%, Err 78 (1.0e-005)
1700.868 .... 3271 packets received, 3942 bps, 49.27%, Err 79 (1.0e-005)
1704.314 .... 3275 packets received, 3938 bps, 49.23%, Err 80 (1.0e-005)
1708.502 .... 3276 packets received, 3930 bps, 49.12%, Err 80 (1.0e-005)
1712.653 .... 3277 packets received, 3922 bps, 49.02%, Err 80 (1.0e-005)
1716.662 .... 3278 packets received, 3914 bps, 48.92%, Err 80 (1.0e-005)
1720.773 .... 3279 packets received, 3905 bps, 48.82%, Err 80 (1.0e-005)
1724.792 .... 3280 packets received, 3898 bps, 48.72%, Err 80 (1.0e-005)
1728.860 .... 3281 packets received, 3890 bps, 48.62%, Err 80 (1.0e-005)
1733.008 .... 3282 packets received, 3881 bps, 48.52%, Err 80 (1.0e-005)
1737.169 .... 3283 packets received, 3873 bps, 48.42%, Err 80 (1.0e-005)
1741.255 .... 3284 packets received, 3865 bps, 48.32%, Err 80 (1.0e-005)
1745.492 .... 3285 packets received, 3857 bps, 48.21%, Err 80 (1.0e-005)
1749.606 .... 3286 packets received, 3849 bps, 48.12%, Err 80 (1.0e-005)
1753.698 .... 3287 packets received, 3841 bps, 48.02%, Err 80 (1.0e-005)
1757.735 .... 3288 packets received, 3834 bps, 47.92%, Err 80 (1.0e-005)
1761.844 .... 3289 packets received, 3826 bps, 47.82%, Err 80 (1.0e-005)
1765.878 .... 3290 packets received, 3818 bps, 47.73%, Err 80 (1.0e-005)
1769.950 .... 3291 packets received, 3811 bps, 47.63%, Err 80 (1.0e-005)
1774.080 .... 3292 packets received, 3803 bps, 47.54%, Err 80 (1.0e-005)
1778.168 .... 3293 packets received, 3795 bps, 47.44%, Err 80 (1.0e-005)
1782.403 .... 3294 packets received, 3788 bps, 47.34%, Err 80 (1.0e-005)
1786.473 .... 3295 packets received, 3780 bps, 47.25%, Err 80 (1.0e-005)
1790.536 .... 3296 packets received, 3773 bps, 47.16%, Err 80 (1.0e-005)
1794.712 .... 3297 packets received, 3765 bps, 47.06%, Err 80 (1.0e-005)
1798.780 .... 3298 packets received, 3758 bps, 46.97%, Err 80 (1.0e-005)
1800.791 .... 3300 packets received, 3756 bps, 46.95%, Err 80 (1.0e-005)
1802.910 .... 3308 packets received, 3760 bps, 47.00%, Err 80 (1.0e-005)
1805.015 .... 3312 packets received, 3761 bps, 47.01%, Err 81 (1.0e-005)
1807.181 .... 3320 packets received, 3765 bps, 47.06%, Err 81 (1.0e-005)
1809.270 .... 3328 packets received, 3770 bps, 47.12%, Err 81 (1.0e-005)
1811.390 .... 3336 packets received, 3774 bps, 47.18%, Err 81 (1.0e-005)
1813.507 .... 3344 packets received, 3779 bps, 47.24%, Err 81 (1.0e-005)
1815.599 .... 3352 packets received, 3784 bps, 47.30%, Err 81 (1.0e-005)
1817.716 .... 3360 packets received, 3788 bps, 47.35%, Err 81 (1.0e-005)
1819.819 .... 3368 packets received, 3793 bps, 47.41%, Err 81 (1.0e-005)
1821.955 .... 3376 packets received, 3798 bps, 47.47%, Err 81 (1.0e-005)
1824.074 .... 3384 packets received, 3802 bps, 47.53%, Err 81 (1.0e-005)
1826.176 .... 3392 packets received, 3807 bps, 47.58%, Err 81 (1.0e-005)
1828.279 .... 3400 packets received, 3811 bps, 47.64%, Err 81 (1.0e-005)
1830.426 .... 3408 packets received, 3816 bps, 47.70%, Err 81 (1.0e-005)
1832.516 .... 3416 packets received, 3820 bps, 47.75%, Err 81 (1.0e-005)
1834.610 .... 3424 packets received, 3825 bps, 47.81%, Err 81 (1.0e-005)
1836.723 .... 3432 packets received, 3829 bps, 47.87%, Err 81 (1.0e-005)
1838.836 .... 3440 packets received, 3834 bps, 47.92%, Err 81 (1.0e-005)
1840.981 .... 3448 packets received, 3838 bps, 47.98%, Err 81 (1.0e-005)
1843.093 .... 3452 packets received, 3838 bps, 47.98%, Err 83 (1.0e-005)
1845.222 .... 3456 packets received, 3838 bps, 47.98%, Err 84 (1.0e-005)
1847.794 .... 3464 packets received, 3842 bps, 48.02%, Err 84 (1.0e-005)
1849.894 .... 3472 packets received, 3846 bps, 48.08%, Err 84 (1.0e-005)
1852.011 .... 3480 packets received, 3851 bps, 48.14%, Err 84 (1.0e-005)
1854.137 .... 3488 packets received, 3855 bps, 48.19%, Err 84 (1.0e-005)
1856.237 .... 3496 packets received, 3860 bps, 48.25%, Err 84 (1.0e-005)
1858.353 .... 3504 packets received, 3864 bps, 48.30%, Err 84 (1.0e-005)
1860.499 .... 3512 packets received, 3869 bps, 48.36%, Err 84 (1.0e-005)
1862.563 .... 3520 packets received, 3873 bps, 48.41%, Err 84 (1.0e-005)
1864.674 .... 3528 packets received, 3878 bps, 48.47%, Err 84 (1.0e-005)
1866.785 .... 3536 packets received, 3882 bps, 48.52%, Err 84 (1.0e-005)
1868.900 .... 3544 packets received, 3886 bps, 48.58%, Err 84 (1.0e-005)
1871.010 .... 3551 packets received, 3890 bps, 48.62%, Err 84 (1.0e-005)
1873.153 .... 3559 packets received, 3894 bps, 48.67%, Err 84 (1.0e-005)
1875.232 .... 3567 packets received, 3898 bps, 48.73%, Err 84 (1.0e-005)
1877.372 .... 3575 packets received, 3903 bps, 48.78%, Err 84 (1.0e-005)
1879.467 .... 3583 packets received, 3907 bps, 48.84%, Err 84 (1.0e-005)
1881.593 .... 3591 packets received, 3911 bps, 48.89%, Err 84 (1.0e-005)
1883.686 .... 3599 packets received, 3916 bps, 48.94%, Err 84 (1.0e-005)
1885.826 .... 3607 packets received, 3920 bps, 49.00%, Err 84 (1.0e-005)
1887.921 .... 3615 packets received, 3924 bps, 49.05%, Err 84 (9.9e-006)
1890.029 .... 3623 packets received, 3928 bps, 49.11%, Err 84 (9.9e-006)
1892.139 .... 3627 packets received, 3928 bps, 49.11%, Err 85 (1.0e-005)
1894.284 .... 3635 packets received, 3933 bps, 49.16%, Err 85 (1.0e-005)
1896.396 .... 3643 packets received, 3937 bps, 49.21%, Err 85 (1.0e-005)
1898.482 .... 3651 packets received, 3941 bps, 49.26%, Err 85 (1.0e-005)
1900.607 .... 3655 packets received, 3941 bps, 49.26%, Err 86 (1.0e-005)
1904.171 .... 3658 packets received, 3937 bps, 49.21%, Err 87 (1.0e-005)
1908.193 .... 3659 packets received, 3930 bps, 49.12%, Err 87 (1.0e-005)
1912.259 .... 3660 packets received, 3922 bps, 49.03%, Err 87 (1.0e-005)
1916.328 .... 3661 packets received, 3915 bps, 48.94%, Err 87 (1.0e-005)
1920.389 .... 3662 packets received, 3908 bps, 48.85%, Err 87 (1.0e-005)
1924.380 .... 3663 packets received, 3901 bps, 48.76%, Err 87 (1.0e-005)
1929.484 .... 3664 packets received, 3892 bps, 48.65%, Err 88 (1.0e-005)
1932.523 .... 3665 packets received, 3887 bps, 48.58%, Err 88 (1.0e-005)
1936.700 .... 3666 packets received, 3879 bps, 48.49%, Err 88 (1.0e-005)
1940.754 .... 3667 packets received, 3872 bps, 48.40%, Err 88 (1.0e-005)
1944.814 .... 3668 packets received, 3865 bps, 48.31%, Err 88 (1.0e-005)
1948.928 .... 3669 packets received, 3858 bps, 48.23%, Err 88 (1.0e-005)
1953.061 .... 3670 packets received, 3851 bps, 48.14%, Err 88 (1.0e-005)
1957.276 .... 3671 packets received, 3844 bps, 48.05%, Err 88 (1.0e-005)
1961.252 .... 3672 packets received, 3837 bps, 47.96%, Err 88 (1.0e-005)
1965.402 .... 3673 packets received, 3830 bps, 47.87%, Err 88 (1.0e-005)
1969.469 .... 3674 packets received, 3823 bps, 47.79%, Err 88 (1.0e-005)
1973.615 .... 3675 packets received, 3816 bps, 47.70%, Err 88 (1.0e-005)
1977.778 .... 3676 packets received, 3809 bps, 47.61%, Err 88 (1.0e-005)
1981.908 .... 3677 packets received, 3802 bps, 47.53%, Err 88 (1.0e-005)
1986.095 .... 3678 packets received, 3795 bps, 47.44%, Err 88 (1.0e-005)
1990.210 .... 3679 packets received, 3788 bps, 47.35%, Err 88 (1.0e-005)
1994.309 .... 3680 packets received, 3781 bps, 47.27%, Err 88 (1.0e-005)
1998.424 .... 3681 packets received, 3775 bps, 47.18%, Err 88 (1.0e-005)
2000.552 .... 3682 packets received, 3772 bps, 47.15%, Err 88 (1.0e-005)
2002.678 .... 3690 packets received, 3776 bps, 47.20%, Err 88 (1.0e-005)
2004.804 .... 3698 packets received, 3780 bps, 47.25%, Err 88 (1.0e-005)
2006.901 .... 3706 packets received, 3784 bps, 47.30%, Err 88 (1.0e-005)
2009.061 .... 3714 packets received, 3788 bps, 47.35%, Err 88 (1.0e-005)
2011.153 .... 3722 packets received, 3793 bps, 47.41%, Err 88 (1.0e-005)
2013.249 .... 3730 packets received, 3797 bps, 47.46%, Err 88 (1.0e-005)
2015.373 .... 3738 packets received, 3801 bps, 47.51%, Err 88 (1.0e-005)
2017.499 .... 3746 packets received, 3805 bps, 47.56%, Err 88 (1.0e-005)
2019.611 .... 3754 packets received, 3809 bps, 47.61%, Err 88 (1.0e-005)
2021.723 .... 3762 packets received, 3813 bps, 47.67%, Err 88 (1.0e-005)
2023.846 .... 3770 packets received, 3817 bps, 47.72%, Err 88 (1.0e-005)
2025.975 .... 3778 packets received, 3821 bps, 47.77%, Err 88 (1.0e-005)
2028.130 .... 3786 packets received, 3826 bps, 47.82%, Err 88 (9.9e-006)
2030.197 .... 3794 packets received, 3830 bps, 47.87%, Err 88 (9.9e-006)
2032.342 .... 3802 packets received, 3834 bps, 47.92%, Err 88 (9.9e-006)
2034.440 .... 3810 packets received, 3838 bps, 47.97%, Err 88 (9.9e-006)
2036.584 .... 3818 packets received, 3842 bps, 48.02%, Err 88 (9.9e-006)
2038.665 .... 3826 packets received, 3846 bps, 48.07%, Err 88 (9.9e-006)
2040.790 .... 3834 packets received, 3850 bps, 48.12%, Err 88 (9.8e-006)
2042.916 .... 3842 packets received, 3854 bps, 48.17%, Err 88 (9.8e-006)
2045.012 .... 3850 packets received, 3858 bps, 48.23%, Err 88 (9.8e-006)
2047.108 .... 3858 packets received, 3862 bps, 48.28%, Err 88 (9.8e-006)
2049.236 .... 3862 packets received, 3862 bps, 48.28%, Err 89 (9.9e-006)
2051.345 .... 3870 packets received, 3866 bps, 48.33%, Err 89 (9.9e-006)
2053.491 .... 3878 packets received, 3870 bps, 48.38%, Err 89 (9.8e-006)
2055.603 .... 3886 packets received, 3874 bps, 48.43%, Err 89 (9.8e-006)
2057.744 .... 3894 packets received, 3878 bps, 48.47%, Err 89 (9.8e-006)
2060.613 .... 3901 packets received, 3880 bps, 48.49%, Err 90 (9.9e-006)
2062.752 .... 3909 packets received, 3883 bps, 48.54%, Err 90 (9.9e-006)
2064.878 .... 3917 packets received, 3887 bps, 48.59%, Err 91 (1.0e-005)
2066.963 .... 3920 packets received, 3886 bps, 48.58%, Err 91 (9.9e-006)
2069.133 .... 3928 packets received, 3890 bps, 48.63%, Err 91 (9.9e-006)
2071.245 .... 3935 packets received, 3893 bps, 48.67%, Err 91 (9.9e-006)
2073.372 .... 3943 packets received, 3897 bps, 48.71%, Err 91 (9.9e-006)
2075.512 .... 3950 packets received, 3900 bps, 48.75%, Err 91 (9.9e-006)
2078.146 .... 3955 packets received, 3900 bps, 48.75%, Err 93 (1.0e-005)
2080.294 .... 3958 packets received, 3899 bps, 48.74%, Err 93 (1.0e-005)
2082.422 .... 3966 packets received, 3903 bps, 48.79%, Err 93 (1.0e-005)
2085.891 .... 3974 packets received, 3904 bps, 48.80%, Err 94 (1.0e-005)
2088.017 .... 3982 packets received, 3908 bps, 48.85%, Err 94 (1.0e-005)
2090.160 .... 3990 packets received, 3912 bps, 48.90%, Err 94 (1.0e-005)
2092.255 .... 3998 packets received, 3916 bps, 48.95%, Err 94 (1.0e-005)
2095.386 .... 4004 packets received, 3916 bps, 48.95%, Err 95 (1.0e-005)
2097.561 .... 4012 packets received, 3920 bps, 48.99%, Err 95 (1.0e-005)
2099.646 .... 4020 packets received, 3924 bps, 49.04%, Err 95 (1.0e-005)
2104.484 .... 4024 packets received, 3918 bps, 48.98%, Err 95 (1.0e-005)
2108.560 .... 4025 packets received, 3912 bps, 48.90%, Err 95 (1.0e-005)
2112.585 .... 4026 packets received, 3905 bps, 48.82%, Err 95 (1.0e-005)
2116.763 .... 4027 packets received, 3899 bps, 48.73%, Err 95 (1.0e-005)
2120.861 .... 4028 packets received, 3892 bps, 48.65%, Err 95 (1.0e-005)
2124.961 .... 4029 packets received, 3885 bps, 48.57%, Err 95 (1.0e-005)
2129.131 .... 4030 packets received, 3879 bps, 48.48%, Err 95 (1.0e-005)
2133.272 .... 4031 packets received, 3872 bps, 48.40%, Err 95 (1.0e-005)
