GBN bfu 
=========================================================================
                          Station B                                 
-------------------------------------------------------------------------
Protocol.lib, version 3.0, Build: Oct 19 2009 (jiangy@public3.bta.net.cn)
Channel: 8000 bps, 270 ms propagation delay, bit error rate 0
Log file "GBN-B.log", TCP port 59144, debug mask 0x00
Station B is connecting station A (TCP port 59144) ... Done.
New epoch: Sat May 20 17:23:41 2017
=========================================================================
Designed by LXS, build: May 20 2017  13:12:58
2.401 .... 8 packets received, 7696 bps, 96.20%, Err 0 (0.0e+000)
4.509 .... 16 packets received, 7734 bps, 96.67%, Err 0 (0.0e+000)
6.608 .... 24 packets received, 7758 bps, 96.97%, Err 0 (0.0e+000)
8.718 .... 32 packets received, 7759 bps, 96.99%, Err 0 (0.0e+000)
10.837 .... 40 packets received, 7754 bps, 96.92%, Err 0 (0.0e+000)
12.949 .... 48 packets received, 7755 bps, 96.93%, Err 0 (0.0e+000)
15.069 .... 56 packets received, 7751 bps, 96.88%, Err 0 (0.0e+000)
17.175 .... 64 packets received, 7754 bps, 96.93%, Err 0 (0.0e+000)
19.286 .... 72 packets received, 7755 bps, 96.94%, Err 0 (0.0e+000)
21.414 .... 80 packets received, 7750 bps, 96.87%, Err 0 (0.0e+000)
23.508 .... 88 packets received, 7756 bps, 96.95%, Err 0 (0.0e+000)
25.635 .... 96 packets received, 7752 bps, 96.90%, Err 0 (0.0e+000)
27.755 .... 104 packets received, 7750 bps, 96.87%, Err 0 (0.0e+000)
29.851 .... 112 packets received, 7755 bps, 96.93%, Err 0 (0.0e+000)
31.954 .... 120 packets received, 7757 bps, 96.96%, Err 0 (0.0e+000)
34.073 .... 128 packets received, 7756 bps, 96.94%, Err 0 (0.0e+000)
36.199 .... 136 packets received, 7753 bps, 96.91%, Err 0 (0.0e+000)
38.298 .... 144 packets received, 7756 bps, 96.94%, Err 0 (0.0e+000)
40.410 .... 152 packets received, 7756 bps, 96.95%, Err 0 (0.0e+000)
42.519 .... 160 packets received, 7756 bps, 96.95%, Err 0 (0.0e+000)
44.634 .... 168 packets received, 7756 bps, 96.95%, Err 0 (0.0e+000)
46.741 .... 176 packets received, 7757 bps, 96.96%, Err 0 (0.0e+000)
48.851 .... 184 packets received, 7757 bps, 96.96%, Err 0 (0.0e+000)
50.980 .... 192 packets received, 7755 bps, 96.93%, Err 0 (0.0e+000)
53.082 .... 200 packets received, 7756 bps, 96.95%, Err 0 (0.0e+000)
55.205 .... 208 packets received, 7755 bps, 96.93%, Err 0 (0.0e+000)
57.321 .... 216 packets received, 7754 bps, 96.93%, Err 0 (0.0e+000)
59.420 .... 224 packets received, 7756 bps, 96.95%, Err 0 (0.0e+000)
61.546 .... 232 packets received, 7754 bps, 96.93%, Err 0 (0.0e+000)
63.648 .... 240 packets received, 7756 bps, 96.95%, Err 0 (0.0e+000)
65.766 .... 248 packets received, 7755 bps, 96.94%, Err 0 (0.0e+000)
67.872 .... 256 packets received, 7756 bps, 96.95%, Err 0 (0.0e+000)
69.982 .... 264 packets received, 7756 bps, 96.95%, Err 0 (0.0e+000)
72.094 .... 272 packets received, 7756 bps, 96.95%, Err 0 (0.0e+000)
74.211 .... 280 packets received, 7756 bps, 96.94%, Err 0 (0.0e+000)
76.321 .... 288 packets received, 7756 bps, 96.95%, Err 0 (0.0e+000)
78.429 .... 296 packets received, 7756 bps, 96.95%, Err 0 (0.0e+000)
80.543 .... 304 packets received, 7756 bps, 96.95%, Err 0 (0.0e+000)
82.654 .... 312 packets received, 7756 bps, 96.95%, Err 0 (0.0e+000)
84.768 .... 320 packets received, 7756 bps, 96.95%, Err 0 (0.0e+000)
86.885 .... 328 packets received, 7756 bps, 96.95%, Err 0 (0.0e+000)
88.978 .... 336 packets received, 7757 bps, 96.97%, Err 0 (0.0e+000)
91.110 .... 344 packets received, 7756 bps, 96.95%, Err 0 (0.0e+000)
93.218 .... 352 packets received, 7756 bps, 96.95%, Err 0 (0.0e+000)
95.328 .... 360 packets received, 7756 bps, 96.95%, Err 0 (0.0e+000)
97.430 .... 368 packets received, 7757 bps, 96.96%, Err 0 (0.0e+000)
99.561 .... 376 packets received, 7756 bps, 96.95%, Err 0 (0.0e+000)
101.660 .... 384 packets received, 7757 bps, 96.96%, Err 0 (0.0e+000)
103.767 .... 392 packets received, 7757 bps, 96.96%, Err 0 (0.0e+000)
105.875 .... 400 packets received, 7757 bps, 96.97%, Err 0 (0.0e+000)
108.004 .... 408 packets received, 7756 bps, 96.95%, Err 0 (0.0e+000)
110.107 .... 416 packets received, 7757 bps, 96.96%, Err 0 (0.0e+000)
112.227 .... 424 packets received, 7756 bps, 96.95%, Err 0 (0.0e+000)
114.330 .... 432 packets received, 7757 bps, 96.96%, Err 0 (0.0e+000)
116.433 .... 440 packets received, 7758 bps, 96.97%, Err 0 (0.0e+000)
118.548 .... 448 packets received, 7757 bps, 96.97%, Err 0 (0.0e+000)
120.666 .... 456 packets received, 7757 bps, 96.96%, Err 0 (0.0e+000)
122.782 .... 464 packets received, 7757 bps, 96.96%, Err 0 (0.0e+000)
124.885 .... 472 packets received, 7757 bps, 96.97%, Err 0 (0.0e+000)
127.016 .... 480 packets received, 7756 bps, 96.95%, Err 0 (0.0e+000)
129.107 .... 488 packets received, 7757 bps, 96.97%, Err 0 (0.0e+000)
131.229 .... 496 packets received, 7757 bps, 96.96%, Err 0 (0.0e+000)
133.341 .... 504 packets received, 7757 bps, 96.96%, Err 0 (0.0e+000)
135.457 .... 512 packets received, 7757 bps, 96.96%, Err 0 (0.0e+000)
137.571 .... 520 packets received, 7757 bps, 96.96%, Err 0 (0.0e+000)
139.681 .... 528 packets received, 7757 bps, 96.96%, Err 0 (0.0e+000)
141.790 .... 536 packets received, 7757 bps, 96.96%, Err 0 (0.0e+000)
143.901 .... 544 packets received, 7757 bps, 96.96%, Err 0 (0.0e+000)
146.007 .... 552 packets received, 7757 bps, 96.97%, Err 0 (0.0e+000)
148.136 .... 560 packets received, 7756 bps, 96.95%, Err 0 (0.0e+000)
150.237 .... 568 packets received, 7757 bps, 96.96%, Err 0 (0.0e+000)
152.337 .... 576 packets received, 7758 bps, 96.97%, Err 0 (0.0e+000)
154.473 .... 584 packets received, 7756 bps, 96.95%, Err 0 (0.0e+000)
156.575 .... 592 packets received, 7757 bps, 96.96%, Err 0 (0.0e+000)
158.676 .... 600 packets received, 7757 bps, 96.97%, Err 0 (0.0e+000)
160.794 .... 608 packets received, 7757 bps, 96.96%, Err 0 (0.0e+000)
162.907 .... 616 packets received, 7757 bps, 96.96%, Err 0 (0.0e+000)
165.023 .... 624 packets received, 7757 bps, 96.96%, Err 0 (0.0e+000)
167.122 .... 632 packets received, 7757 bps, 96.97%, Err 0 (0.0e+000)
169.248 .... 640 packets received, 7757 bps, 96.96%, Err 0 (0.0e+000)
171.365 .... 648 packets received, 7757 bps, 96.96%, Err 0 (0.0e+000)
173.484 .... 656 packets received, 7756 bps, 96.95%, Err 0 (0.0e+000)
175.582 .... 664 packets received, 7757 bps, 96.96%, Err 0 (0.0e+000)
177.690 .... 672 packets received, 7757 bps, 96.96%, Err 0 (0.0e+000)
179.804 .... 680 packets received, 7757 bps, 96.96%, Err 0 (0.0e+000)
181.919 .... 688 packets received, 7757 bps, 96.96%, Err 0 (0.0e+000)
184.026 .... 696 packets received, 7757 bps, 96.96%, Err 0 (0.0e+000)
186.144 .... 704 packets received, 7757 bps, 96.96%, Err 0 (0.0e+000)
188.265 .... 712 packets received, 7757 bps, 96.96%, Err 0 (0.0e+000)
190.371 .... 720 packets received, 7757 bps, 96.96%, Err 0 (0.0e+000)
192.463 .... 728 packets received, 7758 bps, 96.97%, Err 0 (0.0e+000)
194.586 .... 736 packets received, 7757 bps, 96.96%, Err 0 (0.0e+000)
196.703 .... 744 packets received, 7757 bps, 96.96%, Err 0 (0.0e+000)
198.827 .... 752 packets received, 7757 bps, 96.96%, Err 0 (0.0e+000)
200.918 .... 760 packets received, 7757 bps, 96.97%, Err 0 (0.0e+000)
203.035 .... 768 packets received, 7757 bps, 96.96%, Err 0 (0.0e+000)
205.155 .... 776 packets received, 7757 bps, 96.96%, Err 0 (0.0e+000)
207.264 .... 784 packets received, 7757 bps, 96.96%, Err 0 (0.0e+000)
209.372 .... 792 packets received, 7757 bps, 96.96%, Err 0 (0.0e+000)
211.490 .... 800 packets received, 7757 bps, 96.96%, Err 0 (0.0e+000)
213.604 .... 808 packets received, 7757 bps, 96.96%, Err 0 (0.0e+000)
215.713 .... 816 packets received, 7757 bps, 96.96%, Err 0 (0.0e+000)
217.828 .... 824 packets received, 7757 bps, 96.96%, Err 0 (0.0e+000)
219.943 .... 832 packets received, 7757 bps, 96.96%, Err 0 (0.0e+000)
222.047 .... 840 packets received, 7757 bps, 96.96%, Err 0 (0.0e+000)
224.165 .... 848 packets received, 7757 bps, 96.96%, Err 0 (0.0e+000)
226.267 .... 856 packets received, 7757 bps, 96.96%, Err 0 (0.0e+000)
228.387 .... 864 packets received, 7757 bps, 96.96%, Err 0 (0.0e+000)
230.481 .... 872 packets received, 7758 bps, 96.97%, Err 0 (0.0e+000)
232.614 .... 880 packets received, 7757 bps, 96.96%, Err 0 (0.0e+000)
234.710 .... 888 packets received, 7757 bps, 96.97%, Err 0 (0.0e+000)
236.836 .... 896 packets received, 7757 bps, 96.96%, Err 0 (0.0e+000)
238.940 .... 904 packets received, 7757 bps, 96.96%, Err 0 (0.0e+000)
241.056 .... 912 packets received, 7757 bps, 96.96%, Err 0 (0.0e+000)
243.178 .... 920 packets received, 7757 bps, 96.96%, Err 0 (0.0e+000)
245.286 .... 928 packets received, 7757 bps, 96.96%, Err 0 (0.0e+000)
247.403 .... 936 packets received, 7757 bps, 96.96%, Err 0 (0.0e+000)
249.504 .... 944 packets received, 7757 bps, 96.96%, Err 0 (0.0e+000)
251.605 .... 952 packets received, 7757 bps, 96.97%, Err 0 (0.0e+000)
253.724 .... 960 packets received, 7757 bps, 96.97%, Err 0 (0.0e+000)
255.831 .... 968 packets received, 7757 bps, 96.97%, Err 0 (0.0e+000)
257.957 .... 976 packets received, 7757 bps, 96.96%, Err 0 (0.0e+000)
260.079 .... 984 packets received, 7757 bps, 96.96%, Err 0 (0.0e+000)
262.174 .... 992 packets received, 7757 bps, 96.96%, Err 0 (0.0e+000)
264.278 .... 1000 packets received, 7757 bps, 96.97%, Err 0 (0.0e+000)
266.393 .... 1008 packets received, 7757 bps, 96.97%, Err 0 (0.0e+000)
268.509 .... 1016 packets received, 7757 bps, 96.96%, Err 0 (0.0e+000)
270.621 .... 1024 packets received, 7757 bps, 96.97%, Err 0 (0.0e+000)
272.759 .... 1032 packets received, 7756 bps, 96.96%, Err 0 (0.0e+000)
274.850 .... 1040 packets received, 7757 bps, 96.96%, Err 0 (0.0e+000)
276.963 .... 1048 packets received, 7757 bps, 96.96%, Err 0 (0.0e+000)
279.081 .... 1056 packets received, 7757 bps, 96.96%, Err 0 (0.0e+000)
281.197 .... 1064 packets received, 7757 bps, 96.96%, Err 0 (0.0e+000)
283.306 .... 1072 packets received, 7757 bps, 96.96%, Err 0 (0.0e+000)
285.410 .... 1080 packets received, 7757 bps, 96.96%, Err 0 (0.0e+000)
287.531 .... 1088 packets received, 7757 bps, 96.96%, Err 0 (0.0e+000)
289.635 .... 1096 packets received, 7757 bps, 96.96%, Err 0 (0.0e+000)
291.742 .... 1104 packets received, 7757 bps, 96.97%, Err 0 (0.0e+000)
293.851 .... 1112 packets received, 7757 bps, 96.97%, Err 0 (0.0e+000)
295.953 .... 1120 packets received, 7758 bps, 96.97%, Err 0 (0.0e+000)
298.090 .... 1128 packets received, 7757 bps, 96.96%, Err 0 (0.0e+000)
300.178 .... 1136 packets received, 7758 bps, 96.97%, Err 0 (0.0e+000)
302.288 .... 1144 packets received, 7758 bps, 96.97%, Err 0 (0.0e+000)
304.429 .... 1152 packets received, 7757 bps, 96.96%, Err 0 (0.0e+000)
306.539 .... 1160 packets received, 7757 bps, 96.96%, Err 0 (0.0e+000)
308.645 .... 1168 packets received, 7757 bps, 96.96%, Err 0 (0.0e+000)
310.765 .... 1176 packets received, 7757 bps, 96.96%, Err 0 (0.0e+000)
312.855 .... 1184 packets received, 7757 bps, 96.97%, Err 0 (0.0e+000)
314.973 .... 1192 packets received, 7757 bps, 96.97%, Err 0 (0.0e+000)
317.100 .... 1200 packets received, 7757 bps, 96.96%, Err 0 (0.0e+000)
319.188 .... 1208 packets received, 7757 bps, 96.97%, Err 0 (0.0e+000)
321.303 .... 1216 packets received, 7757 bps, 96.97%, Err 0 (0.0e+000)
323.419 .... 1224 packets received, 7757 bps, 96.97%, Err 0 (0.0e+000)
325.524 .... 1232 packets received, 7757 bps, 96.97%, Err 0 (0.0e+000)
327.663 .... 1240 packets received, 7757 bps, 96.96%, Err 0 (0.0e+000)
329.751 .... 1248 packets received, 7757 bps, 96.97%, Err 0 (0.0e+000)
331.875 .... 1256 packets received, 7757 bps, 96.96%, Err 0 (0.0e+000)
333.978 .... 1264 packets received, 7757 bps, 96.97%, Err 0 (0.0e+000)
336.085 .... 1272 packets received, 7757 bps, 96.97%, Err 0 (0.0e+000)
338.214 .... 1280 packets received, 7757 bps, 96.96%, Err 0 (0.0e+000)
340.326 .... 1288 packets received, 7757 bps, 96.96%, Err 0 (0.0e+000)
342.432 .... 1296 packets received, 7757 bps, 96.97%, Err 0 (0.0e+000)
344.531 .... 1304 packets received, 7758 bps, 96.97%, Err 0 (0.0e+000)
346.665 .... 1312 packets received, 7757 bps, 96.96%, Err 0 (0.0e+000)
348.768 .... 1320 packets received, 7757 bps, 96.97%, Err 0 (0.0e+000)
350.885 .... 1328 packets received, 7757 bps, 96.96%, Err 0 (0.0e+000)
352.989 .... 1336 packets received, 7757 bps, 96.97%, Err 0 (0.0e+000)
355.108 .... 1344 packets received, 7757 bps, 96.96%, Err 0 (0.0e+000)
357.210 .... 1352 packets received, 7757 bps, 96.97%, Err 0 (0.0e+000)
359.315 .... 1360 packets received, 7758 bps, 96.97%, Err 0 (0.0e+000)
361.436 .... 1368 packets received, 7757 bps, 96.97%, Err 0 (0.0e+000)
363.548 .... 1376 packets received, 7757 bps, 96.97%, Err 0 (0.0e+000)
365.654 .... 1384 packets received, 7757 bps, 96.97%, Err 0 (0.0e+000)
367.771 .... 1392 packets received, 7757 bps, 96.97%, Err 0 (0.0e+000)
369.883 .... 1400 packets received, 7757 bps, 96.97%, Err 0 (0.0e+000)
371.997 .... 1408 packets received, 7757 bps, 96.97%, Err 0 (0.0e+000)
374.103 .... 1416 packets received, 7757 bps, 96.97%, Err 0 (0.0e+000)
376.231 .... 1424 packets received, 7757 bps, 96.96%, Err 0 (0.0e+000)
378.332 .... 1432 packets received, 7757 bps, 96.97%, Err 0 (0.0e+000)
380.446 .... 1440 packets received, 7757 bps, 96.97%, Err 0 (0.0e+000)
382.571 .... 1448 packets received, 7757 bps, 96.96%, Err 0 (0.0e+000)
384.667 .... 1456 packets received, 7757 bps, 96.97%, Err 0 (0.0e+000)
386.790 .... 1464 packets received, 7757 bps, 96.96%, Err 0 (0.0e+000)
388.901 .... 1472 packets received, 7757 bps, 96.96%, Err 0 (0.0e+000)
391.007 .... 1480 packets received, 7757 bps, 96.97%, Err 0 (0.0e+000)
393.130 .... 1488 packets received, 7757 bps, 96.96%, Err 0 (0.0e+000)
395.226 .... 1496 packets received, 7757 bps, 96.97%, Err 0 (0.0e+000)
397.346 .... 1504 packets received, 7757 bps, 96.97%, Err 0 (0.0e+000)
399.447 .... 1512 packets received, 7757 bps, 96.97%, Err 0 (0.0e+000)
401.551 .... 1520 packets received, 7758 bps, 96.97%, Err 0 (0.0e+000)
403.679 .... 1528 packets received, 7757 bps, 96.97%, Err 0 (0.0e+000)
405.786 .... 1536 packets received, 7757 bps, 96.97%, Err 0 (0.0e+000)
407.895 .... 1544 packets received, 7757 bps, 96.97%, Err 0 (0.0e+000)
410.010 .... 1552 packets received, 7757 bps, 96.97%, Err 0 (0.0e+000)
412.127 .... 1560 packets received, 7757 bps, 96.97%, Err 0 (0.0e+000)
414.233 .... 1568 packets received, 7757 bps, 96.97%, Err 0 (0.0e+000)
416.352 .... 1576 packets received, 7757 bps, 96.97%, Err 0 (0.0e+000)
418.456 .... 1584 packets received, 7757 bps, 96.97%, Err 0 (0.0e+000)
420.568 .... 1592 packets received, 7757 bps, 96.97%, Err 0 (0.0e+000)
422.688 .... 1600 packets received, 7757 bps, 96.97%, Err 0 (0.0e+000)
424.786 .... 1608 packets received, 7758 bps, 96.97%, Err 0 (0.0e+000)
426.914 .... 1616 packets received, 7757 bps, 96.97%, Err 0 (0.0e+000)
429.032 .... 1624 packets received, 7757 bps, 96.96%, Err 0 (0.0e+000)
431.133 .... 1632 packets received, 7757 bps, 96.97%, Err 0 (0.0e+000)
433.246 .... 1640 packets received, 7757 bps, 96.97%, Err 0 (0.0e+000)
435.353 .... 1648 packets received, 7757 bps, 96.97%, Err 0 (0.0e+000)
437.467 .... 1656 packets received, 7757 bps, 96.97%, Err 0 (0.0e+000)
439.586 .... 1664 packets received, 7757 bps, 96.97%, Err 0 (0.0e+000)
441.702 .... 1672 packets received, 7757 bps, 96.96%, Err 0 (0.0e+000)
443.800 .... 1680 packets received, 7757 bps, 96.97%, Err 0 (0.0e+000)
445.903 .... 1688 packets received, 7758 bps, 96.97%, Err 0 (0.0e+000)
448.018 .... 1696 packets received, 7758 bps, 96.97%, Err 0 (0.0e+000)
450.137 .... 1704 packets received, 7757 bps, 96.97%, Err 0 (0.0e+000)
452.251 .... 1712 packets received, 7757 bps, 96.97%, Err 0 (0.0e+000)
454.367 .... 1720 packets received, 7757 bps, 96.97%, Err 0 (0.0e+000)
456.481 .... 1728 packets received, 7757 bps, 96.97%, Err 0 (0.0e+000)
458.594 .... 1736 packets received, 7757 bps, 96.97%, Err 0 (0.0e+000)
460.696 .... 1744 packets received, 7757 bps, 96.97%, Err 0 (0.0e+000)
462.805 .... 1752 packets received, 7757 bps, 96.97%, Err 0 (0.0e+000)
464.930 .... 1760 packets received, 7757 bps, 96.97%, Err 0 (0.0e+000)
467.039 .... 1768 packets received, 7757 bps, 96.97%, Err 0 (0.0e+000)
469.162 .... 1776 packets received, 7757 bps, 96.96%, Err 0 (0.0e+000)
471.275 .... 1784 packets received, 7757 bps, 96.96%, Err 0 (0.0e+000)
473.363 .... 1792 packets received, 7758 bps, 96.97%, Err 0 (0.0e+000)
475.484 .... 1800 packets received, 7757 bps, 96.97%, Err 0 (0.0e+000)
477.602 .... 1808 packets received, 7757 bps, 96.97%, Err 0 (0.0e+000)
479.703 .... 1816 packets received, 7757 bps, 96.97%, Err 0 (0.0e+000)
481.812 .... 1824 packets received, 7758 bps, 96.97%, Err 0 (0.0e+000)
483.926 .... 1832 packets received, 7757 bps, 96.97%, Err 0 (0.0e+000)
486.041 .... 1840 packets received, 7757 bps, 96.97%, Err 0 (0.0e+000)
488.145 .... 1848 packets received, 7758 bps, 96.97%, Err 0 (0.0e+000)
490.262 .... 1856 packets received, 7757 bps, 96.97%, Err 0 (0.0e+000)
492.374 .... 1864 packets received, 7757 bps, 96.97%, Err 0 (0.0e+000)
494.484 .... 1872 packets received, 7758 bps, 96.97%, Err 0 (0.0e+000)
496.600 .... 1880 packets received, 7757 bps, 96.97%, Err 0 (0.0e+000)
498.725 .... 1888 packets received, 7757 bps, 96.97%, Err 0 (0.0e+000)
500.827 .... 1896 packets received, 7757 bps, 96.97%, Err 0 (0.0e+000)
502.941 .... 1904 packets received, 7757 bps, 96.97%, Err 0 (0.0e+000)
505.048 .... 1912 packets received, 7757 bps, 96.97%, Err 0 (0.0e+000)
507.168 .... 1920 packets received, 7757 bps, 96.97%, Err 0 (0.0e+000)
509.271 .... 1928 packets received, 7757 bps, 96.97%, Err 0 (0.0e+000)
511.390 .... 1936 packets received, 7757 bps, 96.97%, Err 0 (0.0e+000)
513.505 .... 1944 packets received, 7757 bps, 96.97%, Err 0 (0.0e+000)
515.623 .... 1952 packets received, 7757 bps, 96.97%, Err 0 (0.0e+000)
517.738 .... 1960 packets received, 7757 bps, 96.96%, Err 0 (0.0e+000)
519.840 .... 1968 packets received, 7757 bps, 96.97%, Err 0 (0.0e+000)
521.945 .... 1976 packets received, 7757 bps, 96.97%, Err 0 (0.0e+000)
524.049 .... 1984 packets received, 7758 bps, 96.97%, Err 0 (0.0e+000)
526.166 .... 1992 packets received, 7757 bps, 96.97%, Err 0 (0.0e+000)
528.285 .... 2000 packets received, 7757 bps, 96.97%, Err 0 (0.0e+000)
530.400 .... 2008 packets received, 7757 bps, 96.97%, Err 0 (0.0e+000)
532.514 .... 2016 packets received, 7757 bps, 96.97%, Err 0 (0.0e+000)
534.619 .... 2024 packets received, 7757 bps, 96.97%, Err 0 (0.0e+000)
536.743 .... 2032 packets received, 7757 bps, 96.97%, Err 0 (0.0e+000)
538.849 .... 2040 packets received, 7757 bps, 96.97%, Err 0 (0.0e+000)
540.967 .... 2048 packets received, 7757 bps, 96.97%, Err 0 (0.0e+000)
543.055 .... 2056 packets received, 7758 bps, 96.97%, Err 0 (0.0e+000)
545.179 .... 2064 packets received, 7757 bps, 96.97%, Err 0 (0.0e+000)
547.284 .... 2072 packets received, 7758 bps, 96.97%, Err 0 (0.0e+000)
549.420 .... 2080 packets received, 7757 bps, 96.96%, Err 0 (0.0e+000)
551.524 .... 2088 packets received, 7757 bps, 96.97%, Err 0 (0.0e+000)
553.621 .... 2096 packets received, 7758 bps, 96.97%, Err 0 (0.0e+000)
555.745 .... 2104 packets received, 7757 bps, 96.97%, Err 0 (0.0e+000)
557.848 .... 2112 packets received, 7757 bps, 96.97%, Err 0 (0.0e+000)
559.972 .... 2120 packets received, 7757 bps, 96.97%, Err 0 (0.0e+000)
562.066 .... 2128 packets received, 7758 bps, 96.97%, Err 0 (0.0e+000)
564.190 .... 2136 packets received, 7757 bps, 96.97%, Err 0 (0.0e+000)
566.299 .... 2144 packets received, 7757 bps, 96.97%, Err 0 (0.0e+000)
568.402 .... 2152 packets received, 7758 bps, 96.97%, Err 0 (0.0e+000)
570.520 .... 2160 packets received, 7757 bps, 96.97%, Err 0 (0.0e+000)
572.625 .... 2168 packets received, 7758 bps, 96.97%, Err 0 (0.0e+000)
574.744 .... 2176 packets received, 7757 bps, 96.97%, Err 0 (0.0e+000)
576.855 .... 2184 packets received, 7757 bps, 96.97%, Err 0 (0.0e+000)
578.973 .... 2192 packets received, 7757 bps, 96.97%, Err 0 (0.0e+000)
581.074 .... 2200 packets received, 7758 bps, 96.97%, Err 0 (0.0e+000)
583.211 .... 2208 packets received, 7757 bps, 96.97%, Err 0 (0.0e+000)
585.306 .... 2216 packets received, 7757 bps, 96.97%, Err 0 (0.0e+000)
587.427 .... 2224 packets received, 7757 bps, 96.97%, Err 0 (0.0e+000)
589.534 .... 2232 packets received, 7757 bps, 96.97%, Err 0 (0.0e+000)
591.653 .... 2240 packets received, 7757 bps, 96.97%, Err 0 (0.0e+000)
593.762 .... 2248 packets received, 7757 bps, 96.97%, Err 0 (0.0e+000)
595.867 .... 2256 packets received, 7757 bps, 96.97%, Err 0 (0.0e+000)
597.981 .... 2264 packets received, 7757 bps, 96.97%, Err 0 (0.0e+000)
600.082 .... 2272 packets received, 7758 bps, 96.97%, Err 0 (0.0e+000)
602.201 .... 2280 packets received, 7757 bps, 96.97%, Err 0 (0.0e+000)
604.307 .... 2288 packets received, 7758 bps, 96.97%, Err 0 (0.0e+000)
606.430 .... 2296 packets received, 7757 bps, 96.97%, Err 0 (0.0e+000)
608.532 .... 2304 packets received, 7758 bps, 96.97%, Err 0 (0.0e+000)
610.650 .... 2312 packets received, 7757 bps, 96.97%, Err 0 (0.0e+000)
612.763 .... 2320 packets received, 7757 bps, 96.97%, Err 0 (0.0e+000)
614.867 .... 2328 packets received, 7758 bps, 96.97%, Err 0 (0.0e+000)
616.988 .... 2336 packets received, 7757 bps, 96.97%, Err 0 (0.0e+000)
619.098 .... 2344 packets received, 7757 bps, 96.97%, Err 0 (0.0e+000)
621.201 .... 2352 packets received, 7758 bps, 96.97%, Err 0 (0.0e+000)
623.320 .... 2360 packets received, 7757 bps, 96.97%, Err 0 (0.0e+000)
625.433 .... 2368 packets received, 7757 bps, 96.97%, Err 0 (0.0e+000)
627.532 .... 2376 packets received, 7758 bps, 96.97%, Err 0 (0.0e+000)
629.660 .... 2384 packets received, 7757 bps, 96.97%, Err 0 (0.0e+000)
631.777 .... 2392 packets received, 7757 bps, 96.97%, Err 0 (0.0e+000)
633.878 .... 2400 packets received, 7758 bps, 96.97%, Err 0 (0.0e+000)
635.992 .... 2408 packets received, 7757 bps, 96.97%, Err 0 (0.0e+000)
638.121 .... 2416 packets received, 7757 bps, 96.97%, Err 0 (0.0e+000)
640.205 .... 2424 packets received, 7758 bps, 96.97%, Err 0 (0.0e+000)
642.320 .... 2432 packets received, 7758 bps, 96.97%, Err 0 (0.0e+000)
644.435 .... 2440 packets received, 7758 bps, 96.97%, Err 0 (0.0e+000)
646.548 .... 2448 packets received, 7758 bps, 96.97%, Err 0 (0.0e+000)
648.651 .... 2456 packets received, 7758 bps, 96.97%, Err 0 (0.0e+000)
650.771 .... 2464 packets received, 7758 bps, 96.97%, Err 0 (0.0e+000)
652.886 .... 2472 packets received, 7758 bps, 96.97%, Err 0 (0.0e+000)
655.002 .... 2480 packets received, 7757 bps, 96.97%, Err 0 (0.0e+000)
657.116 .... 2488 packets received, 7757 bps, 96.97%, Err 0 (0.0e+000)
659.230 .... 2496 packets received, 7757 bps, 96.97%, Err 0 (0.0e+000)
661.334 .... 2504 packets received, 7758 bps, 96.97%, Err 0 (0.0e+000)
663.449 .... 2512 packets received, 7757 bps, 96.97%, Err 0 (0.0e+000)
665.565 .... 2520 packets received, 7757 bps, 96.97%, Err 0 (0.0e+000)
667.668 .... 2528 packets received, 7758 bps, 96.97%, Err 0 (0.0e+000)
669.783 .... 2536 packets received, 7757 bps, 96.97%, Err 0 (0.0e+000)
671.900 .... 2544 packets received, 7757 bps, 96.97%, Err 0 (0.0e+000)
674.000 .... 2552 packets received, 7758 bps, 96.97%, Err 0 (0.0e+000)
676.125 .... 2560 packets received, 7757 bps, 96.97%, Err 0 (0.0e+000)
678.246 .... 2568 packets received, 7757 bps, 96.97%, Err 0 (0.0e+000)
680.347 .... 2576 packets received, 7757 bps, 96.97%, Err 0 (0.0e+000)
682.459 .... 2584 packets received, 7757 bps, 96.97%, Err 0 (0.0e+000)
684.579 .... 2592 packets received, 7757 bps, 96.97%, Err 0 (0.0e+000)
686.694 .... 2600 packets received, 7757 bps, 96.97%, Err 0 (0.0e+000)
688.797 .... 2608 packets received, 7757 bps, 96.97%, Err 0 (0.0e+000)
690.909 .... 2616 packets received, 7757 bps, 96.97%, Err 0 (0.0e+000)
693.004 .... 2624 packets received, 7758 bps, 96.97%, Err 0 (0.0e+000)
695.127 .... 2632 packets received, 7757 bps, 96.97%, Err 0 (0.0e+000)
697.231 .... 2640 packets received, 7758 bps, 96.97%, Err 0 (0.0e+000)
699.365 .... 2648 packets received, 7757 bps, 96.97%, Err 0 (0.0e+000)
701.464 .... 2656 packets received, 7757 bps, 96.97%, Err 0 (0.0e+000)
703.578 .... 2664 packets received, 7757 bps, 96.97%, Err 0 (0.0e+000)
705.695 .... 2672 packets received, 7757 bps, 96.97%, Err 0 (0.0e+000)
707.807 .... 2680 packets received, 7757 bps, 96.97%, Err 0 (0.0e+000)
709.922 .... 2688 packets received, 7757 bps, 96.97%, Err 0 (0.0e+000)
712.024 .... 2696 packets received, 7757 bps, 96.97%, Err 0 (0.0e+000)
714.137 .... 2704 packets received, 7757 bps, 96.97%, Err 0 (0.0e+000)
716.237 .... 2712 packets received, 7758 bps, 96.97%, Err 0 (0.0e+000)
718.372 .... 2720 packets received, 7757 bps, 96.97%, Err 0 (0.0e+000)
720.474 .... 2728 packets received, 7757 bps, 96.97%, Err 0 (0.0e+000)
722.578 .... 2736 packets received, 7758 bps, 96.97%, Err 0 (0.0e+000)
724.713 .... 2744 packets received, 7757 bps, 96.97%, Err 0 (0.0e+000)
726.823 .... 2752 packets received, 7757 bps, 96.97%, Err 0 (0.0e+000)
728.932 .... 2760 packets received, 7757 bps, 96.97%, Err 0 (0.0e+000)
731.042 .... 2768 packets received, 7757 bps, 96.97%, Err 0 (0.0e+000)
733.140 .... 2776 packets received, 7758 bps, 96.97%, Err 0 (0.0e+000)
735.271 .... 2784 packets received, 7757 bps, 96.97%, Err 0 (0.0e+000)
737.382 .... 2792 packets received, 7757 bps, 96.97%, Err 0 (0.0e+000)
739.469 .... 2800 packets received, 7758 bps, 96.97%, Err 0 (0.0e+000)
741.596 .... 2808 packets received, 7757 bps, 96.97%, Err 0 (0.0e+000)
743.711 .... 2816 packets received, 7757 bps, 96.97%, Err 0 (0.0e+000)
745.826 .... 2824 packets received, 7757 bps, 96.97%, Err 0 (0.0e+000)
747.944 .... 2832 packets received, 7757 bps, 96.97%, Err 0 (0.0e+000)
750.050 .... 2840 packets received, 7757 bps, 96.97%, Err 0 (0.0e+000)
752.166 .... 2848 packets received, 7757 bps, 96.97%, Err 0 (0.0e+000)
754.260 .... 2856 packets received, 7758 bps, 96.97%, Err 0 (0.0e+000)
756.386 .... 2864 packets received, 7757 bps, 96.97%, Err 0 (0.0e+000)
758.494 .... 2872 packets received, 7757 bps, 96.97%, Err 0 (0.0e+000)
760.605 .... 2880 packets received, 7757 bps, 96.97%, Err 0 (0.0e+000)
762.703 .... 2888 packets received, 7758 bps, 96.97%, Err 0 (0.0e+000)
764.831 .... 2896 packets received, 7757 bps, 96.97%, Err 0 (0.0e+000)
766.925 .... 2904 packets received, 7758 bps, 96.97%, Err 0 (0.0e+000)
769.044 .... 2912 packets received, 7758 bps, 96.97%, Err 0 (0.0e+000)
771.152 .... 2920 packets received, 7758 bps, 96.97%, Err 0 (0.0e+000)
773.271 .... 2928 packets received, 7758 bps, 96.97%, Err 0 (0.0e+000)
775.388 .... 2936 packets received, 7757 bps, 96.97%, Err 0 (0.0e+000)
777.512 .... 2944 packets received, 7757 bps, 96.97%, Err 0 (0.0e+000)
779.606 .... 2952 packets received, 7758 bps, 96.97%, Err 0 (0.0e+000)
781.728 .... 2960 packets received, 7757 bps, 96.97%, Err 0 (0.0e+000)
783.835 .... 2968 packets received, 7757 bps, 96.97%, Err 0 (0.0e+000)
785.947 .... 2976 packets received, 7757 bps, 96.97%, Err 0 (0.0e+000)
788.064 .... 2984 packets received, 7757 bps, 96.97%, Err 0 (0.0e+000)
790.156 .... 2992 packets received, 7758 bps, 96.97%, Err 0 (0.0e+000)
792.276 .... 3000 packets received, 7758 bps, 96.97%, Err 0 (0.0e+000)
794.392 .... 3008 packets received, 7757 bps, 96.97%, Err 0 (0.0e+000)
796.499 .... 3016 packets received, 7758 bps, 96.97%, Err 0 (0.0e+000)
798.621 .... 3024 packets received, 7757 bps, 96.97%, Err 0 (0.0e+000)
800.720 .... 3032 packets received, 7758 bps, 96.97%, Err 0 (0.0e+000)
802.855 .... 3040 packets received, 7757 bps, 96.97%, Err 0 (0.0e+000)
804.941 .... 3048 packets received, 7758 bps, 96.97%, Err 0 (0.0e+000)
807.059 .... 3056 packets received, 7758 bps, 96.97%, Err 0 (0.0e+000)
809.175 .... 3064 packets received, 7758 bps, 96.97%, Err 0 (0.0e+000)
811.289 .... 3072 packets received, 7757 bps, 96.97%, Err 0 (0.0e+000)
813.391 .... 3080 packets received, 7758 bps, 96.97%, Err 0 (0.0e+000)
815.503 .... 3088 packets received, 7758 bps, 96.97%, Err 0 (0.0e+000)
817.617 .... 3096 packets received, 7758 bps, 96.97%, Err 0 (0.0e+000)
819.730 .... 3104 packets received, 7758 bps, 96.97%, Err 0 (0.0e+000)
821.842 .... 3112 packets received, 7758 bps, 96.97%, Err 0 (0.0e+000)
823.960 .... 3120 packets received, 7758 bps, 96.97%, Err 0 (0.0e+000)
826.074 .... 3128 packets received, 7757 bps, 96.97%, Err 0 (0.0e+000)
828.189 .... 3136 packets received, 7757 bps, 96.97%, Err 0 (0.0e+000)
830.308 .... 3144 packets received, 7757 bps, 96.97%, Err 0 (0.0e+000)
832.408 .... 3152 packets received, 7758 bps, 96.97%, Err 0 (0.0e+000)
834.509 .... 3160 packets received, 7758 bps, 96.97%, Err 0 (0.0e+000)
836.623 .... 3168 packets received, 7758 bps, 96.97%, Err 0 (0.0e+000)
838.752 .... 3176 packets received, 7757 bps, 96.97%, Err 0 (0.0e+000)
840.854 .... 3184 packets received, 7758 bps, 96.97%, Err 0 (0.0e+000)
842.971 .... 3192 packets received, 7757 bps, 96.97%, Err 0 (0.0e+000)
845.074 .... 3200 packets received, 7758 bps, 96.97%, Err 0 (0.0e+000)
847.192 .... 3208 packets received, 7758 bps, 96.97%, Err 0 (0.0e+000)
849.312 .... 3216 packets received, 7757 bps, 96.97%, Err 0 (0.0e+000)
851.408 .... 3224 packets received, 7758 bps, 96.97%, Err 0 (0.0e+000)
853.528 .... 3232 packets received, 7758 bps, 96.97%, Err 0 (0.0e+000)
855.641 .... 3240 packets received, 7757 bps, 96.97%, Err 0 (0.0e+000)
857.762 .... 3248 packets received, 7757 bps, 96.97%, Err 0 (0.0e+000)
859.854 .... 3256 packets received, 7758 bps, 96.97%, Err 0 (0.0e+000)
861.971 .... 3264 packets received, 7758 bps, 96.97%, Err 0 (0.0e+000)
864.101 .... 3272 packets received, 7757 bps, 96.97%, Err 0 (0.0e+000)
866.200 .... 3280 packets received, 7758 bps, 96.97%, Err 0 (0.0e+000)
868.317 .... 3288 packets received, 7757 bps, 96.97%, Err 0 (0.0e+000)
870.412 .... 3296 packets received, 7758 bps, 96.97%, Err 0 (0.0e+000)
872.544 .... 3304 packets received, 7757 bps, 96.97%, Err 0 (0.0e+000)
874.659 .... 3312 packets received, 7757 bps, 96.97%, Err 0 (0.0e+000)
876.764 .... 3320 packets received, 7757 bps, 96.97%, Err 0 (0.0e+000)
878.880 .... 3328 packets received, 7757 bps, 96.97%, Err 0 (0.0e+000)
880.997 .... 3336 packets received, 7757 bps, 96.97%, Err 0 (0.0e+000)
883.088 .... 3344 packets received, 7758 bps, 96.97%, Err 0 (0.0e+000)
885.214 .... 3352 packets received, 7757 bps, 96.97%, Err 0 (0.0e+000)
887.322 .... 3360 packets received, 7757 bps, 96.97%, Err 0 (0.0e+000)
889.432 .... 3368 packets received, 7758 bps, 96.97%, Err 0 (0.0e+000)
891.545 .... 3376 packets received, 7757 bps, 96.97%, Err 0 (0.0e+000)
893.662 .... 3384 packets received, 7757 bps, 96.97%, Err 0 (0.0e+000)
895.773 .... 3392 packets received, 7757 bps, 96.97%, Err 0 (0.0e+000)
897.889 .... 3400 packets received, 7757 bps, 96.97%, Err 0 (0.0e+000)
899.994 .... 3408 packets received, 7757 bps, 96.97%, Err 0 (0.0e+000)
902.113 .... 3416 packets received, 7757 bps, 96.97%, Err 0 (0.0e+000)
904.224 .... 3424 packets received, 7757 bps, 96.97%, Err 0 (0.0e+000)
906.327 .... 3432 packets received, 7758 bps, 96.97%, Err 0 (0.0e+000)
908.445 .... 3440 packets received, 7757 bps, 96.97%, Err 0 (0.0e+000)
910.556 .... 3448 packets received, 7757 bps, 96.97%, Err 0 (0.0e+000)
912.670 .... 3456 packets received, 7757 bps, 96.97%, Err 0 (0.0e+000)
914.772 .... 3464 packets received, 7758 bps, 96.97%, Err 0 (0.0e+000)
916.889 .... 3472 packets received, 7757 bps, 96.97%, Err 0 (0.0e+000)
919.002 .... 3480 packets received, 7757 bps, 96.97%, Err 0 (0.0e+000)
921.117 .... 3488 packets received, 7757 bps, 96.97%, Err 0 (0.0e+000)
923.236 .... 3496 packets received, 7757 bps, 96.97%, Err 0 (0.0e+000)
925.332 .... 3504 packets received, 7758 bps, 96.97%, Err 0 (0.0e+000)
927.460 .... 3512 packets received, 7757 bps, 96.97%, Err 0 (0.0e+000)
929.567 .... 3520 packets received, 7757 bps, 96.97%, Err 0 (0.0e+000)
931.670 .... 3528 packets received, 7758 bps, 96.97%, Err 0 (0.0e+000)
933.796 .... 3536 packets received, 7757 bps, 96.97%, Err 0 (0.0e+000)
935.899 .... 3544 packets received, 7757 bps, 96.97%, Err 0 (0.0e+000)
938.026 .... 3552 packets received, 7757 bps, 96.97%, Err 0 (0.0e+000)
940.108 .... 3560 packets received, 7758 bps, 96.97%, Err 0 (0.0e+000)
942.239 .... 3568 packets received, 7757 bps, 96.97%, Err 0 (0.0e+000)
944.343 .... 3576 packets received, 7758 bps, 96.97%, Err 0 (0.0e+000)
946.456 .... 3584 packets received, 7758 bps, 96.97%, Err 0 (0.0e+000)
948.573 .... 3592 packets received, 7757 bps, 96.97%, Err 0 (0.0e+000)
950.677 .... 3600 packets received, 7758 bps, 96.97%, Err 0 (0.0e+000)
952.791 .... 3608 packets received, 7758 bps, 96.97%, Err 0 (0.0e+000)
954.903 .... 3616 packets received, 7758 bps, 96.97%, Err 0 (0.0e+000)
957.019 .... 3624 packets received, 7757 bps, 96.97%, Err 0 (0.0e+000)
959.128 .... 3632 packets received, 7758 bps, 96.97%, Err 0 (0.0e+000)
961.245 .... 3640 packets received, 7757 bps, 96.97%, Err 0 (0.0e+000)
963.345 .... 3648 packets received, 7758 bps, 96.97%, Err 0 (0.0e+000)
965.460 .... 3656 packets received, 7758 bps, 96.97%, Err 0 (0.0e+000)
967.577 .... 3664 packets received, 7758 bps, 96.97%, Err 0 (0.0e+000)
969.679 .... 3672 packets received, 7758 bps, 96.97%, Err 0 (0.0e+000)
971.810 .... 3680 packets received, 7757 bps, 96.97%, Err 0 (0.0e+000)
973.916 .... 3688 packets received, 7757 bps, 96.97%, Err 0 (0.0e+000)
976.034 .... 3696 packets received, 7757 bps, 96.97%, Err 0 (0.0e+000)
978.131 .... 3704 packets received, 7758 bps, 96.97%, Err 0 (0.0e+000)
980.259 .... 3712 packets received, 7757 bps, 96.97%, Err 0 (0.0e+000)
982.367 .... 3720 packets received, 7757 bps, 96.97%, Err 0 (0.0e+000)
984.481 .... 3728 packets received, 7757 bps, 96.97%, Err 0 (0.0e+000)
986.579 .... 3736 packets received, 7758 bps, 96.97%, Err 0 (0.0e+000)
988.708 .... 3744 packets received, 7757 bps, 96.97%, Err 0 (0.0e+000)
990.808 .... 3752 packets received, 7758 bps, 96.97%, Err 0 (0.0e+000)
992.914 .... 3760 packets received, 7758 bps, 96.97%, Err 0 (0.0e+000)
995.030 .... 3768 packets received, 7758 bps, 96.97%, Err 0 (0.0e+000)
997.157 .... 3776 packets received, 7757 bps, 96.97%, Err 0 (0.0e+000)
999.265 .... 3784 packets received, 7757 bps, 96.97%, Err 0 (0.0e+000)
1001.374 .... 3792 packets received, 7757 bps, 96.97%, Err 0 (0.0e+000)
1003.475 .... 3800 packets received, 7758 bps, 96.97%, Err 0 (0.0e+000)
1005.592 .... 3808 packets received, 7758 bps, 96.97%, Err 0 (0.0e+000)
1007.710 .... 3816 packets received, 7757 bps, 96.97%, Err 0 (0.0e+000)
1009.811 .... 3824 packets received, 7758 bps, 96.97%, Err 0 (0.0e+000)
1011.926 .... 3832 packets received, 7758 bps, 96.97%, Err 0 (0.0e+000)
1014.043 .... 3840 packets received, 7757 bps, 96.97%, Err 0 (0.0e+000)
1016.157 .... 3848 packets received, 7757 bps, 96.97%, Err 0 (0.0e+000)
1018.275 .... 3856 packets received, 7757 bps, 96.97%, Err 0 (0.0e+000)
1020.376 .... 3864 packets received, 7758 bps, 96.97%, Err 0 (0.0e+000)
1022.488 .... 3872 packets received, 7758 bps, 96.97%, Err 0 (0.0e+000)
1024.592 .... 3880 packets received, 7758 bps, 96.97%, Err 0 (0.0e+000)
1026.722 .... 3888 packets received, 7757 bps, 96.97%, Err 0 (0.0e+000)
1028.825 .... 3896 packets received, 7758 bps, 96.97%, Err 0 (0.0e+000)
1030.936 .... 3904 packets received, 7758 bps, 96.97%, Err 0 (0.0e+000)
1033.037 .... 3912 packets received, 7758 bps, 96.97%, Err 0 (0.0e+000)
1035.154 .... 3920 packets received, 7758 bps, 96.97%, Err 0 (0.0e+000)
1037.267 .... 3928 packets received, 7758 bps, 96.97%, Err 0 (0.0e+000)
1039.382 .... 3936 packets received, 7758 bps, 96.97%, Err 0 (0.0e+000)
1041.497 .... 3944 packets received, 7758 bps, 96.97%, Err 0 (0.0e+000)
1043.609 .... 3952 packets received, 7758 bps, 96.97%, Err 0 (0.0e+000)
1045.735 .... 3960 packets received, 7757 bps, 96.97%, Err 0 (0.0e+000)
1047.824 .... 3968 packets received, 7758 bps, 96.97%, Err 0 (0.0e+000)
1049.939 .... 3976 packets received, 7758 bps, 96.97%, Err 0 (0.0e+000)
1052.044 .... 3984 packets received, 7758 bps, 96.97%, Err 0 (0.0e+000)
1054.165 .... 3992 packets received, 7758 bps, 96.97%, Err 0 (0.0e+000)
1056.280 .... 4000 packets received, 7758 bps, 96.97%, Err 0 (0.0e+000)
1058.389 .... 4008 packets received, 7758 bps, 96.97%, Err 0 (0.0e+000)
1060.505 .... 4016 packets received, 7758 bps, 96.97%, Err 0 (0.0e+000)
1062.622 .... 4024 packets received, 7757 bps, 96.97%, Err 0 (0.0e+000)
1064.740 .... 4032 packets received, 7757 bps, 96.97%, Err 0 (0.0e+000)
1066.841 .... 4040 packets received, 7758 bps, 96.97%, Err 0 (0.0e+000)
1068.958 .... 4048 packets received, 7757 bps, 96.97%, Err 0 (0.0e+000)
1071.075 .... 4056 packets received, 7757 bps, 96.97%, Err 0 (0.0e+000)
1073.190 .... 4064 packets received, 7757 bps, 96.97%, Err 0 (0.0e+000)
1075.279 .... 4072 packets received, 7758 bps, 96.97%, Err 0 (0.0e+000)
1077.393 .... 4080 packets received, 7758 bps, 96.97%, Err 0 (0.0e+000)
1079.510 .... 4088 packets received, 7758 bps, 96.97%, Err 0 (0.0e+000)
1081.624 .... 4096 packets received, 7758 bps, 96.97%, Err 0 (0.0e+000)
1083.740 .... 4104 packets received, 7757 bps, 96.97%, Err 0 (0.0e+000)
1085.836 .... 4112 packets received, 7758 bps, 96.97%, Err 0 (0.0e+000)
1087.958 .... 4120 packets received, 7758 bps, 96.97%, Err 0 (0.0e+000)
1090.074 .... 4128 packets received, 7758 bps, 96.97%, Err 0 (0.0e+000)
1092.191 .... 4136 packets received, 7757 bps, 96.97%, Err 0 (0.0e+000)
1094.312 .... 4144 packets received, 7757 bps, 96.97%, Err 0 (0.0e+000)
1096.415 .... 4152 packets received, 7757 bps, 96.97%, Err 0 (0.0e+000)
1098.512 .... 4160 packets received, 7758 bps, 96.97%, Err 0 (0.0e+000)
1100.625 .... 4168 packets received, 7758 bps, 96.97%, Err 0 (0.0e+000)
1102.741 .... 4176 packets received, 7758 bps, 96.97%, Err 0 (0.0e+000)
1104.853 .... 4184 packets received, 7758 bps, 96.97%, Err 0 (0.0e+000)
1106.969 .... 4192 packets received, 7758 bps, 96.97%, Err 0 (0.0e+000)
1109.085 .... 4200 packets received, 7757 bps, 96.97%, Err 0 (0.0e+000)
1111.208 .... 4208 packets received, 7757 bps, 96.97%, Err 0 (0.0e+000)
1113.309 .... 4216 packets received, 7757 bps, 96.97%, Err 0 (0.0e+000)
1115.422 .... 4224 packets received, 7757 bps, 96.97%, Err 0 (0.0e+000)
1117.540 .... 4232 packets received, 7757 bps, 96.97%, Err 0 (0.0e+000)
1119.644 .... 4240 packets received, 7757 bps, 96.97%, Err 0 (0.0e+000)
1121.739 .... 4248 packets received, 7758 bps, 96.97%, Err 0 (0.0e+000)
1123.857 .... 4256 packets received, 7758 bps, 96.97%, Err 0 (0.0e+000)
1125.974 .... 4264 packets received, 7758 bps, 96.97%, Err 0 (0.0e+000)
1128.097 .... 4272 packets received, 7757 bps, 96.97%, Err 0 (0.0e+000)
1130.191 .... 4280 packets received, 7758 bps, 96.97%, Err 0 (0.0e+000)
1132.322 .... 4288 packets received, 7757 bps, 96.97%, Err 0 (0.0e+000)
1134.430 .... 4296 packets received, 7757 bps, 96.97%, Err 0 (0.0e+000)
1136.534 .... 4304 packets received, 7758 bps, 96.97%, Err 0 (0.0e+000)
1138.656 .... 4312 packets received, 7757 bps, 96.97%, Err 0 (0.0e+000)
1140.761 .... 4320 packets received, 7758 bps, 96.97%, Err 0 (0.0e+000)
1142.868 .... 4328 packets received, 7758 bps, 96.97%, Err 0 (0.0e+000)
1144.985 .... 4336 packets received, 7758 bps, 96.97%, Err 0 (0.0e+000)
1147.096 .... 4344 packets received, 7758 bps, 96.97%, Err 0 (0.0e+000)
1149.213 .... 4352 packets received, 7757 bps, 96.97%, Err 0 (0.0e+000)
1151.314 .... 4360 packets received, 7758 bps, 96.97%, Err 0 (0.0e+000)
1153.428 .... 4368 packets received, 7758 bps, 96.97%, Err 0 (0.0e+000)
1155.559 .... 4376 packets received, 7757 bps, 96.97%, Err 0 (0.0e+000)
1157.667 .... 4384 packets received, 7757 bps, 96.97%, Err 0 (0.0e+000)
1159.783 .... 4392 packets received, 7757 bps, 96.97%, Err 0 (0.0e+000)
1161.882 .... 4400 packets received, 7758 bps, 96.97%, Err 0 (0.0e+000)
1163.993 .... 4408 packets received, 7758 bps, 96.97%, Err 0 (0.0e+000)
1166.097 .... 4416 packets received, 7758 bps, 96.97%, Err 0 (0.0e+000)
1168.230 .... 4424 packets received, 7757 bps, 96.97%, Err 0 (0.0e+000)
1170.333 .... 4432 packets received, 7757 bps, 96.97%, Err 0 (0.0e+000)
1172.444 .... 4440 packets received, 7757 bps, 96.97%, Err 0 (0.0e+000)
1174.548 .... 4448 packets received, 7758 bps, 96.97%, Err 0 (0.0e+000)
1176.659 .... 4456 packets received, 7758 bps, 96.97%, Err 0 (0.0e+000)
1178.772 .... 4464 packets received, 7758 bps, 96.97%, Err 0 (0.0e+000)
1180.891 .... 4472 packets received, 7758 bps, 96.97%, Err 0 (0.0e+000)
1183.005 .... 4480 packets received, 7757 bps, 96.97%, Err 0 (0.0e+000)
1185.121 .... 4488 packets received, 7757 bps, 96.97%, Err 0 (0.0e+000)
1187.224 .... 4496 packets received, 7758 bps, 96.97%, Err 0 (0.0e+000)
1189.340 .... 4504 packets received, 7757 bps, 96.97%, Err 0 (0.0e+000)
1191.457 .... 4512 packets received, 7757 bps, 96.97%, Err 0 (0.0e+000)
1193.556 .... 4520 packets received, 7758 bps, 96.97%, Err 0 (0.0e+000)
1195.671 .... 4528 packets received, 7758 bps, 96.97%, Err 0 (0.0e+000)
1197.789 .... 4536 packets received, 7757 bps, 96.97%, Err 0 (0.0e+000)
1199.906 .... 4544 packets received, 7757 bps, 96.97%, Err 0 (0.0e+000)
1202.020 .... 4552 packets received, 7757 bps, 96.97%, Err 0 (0.0e+000)
1204.124 .... 4560 packets received, 7757 bps, 96.97%, Err 0 (0.0e+000)
1206.223 .... 4568 packets received, 7758 bps, 96.97%, Err 0 (0.0e+000)
1208.336 .... 4576 packets received, 7758 bps, 96.97%, Err 0 (0.0e+000)
1210.451 .... 4584 packets received, 7758 bps, 96.97%, Err 0 (0.0e+000)
1212.579 .... 4592 packets received, 7757 bps, 96.97%, Err 0 (0.0e+000)
1214.683 .... 4600 packets received, 7758 bps, 96.97%, Err 0 (0.0e+000)
1216.799 .... 4608 packets received, 7757 bps, 96.97%, Err 0 (0.0e+000)
1218.894 .... 4616 packets received, 7758 bps, 96.97%, Err 0 (0.0e+000)
1221.010 .... 4624 packets received, 7758 bps, 96.97%, Err 0 (0.0e+000)
1223.125 .... 4632 packets received, 7758 bps, 96.97%, Err 0 (0.0e+000)
1225.243 .... 4640 packets received, 7758 bps, 96.97%, Err 0 (0.0e+000)
1227.359 .... 4648 packets received, 7757 bps, 96.97%, Err 0 (0.0e+000)
1229.476 .... 4656 packets received, 7757 bps, 96.97%, Err 0 (0.0e+000)
1231.574 .... 4664 packets received, 7758 bps, 96.97%, Err 0 (0.0e+000)
1233.688 .... 4672 packets received, 7758 bps, 96.97%, Err 0 (0.0e+000)
1235.805 .... 4680 packets received, 7757 bps, 96.97%, Err 0 (0.0e+000)
1237.917 .... 4688 packets received, 7757 bps, 96.97%, Err 0 (0.0e+000)
1240.036 .... 4696 packets received, 7757 bps, 96.97%, Err 0 (0.0e+000)
1242.134 .... 4704 packets received, 7758 bps, 96.97%, Err 0 (0.0e+000)
1244.255 .... 4712 packets received, 7757 bps, 96.97%, Err 0 (0.0e+000)
1246.358 .... 4720 packets received, 7758 bps, 96.97%, Err 0 (0.0e+000)
1248.480 .... 4728 packets received, 7757 bps, 96.97%, Err 0 (0.0e+000)
1250.577 .... 4736 packets received, 7758 bps, 96.97%, Err 0 (0.0e+000)
1252.697 .... 4744 packets received, 7758 bps, 96.97%, Err 0 (0.0e+000)
1254.816 .... 4752 packets received, 7757 bps, 96.97%, Err 0 (0.0e+000)
1256.932 .... 4760 packets received, 7757 bps, 96.97%, Err 0 (0.0e+000)
1259.031 .... 4768 packets received, 7758 bps, 96.97%, Err 0 (0.0e+000)
1261.141 .... 4776 packets received, 7758 bps, 96.97%, Err 0 (0.0e+000)
1263.253 .... 4784 packets received, 7758 bps, 96.97%, Err 0 (0.0e+000)
1265.370 .... 4792 packets received, 7758 bps, 96.97%, Err 0 (0.0e+000)
1267.486 .... 4800 packets received, 7757 bps, 96.97%, Err 0 (0.0e+000)
1269.592 .... 4808 packets received, 7758 bps, 96.97%, Err 0 (0.0e+000)
1271.718 .... 4816 packets received, 7757 bps, 96.97%, Err 0 (0.0e+000)
1273.817 .... 4824 packets received, 7758 bps, 96.97%, Err 0 (0.0e+000)
1275.931 .... 4832 packets received, 7758 bps, 96.97%, Err 0 (0.0e+000)
1278.058 .... 4840 packets received, 7757 bps, 96.97%, Err 0 (0.0e+000)
1280.164 .... 4848 packets received, 7757 bps, 96.97%, Err 0 (0.0e+000)
1282.256 .... 4856 packets received, 7758 bps, 96.97%, Err 0 (0.0e+000)
1284.387 .... 4864 packets received, 7757 bps, 96.97%, Err 0 (0.0e+000)
1286.488 .... 4872 packets received, 7758 bps, 96.97%, Err 0 (0.0e+000)
1288.605 .... 4880 packets received, 7757 bps, 96.97%, Err 0 (0.0e+000)
1290.723 .... 4888 packets received, 7757 bps, 96.97%, Err 0 (0.0e+000)
1292.839 .... 4896 packets received, 7757 bps, 96.97%, Err 0 (0.0e+000)
1294.935 .... 4904 packets received, 7758 bps, 96.97%, Err 0 (0.0e+000)
1297.043 .... 4912 packets received, 7758 bps, 96.97%, Err 0 (0.0e+000)
1299.174 .... 4920 packets received, 7757 bps, 96.97%, Err 0 (0.0e+000)
1301.274 .... 4928 packets received, 7758 bps, 96.97%, Err 0 (0.0e+000)
1303.396 .... 4936 packets received, 7757 bps, 96.97%, Err 0 (0.0e+000)
1305.510 .... 4944 packets received, 7757 bps, 96.97%, Err 0 (0.0e+000)
1307.610 .... 4952 packets received, 7758 bps, 96.97%, Err 0 (0.0e+000)
1309.731 .... 4960 packets received, 7757 bps, 96.97%, Err 0 (0.0e+000)
1311.849 .... 4968 packets received, 7757 bps, 96.97%, Err 0 (0.0e+000)
1313.963 .... 4976 packets received, 7757 bps, 96.97%, Err 0 (0.0e+000)
1316.068 .... 4984 packets received, 7757 bps, 96.97%, Err 0 (0.0e+000)
1318.161 .... 4992 packets received, 7758 bps, 96.97%, Err 0 (0.0e+000)
1320.276 .... 5000 packets received, 7758 bps, 96.97%, Err 0 (0.0e+000)
1322.382 .... 5008 packets received, 7758 bps, 96.97%, Err 0 (0.0e+000)
1324.502 .... 5016 packets received, 7758 bps, 96.97%, Err 0 (0.0e+000)
1326.624 .... 5024 packets received, 7757 bps, 96.97%, Err 0 (0.0e+000)
1328.729 .... 5032 packets received, 7758 bps, 96.97%, Err 0 (0.0e+000)
1330.851 .... 5040 packets received, 7757 bps, 96.97%, Err 0 (0.0e+000)
1332.943 .... 5048 packets received, 7758 bps, 96.97%, Err 0 (0.0e+000)
1335.061 .... 5056 packets received, 7758 bps, 96.97%, Err 0 (0.0e+000)
1337.180 .... 5064 packets received, 7758 bps, 96.97%, Err 0 (0.0e+000)
1339.283 .... 5072 packets received, 7758 bps, 96.97%, Err 0 (0.0e+000)
1341.391 .... 5080 packets received, 7758 bps, 96.97%, Err 0 (0.0e+000)
1343.515 .... 5088 packets received, 7758 bps, 96.97%, Err 0 (0.0e+000)
1345.618 .... 5096 packets received, 7758 bps, 96.97%, Err 0 (0.0e+000)
1347.731 .... 5104 packets received, 7758 bps, 96.97%, Err 0 (0.0e+000)
1349.862 .... 5112 packets received, 7757 bps, 96.97%, Err 0 (0.0e+000)
1351.962 .... 5120 packets received, 7758 bps, 96.97%, Err 0 (0.0e+000)
1354.080 .... 5128 packets received, 7757 bps, 96.97%, Err 0 (0.0e+000)
1356.193 .... 5136 packets received, 7757 bps, 96.97%, Err 0 (0.0e+000)
1358.294 .... 5144 packets received, 7758 bps, 96.97%, Err 0 (0.0e+000)
1360.412 .... 5152 packets received, 7758 bps, 96.97%, Err 0 (0.0e+000)
1362.518 .... 5160 packets received, 7758 bps, 96.97%, Err 0 (0.0e+000)
1364.636 .... 5168 packets received, 7758 bps, 96.97%, Err 0 (0.0e+000)
1366.735 .... 5176 packets received, 7758 bps, 96.97%, Err 0 (0.0e+000)
1368.850 .... 5184 packets received, 7758 bps, 96.97%, Err 0 (0.0e+000)
1370.981 .... 5192 packets received, 7757 bps, 96.97%, Err 0 (0.0e+000)
1373.082 .... 5200 packets received, 7758 bps, 96.97%, Err 0 (0.0e+000)
1375.185 .... 5208 packets received, 7758 bps, 96.97%, Err 0 (0.0e+000)
1377.300 .... 5216 packets received, 7758 bps, 96.97%, Err 0 (0.0e+000)
1379.416 .... 5224 packets received, 7758 bps, 96.97%, Err 0 (0.0e+000)
1381.530 .... 5232 packets received, 7758 bps, 96.97%, Err 0 (0.0e+000)
1383.647 .... 5240 packets received, 7757 bps, 96.97%, Err 0 (0.0e+000)
1385.762 .... 5248 packets received, 7757 bps, 96.97%, Err 0 (0.0e+000)
1387.871 .... 5256 packets received, 7757 bps, 96.97%, Err 0 (0.0e+000)
1389.993 .... 5264 packets received, 7757 bps, 96.97%, Err 0 (0.0e+000)
1392.090 .... 5272 packets received, 7758 bps, 96.97%, Err 0 (0.0e+000)
1394.203 .... 5280 packets received, 7758 bps, 96.97%, Err 0 (0.0e+000)
1396.320 .... 5288 packets received, 7757 bps, 96.97%, Err 0 (0.0e+000)
1398.423 .... 5296 packets received, 7758 bps, 96.97%, Err 0 (0.0e+000)
1400.545 .... 5304 packets received, 7757 bps, 96.97%, Err 0 (0.0e+000)
1402.650 .... 5312 packets received, 7758 bps, 96.97%, Err 0 (0.0e+000)
1404.766 .... 5320 packets received, 7757 bps, 96.97%, Err 0 (0.0e+000)
1406.861 .... 5328 packets received, 7758 bps, 96.97%, Err 0 (0.0e+000)
1408.980 .... 5336 packets received, 7758 bps, 96.97%, Err 0 (0.0e+000)
1411.100 .... 5344 packets received, 7758 bps, 96.97%, Err 0 (0.0e+000)
1413.196 .... 5352 packets received, 7758 bps, 96.97%, Err 0 (0.0e+000)
1415.314 .... 5360 packets received, 7758 bps, 96.97%, Err 0 (0.0e+000)
1417.441 .... 5368 packets received, 7757 bps, 96.97%, Err 0 (0.0e+000)
1419.558 .... 5376 packets received, 7757 bps, 96.97%, Err 0 (0.0e+000)
1421.645 .... 5384 packets received, 7758 bps, 96.97%, Err 0 (0.0e+000)
1423.776 .... 5392 packets received, 7757 bps, 96.97%, Err 0 (0.0e+000)
1425.877 .... 5400 packets received, 7758 bps, 96.97%, Err 0 (0.0e+000)
1427.988 .... 5408 packets received, 7758 bps, 96.97%, Err 0 (0.0e+000)
1430.102 .... 5416 packets received, 7758 bps, 96.97%, Err 0 (0.0e+000)
1432.219 .... 5424 packets received, 7758 bps, 96.97%, Err 0 (0.0e+000)
1434.332 .... 5432 packets received, 7758 bps, 96.97%, Err 0 (0.0e+000)
1436.436 .... 5440 packets received, 7758 bps, 96.97%, Err 0 (0.0e+000)
1438.557 .... 5448 packets received, 7758 bps, 96.97%, Err 0 (0.0e+000)
1440.669 .... 5456 packets received, 7758 bps, 96.97%, Err 0 (0.0e+000)
1442.775 .... 5464 packets received, 7758 bps, 96.97%, Err 0 (0.0e+000)
1444.887 .... 5472 packets received, 7758 bps, 96.97%, Err 0 (0.0e+000)
1447.005 .... 5480 packets received, 7758 bps, 96.97%, Err 0 (0.0e+000)
1449.125 .... 5488 packets received, 7757 bps, 96.97%, Err 0 (0.0e+000)
1451.226 .... 5496 packets received, 7758 bps, 96.97%, Err 0 (0.0e+000)
1453.345 .... 5504 packets received, 7757 bps, 96.97%, Err 0 (0.0e+000)
1455.441 .... 5512 packets received, 7758 bps, 96.97%, Err 0 (0.0e+000)
1457.558 .... 5520 packets received, 7758 bps, 96.97%, Err 0 (0.0e+000)
1459.674 .... 5528 packets received, 7758 bps, 96.97%, Err 0 (0.0e+000)
1461.787 .... 5536 packets received, 7758 bps, 96.97%, Err 0 (0.0e+000)
1463.913 .... 5544 packets received, 7757 bps, 96.97%, Err 0 (0.0e+000)
1466.010 .... 5552 packets received, 7758 bps, 96.97%, Err 0 (0.0e+000)
1468.116 .... 5560 packets received, 7758 bps, 96.97%, Err 0 (0.0e+000)
1470.237 .... 5568 packets received, 7758 bps, 96.97%, Err 0 (0.0e+000)
1472.339 .... 5576 packets received, 7758 bps, 96.97%, Err 0 (0.0e+000)
1474.457 .... 5584 packets received, 7758 bps, 96.97%, Err 0 (0.0e+000)
1476.577 .... 5592 packets received, 7757 bps, 96.97%, Err 0 (0.0e+000)
1478.682 .... 5600 packets received, 7758 bps, 96.97%, Err 0 (0.0e+000)
1480.808 .... 5608 packets received, 7757 bps, 96.97%, Err 0 (0.0e+000)
1482.906 .... 5616 packets received, 7758 bps, 96.97%, Err 0 (0.0e+000)
1485.023 .... 5624 packets received, 7757 bps, 96.97%, Err 0 (0.0e+000)
1487.127 .... 5632 packets received, 7758 bps, 96.97%, Err 0 (0.0e+000)
1489.258 .... 5640 packets received, 7757 bps, 96.97%, Err 0 (0.0e+000)
1491.354 .... 5648 packets received, 7758 bps, 96.97%, Err 0 (0.0e+000)
1493.472 .... 5656 packets received, 7757 bps, 96.97%, Err 0 (0.0e+000)
1495.570 .... 5664 packets received, 7758 bps, 96.97%, Err 0 (0.0e+000)
1497.685 .... 5672 packets received, 7758 bps, 96.97%, Err 0 (0.0e+000)
1499.792 .... 5680 packets received, 7758 bps, 96.97%, Err 0 (0.0e+000)
1501.906 .... 5688 packets received, 7758 bps, 96.97%, Err 0 (0.0e+000)
1504.040 .... 5696 packets received, 7757 bps, 96.97%, Err 0 (0.0e+000)
1506.135 .... 5704 packets received, 7758 bps, 96.97%, Err 0 (0.0e+000)
1508.260 .... 5712 packets received, 7757 bps, 96.97%, Err 0 (0.0e+000)
1510.369 .... 5720 packets received, 7757 bps, 96.97%, Err 0 (0.0e+000)
1512.473 .... 5728 packets received, 7758 bps, 96.97%, Err 0 (0.0e+000)
1514.586 .... 5736 packets received, 7758 bps, 96.97%, Err 0 (0.0e+000)
1516.706 .... 5744 packets received, 7757 bps, 96.97%, Err 0 (0.0e+000)
1518.813 .... 5752 packets received, 7758 bps, 96.97%, Err 0 (0.0e+000)
1520.931 .... 5760 packets received, 7757 bps, 96.97%, Err 0 (0.0e+000)
1523.041 .... 5768 packets received, 7757 bps, 96.97%, Err 0 (0.0e+000)
1525.147 .... 5776 packets received, 7758 bps, 96.97%, Err 0 (0.0e+000)
1527.258 .... 5784 packets received, 7758 bps, 96.97%, Err 0 (0.0e+000)
1529.369 .... 5792 packets received, 7758 bps, 96.97%, Err 0 (0.0e+000)
1531.482 .... 5800 packets received, 7758 bps, 96.97%, Err 0 (0.0e+000)
1533.607 .... 5808 packets received, 7757 bps, 96.97%, Err 0 (0.0e+000)
1535.699 .... 5816 packets received, 7758 bps, 96.97%, Err 0 (0.0e+000)
1537.807 .... 5824 packets received, 7758 bps, 96.97%, Err 0 (0.0e+000)
1539.945 .... 5832 packets received, 7757 bps, 96.97%, Err 0 (0.0e+000)
1542.052 .... 5840 packets received, 7757 bps, 96.97%, Err 0 (0.0e+000)
1544.155 .... 5848 packets received, 7758 bps, 96.97%, Err 0 (0.0e+000)
1546.258 .... 5856 packets received, 7758 bps, 96.97%, Err 0 (0.0e+000)
1548.372 .... 5864 packets received, 7758 bps, 96.97%, Err 0 (0.0e+000)
1550.489 .... 5872 packets received, 7758 bps, 96.97%, Err 0 (0.0e+000)
1552.605 .... 5880 packets received, 7758 bps, 96.97%, Err 0 (0.0e+000)
1554.705 .... 5888 packets received, 7758 bps, 96.97%, Err 0 (0.0e+000)
1556.825 .... 5896 packets received, 7758 bps, 96.97%, Err 0 (0.0e+000)
1558.939 .... 5904 packets received, 7758 bps, 96.97%, Err 0 (0.0e+000)
1561.049 .... 5912 packets received, 7758 bps, 96.97%, Err 0 (0.0e+000)
1563.171 .... 5920 packets received, 7757 bps, 96.97%, Err 0 (0.0e+000)
1565.270 .... 5928 packets received, 7758 bps, 96.97%, Err 0 (0.0e+000)
1567.394 .... 5936 packets received, 7757 bps, 96.97%, Err 0 (0.0e+000)
1569.505 .... 5944 packets received, 7757 bps, 96.97%, Err 0 (0.0e+000)
1571.604 .... 5952 packets received, 7758 bps, 96.97%, Err 0 (0.0e+000)
1573.719 .... 5960 packets received, 7758 bps, 96.97%, Err 0 (0.0e+000)
1575.834 .... 5968 packets received, 7758 bps, 96.97%, Err 0 (0.0e+000)
1577.943 .... 5976 packets received, 7758 bps, 96.97%, Err 0 (0.0e+000)
1580.062 .... 5984 packets received, 7758 bps, 96.97%, Err 0 (0.0e+000)
1582.164 .... 5992 packets received, 7758 bps, 96.97%, Err 0 (0.0e+000)
1584.278 .... 6000 packets received, 7758 bps, 96.97%, Err 0 (0.0e+000)
1586.406 .... 6008 packets received, 7757 bps, 96.97%, Err 0 (0.0e+000)
1588.504 .... 6016 packets received, 7758 bps, 96.97%, Err 0 (0.0e+000)
1590.618 .... 6024 packets received, 7758 bps, 96.97%, Err 0 (0.0e+000)
1592.722 .... 6032 packets received, 7758 bps, 96.97%, Err 0 (0.0e+000)
1594.853 .... 6040 packets received, 7757 bps, 96.97%, Err 0 (0.0e+000)
1596.953 .... 6048 packets received, 7758 bps, 96.97%, Err 0 (0.0e+000)
1599.057 .... 6056 packets received, 7758 bps, 96.97%, Err 0 (0.0e+000)
1601.174 .... 6064 packets received, 7758 bps, 96.97%, Err 0 (0.0e+000)
1603.289 .... 6072 packets received, 7758 bps, 96.97%, Err 0 (0.0e+000)
1605.405 .... 6080 packets received, 7758 bps, 96.97%, Err 0 (0.0e+000)
1607.521 .... 6088 packets received, 7757 bps, 96.97%, Err 0 (0.0e+000)
1609.628 .... 6096 packets received, 7758 bps, 96.97%, Err 0 (0.0e+000)
1611.729 .... 6104 packets received, 7758 bps, 96.97%, Err 0 (0.0e+000)
1613.860 .... 6112 packets received, 7757 bps, 96.97%, Err 0 (0.0e+000)
1615.961 .... 6120 packets received, 7758 bps, 96.97%, Err 0 (0.0e+000)
1618.072 .... 6128 packets received, 7758 bps, 96.97%, Err 0 (0.0e+000)
1620.186 .... 6136 packets received, 7758 bps, 96.97%, Err 0 (0.0e+000)
1622.286 .... 6144 packets received, 7758 bps, 96.97%, Err 0 (0.0e+000)
1624.409 .... 6152 packets received, 7758 bps, 96.97%, Err 0 (0.0e+000)
1626.512 .... 6160 packets received, 7758 bps, 96.97%, Err 0 (0.0e+000)
1628.628 .... 6168 packets received, 7758 bps, 96.97%, Err 0 (0.0e+000)
1630.743 .... 6176 packets received, 7758 bps, 96.97%, Err 0 (0.0e+000)
1632.860 .... 6184 packets received, 7758 bps, 96.97%, Err 0 (0.0e+000)
1634.965 .... 6192 packets received, 7758 bps, 96.97%, Err 0 (0.0e+000)
1637.081 .... 6200 packets received, 7758 bps, 96.97%, Err 0 (0.0e+000)
1639.182 .... 6208 packets received, 7758 bps, 96.97%, Err 0 (0.0e+000)
1641.297 .... 6216 packets received, 7758 bps, 96.97%, Err 0 (0.0e+000)
1643.414 .... 6224 packets received, 7758 bps, 96.97%, Err 0 (0.0e+000)
1645.529 .... 6232 packets received, 7758 bps, 96.97%, Err 0 (0.0e+000)
1647.642 .... 6240 packets received, 7758 bps, 96.97%, Err 0 (0.0e+000)
1649.757 .... 6248 packets received, 7758 bps, 96.97%, Err 0 (0.0e+000)
1651.870 .... 6256 packets received, 7758 bps, 96.97%, Err 0 (0.0e+000)
1653.979 .... 6264 packets received, 7758 bps, 96.97%, Err 0 (0.0e+000)
1656.092 .... 6272 packets received, 7758 bps, 96.97%, Err 0 (0.0e+000)
1658.206 .... 6280 packets received, 7758 bps, 96.97%, Err 0 (0.0e+000)
1660.306 .... 6288 packets received, 7758 bps, 96.97%, Err 0 (0.0e+000)
1662.423 .... 6296 packets received, 7758 bps, 96.97%, Err 0 (0.0e+000)
1664.537 .... 6304 packets received, 7758 bps, 96.97%, Err 0 (0.0e+000)
1666.654 .... 6312 packets received, 7758 bps, 96.97%, Err 0 (0.0e+000)
1668.753 .... 6320 packets received, 7758 bps, 96.97%, Err 0 (0.0e+000)
1670.870 .... 6328 packets received, 7758 bps, 96.97%, Err 0 (0.0e+000)
1672.981 .... 6336 packets received, 7758 bps, 96.97%, Err 0 (0.0e+000)
1675.096 .... 6344 packets received, 7758 bps, 96.97%, Err 0 (0.0e+000)
1677.197 .... 6352 packets received, 7758 bps, 96.97%, Err 0 (0.0e+000)
1679.312 .... 6360 packets received, 7758 bps, 96.97%, Err 0 (0.0e+000)
1681.429 .... 6368 packets received, 7758 bps, 96.97%, Err 0 (0.0e+000)
1683.546 .... 6376 packets received, 7758 bps, 96.97%, Err 0 (0.0e+000)
1685.656 .... 6384 packets received, 7758 bps, 96.97%, Err 0 (0.0e+000)
1687.773 .... 6392 packets received, 7758 bps, 96.97%, Err 0 (0.0e+000)
1689.878 .... 6400 packets received, 7758 bps, 96.97%, Err 0 (0.0e+000)
1691.992 .... 6408 packets received, 7758 bps, 96.97%, Err 0 (0.0e+000)
1694.108 .... 6416 packets received, 7758 bps, 96.97%, Err 0 (0.0e+000)
1696.223 .... 6424 packets received, 7758 bps, 96.97%, Err 0 (0.0e+000)
1698.329 .... 6432 packets received, 7758 bps, 96.97%, Err 0 (0.0e+000)
1700.444 .... 6440 packets received, 7758 bps, 96.97%, Err 0 (0.0e+000)
1702.566 .... 6448 packets received, 7757 bps, 96.97%, Err 0 (0.0e+000)
1704.666 .... 6456 packets received, 7758 bps, 96.97%, Err 0 (0.0e+000)
1706.765 .... 6464 packets received, 7758 bps, 96.97%, Err 0 (0.0e+000)
1708.884 .... 6472 packets received, 7758 bps, 96.97%, Err 0 (0.0e+000)
1710.997 .... 6480 packets received, 7758 bps, 96.97%, Err 0 (0.0e+000)
1713.115 .... 6488 packets received, 7758 bps, 96.97%, Err 0 (0.0e+000)
1715.226 .... 6496 packets received, 7758 bps, 96.97%, Err 0 (0.0e+000)
1717.326 .... 6504 packets received, 7758 bps, 96.97%, Err 0 (0.0e+000)
1719.457 .... 6512 packets received, 7757 bps, 96.97%, Err 0 (0.0e+000)
1721.558 .... 6520 packets received, 7758 bps, 96.97%, Err 0 (0.0e+000)
1723.675 .... 6528 packets received, 7758 bps, 96.97%, Err 0 (0.0e+000)
1725.788 .... 6536 packets received, 7758 bps, 96.97%, Err 0 (0.0e+000)
1727.887 .... 6544 packets received, 7758 bps, 96.97%, Err 0 (0.0e+000)
1730.023 .... 6552 packets received, 7757 bps, 96.97%, Err 0 (0.0e+000)
1732.125 .... 6560 packets received, 7758 bps, 96.97%, Err 0 (0.0e+000)
1734.224 .... 6568 packets received, 7758 bps, 96.97%, Err 0 (0.0e+000)
1736.339 .... 6576 packets received, 7758 bps, 96.97%, Err 0 (0.0e+000)
1738.459 .... 6584 packets received, 7758 bps, 96.97%, Err 0 (0.0e+000)
1740.563 .... 6592 packets received, 7758 bps, 96.97%, Err 0 (0.0e+000)
1742.677 .... 6600 packets received, 7758 bps, 96.97%, Err 0 (0.0e+000)
1744.798 .... 6608 packets received, 7758 bps, 96.97%, Err 0 (0.0e+000)
1746.901 .... 6616 packets received, 7758 bps, 96.97%, Err 0 (0.0e+000)
1749.018 .... 6624 packets received, 7758 bps, 96.97%, Err 0 (0.0e+000)
1751.123 .... 6632 packets received, 7758 bps, 96.97%, Err 0 (0.0e+000)
1753.243 .... 6640 packets received, 7758 bps, 96.97%, Err 0 (0.0e+000)
1755.360 .... 6648 packets received, 7758 bps, 96.97%, Err 0 (0.0e+000)
1757.460 .... 6656 packets received, 7758 bps, 96.97%, Err 0 (0.0e+000)
1759.583 .... 6664 packets received, 7758 bps, 96.97%, Err 0 (0.0e+000)
1761.695 .... 6672 packets received, 7758 bps, 96.97%, Err 0 (0.0e+000)
1763.809 .... 6680 packets received, 7758 bps, 96.97%, Err 0 (0.0e+000)
1765.921 .... 6688 packets received, 7758 bps, 96.97%, Err 0 (0.0e+000)
1768.024 .... 6696 packets received, 7758 bps, 96.97%, Err 0 (0.0e+000)
1770.138 .... 6704 packets received, 7758 bps, 96.97%, Err 0 (0.0e+000)
1772.255 .... 6712 packets received, 7758 bps, 96.97%, Err 0 (0.0e+000)
1774.359 .... 6720 packets received, 7758 bps, 96.97%, Err 0 (0.0e+000)
1776.478 .... 6728 packets received, 7758 bps, 96.97%, Err 0 (0.0e+000)
1778.587 .... 6736 packets received, 7758 bps, 96.97%, Err 0 (0.0e+000)
1780.687 .... 6744 packets received, 7758 bps, 96.97%, Err 0 (0.0e+000)
1782.813 .... 6752 packets received, 7758 bps, 96.97%, Err 0 (0.0e+000)
1784.922 .... 6760 packets received, 7758 bps, 96.97%, Err 0 (0.0e+000)
1787.040 .... 6768 packets received, 7758 bps, 96.97%, Err 0 (0.0e+000)
1789.148 .... 6776 packets received, 7758 bps, 96.97%, Err 0 (0.0e+000)
1791.263 .... 6784 packets received, 7758 bps, 96.97%, Err 0 (0.0e+000)
1793.364 .... 6792 packets received, 7758 bps, 96.97%, Err 0 (0.0e+000)
1795.477 .... 6800 packets received, 7758 bps, 96.97%, Err 0 (0.0e+000)
1797.595 .... 6808 packets received, 7758 bps, 96.97%, Err 0 (0.0e+000)
1799.701 .... 6816 packets received, 7758 bps, 96.97%, Err 0 (0.0e+000)
1801.819 .... 6824 packets received, 7758 bps, 96.97%, Err 0 (0.0e+000)
1803.937 .... 6832 packets received, 7758 bps, 96.97%, Err 0 (0.0e+000)
1806.038 .... 6840 packets received, 7758 bps, 96.97%, Err 0 (0.0e+000)
1808.142 .... 6848 packets received, 7758 bps, 96.97%, Err 0 (0.0e+000)
1810.257 .... 6856 packets received, 7758 bps, 96.97%, Err 0 (0.0e+000)
1812.373 .... 6864 packets received, 7758 bps, 96.97%, Err 0 (0.0e+000)
1814.490 .... 6872 packets received, 7758 bps, 96.97%, Err 0 (0.0e+000)
1816.597 .... 6880 packets received, 7758 bps, 96.97%, Err 0 (0.0e+000)
1818.711 .... 6888 packets received, 7758 bps, 96.97%, Err 0 (0.0e+000)
1820.827 .... 6896 packets received, 7758 bps, 96.97%, Err 0 (0.0e+000)
1822.943 .... 6904 packets received, 7758 bps, 96.97%, Err 0 (0.0e+000)
1825.040 .... 6912 packets received, 7758 bps, 96.97%, Err 0 (0.0e+000)
1827.176 .... 6920 packets received, 7757 bps, 96.97%, Err 0 (0.0e+000)
1829.261 .... 6928 packets received, 7758 bps, 96.97%, Err 0 (0.0e+000)
1831.389 .... 6936 packets received, 7758 bps, 96.97%, Err 0 (0.0e+000)
1833.495 .... 6944 packets received, 7758 bps, 96.97%, Err 0 (0.0e+000)
1835.609 .... 6952 packets received, 7758 bps, 96.97%, Err 0 (0.0e+000)
1837.715 .... 6960 packets received, 7758 bps, 96.97%, Err 0 (0.0e+000)
1839.848 .... 6968 packets received, 7757 bps, 96.97%, Err 0 (0.0e+000)
1841.951 .... 6976 packets received, 7758 bps, 96.97%, Err 0 (0.0e+000)
1844.052 .... 6984 packets received, 7758 bps, 96.97%, Err 0 (0.0e+000)
1846.166 .... 6992 packets received, 7758 bps, 96.97%, Err 0 (0.0e+000)
1848.283 .... 7000 packets received, 7758 bps, 96.97%, Err 0 (0.0e+000)
1850.396 .... 7008 packets received, 7758 bps, 96.97%, Err 0 (0.0e+000)
1852.496 .... 7016 packets received, 7758 bps, 96.97%, Err 0 (0.0e+000)
1854.613 .... 7024 packets received, 7758 bps, 96.97%, Err 0 (0.0e+000)
1856.723 .... 7032 packets received, 7758 bps, 96.97%, Err 0 (0.0e+000)
1858.840 .... 7040 packets received, 7758 bps, 96.97%, Err 0 (0.0e+000)
1860.952 .... 7048 packets received, 7758 bps, 96.97%, Err 0 (0.0e+000)
1863.066 .... 7056 packets received, 7758 bps, 96.97%, Err 0 (0.0e+000)
1865.171 .... 7064 packets received, 7758 bps, 96.97%, Err 0 (0.0e+000)
1867.284 .... 7072 packets received, 7758 bps, 96.97%, Err 0 (0.0e+000)
1869.393 .... 7080 packets received, 7758 bps, 96.97%, Err 0 (0.0e+000)
1871.507 .... 7088 packets received, 7758 bps, 96.97%, Err 0 (0.0e+000)
1873.623 .... 7096 packets received, 7758 bps, 96.97%, Err 0 (0.0e+000)
1875.738 .... 7104 packets received, 7758 bps, 96.97%, Err 0 (0.0e+000)
1877.861 .... 7112 packets received, 7757 bps, 96.97%, Err 0 (0.0e+000)
1879.972 .... 7120 packets received, 7757 bps, 96.97%, Err 0 (0.0e+000)
1882.077 .... 7128 packets received, 7758 bps, 96.97%, Err 0 (0.0e+000)
1884.181 .... 7136 packets received, 7758 bps, 96.97%, Err 0 (0.0e+000)
1886.306 .... 7144 packets received, 7758 bps, 96.97%, Err 0 (0.0e+000)
1888.406 .... 7152 packets received, 7758 bps, 96.97%, Err 0 (0.0e+000)
1890.510 .... 7160 packets received, 7758 bps, 96.97%, Err 0 (0.0e+000)
1892.634 .... 7168 packets received, 7758 bps, 96.97%, Err 0 (0.0e+000)
1894.742 .... 7176 packets received, 7758 bps, 96.97%, Err 0 (0.0e+000)
1896.848 .... 7184 packets received, 7758 bps, 96.97%, Err 0 (0.0e+000)
1898.968 .... 7192 packets received, 7758 bps, 96.97%, Err 0 (0.0e+000)
1901.069 .... 7200 packets received, 7758 bps, 96.97%, Err 0 (0.0e+000)
1903.182 .... 7208 packets received, 7758 bps, 96.97%, Err 0 (0.0e+000)
1905.309 .... 7216 packets received, 7758 bps, 96.97%, Err 0 (0.0e+000)
1907.406 .... 7224 packets received, 7758 bps, 96.97%, Err 0 (0.0e+000)
1909.524 .... 7232 packets received, 7758 bps, 96.97%, Err 0 (0.0e+000)
1911.638 .... 7240 packets received, 7758 bps, 96.97%, Err 0 (0.0e+000)
1913.755 .... 7248 packets received, 7758 bps, 96.97%, Err 0 (0.0e+000)
1915.873 .... 7256 packets received, 7758 bps, 96.97%, Err 0 (0.0e+000)
1917.988 .... 7264 packets received, 7757 bps, 96.97%, Err 0 (0.0e+000)
1920.085 .... 7272 packets received, 7758 bps, 96.97%, Err 0 (0.0e+000)
1922.197 .... 7280 packets received, 7758 bps, 96.97%, Err 0 (0.0e+000)
1924.310 .... 7288 packets received, 7758 bps, 96.97%, Err 0 (0.0e+000)
1926.425 .... 7296 packets received, 7758 bps, 96.97%, Err 0 (0.0e+000)
1928.537 .... 7304 packets received, 7758 bps, 96.97%, Err 0 (0.0e+000)
1930.656 .... 7312 packets received, 7758 bps, 96.97%, Err 0 (0.0e+000)
1932.767 .... 7320 packets received, 7758 bps, 96.97%, Err 0 (0.0e+000)
1934.885 .... 7328 packets received, 7757 bps, 96.97%, Err 0 (0.0e+000)
1936.986 .... 7336 packets received, 7758 bps, 96.97%, Err 0 (0.0e+000)
1939.096 .... 7344 packets received, 7758 bps, 96.97%, Err 0 (0.0e+000)
1941.213 .... 7352 packets received, 7758 bps, 96.97%, Err 0 (0.0e+000)
1943.327 .... 7360 packets received, 7758 bps, 96.97%, Err 0 (0.0e+000)
1945.447 .... 7368 packets received, 7757 bps, 96.97%, Err 0 (0.0e+000)
1947.547 .... 7376 packets received, 7758 bps, 96.97%, Err 0 (0.0e+000)
1949.661 .... 7384 packets received, 7758 bps, 96.97%, Err 0 (0.0e+000)
1951.763 .... 7392 packets received, 7758 bps, 96.97%, Err 0 (0.0e+000)
1953.883 .... 7400 packets received, 7758 bps, 96.97%, Err 0 (0.0e+000)
1955.983 .... 7408 packets received, 7758 bps, 96.97%, Err 0 (0.0e+000)
1958.119 .... 7416 packets received, 7757 bps, 96.97%, Err 0 (0.0e+000)
1960.215 .... 7424 packets received, 7758 bps, 96.97%, Err 0 (0.0e+000)
1962.320 .... 7432 packets received, 7758 bps, 96.97%, Err 0 (0.0e+000)
1964.458 .... 7440 packets received, 7757 bps, 96.97%, Err 0 (0.0e+000)
1966.560 .... 7448 packets received, 7758 bps, 96.97%, Err 0 (0.0e+000)
1968.657 .... 7456 packets received, 7758 bps, 96.97%, Err 0 (0.0e+000)
1970.787 .... 7464 packets received, 7758 bps, 96.97%, Err 0 (0.0e+000)
1972.889 .... 7472 packets received, 7758 bps, 96.97%, Err 0 (0.0e+000)
1975.000 .... 7480 packets received, 7758 bps, 96.97%, Err 0 (0.0e+000)
1977.117 .... 7488 packets received, 7758 bps, 96.97%, Err 0 (0.0e+000)
1979.235 .... 7496 packets received, 7758 bps, 96.97%, Err 0 (0.0e+000)
1981.340 .... 7504 packets received, 7758 bps, 96.97%, Err 0 (0.0e+000)
1983.463 .... 7512 packets received, 7757 bps, 96.97%, Err 0 (0.0e+000)
1985.550 .... 7520 packets received, 7758 bps, 96.97%, Err 0 (0.0e+000)
1987.678 .... 7528 packets received, 7758 bps, 96.97%, Err 0 (0.0e+000)
1989.789 .... 7536 packets received, 7758 bps, 96.97%, Err 0 (0.0e+000)
1991.905 .... 7544 packets received, 7758 bps, 96.97%, Err 0 (0.0e+000)
1994.012 .... 7552 packets received, 7758 bps, 96.97%, Err 0 (0.0e+000)
1996.127 .... 7560 packets received, 7758 bps, 96.97%, Err 0 (0.0e+000)
1998.246 .... 7568 packets received, 7757 bps, 96.97%, Err 0 (0.0e+000)
2000.351 .... 7576 packets received, 7758 bps, 96.97%, Err 0 (0.0e+000)
2002.452 .... 7584 packets received, 7758 bps, 96.97%, Err 0 (0.0e+000)
2004.570 .... 7592 packets received, 7758 bps, 96.97%, Err 0 (0.0e+000)
2006.686 .... 7600 packets received, 7758 bps, 96.97%, Err 0 (0.0e+000)
2008.789 .... 7608 packets received, 7758 bps, 96.97%, Err 0 (0.0e+000)
2010.913 .... 7616 packets received, 7758 bps, 96.97%, Err 0 (0.0e+000)
2013.018 .... 7624 packets received, 7758 bps, 96.97%, Err 0 (0.0e+000)
2015.119 .... 7632 packets received, 7758 bps, 96.97%, Err 0 (0.0e+000)
2017.259 .... 7640 packets received, 7757 bps, 96.97%, Err 0 (0.0e+000)
2019.372 .... 7648 packets received, 7757 bps, 96.97%, Err 0 (0.0e+000)
2021.462 .... 7656 packets received, 7758 bps, 96.97%, Err 0 (0.0e+000)
2023.584 .... 7664 packets received, 7758 bps, 96.97%, Err 0 (0.0e+000)
2025.704 .... 7672 packets received, 7757 bps, 96.97%, Err 0 (0.0e+000)
2027.792 .... 7680 packets received, 7758 bps, 96.97%, Err 0 (0.0e+000)
2029.919 .... 7688 packets received, 7758 bps, 96.97%, Err 0 (0.0e+000)
2032.040 .... 7696 packets received, 7757 bps, 96.97%, Err 0 (0.0e+000)
2034.139 .... 7704 packets received, 7758 bps, 96.97%, Err 0 (0.0e+000)
2036.239 .... 7712 packets received, 7758 bps, 96.97%, Err 0 (0.0e+000)
2038.353 .... 7720 packets received, 7758 bps, 96.97%, Err 0 (0.0e+000)
2040.477 .... 7728 packets received, 7758 bps, 96.97%, Err 0 (0.0e+000)
2042.602 .... 7736 packets received, 7757 bps, 96.97%, Err 0 (0.0e+000)
2044.702 .... 7744 packets received, 7758 bps, 96.97%, Err 0 (0.0e+000)
2046.824 .... 7752 packets received, 7757 bps, 96.97%, Err 0 (0.0e+000)
2048.932 .... 7760 packets received, 7758 bps, 96.97%, Err 0 (0.0e+000)
2051.039 .... 7768 packets received, 7758 bps, 96.97%, Err 0 (0.0e+000)
2053.144 .... 7776 packets received, 7758 bps, 96.97%, Err 0 (0.0e+000)
2055.262 .... 7784 packets received, 7758 bps, 96.97%, Err 0 (0.0e+000)
2057.367 .... 7792 packets received, 7758 bps, 96.97%, Err 0 (0.0e+000)
2059.495 .... 7800 packets received, 7757 bps, 96.97%, Err 0 (0.0e+000)
2061.588 .... 7808 packets received, 7758 bps, 96.97%, Err 0 (0.0e+000)
2063.711 .... 7816 packets received, 7758 bps, 96.97%, Err 0 (0.0e+000)
2065.819 .... 7824 packets received, 7758 bps, 96.97%, Err 0 (0.0e+000)
2067.936 .... 7832 packets received, 7758 bps, 96.97%, Err 0 (0.0e+000)
2070.044 .... 7840 packets received, 7758 bps, 96.97%, Err 0 (0.0e+000)
2072.149 .... 7848 packets received, 7758 bps, 96.97%, Err 0 (0.0e+000)
2074.269 .... 7856 packets received, 7758 bps, 96.97%, Err 0 (0.0e+000)
2076.370 .... 7864 packets received, 7758 bps, 96.97%, Err 0 (0.0e+000)
2078.495 .... 7872 packets received, 7758 bps, 96.97%, Err 0 (0.0e+000)
2080.600 .... 7880 packets received, 7758 bps, 96.97%, Err 0 (0.0e+000)
2082.731 .... 7888 packets received, 7757 bps, 96.97%, Err 0 (0.0e+000)
2084.836 .... 7896 packets received, 7758 bps, 96.97%, Err 0 (0.0e+000)
2086.942 .... 7904 packets received, 7758 bps, 96.97%, Err 0 (0.0e+000)
2089.043 .... 7912 packets received, 7758 bps, 96.97%, Err 0 (0.0e+000)
2091.165 .... 7920 packets received, 7758 bps, 96.97%, Err 0 (0.0e+000)
2093.276 .... 7928 packets received, 7758 bps, 96.97%, Err 0 (0.0e+000)
2095.401 .... 7936 packets received, 7757 bps, 96.97%, Err 0 (0.0e+000)
2097.494 .... 7944 packets received, 7758 bps, 96.97%, Err 0 (0.0e+000)
2099.622 .... 7952 packets received, 7757 bps, 96.97%, Err 0 (0.0e+000)
2101.711 .... 7960 packets received, 7758 bps, 96.97%, Err 0 (0.0e+000)
2103.850 .... 7968 packets received, 7757 bps, 96.97%, Err 0 (0.0e+000)
2105.950 .... 7976 packets received, 7758 bps, 96.97%, Err 0 (0.0e+000)
2108.057 .... 7984 packets received, 7758 bps, 96.97%, Err 0 (0.0e+000)
2110.166 .... 7992 packets received, 7758 bps, 96.97%, Err 0 (0.0e+000)
2112.286 .... 8000 packets received, 7758 bps, 96.97%, Err 0 (0.0e+000)
2114.387 .... 8008 packets received, 7758 bps, 96.97%, Err 0 (0.0e+000)
2116.499 .... 8016 packets received, 7758 bps, 96.97%, Err 0 (0.0e+000)
2118.625 .... 8024 packets received, 7758 bps, 96.97%, Err 0 (0.0e+000)
2120.740 .... 8032 packets received, 7758 bps, 96.97%, Err 0 (0.0e+000)
2122.852 .... 8040 packets received, 7758 bps, 96.97%, Err 0 (0.0e+000)
2124.960 .... 8048 packets received, 7758 bps, 96.97%, Err 0 (0.0e+000)
2127.076 .... 8056 packets received, 7758 bps, 96.97%, Err 0 (0.0e+000)
2129.190 .... 8064 packets received, 7757 bps, 96.97%, Err 0 (0.0e+000)
2131.305 .... 8072 packets received, 7757 bps, 96.97%, Err 0 (0.0e+000)
2133.406 .... 8080 packets received, 7758 bps, 96.97%, Err 0 (0.0e+000)
2135.521 .... 8088 packets received, 7758 bps, 96.97%, Err 0 (0.0e+000)
2137.632 .... 8096 packets received, 7758 bps, 96.97%, Err 0 (0.0e+000)
2139.757 .... 8104 packets received, 7757 bps, 96.97%, Err 0 (0.0e+000)
2141.859 .... 8112 packets received, 7758 bps, 96.97%, Err 0 (0.0e+000)
2143.968 .... 8120 packets received, 7758 bps, 96.97%, Err 0 (0.0e+000)
2146.072 .... 8128 packets received, 7758 bps, 96.97%, Err 0 (0.0e+000)
2148.198 .... 8136 packets received, 7757 bps, 96.97%, Err 0 (0.0e+000)
2150.301 .... 8144 packets received, 7758 bps, 96.97%, Err 0 (0.0e+000)
2152.414 .... 8152 packets received, 7758 bps, 96.97%, Err 0 (0.0e+000)
2154.540 .... 8160 packets received, 7757 bps, 96.97%, Err 0 (0.0e+000)
2156.642 .... 8168 packets received, 7758 bps, 96.97%, Err 0 (0.0e+000)
2158.760 .... 8176 packets received, 7757 bps, 96.97%, Err 0 (0.0e+000)
2160.868 .... 8184 packets received, 7758 bps, 96.97%, Err 0 (0.0e+000)
2162.964 .... 8192 packets received, 7758 bps, 96.97%, Err 0 (0.0e+000)
2165.095 .... 8200 packets received, 7757 bps, 96.97%, Err 0 (0.0e+000)
2167.205 .... 8208 packets received, 7758 bps, 96.97%, Err 0 (0.0e+000)
2169.309 .... 8216 packets received, 7758 bps, 96.97%, Err 0 (0.0e+000)
2171.420 .... 8224 packets received, 7758 bps, 96.97%, Err 0 (0.0e+000)
2173.531 .... 8232 packets received, 7758 bps, 96.97%, Err 0 (0.0e+000)
2175.635 .... 8240 packets received, 7758 bps, 96.97%, Err 0 (0.0e+000)
2177.762 .... 8248 packets received, 7758 bps, 96.97%, Err 0 (0.0e+000)
2179.872 .... 8256 packets received, 7758 bps, 96.97%, Err 0 (0.0e+000)
2181.988 .... 8264 packets received, 7758 bps, 96.97%, Err 0 (0.0e+000)
2184.111 .... 8272 packets received, 7757 bps, 96.97%, Err 0 (0.0e+000)
2186.206 .... 8280 packets received, 7758 bps, 96.97%, Err 0 (0.0e+000)
2188.324 .... 8288 packets received, 7758 bps, 96.97%, Err 0 (0.0e+000)
2190.440 .... 8296 packets received, 7757 bps, 96.97%, Err 0 (0.0e+000)
2192.546 .... 8304 packets received, 7758 bps, 96.97%, Err 0 (0.0e+000)
2194.652 .... 8312 packets received, 7758 bps, 96.97%, Err 0 (0.0e+000)
2196.767 .... 8320 packets received, 7758 bps, 96.97%, Err 0 (0.0e+000)
2198.872 .... 8328 packets received, 7758 bps, 96.97%, Err 0 (0.0e+000)
2200.986 .... 8336 packets received, 7758 bps, 96.97%, Err 0 (0.0e+000)
2203.111 .... 8344 packets received, 7757 bps, 96.97%, Err 0 (0.0e+000)
2205.217 .... 8352 packets received, 7758 bps, 96.97%, Err 0 (0.0e+000)
2207.318 .... 8360 packets received, 7758 bps, 96.97%, Err 0 (0.0e+000)
2209.436 .... 8368 packets received, 7758 bps, 96.97%, Err 0 (0.0e+000)
2211.558 .... 8376 packets received, 7757 bps, 96.97%, Err 0 (0.0e+000)
2213.665 .... 8384 packets received, 7758 bps, 96.97%, Err 0 (0.0e+000)
2215.094 TCP Disconnected.
