GBN af 
=========================================================================
                          Station A                                 
-------------------------------------------------------------------------
Protocol.lib, version 3.0, Build: Oct 19 2009 (jiangy@public3.bta.net.cn)
Channel: 8000 bps, 270 ms propagation delay, bit error rate 1.0E-005
Log file "GBN-A.log", TCP port 59144, debug mask 0x00
Station A is waiting for station B on TCP port 59144 ... Done.
New epoch: Tue May 23 03:56:10 2017
=========================================================================
Designed by LXS, build: May 22 2017  23:29:19
2.704 .... 4 packets received, 3385 bps, 42.31%, Err 1 (4.7e-005)
4.792 .... 12 packets received, 5452 bps, 68.15%, Err 1 (2.6e-005)
6.940 .... 20 packets received, 6154 bps, 76.92%, Err 1 (1.8e-005)
9.098 .... 27 packets received, 6274 bps, 78.42%, Err 1 (1.4e-005)
11.235 .... 35 packets received, 6546 bps, 81.82%, Err 1 (1.2e-005)
13.356 .... 43 packets received, 6737 bps, 84.21%, Err 1 (9.6e-006)
15.445 .... 51 packets received, 6889 bps, 86.12%, Err 1 (8.3e-006)
17.581 .... 59 packets received, 6986 bps, 87.32%, Err 1 (7.3e-006)
19.669 .... 67 packets received, 7078 bps, 88.48%, Err 1 (6.5e-006)
21.790 .... 74 packets received, 7047 bps, 88.09%, Err 1 (5.9e-006)
23.947 .... 82 packets received, 7097 bps, 88.71%, Err 1 (5.4e-006)
26.053 .... 90 packets received, 7153 bps, 89.41%, Err 1 (4.9e-006)
28.158 .... 97 packets received, 7127 bps, 89.09%, Err 1 (4.6e-006)
30.274 .... 105 packets received, 7170 bps, 89.63%, Err 1 (4.3e-006)
32.422 .... 108 packets received, 6883 bps, 86.03%, Err 3 (1.2e-005)
34.529 .... 116 packets received, 6937 bps, 86.72%, Err 3 (1.1e-005)
36.624 .... 124 packets received, 6988 bps, 87.35%, Err 3 (1.1e-005)
38.731 .... 132 packets received, 7031 bps, 87.89%, Err 3 (9.9e-006)
40.845 .... 140 packets received, 7069 bps, 88.36%, Err 3 (9.4e-006)
43.024 .... 147 packets received, 7044 bps, 88.05%, Err 3 (9.0e-006)
45.155 .... 155 packets received, 7075 bps, 88.43%, Err 3 (8.5e-006)
47.243 .... 163 packets received, 7109 bps, 88.86%, Err 3 (8.2e-006)
49.401 .... 171 packets received, 7130 bps, 89.13%, Err 3 (7.8e-006)
52.827 .... 178 packets received, 6938 bps, 86.73%, Err 4 (9.7e-006)
54.930 .... 186 packets received, 6971 bps, 87.14%, Err 4 (9.4e-006)
57.065 .... 194 packets received, 6997 bps, 87.47%, Err 4 (9.0e-006)
60.256 .... 201 packets received, 6864 bps, 85.80%, Err 5 (1.1e-005)
62.376 .... 209 packets received, 6894 bps, 86.17%, Err 5 (1.0e-005)
64.810 .... 217 packets received, 6887 bps, 86.09%, Err 5 (9.9e-006)
66.938 .... 225 packets received, 6913 bps, 86.42%, Err 5 (9.6e-006)
69.041 .... 233 packets received, 6940 bps, 86.75%, Err 5 (9.3e-006)
71.174 .... 241 packets received, 6962 bps, 87.03%, Err 5 (9.0e-006)
73.292 .... 249 packets received, 6985 bps, 87.31%, Err 6 (1.1e-005)
75.400 .... 251 packets received, 6843 bps, 85.54%, Err 8 (1.4e-005)
77.523 .... 259 packets received, 6867 bps, 85.84%, Err 8 (1.3e-005)
79.635 .... 267 packets received, 6891 bps, 86.14%, Err 8 (1.3e-005)
81.728 .... 275 packets received, 6915 bps, 86.44%, Err 8 (1.3e-005)
83.846 .... 283 packets received, 6936 bps, 86.70%, Err 8 (1.2e-005)
86.324 .... 291 packets received, 6927 bps, 86.58%, Err 8 (1.2e-005)
88.442 .... 299 packets received, 6946 bps, 86.83%, Err 8 (1.2e-005)
90.550 .... 307 packets received, 6965 bps, 87.07%, Err 8 (1.1e-005)
92.637 .... 315 packets received, 6985 bps, 87.32%, Err 8 (1.1e-005)
94.771 .... 323 packets received, 7001 bps, 87.51%, Err 8 (1.1e-005)
96.842 .... 330 packets received, 6999 bps, 87.49%, Err 8 (1.1e-005)
98.946 .... 338 packets received, 7016 bps, 87.70%, Err 8 (1.0e-005)
101.049 .... 346 packets received, 7032 bps, 87.90%, Err 8 (1.0e-005)
104.795 .... 354 packets received, 6937 bps, 86.71%, Err 9 (1.1e-005)
106.940 .... 362 packets received, 6951 bps, 86.89%, Err 9 (1.1e-005)
107.125 ** WARNING: System too busy, sleep 15 ms, but be awakened 85 ms later
109.074 .... 370 packets received, 6965 bps, 87.07%, Err 9 (1.1e-005)
111.144 .... 378 packets received, 6983 bps, 87.29%, Err 9 (1.0e-005)
113.283 .... 386 packets received, 6996 bps, 87.45%, Err 9 (1.0e-005)
115.421 .... 394 packets received, 7008 bps, 87.60%, Err 9 (1.0e-005)
117.492 .... 402 packets received, 7024 bps, 87.80%, Err 10 (1.1e-005)
119.594 .... 410 packets received, 7038 bps, 87.97%, Err 10 (1.1e-005)
121.731 .... 418 packets received, 7049 bps, 88.11%, Err 10 (1.1e-005)
123.834 .... 426 packets received, 7061 bps, 88.27%, Err 10 (1.0e-005)
125.953 .... 434 packets received, 7073 bps, 88.41%, Err 10 (1.0e-005)
128.078 .... 442 packets received, 7083 bps, 88.54%, Err 10 (1.0e-005)
130.144 .... 450 packets received, 7097 bps, 88.71%, Err 11 (1.1e-005)
132.318 .... 454 packets received, 7042 bps, 88.03%, Err 11 (1.1e-005)
134.408 .... 462 packets received, 7054 bps, 88.18%, Err 11 (1.0e-005)
136.509 .... 470 packets received, 7066 bps, 88.32%, Err 11 (1.0e-005)
138.617 .... 478 packets received, 7077 bps, 88.46%, Err 11 (1.0e-005)
140.755 .... 486 packets received, 7086 bps, 88.57%, Err 11 (1.0e-005)
142.861 .... 494 packets received, 7096 bps, 88.70%, Err 11 (9.8e-006)
144.985 .... 502 packets received, 7105 bps, 88.81%, Err 11 (9.7e-006)
147.079 .... 510 packets received, 7115 bps, 88.94%, Err 11 (9.5e-006)
149.435 .... 515 packets received, 7071 bps, 88.39%, Err 12 (1.0e-005)
151.559 .... 523 packets received, 7081 bps, 88.51%, Err 12 (1.0e-005)
153.692 .... 531 packets received, 7089 bps, 88.61%, Err 12 (9.9e-006)
155.812 .... 539 packets received, 7098 bps, 88.72%, Err 12 (9.8e-006)
157.899 .... 547 packets received, 7108 bps, 88.84%, Err 12 (9.7e-006)
160.033 .... 555 packets received, 7115 bps, 88.94%, Err 12 (9.5e-006)
162.157 .... 563 packets received, 7123 bps, 89.04%, Err 12 (9.4e-006)
164.288 .... 571 packets received, 7130 bps, 89.13%, Err 12 (9.3e-006)
166.361 .... 579 packets received, 7140 bps, 89.25%, Err 12 (9.2e-006)
168.494 .... 584 packets received, 7110 bps, 88.88%, Err 12 (9.1e-006)
170.635 .... 592 packets received, 7117 bps, 88.96%, Err 12 (9.0e-006)
172.775 .... 599 packets received, 7112 bps, 88.90%, Err 12 (8.9e-006)
174.878 .... 607 packets received, 7120 bps, 89.00%, Err 12 (8.8e-006)
176.981 .... 615 packets received, 7128 bps, 89.10%, Err 12 (8.7e-006)
179.863 .... 620 packets received, 7071 bps, 88.38%, Err 14 (1.0e-005)
182.019 .... 622 packets received, 7009 bps, 87.62%, Err 14 (9.8e-006)
184.120 .... 630 packets received, 7018 bps, 87.73%, Err 14 (9.7e-006)
186.239 .... 638 packets received, 7027 bps, 87.83%, Err 14 (9.6e-006)
188.356 .... 646 packets received, 7035 bps, 87.93%, Err 14 (9.5e-006)
190.443 .... 654 packets received, 7044 bps, 88.04%, Err 14 (9.4e-006)
192.545 .... 657 packets received, 6998 bps, 87.48%, Err 15 (9.9e-006)
195.749 .... 664 packets received, 6957 bps, 86.96%, Err 17 (1.1e-005)
197.868 .... 672 packets received, 6965 bps, 87.07%, Err 17 (1.1e-005)
199.974 .... 680 packets received, 6974 bps, 87.18%, Err 17 (1.1e-005)
202.077 .... 688 packets received, 6983 bps, 87.28%, Err 17 (1.1e-005)
204.249 .... 696 packets received, 6988 bps, 87.36%, Err 17 (1.1e-005)
206.421 .... 703 packets received, 6984 bps, 87.31%, Err 17 (1.1e-005)
208.538 .... 711 packets received, 6992 bps, 87.40%, Err 17 (1.0e-005)
210.660 .... 719 packets received, 6999 bps, 87.49%, Err 17 (1.0e-005)
212.731 .... 726 packets received, 6999 bps, 87.48%, Err 17 (1.0e-005)
215.649 .... 732 packets received, 6961 bps, 87.01%, Err 18 (1.1e-005)
217.767 .... 740 packets received, 6968 bps, 87.11%, Err 18 (1.1e-005)
219.916 .... 748 packets received, 6975 bps, 87.19%, Err 18 (1.0e-005)
223.043 .... 756 packets received, 6951 bps, 86.88%, Err 19 (1.1e-005)
225.193 .... 764 packets received, 6957 bps, 86.96%, Err 19 (1.1e-005)
227.284 .... 772 packets received, 6965 bps, 87.06%, Err 19 (1.1e-005)
229.416 .... 780 packets received, 6972 bps, 87.15%, Err 19 (1.1e-005)
231.502 .... 788 packets received, 6980 bps, 87.25%, Err 19 (1.0e-005)
233.636 .... 796 packets received, 6986 bps, 87.33%, Err 19 (1.0e-005)
235.725 .... 804 packets received, 6994 bps, 87.42%, Err 19 (1.0e-005)
237.899 .... 812 packets received, 6999 bps, 87.48%, Err 19 (1.0e-005)
239.949 .... 820 packets received, 7007 bps, 87.59%, Err 19 (1.0e-005)
242.093 .... 828 packets received, 7013 bps, 87.66%, Err 19 (1.0e-005)
244.260 .... 835 packets received, 7009 bps, 87.62%, Err 19 (9.9e-006)
246.367 .... 843 packets received, 7016 bps, 87.70%, Err 20 (1.0e-005)
251.033 .... 844 packets received, 6893 bps, 86.17%, Err 22 (1.1e-005)
253.172 .... 852 packets received, 6900 bps, 86.25%, Err 22 (1.1e-005)
255.313 .... 860 packets received, 6906 bps, 86.33%, Err 22 (1.1e-005)
257.383 .... 868 packets received, 6914 bps, 86.43%, Err 22 (1.1e-005)
259.504 .... 876 packets received, 6921 bps, 86.51%, Err 22 (1.1e-005)
261.598 .... 884 packets received, 6928 bps, 86.60%, Err 22 (1.1e-005)
263.721 .... 892 packets received, 6935 bps, 86.68%, Err 22 (1.1e-005)
265.843 .... 900 packets received, 6941 bps, 86.76%, Err 22 (1.1e-005)
267.953 .... 908 packets received, 6947 bps, 86.84%, Err 22 (1.1e-005)
270.058 .... 916 packets received, 6954 bps, 86.92%, Err 22 (1.0e-005)
272.179 .... 924 packets received, 6960 bps, 87.00%, Err 22 (1.0e-005)
274.268 .... 932 packets received, 6967 bps, 87.08%, Err 22 (1.0e-005)
276.404 .... 940 packets received, 6972 bps, 87.15%, Err 22 (1.0e-005)
278.514 .... 948 packets received, 6978 bps, 87.23%, Err 22 (1.0e-005)
280.618 .... 956 packets received, 6984 bps, 87.30%, Err 23 (1.0e-005)
282.758 .... 959 packets received, 6953 bps, 86.91%, Err 23 (1.0e-005)
284.895 .... 967 packets received, 6958 bps, 86.98%, Err 23 (1.0e-005)
286.981 .... 975 packets received, 6965 bps, 87.06%, Err 23 (1.0e-005)
289.085 .... 983 packets received, 6971 bps, 87.14%, Err 23 (1.0e-005)
292.247 .... 990 packets received, 6944 bps, 86.81%, Err 24 (1.0e-005)
294.382 .... 998 packets received, 6950 bps, 86.87%, Err 24 (1.0e-005)
296.853 .... 1006 packets received, 6947 bps, 86.84%, Err 24 (1.0e-005)
298.938 .... 1014 packets received, 6953 bps, 86.92%, Err 24 (1.0e-005)
301.064 .... 1022 packets received, 6959 bps, 86.98%, Err 24 (1.0e-005)
303.150 .... 1030 packets received, 6965 bps, 87.06%, Err 24 (1.0e-005)
305.258 .... 1038 packets received, 6971 bps, 87.13%, Err 24 (1.0e-005)
307.391 .... 1046 packets received, 6975 bps, 87.19%, Err 24 (1.0e-005)
309.517 .... 1049 packets received, 6947 bps, 86.84%, Err 25 (1.0e-005)
311.619 .... 1057 packets received, 6953 bps, 86.91%, Err 25 (1.0e-005)
313.737 .... 1065 packets received, 6958 bps, 86.98%, Err 25 (1.0e-005)
315.861 .... 1073 packets received, 6963 bps, 87.04%, Err 25 (1.0e-005)
317.993 .... 1081 packets received, 6968 bps, 87.10%, Err 26 (1.0e-005)
320.064 .... 1089 packets received, 6974 bps, 87.18%, Err 26 (1.0e-005)
322.169 .... 1097 packets received, 6980 bps, 87.25%, Err 26 (1.0e-005)
324.319 .... 1105 packets received, 6984 bps, 87.30%, Err 26 (1.0e-005)
326.439 .... 1113 packets received, 6989 bps, 87.36%, Err 26 (1.0e-005)
328.526 .... 1121 packets received, 6994 bps, 87.43%, Err 26 (1.0e-005)
330.613 .... 1128 packets received, 6993 bps, 87.42%, Err 26 (1.0e-005)
333.814 .... 1135 packets received, 6969 bps, 87.12%, Err 27 (1.0e-005)
335.903 .... 1143 packets received, 6975 bps, 87.18%, Err 27 (1.0e-005)
338.053 .... 1151 packets received, 6979 bps, 87.24%, Err 27 (1.0e-005)
340.156 .... 1159 packets received, 6984 bps, 87.30%, Err 27 (1.0e-005)
342.295 .... 1167 packets received, 6988 bps, 87.35%, Err 27 (1.0e-005)
344.364 .... 1175 packets received, 6994 bps, 87.42%, Err 27 (1.0e-005)
346.485 .... 1183 packets received, 6998 bps, 87.48%, Err 27 (9.9e-006)
348.645 .... 1190 packets received, 6996 bps, 87.45%, Err 27 (9.9e-006)
350.737 .... 1198 packets received, 7001 bps, 87.51%, Err 27 (9.8e-006)
353.643 .... 1203 packets received, 6972 bps, 87.15%, Err 28 (1.0e-005)
355.792 .... 1211 packets received, 6976 bps, 87.20%, Err 28 (1.0e-005)
357.911 .... 1219 packets received, 6981 bps, 87.26%, Err 28 (1.0e-005)
360.038 .... 1227 packets received, 6985 bps, 87.31%, Err 28 (9.9e-006)
363.422 .... 1235 packets received, 6965 bps, 87.06%, Err 30 (1.1e-005)
365.546 .... 1243 packets received, 6969 bps, 87.12%, Err 30 (1.0e-005)
367.679 .... 1251 packets received, 6974 bps, 87.17%, Err 30 (1.0e-005)
369.798 .... 1259 packets received, 6978 bps, 87.22%, Err 30 (1.0e-005)
371.885 .... 1267 packets received, 6983 bps, 87.29%, Err 30 (1.0e-005)
374.030 .... 1275 packets received, 6987 bps, 87.33%, Err 30 (1.0e-005)
376.150 .... 1283 packets received, 6991 bps, 87.38%, Err 30 (1.0e-005)
378.320 .... 1290 packets received, 6989 bps, 87.36%, Err 30 (1.0e-005)
380.475 .... 1298 packets received, 6992 bps, 87.40%, Err 30 (1.0e-005)
382.576 .... 1306 packets received, 6996 bps, 87.46%, Err 30 (1.0e-005)
384.740 .... 1314 packets received, 7000 bps, 87.50%, Err 30 (9.9e-006)
386.841 .... 1322 packets received, 7004 bps, 87.55%, Err 30 (9.9e-006)
388.943 .... 1330 packets received, 7008 bps, 87.60%, Err 30 (9.8e-006)
391.034 .... 1338 packets received, 7013 bps, 87.66%, Err 30 (9.8e-006)
393.155 .... 1342 packets received, 6996 bps, 87.45%, Err 31 (1.0e-005)
395.294 .... 1350 packets received, 6999 bps, 87.49%, Err 31 (1.0e-005)
397.403 .... 1358 packets received, 7003 bps, 87.54%, Err 31 (9.9e-006)
399.554 .... 1365 packets received, 7002 bps, 87.52%, Err 31 (9.9e-006)
401.591 .... 1373 packets received, 7007 bps, 87.59%, Err 31 (9.8e-006)
403.749 .... 1381 packets received, 7010 bps, 87.62%, Err 31 (9.8e-006)
405.847 .... 1389 packets received, 7014 bps, 87.68%, Err 31 (9.7e-006)
407.962 .... 1397 packets received, 7018 bps, 87.72%, Err 31 (9.7e-006)
410.267 .... 1405 packets received, 7018 bps, 87.73%, Err 31 (9.6e-006)
413.472 .... 1412 packets received, 6999 bps, 87.48%, Err 32 (9.9e-006)
415.575 .... 1420 packets received, 7003 bps, 87.53%, Err 32 (9.8e-006)
417.726 .... 1428 packets received, 7006 bps, 87.57%, Err 32 (9.8e-006)
419.802 .... 1436 packets received, 7010 bps, 87.63%, Err 32 (9.7e-006)
421.920 .... 1444 packets received, 7014 bps, 87.67%, Err 32 (9.7e-006)
424.024 .... 1452 packets received, 7018 bps, 87.72%, Err 32 (9.6e-006)
426.127 .... 1460 packets received, 7022 bps, 87.77%, Err 32 (9.6e-006)
428.272 .... 1468 packets received, 7025 bps, 87.81%, Err 32 (9.5e-006)
430.375 .... 1476 packets received, 7028 bps, 87.85%, Err 32 (9.5e-006)
432.482 .... 1484 packets received, 7032 bps, 87.90%, Err 32 (9.4e-006)
434.649 .... 1491 packets received, 7030 bps, 87.87%, Err 32 (9.4e-006)
436.791 .... 1499 packets received, 7033 bps, 87.91%, Err 32 (9.3e-006)
438.871 .... 1507 packets received, 7037 bps, 87.96%, Err 32 (9.3e-006)
440.994 .... 1515 packets received, 7040 bps, 88.00%, Err 32 (9.2e-006)
443.103 .... 1523 packets received, 7044 bps, 88.05%, Err 32 (9.2e-006)
445.240 .... 1531 packets received, 7047 bps, 88.08%, Err 32 (9.2e-006)
447.343 .... 1534 packets received, 7027 bps, 87.84%, Err 34 (9.7e-006)
449.478 .... 1542 packets received, 7030 bps, 87.88%, Err 34 (9.6e-006)
451.578 .... 1550 packets received, 7034 bps, 87.92%, Err 34 (9.6e-006)
453.780 .... 1557 packets received, 7031 bps, 87.89%, Err 34 (9.5e-006)
455.885 .... 1565 packets received, 7035 bps, 87.94%, Err 34 (9.5e-006)
457.990 .... 1568 packets received, 7016 bps, 87.70%, Err 35 (9.7e-006)
460.131 .... 1576 packets received, 7019 bps, 87.74%, Err 35 (9.7e-006)
462.234 .... 1582 packets received, 7014 bps, 87.67%, Err 35 (9.7e-006)
468.705 .... 1590 packets received, 6952 bps, 86.90%, Err 37 (1.0e-005)
470.860 .... 1598 packets received, 6955 bps, 86.93%, Err 37 (1.0e-005)
472.996 .... 1606 packets received, 6958 bps, 86.97%, Err 37 (1.0e-005)
475.085 .... 1614 packets received, 6962 bps, 87.02%, Err 37 (1.0e-005)
477.219 .... 1622 packets received, 6965 bps, 87.06%, Err 37 (9.9e-006)
479.324 .... 1630 packets received, 6969 bps, 87.11%, Err 37 (9.9e-006)
481.425 .... 1638 packets received, 6972 bps, 87.15%, Err 37 (9.8e-006)
483.565 .... 1646 packets received, 6975 bps, 87.19%, Err 37 (9.8e-006)
485.668 .... 1654 packets received, 6979 bps, 87.23%, Err 37 (9.7e-006)
487.770 .... 1662 packets received, 6982 bps, 87.28%, Err 37 (9.7e-006)
489.852 .... 1670 packets received, 6986 bps, 87.33%, Err 37 (9.6e-006)
491.994 .... 1678 packets received, 6989 bps, 87.36%, Err 37 (9.6e-006)
494.383 .... 1682 packets received, 6972 bps, 87.15%, Err 38 (9.8e-006)
496.502 .... 1690 packets received, 6975 bps, 87.19%, Err 38 (9.8e-006)
498.620 .... 1698 packets received, 6978 bps, 87.23%, Err 39 (1.0e-005)
503.272 .... 1699 packets received, 6918 bps, 86.47%, Err 40 (1.0e-005)
505.396 .... 1707 packets received, 6921 bps, 86.51%, Err 40 (1.0e-005)
507.508 .... 1715 packets received, 6925 bps, 86.56%, Err 40 (1.0e-005)
509.673 .... 1722 packets received, 6923 bps, 86.54%, Err 40 (1.0e-005)
511.813 .... 1729 packets received, 6922 bps, 86.53%, Err 40 (1.0e-005)
513.878 .... 1737 packets received, 6926 bps, 86.58%, Err 40 (1.0e-005)
515.997 .... 1745 packets received, 6930 bps, 86.62%, Err 40 (9.9e-006)
518.124 .... 1753 packets received, 6933 bps, 86.66%, Err 40 (9.9e-006)
520.227 .... 1761 packets received, 6936 bps, 86.70%, Err 40 (9.8e-006)
522.361 .... 1768 packets received, 6935 bps, 86.69%, Err 40 (9.8e-006)
524.464 .... 1776 packets received, 6939 bps, 86.74%, Err 40 (9.8e-006)
526.549 .... 1784 packets received, 6943 bps, 86.78%, Err 40 (9.7e-006)
529.718 .... 1791 packets received, 6928 bps, 86.60%, Err 41 (9.9e-006)
531.843 .... 1793 packets received, 6908 bps, 86.35%, Err 42 (1.0e-005)
533.961 .... 1801 packets received, 6911 bps, 86.39%, Err 42 (1.0e-005)
536.110 .... 1809 packets received, 6914 bps, 86.43%, Err 42 (1.0e-005)
538.255 .... 1817 packets received, 6917 bps, 86.46%, Err 42 (1.0e-005)
540.421 .... 1824 packets received, 6916 bps, 86.45%, Err 42 (1.0e-005)
542.524 .... 1832 packets received, 6919 bps, 86.49%, Err 42 (9.9e-006)
544.644 .... 1840 packets received, 6922 bps, 86.53%, Err 42 (9.9e-006)
546.731 .... 1848 packets received, 6926 bps, 86.58%, Err 42 (9.8e-006)
548.835 .... 1856 packets received, 6929 bps, 86.62%, Err 42 (9.8e-006)
552.025 .... 1863 packets received, 6915 bps, 86.44%, Err 43 (1.0e-005)
554.146 .... 1870 packets received, 6915 bps, 86.43%, Err 43 (9.9e-006)
556.302 .... 1878 packets received, 6917 bps, 86.47%, Err 43 (9.9e-006)
559.724 .... 1886 packets received, 6904 bps, 86.30%, Err 44 (1.0e-005)
561.847 .... 1894 packets received, 6907 bps, 86.34%, Err 44 (1.0e-005)
564.218 .... 1898 packets received, 6893 bps, 86.16%, Err 45 (1.0e-005)
566.344 .... 1906 packets received, 6896 bps, 86.20%, Err 45 (1.0e-005)
568.466 .... 1914 packets received, 6899 bps, 86.24%, Err 45 (1.0e-005)
570.553 .... 1922 packets received, 6902 bps, 86.28%, Err 45 (1.0e-005)
572.705 .... 1930 packets received, 6905 bps, 86.31%, Err 45 (1.0e-005)
574.797 .... 1938 packets received, 6909 bps, 86.36%, Err 45 (1.0e-005)
576.915 .... 1942 packets received, 6897 bps, 86.22%, Err 46 (1.0e-005)
579.039 .... 1950 packets received, 6900 bps, 86.25%, Err 47 (1.0e-005)
581.157 .... 1958 packets received, 6903 bps, 86.29%, Err 47 (1.0e-005)
583.243 .... 1966 packets received, 6907 bps, 86.33%, Err 47 (1.0e-005)
585.379 .... 1974 packets received, 6910 bps, 86.37%, Err 47 (1.0e-005)
587.466 .... 1982 packets received, 6913 bps, 86.41%, Err 47 (1.0e-005)
589.583 .... 1990 packets received, 6916 bps, 86.45%, Err 47 (1.0e-005)
591.737 .... 1998 packets received, 6918 bps, 86.48%, Err 47 (1.0e-005)
593.908 .... 2000 packets received, 6900 bps, 86.25%, Err 48 (1.0e-005)
596.039 .... 2007 packets received, 6899 bps, 86.24%, Err 48 (1.0e-005)
598.127 .... 2015 packets received, 6903 bps, 86.28%, Err 48 (1.0e-005)
600.250 .... 2023 packets received, 6906 bps, 86.32%, Err 48 (1.0e-005)
602.375 .... 2031 packets received, 6908 bps, 86.36%, Err 48 (1.0e-005)
604.512 .... 2039 packets received, 6911 bps, 86.39%, Err 48 (1.0e-005)
606.616 .... 2047 packets received, 6914 bps, 86.43%, Err 48 (1.0e-005)
608.749 .... 2054 packets received, 6913 bps, 86.42%, Err 48 (1.0e-005)
610.839 .... 2062 packets received, 6917 bps, 86.46%, Err 49 (1.0e-005)
612.957 .... 2065 packets received, 6903 bps, 86.28%, Err 49 (1.0e-005)
615.079 .... 2073 packets received, 6906 bps, 86.32%, Err 49 (1.0e-005)
619.444 .... 2078 packets received, 6873 bps, 85.92%, Err 50 (1.0e-005)
621.564 .... 2086 packets received, 6876 bps, 85.95%, Err 50 (1.0e-005)
623.681 .... 2094 packets received, 6879 bps, 85.99%, Err 50 (1.0e-005)
626.854 .... 2101 packets received, 6867 bps, 85.84%, Err 51 (1.0e-005)
628.995 .... 2109 packets received, 6870 bps, 85.87%, Err 51 (1.0e-005)
631.215 .... 2117 packets received, 6872 bps, 85.90%, Err 51 (1.0e-005)
634.339 .... 2125 packets received, 6864 bps, 85.80%, Err 52 (1.0e-005)
636.472 .... 2133 packets received, 6866 bps, 85.83%, Err 53 (1.1e-005)
638.605 .... 2136 packets received, 6853 bps, 85.66%, Err 53 (1.1e-005)
640.723 .... 2144 packets received, 6856 bps, 85.70%, Err 53 (1.1e-005)
642.815 .... 2152 packets received, 6859 bps, 85.74%, Err 53 (1.1e-005)
644.933 .... 2160 packets received, 6862 bps, 85.78%, Err 53 (1.1e-005)
647.035 .... 2168 packets received, 6865 bps, 85.81%, Err 53 (1.0e-005)
649.175 .... 2176 packets received, 6868 bps, 85.85%, Err 53 (1.0e-005)
651.262 .... 2184 packets received, 6871 bps, 85.89%, Err 53 (1.0e-005)
653.394 .... 2192 packets received, 6874 bps, 85.92%, Err 53 (1.0e-005)
655.537 .... 2200 packets received, 6876 bps, 85.95%, Err 54 (1.1e-005)
657.682 .... 2203 packets received, 6863 bps, 85.79%, Err 54 (1.1e-005)
659.800 .... 2211 packets received, 6866 bps, 85.82%, Err 54 (1.0e-005)
661.918 .... 2219 packets received, 6869 bps, 85.86%, Err 54 (1.0e-005)
664.021 .... 2227 packets received, 6872 bps, 85.89%, Err 54 (1.0e-005)
666.159 .... 2235 packets received, 6874 bps, 85.93%, Err 54 (1.0e-005)
668.280 .... 2243 packets received, 6877 bps, 85.96%, Err 54 (1.0e-005)
670.365 .... 2251 packets received, 6880 bps, 86.00%, Err 54 (1.0e-005)
672.468 .... 2259 packets received, 6883 bps, 86.03%, Err 54 (1.0e-005)
674.586 .... 2267 packets received, 6885 bps, 86.07%, Err 54 (1.0e-005)
676.710 .... 2275 packets received, 6888 bps, 86.10%, Err 54 (1.0e-005)
678.844 .... 2283 packets received, 6890 bps, 86.13%, Err 54 (1.0e-005)
680.919 .... 2291 packets received, 6894 bps, 86.17%, Err 54 (1.0e-005)
683.053 .... 2299 packets received, 6896 bps, 86.20%, Err 54 (1.0e-005)
685.194 .... 2307 packets received, 6898 bps, 86.23%, Err 54 (1.0e-005)
687.306 .... 2315 packets received, 6901 bps, 86.26%, Err 54 (1.0e-005)
689.378 .... 2323 packets received, 6904 bps, 86.30%, Err 54 (1.0e-005)
691.513 .... 2331 packets received, 6906 bps, 86.33%, Err 54 (1.0e-005)
693.615 .... 2339 packets received, 6909 bps, 86.36%, Err 54 (1.0e-005)
695.958 .... 2343 packets received, 6898 bps, 86.22%, Err 55 (1.0e-005)
698.092 .... 2351 packets received, 6900 bps, 86.25%, Err 55 (1.0e-005)
700.242 .... 2359 packets received, 6902 bps, 86.28%, Err 55 (1.0e-005)
702.426 .... 2366 packets received, 6901 bps, 86.26%, Err 55 (1.0e-005)
704.513 .... 2374 packets received, 6904 bps, 86.30%, Err 56 (1.0e-005)
706.605 .... 2377 packets received, 6892 bps, 86.15%, Err 57 (1.0e-005)
708.776 .... 2385 packets received, 6894 bps, 86.18%, Err 57 (1.0e-005)
710.841 .... 2393 packets received, 6897 bps, 86.22%, Err 57 (1.0e-005)
712.944 .... 2401 packets received, 6900 bps, 86.25%, Err 58 (1.0e-005)
715.062 .... 2404 packets received, 6888 bps, 86.10%, Err 58 (1.0e-005)
717.187 .... 2412 packets received, 6890 bps, 86.13%, Err 58 (1.0e-005)
720.093 .... 2416 packets received, 6874 bps, 85.93%, Err 59 (1.0e-005)
722.240 .... 2424 packets received, 6876 bps, 85.95%, Err 59 (1.0e-005)
724.344 .... 2432 packets received, 6879 bps, 85.99%, Err 59 (1.0e-005)
726.466 .... 2440 packets received, 6881 bps, 86.02%, Err 59 (1.0e-005)
728.555 .... 2448 packets received, 6884 bps, 86.05%, Err 59 (1.0e-005)
731.494 .... 2454 packets received, 6873 bps, 85.92%, Err 60 (1.0e-005)
733.621 .... 2462 packets received, 6876 bps, 85.95%, Err 60 (1.0e-005)
735.787 .... 2468 packets received, 6872 bps, 85.90%, Err 60 (1.0e-005)
737.886 .... 2476 packets received, 6875 bps, 85.93%, Err 60 (1.0e-005)
740.021 .... 2484 packets received, 6877 bps, 85.96%, Err 60 (1.0e-005)
742.190 .... 2491 packets received, 6876 bps, 85.95%, Err 60 (1.0e-005)
744.312 .... 2499 packets received, 6879 bps, 85.98%, Err 60 (1.0e-005)
746.414 .... 2507 packets received, 6881 bps, 86.02%, Err 60 (1.0e-005)
748.521 .... 2514 packets received, 6881 bps, 86.01%, Err 60 (1.0e-005)
750.609 .... 2517 packets received, 6870 bps, 85.88%, Err 61 (1.0e-005)
752.746 .... 2525 packets received, 6872 bps, 85.90%, Err 61 (1.0e-005)
754.835 .... 2533 packets received, 6875 bps, 85.94%, Err 61 (1.0e-005)
756.940 .... 2541 packets received, 6878 bps, 85.97%, Err 61 (1.0e-005)
759.082 .... 2549 packets received, 6880 bps, 86.00%, Err 61 (1.0e-005)
761.188 .... 2557 packets received, 6882 bps, 86.03%, Err 61 (1.0e-005)
763.308 .... 2565 packets received, 6885 bps, 86.06%, Err 61 (1.0e-005)
765.394 .... 2573 packets received, 6887 bps, 86.09%, Err 61 (1.0e-005)
767.533 .... 2581 packets received, 6889 bps, 86.12%, Err 61 (1.0e-005)
769.637 .... 2589 packets received, 6892 bps, 86.15%, Err 61 (1.0e-005)
771.742 .... 2597 packets received, 6894 bps, 86.18%, Err 61 (1.0e-005)
773.962 .... 2604 packets received, 6893 bps, 86.16%, Err 61 (1.0e-005)
776.047 .... 2612 packets received, 6896 bps, 86.20%, Err 61 (1.0e-005)
778.149 .... 2620 packets received, 6898 bps, 86.23%, Err 61 (1.0e-005)
780.282 .... 2628 packets received, 6900 bps, 86.25%, Err 61 (1.0e-005)
782.385 .... 2636 packets received, 6903 bps, 86.28%, Err 61 (1.0e-005)
784.502 .... 2644 packets received, 6905 bps, 86.31%, Err 61 (9.9e-006)
786.888 .... 2648 packets received, 6894 bps, 86.18%, Err 62 (1.0e-005)
788.992 .... 2656 packets received, 6897 bps, 86.21%, Err 62 (1.0e-005)
791.093 .... 2664 packets received, 6899 bps, 86.24%, Err 62 (1.0e-005)
793.233 .... 2672 packets received, 6901 bps, 86.26%, Err 62 (1.0e-005)
795.338 .... 2675 packets received, 6891 bps, 86.13%, Err 63 (1.0e-005)
797.473 .... 2683 packets received, 6893 bps, 86.16%, Err 63 (1.0e-005)
799.580 .... 2691 packets received, 6895 bps, 86.19%, Err 63 (1.0e-005)
801.700 .... 2699 packets received, 6897 bps, 86.22%, Err 63 (1.0e-005)
803.857 .... 2706 packets received, 6897 bps, 86.21%, Err 63 (1.0e-005)
806.483 .... 2711 packets received, 6887 bps, 86.08%, Err 64 (1.0e-005)
808.657 .... 2719 packets received, 6889 bps, 86.11%, Err 64 (1.0e-005)
810.748 .... 2727 packets received, 6891 bps, 86.14%, Err 64 (1.0e-005)
812.845 .... 2735 packets received, 6893 bps, 86.17%, Err 64 (1.0e-005)
814.957 .... 2743 packets received, 6896 bps, 86.20%, Err 64 (1.0e-005)
817.161 .... 2750 packets received, 6895 bps, 86.18%, Err 64 (1.0e-005)
819.284 .... 2758 packets received, 6897 bps, 86.21%, Err 64 (1.0e-005)
821.408 .... 2766 packets received, 6899 bps, 86.23%, Err 64 (1.0e-005)
823.533 .... 2774 packets received, 6901 bps, 86.26%, Err 64 (9.9e-006)
825.604 .... 2782 packets received, 6903 bps, 86.29%, Err 64 (9.9e-006)
827.755 .... 2790 packets received, 6905 bps, 86.32%, Err 64 (9.9e-006)
829.859 .... 2797 packets received, 6905 bps, 86.31%, Err 64 (9.9e-006)
831.960 .... 2805 packets received, 6907 bps, 86.34%, Err 65 (1.0e-005)
834.078 .... 2808 packets received, 6897 bps, 86.21%, Err 66 (1.0e-005)
836.218 .... 2816 packets received, 6899 bps, 86.24%, Err 66 (1.0e-005)
838.321 .... 2824 packets received, 6901 bps, 86.27%, Err 66 (1.0e-005)
840.472 .... 2827 packets received, 6891 bps, 86.14%, Err 67 (1.0e-005)
842.542 .... 2835 packets received, 6893 bps, 86.17%, Err 67 (1.0e-005)
844.664 .... 2843 packets received, 6896 bps, 86.19%, Err 67 (1.0e-005)
847.302 .... 2848 packets received, 6886 bps, 86.08%, Err 68 (1.0e-005)
849.456 .... 2856 packets received, 6888 bps, 86.10%, Err 68 (1.0e-005)
851.574 .... 2864 packets received, 6890 bps, 86.13%, Err 68 (1.0e-005)
853.645 .... 2872 packets received, 6893 bps, 86.16%, Err 68 (1.0e-005)
855.810 .... 2880 packets received, 6894 bps, 86.18%, Err 68 (1.0e-005)
857.883 .... 2888 packets received, 6897 bps, 86.21%, Err 68 (1.0e-005)
860.004 .... 2896 packets received, 6899 bps, 86.23%, Err 68 (1.0e-005)
862.164 .... 2903 packets received, 6898 bps, 86.23%, Err 68 (1.0e-005)
864.290 .... 2911 packets received, 6900 bps, 86.25%, Err 68 (1.0e-005)
866.392 .... 2919 packets received, 6902 bps, 86.28%, Err 68 (1.0e-005)
868.496 .... 2927 packets received, 6904 bps, 86.31%, Err 68 (1.0e-005)
870.604 .... 2935 packets received, 6907 bps, 86.33%, Err 68 (1.0e-005)
872.694 .... 2943 packets received, 6909 bps, 86.36%, Err 68 (1.0e-005)
875.885 .... 2950 packets received, 6900 bps, 86.25%, Err 69 (1.0e-005)
878.016 .... 2958 packets received, 6902 bps, 86.27%, Err 69 (1.0e-005)
880.153 .... 2966 packets received, 6904 bps, 86.30%, Err 69 (1.0e-005)
882.232 .... 2974 packets received, 6906 bps, 86.33%, Err 69 (1.0e-005)
884.338 .... 2982 packets received, 6908 bps, 86.35%, Err 69 (1.0e-005)
886.474 .... 2990 packets received, 6910 bps, 86.37%, Err 69 (9.9e-006)
888.609 .... 2997 packets received, 6909 bps, 86.37%, Err 69 (9.9e-006)
890.716 .... 3005 packets received, 6912 bps, 86.39%, Err 69 (9.9e-006)
892.839 .... 3013 packets received, 6913 bps, 86.42%, Err 69 (9.9e-006)
894.942 .... 3021 packets received, 6916 bps, 86.44%, Err 69 (9.8e-006)
897.071 .... 3029 packets received, 6917 bps, 86.47%, Err 69 (9.8e-006)
899.181 .... 3036 packets received, 6917 bps, 86.46%, Err 69 (9.8e-006)
901.832 .... 3041 packets received, 6908 bps, 86.35%, Err 70 (9.9e-006)
903.953 .... 3049 packets received, 6910 bps, 86.37%, Err 70 (9.9e-006)
906.055 .... 3057 packets received, 6912 bps, 86.40%, Err 70 (9.9e-006)
908.160 .... 3065 packets received, 6914 bps, 86.43%, Err 70 (9.8e-006)
910.888 .... 3067 packets received, 6898 bps, 86.22%, Err 71 (1.0e-005)
913.015 .... 3075 packets received, 6900 bps, 86.25%, Err 71 (9.9e-006)
915.134 .... 3083 packets received, 6902 bps, 86.27%, Err 71 (9.9e-006)
917.222 .... 3091 packets received, 6904 bps, 86.30%, Err 72 (1.0e-005)
919.386 .... 3094 packets received, 6894 bps, 86.18%, Err 72 (1.0e-005)
921.490 .... 3102 packets received, 6896 bps, 86.20%, Err 72 (1.0e-005)
923.610 .... 3110 packets received, 6898 bps, 86.23%, Err 73 (1.0e-005)
926.498 .... 3116 packets received, 6890 bps, 86.12%, Err 74 (1.0e-005)
928.600 .... 3124 packets received, 6892 bps, 86.15%, Err 74 (1.0e-005)
930.723 .... 3132 packets received, 6894 bps, 86.17%, Err 74 (1.0e-005)
932.852 .... 3140 packets received, 6896 bps, 86.20%, Err 74 (1.0e-005)
935.019 .... 3147 packets received, 6895 bps, 86.19%, Err 74 (1.0e-005)
937.159 .... 3155 packets received, 6897 bps, 86.21%, Err 74 (1.0e-005)
939.225 .... 3162 packets received, 6897 bps, 86.21%, Err 74 (1.0e-005)
941.327 .... 3170 packets received, 6899 bps, 86.24%, Err 74 (1.0e-005)
943.430 .... 3178 packets received, 6901 bps, 86.26%, Err 74 (1.0e-005)
945.572 .... 3181 packets received, 6892 bps, 86.15%, Err 75 (1.0e-005)
947.680 .... 3189 packets received, 6894 bps, 86.17%, Err 75 (1.0e-005)
949.832 .... 3197 packets received, 6895 bps, 86.19%, Err 75 (1.0e-005)
951.923 .... 3205 packets received, 6897 bps, 86.22%, Err 75 (1.0e-005)
954.095 .... 3212 packets received, 6897 bps, 86.21%, Err 76 (1.0e-005)
956.233 .... 3215 packets received, 6888 bps, 86.10%, Err 76 (1.0e-005)
958.304 .... 3223 packets received, 6890 bps, 86.12%, Err 76 (1.0e-005)
960.439 .... 3231 packets received, 6892 bps, 86.15%, Err 76 (1.0e-005)
962.546 .... 3239 packets received, 6894 bps, 86.17%, Err 76 (1.0e-005)
964.750 .... 3246 packets received, 6893 bps, 86.16%, Err 76 (1.0e-005)
966.869 .... 3254 packets received, 6895 bps, 86.18%, Err 76 (1.0e-005)
968.960 .... 3262 packets received, 6897 bps, 86.21%, Err 76 (1.0e-005)
971.113 .... 3270 packets received, 6898 bps, 86.23%, Err 76 (1.0e-005)
973.217 .... 3278 packets received, 6900 bps, 86.25%, Err 77 (1.0e-005)
975.305 .... 3281 packets received, 6892 bps, 86.15%, Err 77 (1.0e-005)
977.446 .... 3289 packets received, 6893 bps, 86.17%, Err 77 (1.0e-005)
979.520 .... 3297 packets received, 6895 bps, 86.19%, Err 77 (1.0e-005)
981.660 .... 3305 packets received, 6897 bps, 86.21%, Err 77 (1.0e-005)
983.763 .... 3313 packets received, 6899 bps, 86.24%, Err 77 (1.0e-005)
985.867 .... 3321 packets received, 6901 bps, 86.26%, Err 77 (1.0e-005)
988.006 .... 3329 packets received, 6903 bps, 86.28%, Err 77 (1.0e-005)
990.139 .... 3336 packets received, 6902 bps, 86.28%, Err 77 (9.9e-006)
992.256 .... 3344 packets received, 6904 bps, 86.30%, Err 77 (9.9e-006)
994.347 .... 3352 packets received, 6906 bps, 86.32%, Err 77 (9.9e-006)
996.487 .... 3360 packets received, 6908 bps, 86.34%, Err 77 (9.9e-006)
998.592 .... 3368 packets received, 6909 bps, 86.37%, Err 77 (9.8e-006)
1000.709 .... 3376 packets received, 6911 bps, 86.39%, Err 77 (9.8e-006)
1003.864 .... 3383 packets received, 6904 bps, 86.30%, Err 79 (1.0e-005)
1006.004 .... 3391 packets received, 6905 bps, 86.32%, Err 79 (1.0e-005)
1008.105 .... 3399 packets received, 6907 bps, 86.34%, Err 79 (1.0e-005)
1010.223 .... 3407 packets received, 6909 bps, 86.36%, Err 79 (1.0e-005)
1012.345 .... 3415 packets received, 6911 bps, 86.38%, Err 79 (1.0e-005)
1014.550 .... 3422 packets received, 6910 bps, 86.37%, Err 79 (9.9e-006)
1016.651 .... 3430 packets received, 6912 bps, 86.39%, Err 79 (9.9e-006)
1019.002 .... 3433 packets received, 6902 bps, 86.27%, Err 81 (1.0e-005)
1021.191 .... 3440 packets received, 6901 bps, 86.26%, Err 81 (1.0e-005)
1023.294 .... 3448 packets received, 6903 bps, 86.28%, Err 81 (1.0e-005)
1025.651 .... 3456 packets received, 6903 bps, 86.28%, Err 81 (1.0e-005)
1028.017 .... 3460 packets received, 6895 bps, 86.19%, Err 82 (1.0e-005)
1030.173 .... 3468 packets received, 6896 bps, 86.20%, Err 82 (1.0e-005)
1032.275 .... 3476 packets received, 6898 bps, 86.23%, Err 82 (1.0e-005)
1034.393 .... 3484 packets received, 6900 bps, 86.25%, Err 82 (1.0e-005)
1036.608 .... 3491 packets received, 6899 bps, 86.24%, Err 82 (1.0e-005)
1039.125 .... 3498 packets received, 6896 bps, 86.20%, Err 82 (1.0e-005)
1042.332 .... 3504 packets received, 6887 bps, 86.08%, Err 83 (1.0e-005)
1044.434 .... 3512 packets received, 6888 bps, 86.11%, Err 83 (1.0e-005)
1046.553 .... 3520 packets received, 6890 bps, 86.13%, Err 84 (1.0e-005)
1048.656 .... 3523 packets received, 6882 bps, 86.03%, Err 85 (1.0e-005)
1050.804 .... 3531 packets received, 6884 bps, 86.05%, Err 85 (1.0e-005)
1052.906 .... 3539 packets received, 6886 bps, 86.07%, Err 85 (1.0e-005)
1055.024 .... 3547 packets received, 6887 bps, 86.09%, Err 85 (1.0e-005)
1058.774 .... 3554 packets received, 6876 bps, 85.95%, Err 86 (1.0e-005)
1060.881 .... 3562 packets received, 6878 bps, 85.98%, Err 86 (1.0e-005)
1062.971 .... 3570 packets received, 6880 bps, 86.00%, Err 86 (1.0e-005)
1065.075 .... 3578 packets received, 6882 bps, 86.02%, Err 86 (1.0e-005)
1067.193 .... 3586 packets received, 6884 bps, 86.04%, Err 86 (1.0e-005)
1069.318 .... 3589 packets received, 6876 bps, 85.95%, Err 87 (1.0e-005)
1071.452 .... 3597 packets received, 6877 bps, 85.97%, Err 87 (1.0e-005)
1074.345 .... 3603 packets received, 6870 bps, 85.88%, Err 88 (1.0e-005)
1076.465 .... 3611 packets received, 6872 bps, 85.90%, Err 88 (1.0e-005)
1078.599 .... 3619 packets received, 6873 bps, 85.92%, Err 88 (1.0e-005)
1080.802 .... 3626 packets received, 6873 bps, 85.91%, Err 88 (1.0e-005)
1082.942 .... 3634 packets received, 6874 bps, 85.93%, Err 88 (1.0e-005)
1085.844 .... 3640 packets received, 6867 bps, 85.84%, Err 89 (1.0e-005)
1087.978 .... 3648 packets received, 6869 bps, 85.86%, Err 89 (1.0e-005)
1090.080 .... 3656 packets received, 6871 bps, 85.88%, Err 89 (1.0e-005)
1092.466 .... 3664 packets received, 6871 bps, 85.88%, Err 89 (1.0e-005)
1094.584 .... 3672 packets received, 6872 bps, 85.90%, Err 89 (1.0e-005)
1096.703 .... 3680 packets received, 6874 bps, 85.92%, Err 89 (1.0e-005)
1098.825 .... 3688 packets received, 6876 bps, 85.94%, Err 89 (1.0e-005)
1100.929 .... 3696 packets received, 6877 bps, 85.97%, Err 89 (1.0e-005)
1103.072 .... 3704 packets received, 6879 bps, 85.98%, Err 89 (1.0e-005)
1105.144 .... 3712 packets received, 6881 bps, 86.01%, Err 89 (1.0e-005)
1107.265 .... 3720 packets received, 6882 bps, 86.03%, Err 89 (1.0e-005)
1109.393 .... 3728 packets received, 6884 bps, 86.05%, Err 89 (1.0e-005)
1111.525 .... 3736 packets received, 6885 bps, 86.07%, Err 89 (1.0e-005)
1113.633 .... 3744 packets received, 6887 bps, 86.09%, Err 89 (1.0e-005)
1115.703 .... 3752 packets received, 6889 bps, 86.11%, Err 89 (1.0e-005)
1117.837 .... 3759 packets received, 6889 bps, 86.11%, Err 89 (1.0e-005)
1119.943 .... 3767 packets received, 6890 bps, 86.13%, Err 89 (1.0e-005)
1122.076 .... 3775 packets received, 6892 bps, 86.15%, Err 89 (1.0e-005)
1124.164 .... 3783 packets received, 6894 bps, 86.17%, Err 89 (1.0e-005)
1126.297 .... 3791 packets received, 6895 bps, 86.19%, Err 89 (1.0e-005)
1128.385 .... 3799 packets received, 6897 bps, 86.21%, Err 89 (1.0e-005)
1130.503 .... 3807 packets received, 6898 bps, 86.23%, Err 89 (1.0e-005)
1132.606 .... 3815 packets received, 6900 bps, 86.25%, Err 89 (1.0e-005)
1134.707 .... 3823 packets received, 6902 bps, 86.27%, Err 89 (1.0e-005)
1136.862 .... 3831 packets received, 6903 bps, 86.29%, Err 89 (1.0e-005)
1138.965 .... 3838 packets received, 6903 bps, 86.29%, Err 89 (1.0e-005)
1142.143 .... 3845 packets received, 6896 bps, 86.20%, Err 90 (1.0e-005)
1144.296 .... 3853 packets received, 6898 bps, 86.22%, Err 90 (1.0e-005)
1146.382 .... 3859 packets received, 6896 bps, 86.20%, Err 90 (1.0e-005)
1148.486 .... 3867 packets received, 6897 bps, 86.22%, Err 90 (1.0e-005)
1150.595 .... 3875 packets received, 6899 bps, 86.24%, Err 90 (1.0e-005)
1152.703 .... 3883 packets received, 6901 bps, 86.26%, Err 90 (1.0e-005)
1154.843 .... 3891 packets received, 6902 bps, 86.28%, Err 90 (1.0e-005)
1156.947 .... 3899 packets received, 6904 bps, 86.30%, Err 90 (9.9e-006)
1159.039 .... 3907 packets received, 6905 bps, 86.32%, Err 90 (9.9e-006)
1161.156 .... 3915 packets received, 6907 bps, 86.34%, Err 90 (9.9e-006)
1163.256 .... 3923 packets received, 6908 bps, 86.36%, Err 90 (9.9e-006)
1166.182 .... 3929 packets received, 6902 bps, 86.27%, Err 91 (1.0e-005)
1168.287 .... 3937 packets received, 6903 bps, 86.29%, Err 91 (1.0e-005)
1170.412 .... 3940 packets received, 6896 bps, 86.20%, Err 92 (1.0e-005)
1172.546 .... 3948 packets received, 6897 bps, 86.22%, Err 92 (1.0e-005)
1174.647 .... 3956 packets received, 6899 bps, 86.24%, Err 92 (1.0e-005)
1176.748 .... 3964 packets received, 6901 bps, 86.26%, Err 92 (1.0e-005)
1178.899 .... 3972 packets received, 6902 bps, 86.27%, Err 92 (1.0e-005)
1181.002 .... 3980 packets received, 6903 bps, 86.29%, Err 92 (9.9e-006)
1183.129 .... 3988 packets received, 6905 bps, 86.31%, Err 92 (9.9e-006)
1185.463 .... 3992 packets received, 6898 bps, 86.23%, Err 93 (1.0e-005)
1187.585 .... 4000 packets received, 6900 bps, 86.25%, Err 93 (1.0e-005)
1189.704 .... 4008 packets received, 6901 bps, 86.26%, Err 93 (1.0e-005)
1191.806 .... 4016 packets received, 6903 bps, 86.28%, Err 93 (1.0e-005)
1193.925 .... 4024 packets received, 6904 bps, 86.30%, Err 93 (9.9e-006)
1196.084 .... 4032 packets received, 6905 bps, 86.32%, Err 93 (9.9e-006)
1198.224 .... 4039 packets received, 6905 bps, 86.31%, Err 93 (9.9e-006)
1200.364 .... 4047 packets received, 6906 bps, 86.33%, Err 93 (9.9e-006)
1202.468 .... 4055 packets received, 6908 bps, 86.35%, Err 93 (9.9e-006)
1204.537 .... 4063 packets received, 6910 bps, 86.37%, Err 93 (9.9e-006)
1206.677 .... 4071 packets received, 6911 bps, 86.39%, Err 93 (9.8e-006)
1208.779 .... 4079 packets received, 6913 bps, 86.41%, Err 93 (9.8e-006)
1210.898 .... 4087 packets received, 6914 bps, 86.42%, Err 93 (9.8e-006)
1213.050 .... 4094 packets received, 6914 bps, 86.42%, Err 93 (9.8e-006)
1215.155 .... 4102 packets received, 6915 bps, 86.44%, Err 93 (9.8e-006)
1217.294 .... 4110 packets received, 6916 bps, 86.45%, Err 93 (9.8e-006)
1219.414 .... 4118 packets received, 6918 bps, 86.47%, Err 93 (9.7e-006)
1221.501 .... 4125 packets received, 6918 bps, 86.47%, Err 93 (9.7e-006)
1223.603 .... 4133 packets received, 6919 bps, 86.49%, Err 93 (9.7e-006)
1225.713 .... 4141 packets received, 6921 bps, 86.51%, Err 93 (9.7e-006)
1227.818 .... 4149 packets received, 6922 bps, 86.53%, Err 93 (9.7e-006)
1229.959 .... 4157 packets received, 6923 bps, 86.54%, Err 93 (9.7e-006)
1232.049 .... 4164 packets received, 6923 bps, 86.54%, Err 93 (9.6e-006)
1234.185 .... 4172 packets received, 6925 bps, 86.56%, Err 93 (9.6e-006)
1236.303 .... 4175 packets received, 6918 bps, 86.47%, Err 94 (9.7e-006)
1238.422 .... 4183 packets received, 6919 bps, 86.49%, Err 94 (9.7e-006)
1240.832 .... 4188 packets received, 6914 bps, 86.42%, Err 95 (9.8e-006)
1242.920 .... 4196 packets received, 6915 bps, 86.44%, Err 95 (9.8e-006)
1245.108 .... 4203 packets received, 6915 bps, 86.44%, Err 95 (9.7e-006)
1247.227 .... 4211 packets received, 6916 bps, 86.45%, Err 95 (9.7e-006)
1249.346 .... 4218 packets received, 6916 bps, 86.45%, Err 95 (9.7e-006)
1251.450 .... 4226 packets received, 6917 bps, 86.47%, Err 95 (9.7e-006)
1253.577 .... 4229 packets received, 6911 bps, 86.38%, Err 97 (9.9e-006)
1256.522 .... 4235 packets received, 6904 bps, 86.30%, Err 98 (1.0e-005)
1258.624 .... 4243 packets received, 6906 bps, 86.32%, Err 98 (9.9e-006)
1260.810 .... 4247 packets received, 6900 bps, 86.25%, Err 99 (1.0e-005)
1262.934 .... 4255 packets received, 6902 bps, 86.27%, Err 99 (1.0e-005)
1265.813 .... 4261 packets received, 6896 bps, 86.19%, Err 100 (1.0e-005)
1267.947 .... 4269 packets received, 6897 bps, 86.21%, Err 100 (1.0e-005)
1270.054 .... 4277 packets received, 6898 bps, 86.23%, Err 100 (1.0e-005)
1272.976 .... 4281 packets received, 6889 bps, 86.11%, Err 102 (1.0e-005)
1275.132 .... 4289 packets received, 6890 bps, 86.13%, Err 102 (1.0e-005)
1277.737 .... 4294 packets received, 6884 bps, 86.05%, Err 103 (1.0e-005)
1279.874 .... 4302 packets received, 6885 bps, 86.07%, Err 103 (1.0e-005)
1282.007 .... 4310 packets received, 6887 bps, 86.08%, Err 103 (1.0e-005)
1284.111 .... 4318 packets received, 6888 bps, 86.10%, Err 103 (1.0e-005)
1286.224 .... 4326 packets received, 6890 bps, 86.12%, Err 103 (1.0e-005)
1288.327 .... 4334 packets received, 6891 bps, 86.14%, Err 103 (1.0e-005)
1290.435 .... 4342 packets received, 6893 bps, 86.16%, Err 103 (1.0e-005)
1292.576 .... 4349 packets received, 6892 bps, 86.15%, Err 103 (1.0e-005)
1294.713 .... 4357 packets received, 6893 bps, 86.17%, Err 103 (1.0e-005)
1296.815 .... 4365 packets received, 6895 bps, 86.19%, Err 103 (1.0e-005)
1298.919 .... 4373 packets received, 6896 bps, 86.20%, Err 103 (1.0e-005)
1301.039 .... 4381 packets received, 6898 bps, 86.22%, Err 103 (1.0e-005)
1303.127 .... 4389 packets received, 6899 bps, 86.24%, Err 103 (1.0e-005)
1305.239 .... 4397 packets received, 6901 bps, 86.26%, Err 104 (1.0e-005)
1307.359 .... 4405 packets received, 6902 bps, 86.28%, Err 104 (1.0e-005)
1309.461 .... 4413 packets received, 6903 bps, 86.29%, Err 104 (1.0e-005)
1311.618 .... 4421 packets received, 6905 bps, 86.31%, Err 104 (1.0e-005)
1313.753 .... 4428 packets received, 6904 bps, 86.30%, Err 104 (1.0e-005)
1315.892 .... 4436 packets received, 6905 bps, 86.32%, Err 104 (1.0e-005)
1317.968 .... 4444 packets received, 6907 bps, 86.34%, Err 104 (1.0e-005)
1320.073 .... 4452 packets received, 6908 bps, 86.36%, Err 105 (1.0e-005)
1322.191 .... 4459 packets received, 6908 bps, 86.35%, Err 105 (1.0e-005)
1324.293 .... 4467 packets received, 6910 bps, 86.37%, Err 105 (1.0e-005)
1326.415 .... 4475 packets received, 6911 bps, 86.39%, Err 105 (1.0e-005)
1328.520 .... 4483 packets received, 6912 bps, 86.40%, Err 105 (1.0e-005)
1330.642 .... 4491 packets received, 6914 bps, 86.42%, Err 105 (1.0e-005)
1332.731 .... 4499 packets received, 6915 bps, 86.44%, Err 105 (1.0e-005)
1334.875 .... 4507 packets received, 6916 bps, 86.45%, Err 105 (1.0e-005)
1336.980 .... 4515 packets received, 6918 bps, 86.47%, Err 105 (1.0e-005)
1339.100 .... 4523 packets received, 6919 bps, 86.49%, Err 105 (1.0e-005)
1341.209 .... 4531 packets received, 6920 bps, 86.50%, Err 105 (1.0e-005)
1343.328 .... 4539 packets received, 6921 bps, 86.52%, Err 105 (1.0e-005)
1345.471 .... 4547 packets received, 6923 bps, 86.53%, Err 105 (1.0e-005)
1347.559 .... 4554 packets received, 6923 bps, 86.53%, Err 105 (1.0e-005)
1349.647 .... 4562 packets received, 6924 bps, 86.55%, Err 105 (9.9e-006)
1351.752 .... 4570 packets received, 6925 bps, 86.57%, Err 105 (9.9e-006)
1353.890 .... 4577 packets received, 6925 bps, 86.56%, Err 105 (9.9e-006)
1356.499 .... 4582 packets received, 6919 bps, 86.49%, Err 106 (1.0e-005)
1358.671 .... 4584 packets received, 6911 bps, 86.39%, Err 108 (1.0e-005)
1360.806 .... 4592 packets received, 6912 bps, 86.40%, Err 108 (1.0e-005)
1362.911 .... 4599 packets received, 6912 bps, 86.40%, Err 108 (1.0e-005)
1365.037 .... 4607 packets received, 6913 bps, 86.42%, Err 108 (1.0e-005)
1367.165 .... 4615 packets received, 6915 bps, 86.43%, Err 108 (1.0e-005)
1369.272 .... 4623 packets received, 6916 bps, 86.45%, Err 108 (1.0e-005)
1371.376 .... 4631 packets received, 6917 bps, 86.47%, Err 108 (1.0e-005)
1373.482 .... 4639 packets received, 6919 bps, 86.48%, Err 108 (1.0e-005)
1375.588 .... 4647 packets received, 6920 bps, 86.50%, Err 108 (1.0e-005)
1377.724 .... 4655 packets received, 6921 bps, 86.51%, Err 108 (1.0e-005)
1379.825 .... 4663 packets received, 6922 bps, 86.53%, Err 108 (1.0e-005)
1382.758 .... 4669 packets received, 6917 bps, 86.46%, Err 109 (1.0e-005)
1384.849 .... 4677 packets received, 6918 bps, 86.48%, Err 109 (1.0e-005)
1386.958 .... 4685 packets received, 6919 bps, 86.49%, Err 109 (1.0e-005)
1389.078 .... 4693 packets received, 6921 bps, 86.51%, Err 109 (1.0e-005)
1391.184 .... 4701 packets received, 6922 bps, 86.52%, Err 109 (1.0e-005)
1393.329 .... 4709 packets received, 6923 bps, 86.54%, Err 109 (1.0e-005)
1395.412 .... 4717 packets received, 6924 bps, 86.55%, Err 109 (1.0e-005)
1397.502 .... 4725 packets received, 6926 bps, 86.57%, Err 109 (1.0e-005)
1399.674 .... 4733 packets received, 6927 bps, 86.58%, Err 109 (9.9e-006)
1401.774 .... 4741 packets received, 6928 bps, 86.60%, Err 109 (9.9e-006)
1403.859 .... 4749 packets received, 6929 bps, 86.62%, Err 109 (9.9e-006)
1405.990 .... 4757 packets received, 6931 bps, 86.63%, Err 109 (9.9e-006)
1408.098 .... 4765 packets received, 6932 bps, 86.65%, Err 109 (9.9e-006)
1410.288 .... 4772 packets received, 6931 bps, 86.64%, Err 109 (9.9e-006)
1412.394 .... 4780 packets received, 6932 bps, 86.66%, Err 109 (9.9e-006)
1414.485 .... 4788 packets received, 6934 bps, 86.67%, Err 109 (9.8e-006)
1416.637 .... 4791 packets received, 6928 bps, 86.60%, Err 111 (1.0e-005)
1418.724 .... 4799 packets received, 6929 bps, 86.61%, Err 111 (1.0e-005)
1420.941 .... 4806 packets received, 6928 bps, 86.60%, Err 111 (1.0e-005)
1423.030 .... 4814 packets received, 6930 bps, 86.62%, Err 111 (1.0e-005)
1425.138 .... 4822 packets received, 6931 bps, 86.64%, Err 111 (9.9e-006)
1427.544 .... 4830 packets received, 6931 bps, 86.63%, Err 111 (9.9e-006)
1429.918 .... 4834 packets received, 6925 bps, 86.56%, Err 112 (1.0e-005)
1432.021 .... 4842 packets received, 6926 bps, 86.58%, Err 112 (1.0e-005)
1435.460 .... 4850 packets received, 6921 bps, 86.51%, Err 113 (1.0e-005)
1437.566 .... 4858 packets received, 6922 bps, 86.53%, Err 113 (1.0e-005)
1439.702 .... 4866 packets received, 6923 bps, 86.54%, Err 113 (1.0e-005)
1441.789 .... 4874 packets received, 6925 bps, 86.56%, Err 113 (1.0e-005)
1443.922 .... 4882 packets received, 6926 bps, 86.57%, Err 113 (1.0e-005)
1446.111 .... 4889 packets received, 6925 bps, 86.57%, Err 113 (1.0e-005)
1448.216 .... 4897 packets received, 6926 bps, 86.58%, Err 113 (1.0e-005)
1450.359 .... 4905 packets received, 6928 bps, 86.59%, Err 113 (9.9e-006)
1452.425 .... 4913 packets received, 6929 bps, 86.61%, Err 114 (1.0e-005)
1454.583 .... 4921 packets received, 6930 bps, 86.62%, Err 114 (1.0e-005)
1456.651 .... 4929 packets received, 6931 bps, 86.64%, Err 114 (1.0e-005)
1458.779 .... 4937 packets received, 6932 bps, 86.66%, Err 114 (1.0e-005)
1460.886 .... 4940 packets received, 6927 bps, 86.58%, Err 115 (1.0e-005)
1463.022 .... 4948 packets received, 6928 bps, 86.60%, Err 115 (1.0e-005)
1465.124 .... 4956 packets received, 6929 bps, 86.61%, Err 115 (1.0e-005)
1467.256 .... 4964 packets received, 6930 bps, 86.63%, Err 115 (1.0e-005)
1469.395 .... 4972 packets received, 6931 bps, 86.64%, Err 115 (1.0e-005)
1471.464 .... 4980 packets received, 6933 bps, 86.66%, Err 115 (1.0e-005)
1474.136 .... 4985 packets received, 6927 bps, 86.59%, Err 116 (1.0e-005)
1476.226 .... 4987 packets received, 6920 bps, 86.50%, Err 117 (1.0e-005)
1478.392 .... 4995 packets received, 6921 bps, 86.51%, Err 117 (1.0e-005)
1480.485 .... 5003 packets received, 6922 bps, 86.53%, Err 117 (1.0e-005)
1482.664 .... 5010 packets received, 6922 bps, 86.52%, Err 117 (1.0e-005)
1484.768 .... 5018 packets received, 6923 bps, 86.54%, Err 117 (1.0e-005)
1486.858 .... 5026 packets received, 6924 bps, 86.55%, Err 117 (1.0e-005)
1488.984 .... 5034 packets received, 6925 bps, 86.57%, Err 117 (1.0e-005)
1491.158 .... 5041 packets received, 6925 bps, 86.56%, Err 117 (1.0e-005)
1493.225 .... 5049 packets received, 6926 bps, 86.58%, Err 117 (1.0e-005)
1495.343 .... 5057 packets received, 6927 bps, 86.59%, Err 117 (1.0e-005)
1497.470 .... 5065 packets received, 6928 bps, 86.61%, Err 117 (1.0e-005)
1499.577 .... 5073 packets received, 6930 bps, 86.62%, Err 118 (1.0e-005)
1501.663 .... 5081 packets received, 6931 bps, 86.64%, Err 118 (1.0e-005)
1503.805 .... 5089 packets received, 6932 bps, 86.65%, Err 118 (1.0e-005)
1505.926 .... 5097 packets received, 6933 bps, 86.66%, Err 118 (1.0e-005)
1508.062 .... 5104 packets received, 6933 bps, 86.66%, Err 118 (1.0e-005)
1510.167 .... 5112 packets received, 6934 bps, 86.67%, Err 118 (1.0e-005)
1512.830 .... 5117 packets received, 6928 bps, 86.61%, Err 119 (1.0e-005)
1514.896 .... 5125 packets received, 6930 bps, 86.62%, Err 119 (1.0e-005)
1517.038 .... 5133 packets received, 6931 bps, 86.64%, Err 119 (1.0e-005)
1519.141 .... 5141 packets received, 6932 bps, 86.65%, Err 119 (1.0e-005)
1521.258 .... 5149 packets received, 6933 bps, 86.66%, Err 119 (1.0e-005)
1523.376 .... 5157 packets received, 6934 bps, 86.68%, Err 119 (1.0e-005)
1525.495 .... 5164 packets received, 6934 bps, 86.68%, Err 119 (1.0e-005)
1527.651 .... 5172 packets received, 6935 bps, 86.69%, Err 119 (9.9e-006)
1529.716 .... 5180 packets received, 6936 bps, 86.70%, Err 119 (9.9e-006)
1531.858 .... 5188 packets received, 6937 bps, 86.72%, Err 120 (1.0e-005)
1533.937 .... 5191 packets received, 6932 bps, 86.65%, Err 120 (1.0e-005)
1536.109 .... 5195 packets received, 6927 bps, 86.59%, Err 121 (1.0e-005)
1538.216 .... 5203 packets received, 6929 bps, 86.61%, Err 121 (1.0e-005)
1540.334 .... 5211 packets received, 6930 bps, 86.62%, Err 121 (1.0e-005)
1542.478 .... 5219 packets received, 6931 bps, 86.63%, Err 121 (1.0e-005)
1544.545 .... 5227 packets received, 6932 bps, 86.65%, Err 121 (1.0e-005)
1547.191 .... 5232 packets received, 6927 bps, 86.59%, Err 122 (1.0e-005)
1549.355 .... 5240 packets received, 6928 bps, 86.60%, Err 122 (1.0e-005)
1551.425 .... 5248 packets received, 6929 bps, 86.61%, Err 122 (1.0e-005)
1553.527 .... 5256 packets received, 6930 bps, 86.63%, Err 122 (1.0e-005)
1555.662 .... 5264 packets received, 6931 bps, 86.64%, Err 122 (1.0e-005)
1557.748 .... 5268 packets received, 6927 bps, 86.59%, Err 123 (1.0e-005)
1560.438 .... 5273 packets received, 6922 bps, 86.52%, Err 124 (1.0e-005)
1562.575 .... 5281 packets received, 6923 bps, 86.54%, Err 124 (1.0e-005)
1564.681 .... 5289 packets received, 6924 bps, 86.55%, Err 124 (1.0e-005)
1566.754 .... 5297 packets received, 6925 bps, 86.57%, Err 124 (1.0e-005)
1569.160 .... 5301 packets received, 6920 bps, 86.50%, Err 125 (1.0e-005)
1571.263 .... 5309 packets received, 6921 bps, 86.51%, Err 125 (1.0e-005)
1573.469 .... 5317 packets received, 6922 bps, 86.52%, Err 125 (1.0e-005)
1575.574 .... 5325 packets received, 6923 bps, 86.54%, Err 125 (1.0e-005)
1577.744 .... 5333 packets received, 6924 bps, 86.55%, Err 125 (1.0e-005)
1579.813 .... 5341 packets received, 6925 bps, 86.56%, Err 125 (1.0e-005)
1582.220 .... 5349 packets received, 6925 bps, 86.56%, Err 125 (1.0e-005)
1584.324 .... 5357 packets received, 6926 bps, 86.58%, Err 125 (1.0e-005)
1587.230 .... 5363 packets received, 6921 bps, 86.51%, Err 127 (1.0e-005)
1589.338 .... 5371 packets received, 6922 bps, 86.53%, Err 127 (1.0e-005)
1591.447 .... 5379 packets received, 6923 bps, 86.54%, Err 127 (1.0e-005)
1593.553 .... 5387 packets received, 6924 bps, 86.56%, Err 127 (1.0e-005)
1595.724 .... 5395 packets received, 6925 bps, 86.57%, Err 127 (1.0e-005)
1597.794 .... 5403 packets received, 6927 bps, 86.58%, Err 127 (1.0e-005)
1599.910 .... 5411 packets received, 6928 bps, 86.60%, Err 127 (1.0e-005)
1602.114 .... 5418 packets received, 6927 bps, 86.59%, Err 127 (1.0e-005)
1605.006 .... 5424 packets received, 6922 bps, 86.53%, Err 129 (1.0e-005)
1607.143 .... 5427 packets received, 6917 bps, 86.46%, Err 130 (1.0e-005)
1609.281 .... 5435 packets received, 6918 bps, 86.47%, Err 130 (1.0e-005)
1612.690 .... 5443 packets received, 6913 bps, 86.42%, Err 131 (1.0e-005)
1614.832 .... 5451 packets received, 6914 bps, 86.43%, Err 131 (1.0e-005)
1616.984 .... 5459 packets received, 6915 bps, 86.44%, Err 131 (1.0e-005)
1619.104 .... 5467 packets received, 6916 bps, 86.46%, Err 131 (1.0e-005)
1621.208 .... 5475 packets received, 6918 bps, 86.47%, Err 131 (1.0e-005)
1623.349 .... 5482 packets received, 6917 bps, 86.47%, Err 132 (1.0e-005)
1625.455 .... 5485 packets received, 6912 bps, 86.40%, Err 133 (1.0e-005)
1628.408 .... 5490 packets received, 6906 bps, 86.32%, Err 134 (1.0e-005)
1630.508 .... 5498 packets received, 6907 bps, 86.34%, Err 134 (1.0e-005)
1632.612 .... 5506 packets received, 6908 bps, 86.35%, Err 134 (1.0e-005)
1634.715 .... 5514 packets received, 6909 bps, 86.37%, Err 134 (1.0e-005)
1636.858 .... 5522 packets received, 6910 bps, 86.38%, Err 134 (1.0e-005)
1639.293 .... 5530 packets received, 6910 bps, 86.37%, Err 134 (1.0e-005)
1641.395 .... 5538 packets received, 6911 bps, 86.39%, Err 134 (1.0e-005)
1643.515 .... 5546 packets received, 6912 bps, 86.40%, Err 135 (1.0e-005)
1645.615 .... 5549 packets received, 6907 bps, 86.34%, Err 135 (1.0e-005)
1647.773 .... 5557 packets received, 6908 bps, 86.35%, Err 135 (1.0e-005)
1649.841 .... 5565 packets received, 6909 bps, 86.37%, Err 135 (1.0e-005)
1651.982 .... 5573 packets received, 6910 bps, 86.38%, Err 135 (1.0e-005)
1654.084 .... 5581 packets received, 6911 bps, 86.39%, Err 135 (1.0e-005)
1656.237 .... 5589 packets received, 6912 bps, 86.40%, Err 135 (1.0e-005)
1658.324 .... 5597 packets received, 6913 bps, 86.42%, Err 135 (1.0e-005)
1660.412 .... 5605 packets received, 6915 bps, 86.43%, Err 135 (1.0e-005)
1663.076 .... 5610 packets received, 6910 bps, 86.37%, Err 136 (1.0e-005)
1665.179 .... 5618 packets received, 6911 bps, 86.38%, Err 136 (1.0e-005)
1667.304 .... 5621 packets received, 6906 bps, 86.32%, Err 137 (1.0e-005)
1669.455 .... 5629 packets received, 6907 bps, 86.33%, Err 137 (1.0e-005)
1671.540 .... 5637 packets received, 6908 bps, 86.35%, Err 137 (1.0e-005)
1673.673 .... 5645 packets received, 6909 bps, 86.36%, Err 137 (1.0e-005)
1675.760 .... 5653 packets received, 6910 bps, 86.37%, Err 137 (1.0e-005)
1677.880 .... 5661 packets received, 6911 bps, 86.39%, Err 137 (1.0e-005)
1680.052 .... 5668 packets received, 6911 bps, 86.38%, Err 137 (1.0e-005)
1682.141 .... 5676 packets received, 6912 bps, 86.40%, Err 137 (1.0e-005)
1684.284 .... 5684 packets received, 6913 bps, 86.41%, Err 138 (1.0e-005)
1686.374 .... 5692 packets received, 6914 bps, 86.42%, Err 138 (1.0e-005)
1688.508 .... 5700 packets received, 6915 bps, 86.43%, Err 138 (1.0e-005)
1690.615 .... 5708 packets received, 6916 bps, 86.45%, Err 138 (1.0e-005)
1692.732 .... 5716 packets received, 6917 bps, 86.46%, Err 138 (1.0e-005)
1694.818 .... 5724 packets received, 6918 bps, 86.47%, Err 138 (1.0e-005)
1696.936 .... 5732 packets received, 6919 bps, 86.49%, Err 138 (1.0e-005)
1699.031 .... 5740 packets received, 6920 bps, 86.50%, Err 138 (1.0e-005)
1701.182 .... 5748 packets received, 6921 bps, 86.51%, Err 138 (1.0e-005)
1703.571 .... 5756 packets received, 6921 bps, 86.51%, Err 138 (1.0e-005)
1705.675 .... 5764 packets received, 6922 bps, 86.52%, Err 138 (1.0e-005)
1707.919 .... 5770 packets received, 6920 bps, 86.50%, Err 138 (1.0e-005)
1710.405 .... 5778 packets received, 6920 bps, 86.49%, Err 138 (1.0e-005)
1713.298 .... 5784 packets received, 6915 bps, 86.44%, Err 139 (1.0e-005)
1715.404 .... 5792 packets received, 6916 bps, 86.45%, Err 139 (1.0e-005)
1717.515 .... 5800 packets received, 6917 bps, 86.46%, Err 140 (1.0e-005)
1719.618 .... 5808 packets received, 6918 bps, 86.48%, Err 140 (1.0e-005)
1721.822 .... 5815 packets received, 6918 bps, 86.47%, Err 140 (1.0e-005)
1724.159 .... 5819 packets received, 6913 bps, 86.41%, Err 141 (1.0e-005)
1726.296 .... 5827 packets received, 6914 bps, 86.43%, Err 141 (1.0e-005)
1728.435 .... 5830 packets received, 6909 bps, 86.36%, Err 142 (1.0e-005)
1730.538 .... 5833 packets received, 6904 bps, 86.30%, Err 143 (1.1e-005)
1732.641 .... 5841 packets received, 6905 bps, 86.32%, Err 143 (1.1e-005)
1734.812 .... 5849 packets received, 6906 bps, 86.33%, Err 143 (1.1e-005)
1737.186 .... 5853 packets received, 6901 bps, 86.27%, Err 144 (1.1e-005)
1739.322 .... 5860 packets received, 6901 bps, 86.26%, Err 144 (1.1e-005)
1741.457 .... 5868 packets received, 6902 bps, 86.28%, Err 144 (1.1e-005)
1743.530 .... 5876 packets received, 6903 bps, 86.29%, Err 144 (1.1e-005)
1745.704 .... 5884 packets received, 6904 bps, 86.30%, Err 144 (1.1e-005)
1747.753 .... 5892 packets received, 6905 bps, 86.32%, Err 144 (1.1e-005)
1749.887 .... 5900 packets received, 6906 bps, 86.33%, Err 144 (1.0e-005)
1751.975 .... 5903 packets received, 6902 bps, 86.27%, Err 145 (1.1e-005)
1754.117 .... 5911 packets received, 6902 bps, 86.28%, Err 145 (1.1e-005)
1756.256 .... 5919 packets received, 6903 bps, 86.29%, Err 145 (1.1e-005)
1759.427 .... 5926 packets received, 6899 bps, 86.24%, Err 146 (1.1e-005)
1761.529 .... 5934 packets received, 6900 bps, 86.25%, Err 146 (1.1e-005)
1763.664 .... 5942 packets received, 6901 bps, 86.26%, Err 146 (1.1e-005)
1765.766 .... 5950 packets received, 6902 bps, 86.28%, Err 146 (1.1e-005)
1767.874 .... 5958 packets received, 6903 bps, 86.29%, Err 146 (1.1e-005)
1769.977 .... 5966 packets received, 6904 bps, 86.30%, Err 146 (1.1e-005)
1772.180 .... 5973 packets received, 6904 bps, 86.30%, Err 146 (1.1e-005)
1774.283 .... 5981 packets received, 6905 bps, 86.31%, Err 146 (1.0e-005)
1776.356 .... 5989 packets received, 6906 bps, 86.32%, Err 146 (1.0e-005)
1778.523 .... 5996 packets received, 6906 bps, 86.32%, Err 146 (1.0e-005)
1780.665 .... 6004 packets received, 6906 bps, 86.33%, Err 146 (1.0e-005)
1782.770 .... 6012 packets received, 6908 bps, 86.34%, Err 146 (1.0e-005)
1784.888 .... 6015 packets received, 6903 bps, 86.28%, Err 147 (1.1e-005)
1786.993 .... 6019 packets received, 6899 bps, 86.24%, Err 148 (1.1e-005)
1789.183 .... 6027 packets received, 6900 bps, 86.25%, Err 148 (1.1e-005)
1791.235 .... 6035 packets received, 6901 bps, 86.26%, Err 148 (1.1e-005)
1793.893 .... 6040 packets received, 6897 bps, 86.21%, Err 149 (1.1e-005)
1796.027 .... 6048 packets received, 6898 bps, 86.22%, Err 149 (1.1e-005)
1798.150 .... 6056 packets received, 6899 bps, 86.23%, Err 149 (1.1e-005)
1800.255 .... 6064 packets received, 6900 bps, 86.24%, Err 149 (1.1e-005)
1802.359 .... 6072 packets received, 6901 bps, 86.26%, Err 149 (1.1e-005)
1804.445 .... 6080 packets received, 6902 bps, 86.27%, Err 149 (1.1e-005)
1806.580 .... 6088 packets received, 6903 bps, 86.28%, Err 149 (1.1e-005)
1809.985 .... 6096 packets received, 6899 bps, 86.23%, Err 150 (1.1e-005)
1812.145 .... 6104 packets received, 6900 bps, 86.24%, Err 150 (1.1e-005)
1814.233 .... 6112 packets received, 6901 bps, 86.26%, Err 150 (1.1e-005)
1816.354 .... 6120 packets received, 6902 bps, 86.27%, Err 150 (1.1e-005)
1818.474 .... 6128 packets received, 6903 bps, 86.28%, Err 150 (1.1e-005)
1820.578 .... 6136 packets received, 6904 bps, 86.29%, Err 150 (1.1e-005)
1822.700 .... 6144 packets received, 6905 bps, 86.31%, Err 151 (1.1e-005)
1824.821 .... 6147 packets received, 6900 bps, 86.25%, Err 151 (1.1e-005)
1827.483 .... 6152 packets received, 6895 bps, 86.19%, Err 152 (1.1e-005)
1829.602 .... 6160 packets received, 6896 bps, 86.20%, Err 152 (1.1e-005)
1831.723 .... 6168 packets received, 6897 bps, 86.22%, Err 152 (1.1e-005)
1833.798 .... 6176 packets received, 6898 bps, 86.23%, Err 152 (1.1e-005)
1835.919 .... 6184 packets received, 6899 bps, 86.24%, Err 152 (1.1e-005)
1838.023 .... 6192 packets received, 6900 bps, 86.26%, Err 152 (1.1e-005)
1840.173 .... 6200 packets received, 6901 bps, 86.27%, Err 152 (1.1e-005)
1842.250 .... 6208 packets received, 6902 bps, 86.28%, Err 152 (1.1e-005)
1844.370 .... 6216 packets received, 6903 bps, 86.29%, Err 152 (1.1e-005)
1846.473 .... 6224 packets received, 6904 bps, 86.30%, Err 152 (1.0e-005)
1848.615 .... 6232 packets received, 6905 bps, 86.32%, Err 152 (1.0e-005)
1850.698 .... 6240 packets received, 6906 bps, 86.33%, Err 152 (1.0e-005)
1852.827 .... 6248 packets received, 6907 bps, 86.34%, Err 152 (1.0e-005)
1854.965 .... 6256 packets received, 6908 bps, 86.35%, Err 152 (1.0e-005)
1857.055 .... 6264 packets received, 6909 bps, 86.36%, Err 152 (1.0e-005)
1859.158 .... 6272 packets received, 6910 bps, 86.38%, Err 152 (1.0e-005)
1862.608 .... 6280 packets received, 6906 bps, 86.33%, Err 153 (1.0e-005)
1864.750 .... 6288 packets received, 6907 bps, 86.34%, Err 153 (1.0e-005)
1866.853 .... 6296 packets received, 6908 bps, 86.35%, Err 153 (1.0e-005)
1868.921 .... 6304 packets received, 6909 bps, 86.36%, Err 154 (1.1e-005)
1871.094 .... 6307 packets received, 6904 bps, 86.30%, Err 154 (1.0e-005)
1873.229 .... 6315 packets received, 6905 bps, 86.32%, Err 154 (1.0e-005)
1875.347 .... 6323 packets received, 6906 bps, 86.33%, Err 154 (1.0e-005)
1877.474 .... 6330 packets received, 6906 bps, 86.32%, Err 154 (1.0e-005)
1879.606 .... 6338 packets received, 6907 bps, 86.34%, Err 154 (1.0e-005)
1881.693 .... 6346 packets received, 6908 bps, 86.35%, Err 154 (1.0e-005)
1883.811 .... 6354 packets received, 6909 bps, 86.36%, Err 154 (1.0e-005)
1885.934 .... 6362 packets received, 6910 bps, 86.37%, Err 154 (1.0e-005)
1888.053 .... 6370 packets received, 6911 bps, 86.38%, Err 154 (1.0e-005)
1890.393 .... 6378 packets received, 6911 bps, 86.38%, Err 154 (1.0e-005)
1892.556 .... 6386 packets received, 6912 bps, 86.39%, Err 154 (1.0e-005)
1894.642 .... 6394 packets received, 6913 bps, 86.41%, Err 154 (1.0e-005)
1897.033 .... 6398 packets received, 6908 bps, 86.35%, Err 155 (1.0e-005)
1899.138 .... 6406 packets received, 6909 bps, 86.36%, Err 155 (1.0e-005)
1901.273 .... 6409 packets received, 6905 bps, 86.31%, Err 156 (1.0e-005)
1903.392 .... 6417 packets received, 6906 bps, 86.32%, Err 156 (1.0e-005)
1905.500 .... 6423 packets received, 6904 bps, 86.30%, Err 156 (1.0e-005)
1907.657 .... 6431 packets received, 6905 bps, 86.31%, Err 156 (1.0e-005)
1909.750 .... 6439 packets received, 6906 bps, 86.33%, Err 156 (1.0e-005)
1911.839 .... 6447 packets received, 6907 bps, 86.34%, Err 156 (1.0e-005)
1913.958 .... 6455 packets received, 6908 bps, 86.35%, Err 156 (1.0e-005)
1920.473 .... 6463 packets received, 6893 bps, 86.16%, Err 158 (1.0e-005)
1922.608 .... 6471 packets received, 6894 bps, 86.18%, Err 158 (1.0e-005)
1924.813 .... 6477 packets received, 6893 bps, 86.16%, Err 158 (1.0e-005)
1926.901 .... 6480 packets received, 6888 bps, 86.10%, Err 159 (1.1e-005)
1929.023 .... 6488 packets received, 6889 bps, 86.11%, Err 159 (1.1e-005)
1931.182 .... 6494 packets received, 6888 bps, 86.10%, Err 159 (1.1e-005)
1933.335 .... 6502 packets received, 6889 bps, 86.11%, Err 159 (1.0e-005)
1935.424 .... 6509 packets received, 6889 bps, 86.11%, Err 159 (1.0e-005)
1937.557 .... 6517 packets received, 6889 bps, 86.12%, Err 159 (1.0e-005)
1939.666 .... 6525 packets received, 6890 bps, 86.13%, Err 159 (1.0e-005)
1941.771 .... 6533 packets received, 6891 bps, 86.14%, Err 159 (1.0e-005)
1943.879 .... 6541 packets received, 6892 bps, 86.15%, Err 159 (1.0e-005)
1945.999 .... 6549 packets received, 6893 bps, 86.17%, Err 159 (1.0e-005)
1948.105 .... 6557 packets received, 6894 bps, 86.18%, Err 159 (1.0e-005)
1950.198 .... 6565 packets received, 6895 bps, 86.19%, Err 159 (1.0e-005)
1952.340 .... 6573 packets received, 6896 bps, 86.20%, Err 159 (1.0e-005)
1954.443 .... 6581 packets received, 6897 bps, 86.21%, Err 159 (1.0e-005)
1956.575 .... 6589 packets received, 6898 bps, 86.22%, Err 159 (1.0e-005)
1958.681 .... 6597 packets received, 6899 bps, 86.24%, Err 159 (1.0e-005)
1960.799 .... 6605 packets received, 6900 bps, 86.25%, Err 159 (1.0e-005)
1963.707 .... 6611 packets received, 6896 bps, 86.20%, Err 160 (1.0e-005)
1965.826 .... 6619 packets received, 6897 bps, 86.21%, Err 160 (1.0e-005)
1967.932 .... 6627 packets received, 6898 bps, 86.22%, Err 160 (1.0e-005)
1970.035 .... 6635 packets received, 6899 bps, 86.23%, Err 160 (1.0e-005)
1973.207 .... 6643 packets received, 6896 bps, 86.20%, Err 161 (1.0e-005)
1975.347 .... 6651 packets received, 6897 bps, 86.21%, Err 161 (1.0e-005)
1977.440 .... 6659 packets received, 6898 bps, 86.22%, Err 161 (1.0e-005)
1979.557 .... 6667 packets received, 6899 bps, 86.23%, Err 161 (1.0e-005)
1981.703 .... 6675 packets received, 6899 bps, 86.24%, Err 161 (1.0e-005)
1983.946 .... 6682 packets received, 6899 bps, 86.23%, Err 161 (1.0e-005)
1986.020 .... 6690 packets received, 6900 bps, 86.25%, Err 161 (1.0e-005)
1988.138 .... 6698 packets received, 6901 bps, 86.26%, Err 161 (1.0e-005)
1990.245 .... 6706 packets received, 6902 bps, 86.27%, Err 161 (1.0e-005)
1992.357 .... 6714 packets received, 6902 bps, 86.28%, Err 161 (1.0e-005)
1994.490 .... 6722 packets received, 6903 bps, 86.29%, Err 161 (1.0e-005)
1996.577 .... 6730 packets received, 6904 bps, 86.30%, Err 161 (1.0e-005)
1998.701 .... 6738 packets received, 6905 bps, 86.31%, Err 161 (1.0e-005)
2000.790 .... 6746 packets received, 6906 bps, 86.33%, Err 161 (1.0e-005)
2002.925 .... 6754 packets received, 6907 bps, 86.34%, Err 161 (1.0e-005)
2005.018 .... 6762 packets received, 6908 bps, 86.35%, Err 161 (1.0e-005)
2007.152 .... 6770 packets received, 6909 bps, 86.36%, Err 161 (1.0e-005)
2009.241 .... 6778 packets received, 6910 bps, 86.37%, Err 161 (1.0e-005)
2011.363 .... 6786 packets received, 6911 bps, 86.38%, Err 161 (1.0e-005)
2013.455 .... 6794 packets received, 6912 bps, 86.39%, Err 161 (1.0e-005)
2015.610 .... 6802 packets received, 6912 bps, 86.40%, Err 161 (1.0e-005)
2017.702 .... 6810 packets received, 6913 bps, 86.42%, Err 161 (1.0e-005)
2021.112 .... 6818 packets received, 6910 bps, 86.37%, Err 162 (1.0e-005)
2023.264 .... 6826 packets received, 6910 bps, 86.38%, Err 162 (1.0e-005)
2026.423 .... 6833 packets received, 6907 bps, 86.33%, Err 163 (1.0e-005)
2028.563 .... 6841 packets received, 6908 bps, 86.34%, Err 163 (1.0e-005)
2030.683 .... 6849 packets received, 6908 bps, 86.35%, Err 163 (1.0e-005)
2032.843 .... 6856 packets received, 6908 bps, 86.35%, Err 163 (1.0e-005)
2034.962 .... 6864 packets received, 6909 bps, 86.36%, Err 163 (1.0e-005)
2037.087 .... 6872 packets received, 6910 bps, 86.37%, Err 163 (1.0e-005)
2039.175 .... 6880 packets received, 6911 bps, 86.38%, Err 163 (1.0e-005)
2041.285 .... 6888 packets received, 6912 bps, 86.40%, Err 163 (1.0e-005)
2043.404 .... 6896 packets received, 6912 bps, 86.41%, Err 163 (1.0e-005)
2045.523 .... 6904 packets received, 6913 bps, 86.42%, Err 163 (1.0e-005)
2047.629 .... 6907 packets received, 6909 bps, 86.37%, Err 164 (1.0e-005)
2049.765 .... 6915 packets received, 6910 bps, 86.38%, Err 164 (1.0e-005)
2051.893 .... 6923 packets received, 6911 bps, 86.39%, Err 164 (1.0e-005)
2054.040 .... 6931 packets received, 6912 bps, 86.39%, Err 164 (1.0e-005)
2056.102 .... 6939 packets received, 6913 bps, 86.41%, Err 164 (1.0e-005)
2058.226 .... 6947 packets received, 6913 bps, 86.42%, Err 164 (1.0e-005)
2060.328 .... 6955 packets received, 6914 bps, 86.43%, Err 164 (1.0e-005)
2062.467 .... 6962 packets received, 6914 bps, 86.43%, Err 164 (1.0e-005)
2065.374 .... 6968 packets received, 6910 bps, 86.38%, Err 165 (1.0e-005)
2067.494 .... 6976 packets received, 6911 bps, 86.39%, Err 165 (1.0e-005)
2070.386 .... 6983 packets received, 6908 bps, 86.36%, Err 166 (1.0e-005)
2072.505 .... 6991 packets received, 6909 bps, 86.37%, Err 166 (1.0e-005)
2074.961 .... 6999 packets received, 6909 bps, 86.36%, Err 166 (1.0e-005)
2077.079 .... 7007 packets received, 6910 bps, 86.37%, Err 166 (1.0e-005)
2080.520 .... 7015 packets received, 6906 bps, 86.33%, Err 167 (1.0e-005)
2082.678 .... 7022 packets received, 6906 bps, 86.33%, Err 167 (1.0e-005)
2084.796 .... 7030 packets received, 6907 bps, 86.34%, Err 167 (1.0e-005)
2086.920 .... 7038 packets received, 6908 bps, 86.35%, Err 167 (1.0e-005)
2089.038 .... 7046 packets received, 6909 bps, 86.36%, Err 167 (1.0e-005)
2091.145 .... 7054 packets received, 6909 bps, 86.37%, Err 167 (1.0e-005)
2093.283 .... 7062 packets received, 6910 bps, 86.38%, Err 167 (1.0e-005)
2095.390 .... 7070 packets received, 6911 bps, 86.39%, Err 167 (1.0e-005)
2097.510 .... 7078 packets received, 6912 bps, 86.40%, Err 167 (1.0e-005)
2099.602 .... 7081 packets received, 6908 bps, 86.35%, Err 168 (1.0e-005)
2102.252 .... 7086 packets received, 6904 bps, 86.30%, Err 169 (1.0e-005)
2104.386 .... 7094 packets received, 6905 bps, 86.31%, Err 169 (1.0e-005)
2106.529 .... 7100 packets received, 6904 bps, 86.30%, Err 169 (1.0e-005)
2108.665 .... 7108 packets received, 6904 bps, 86.31%, Err 169 (1.0e-005)
2110.784 .... 7116 packets received, 6905 bps, 86.32%, Err 169 (1.0e-005)
2112.873 .... 7124 packets received, 6906 bps, 86.33%, Err 169 (1.0e-005)
2115.010 .... 7132 packets received, 6907 bps, 86.34%, Err 169 (1.0e-005)
2117.084 .... 7140 packets received, 6908 bps, 86.35%, Err 169 (1.0e-005)
2120.003 .... 7146 packets received, 6904 bps, 86.30%, Err 170 (1.0e-005)
2122.104 .... 7150 packets received, 6901 bps, 86.27%, Err 171 (1.0e-005)
2124.275 .... 7158 packets received, 6902 bps, 86.27%, Err 171 (1.0e-005)
2126.407 .... 7166 packets received, 6903 bps, 86.28%, Err 171 (1.0e-005)
2128.482 .... 7174 packets received, 6904 bps, 86.30%, Err 171 (1.0e-005)
2130.614 .... 7182 packets received, 6904 bps, 86.31%, Err 171 (1.0e-005)
2132.692 .... 7190 packets received, 6905 bps, 86.32%, Err 171 (1.0e-005)
2135.613 .... 7196 packets received, 6902 bps, 86.27%, Err 172 (1.0e-005)
2139.079 .... 7204 packets received, 6898 bps, 86.23%, Err 173 (1.0e-005)
2141.180 .... 7212 packets received, 6899 bps, 86.24%, Err 173 (1.0e-005)
2143.299 .... 7220 packets received, 6900 bps, 86.25%, Err 173 (1.0e-005)
2145.435 .... 7228 packets received, 6901 bps, 86.26%, Err 173 (1.0e-005)
2147.539 .... 7236 packets received, 6902 bps, 86.27%, Err 173 (1.0e-005)
2149.657 .... 7244 packets received, 6902 bps, 86.28%, Err 173 (1.0e-005)
2151.777 .... 7251 packets received, 6902 bps, 86.28%, Err 173 (1.0e-005)
2153.902 .... 7259 packets received, 6903 bps, 86.29%, Err 173 (1.0e-005)
2156.019 .... 7266 packets received, 6903 bps, 86.29%, Err 173 (1.0e-005)
2158.155 .... 7274 packets received, 6904 bps, 86.30%, Err 173 (1.0e-005)
2160.289 .... 7281 packets received, 6903 bps, 86.29%, Err 173 (1.0e-005)
2162.402 .... 7289 packets received, 6904 bps, 86.30%, Err 173 (1.0e-005)
