GBN bf 
=========================================================================
                          Station B                                 
-------------------------------------------------------------------------
Protocol.lib, version 3.0, Build: Oct 19 2009 (jiangy@public3.bta.net.cn)
Channel: 8000 bps, 270 ms propagation delay, bit error rate 1.0E-005
Log file "GBN-B.log", TCP port 59144, debug mask 0x00
Station B is connecting station A (TCP port 59144) ... Done.
New epoch: Tue May 23 03:56:10 2017
=========================================================================
Designed by LXS, build: May 22 2017  23:29:19
2.419 .... 8 packets received, 7674 bps, 95.93%, Err 0 (0.0e+000)
4.592 .... 15 packets received, 7131 bps, 89.14%, Err 0 (0.0e+000)
6.724 .... 18 packets received, 5724 bps, 71.55%, Err 1 (2.0e-005)
8.812 .... 26 packets received, 6244 bps, 78.05%, Err 1 (1.5e-005)
10.935 .... 34 packets received, 6538 bps, 81.72%, Err 1 (1.2e-005)
13.072 .... 42 packets received, 6726 bps, 84.08%, Err 1 (9.9e-006)
15.159 .... 50 packets received, 6884 bps, 86.05%, Err 1 (8.5e-006)
17.265 .... 58 packets received, 6995 bps, 87.44%, Err 2 (1.5e-005)
19.384 .... 61 packets received, 6541 bps, 81.76%, Err 2 (1.3e-005)
21.504 .... 69 packets received, 6659 bps, 83.24%, Err 2 (1.2e-005)
23.631 .... 77 packets received, 6754 bps, 84.43%, Err 2 (1.1e-005)
26.501 .... 83 packets received, 6484 bps, 81.05%, Err 3 (1.4e-005)
28.642 .... 91 packets received, 6572 bps, 82.15%, Err 3 (1.3e-005)
30.774 .... 99 packets received, 6650 bps, 83.12%, Err 3 (1.2e-005)
32.906 .... 107 packets received, 6717 bps, 83.97%, Err 4 (1.5e-005)
35.084 .... 114 packets received, 6709 bps, 83.86%, Err 4 (1.5e-005)
37.194 .... 122 packets received, 6769 bps, 84.62%, Err 4 (1.4e-005)
39.852 .... 127 packets received, 6573 bps, 82.17%, Err 6 (1.9e-005)
41.951 .... 135 packets received, 6635 bps, 82.94%, Err 6 (1.8e-005)
44.071 .... 143 packets received, 6688 bps, 83.60%, Err 6 (1.7e-005)
46.172 .... 151 packets received, 6739 bps, 84.24%, Err 6 (1.6e-005)
49.601 .... 159 packets received, 6603 bps, 82.54%, Err 7 (1.8e-005)
51.737 .... 167 packets received, 6647 bps, 83.09%, Err 7 (1.7e-005)
53.860 .... 175 packets received, 6690 bps, 83.62%, Err 7 (1.7e-005)
56.031 .... 182 packets received, 6686 bps, 83.58%, Err 7 (1.6e-005)
58.120 .... 190 packets received, 6728 bps, 84.10%, Err 7 (1.5e-005)
60.225 .... 198 packets received, 6765 bps, 84.56%, Err 7 (1.5e-005)
63.192 .... 203 packets received, 6609 bps, 82.61%, Err 8 (1.6e-005)
65.349 .... 211 packets received, 6641 bps, 83.02%, Err 8 (1.6e-005)
67.438 .... 219 packets received, 6679 bps, 83.49%, Err 8 (1.5e-005)
69.558 .... 227 packets received, 6711 bps, 83.89%, Err 8 (1.5e-005)
71.674 .... 235 packets received, 6742 bps, 84.27%, Err 8 (1.4e-005)
73.778 .... 243 packets received, 6771 bps, 84.64%, Err 8 (1.4e-005)
75.916 .... 251 packets received, 6797 bps, 84.96%, Err 8 (1.3e-005)
78.078 .... 257 packets received, 6766 bps, 84.57%, Err 8 (1.3e-005)
80.190 .... 265 packets received, 6792 bps, 84.90%, Err 8 (1.3e-005)
82.281 .... 273 packets received, 6819 bps, 85.23%, Err 8 (1.2e-005)
84.685 .... 277 packets received, 6721 bps, 84.02%, Err 9 (1.4e-005)
86.808 .... 285 packets received, 6746 bps, 84.32%, Err 9 (1.3e-005)
88.928 .... 293 packets received, 6769 bps, 84.62%, Err 9 (1.3e-005)
91.004 .... 301 packets received, 6795 bps, 84.94%, Err 9 (1.3e-005)
93.908 .... 307 packets received, 6716 bps, 83.94%, Err 10 (1.4e-005)
96.026 .... 315 packets received, 6738 bps, 84.23%, Err 10 (1.3e-005)
98.176 .... 323 packets received, 6757 bps, 84.47%, Err 10 (1.3e-005)
100.279 .... 331 packets received, 6779 bps, 84.74%, Err 10 (1.3e-005)
102.922 .... 336 packets received, 6704 bps, 83.81%, Err 11 (1.4e-005)
105.033 .... 344 packets received, 6726 bps, 84.07%, Err 11 (1.3e-005)
107.125 ** WARNING: System too busy, sleep 15 ms, but be awakened 85 ms later
107.241 .... 351 packets received, 6721 bps, 84.01%, Err 11 (1.3e-005)
109.390 .... 359 packets received, 6739 bps, 84.23%, Err 11 (1.3e-005)
111.460 .... 367 packets received, 6761 bps, 84.51%, Err 11 (1.3e-005)
113.598 .... 375 packets received, 6778 bps, 84.72%, Err 11 (1.2e-005)
115.659 .... 383 packets received, 6799 bps, 84.98%, Err 11 (1.2e-005)
117.824 .... 391 packets received, 6813 bps, 85.16%, Err 11 (1.2e-005)
119.911 .... 399 packets received, 6831 bps, 85.39%, Err 11 (1.2e-005)
122.031 .... 407 packets received, 6846 bps, 85.58%, Err 11 (1.1e-005)
124.135 .... 415 packets received, 6862 bps, 85.78%, Err 11 (1.1e-005)
126.238 .... 423 packets received, 6878 bps, 85.97%, Err 11 (1.1e-005)
128.379 .... 431 packets received, 6891 bps, 86.14%, Err 11 (1.1e-005)
130.444 .... 439 packets received, 6907 bps, 86.34%, Err 11 (1.1e-005)
132.588 .... 447 packets received, 6919 bps, 86.49%, Err 11 (1.1e-005)
134.755 .... 455 packets received, 6930 bps, 86.62%, Err 11 (1.0e-005)
136.856 .... 463 packets received, 6943 bps, 86.79%, Err 11 (1.0e-005)
138.964 .... 471 packets received, 6956 bps, 86.95%, Err 11 (1.0e-005)
141.086 .... 479 packets received, 6967 bps, 87.09%, Err 11 (9.9e-006)
143.177 .... 487 packets received, 6980 bps, 87.25%, Err 11 (9.8e-006)
145.301 .... 495 packets received, 6991 bps, 87.38%, Err 11 (9.6e-006)
147.448 .... 503 packets received, 7000 bps, 87.50%, Err 11 (9.5e-006)
149.551 .... 511 packets received, 7011 bps, 87.64%, Err 11 (9.3e-006)
151.706 .... 519 packets received, 7020 bps, 87.74%, Err 11 (9.2e-006)
153.808 .... 527 packets received, 7030 bps, 87.88%, Err 11 (9.1e-006)
155.912 .... 535 packets received, 7040 bps, 88.00%, Err 11 (8.9e-006)
157.999 .... 543 packets received, 7051 bps, 88.14%, Err 11 (8.8e-006)
160.656 .... 549 packets received, 7011 bps, 87.64%, Err 12 (9.5e-006)
166.122 .... 554 packets received, 6842 bps, 85.52%, Err 14 (1.1e-005)
169.548 .... 562 packets received, 6800 bps, 85.00%, Err 15 (1.1e-005)
171.690 .... 570 packets received, 6810 bps, 85.13%, Err 15 (1.1e-005)
173.808 .... 578 packets received, 6822 bps, 85.27%, Err 15 (1.1e-005)
175.880 .... 581 packets received, 6776 bps, 84.70%, Err 16 (1.2e-005)
178.044 .... 589 packets received, 6786 bps, 84.82%, Err 16 (1.1e-005)
180.164 .... 597 packets received, 6797 bps, 84.96%, Err 16 (1.1e-005)
182.266 .... 604 packets received, 6797 bps, 84.97%, Err 16 (1.1e-005)
184.367 .... 610 packets received, 6787 bps, 84.83%, Err 16 (1.1e-005)
186.539 .... 618 packets received, 6795 bps, 84.94%, Err 16 (1.1e-005)
188.625 .... 626 packets received, 6807 bps, 85.09%, Err 16 (1.1e-005)
190.758 .... 634 packets received, 6817 bps, 85.21%, Err 16 (1.1e-005)
192.861 .... 642 packets received, 6827 bps, 85.34%, Err 16 (1.1e-005)
194.963 .... 649 packets received, 6827 bps, 85.34%, Err 16 (1.1e-005)
197.380 .... 657 packets received, 6827 bps, 85.34%, Err 17 (1.1e-005)
199.510 .... 665 packets received, 6836 bps, 85.45%, Err 17 (1.1e-005)
201.614 .... 673 packets received, 6846 bps, 85.57%, Err 17 (1.1e-005)
204.549 .... 679 packets received, 6808 bps, 85.10%, Err 18 (1.1e-005)
206.668 .... 687 packets received, 6817 bps, 85.22%, Err 18 (1.1e-005)
209.787 .... 694 packets received, 6784 bps, 84.80%, Err 20 (1.2e-005)
211.930 .... 702 packets received, 6793 bps, 84.91%, Err 20 (1.2e-005)
214.064 .... 710 packets received, 6802 bps, 85.02%, Err 20 (1.2e-005)
216.150 .... 718 packets received, 6812 bps, 85.15%, Err 20 (1.2e-005)
218.368 .... 725 packets received, 6808 bps, 85.10%, Err 20 (1.2e-005)
220.469 .... 733 packets received, 6818 bps, 85.22%, Err 20 (1.2e-005)
222.589 .... 741 packets received, 6827 bps, 85.33%, Err 20 (1.1e-005)
224.745 .... 749 packets received, 6834 bps, 85.42%, Err 20 (1.1e-005)
226.814 .... 757 packets received, 6844 bps, 85.55%, Err 20 (1.1e-005)
228.954 .... 765 packets received, 6851 bps, 85.64%, Err 20 (1.1e-005)
231.017 .... 773 packets received, 6861 bps, 85.76%, Err 20 (1.1e-005)
233.173 .... 781 packets received, 6868 bps, 85.85%, Err 20 (1.1e-005)
235.262 .... 789 packets received, 6877 bps, 85.96%, Err 20 (1.1e-005)
237.365 .... 797 packets received, 6885 bps, 86.06%, Err 20 (1.1e-005)
239.501 .... 805 packets received, 6892 bps, 86.15%, Err 20 (1.1e-005)
242.394 .... 811 packets received, 6860 bps, 85.75%, Err 21 (1.1e-005)
244.498 .... 819 packets received, 6868 bps, 85.85%, Err 21 (1.1e-005)
246.667 .... 827 packets received, 6874 bps, 85.93%, Err 21 (1.1e-005)
248.755 .... 835 packets received, 6882 bps, 86.03%, Err 21 (1.1e-005)
250.849 .... 842 packets received, 6882 bps, 86.03%, Err 21 (1.1e-005)
253.187 .... 848 packets received, 6867 bps, 85.84%, Err 21 (1.1e-005)
255.313 .... 856 packets received, 6874 bps, 85.93%, Err 21 (1.1e-005)
257.421 .... 864 packets received, 6881 bps, 86.02%, Err 21 (1.0e-005)
259.504 .... 872 packets received, 6889 bps, 86.12%, Err 21 (1.0e-005)
261.667 .... 880 packets received, 6895 bps, 86.19%, Err 21 (1.0e-005)
263.758 .... 888 packets received, 6902 bps, 86.28%, Err 21 (1.0e-005)
265.890 .... 896 packets received, 6909 bps, 86.36%, Err 21 (1.0e-005)
268.000 .... 904 packets received, 6916 bps, 86.44%, Err 21 (1.0e-005)
270.074 .... 912 packets received, 6923 bps, 86.54%, Err 21 (9.9e-006)
272.226 .... 920 packets received, 6929 bps, 86.61%, Err 21 (9.9e-006)
274.330 .... 928 packets received, 6935 bps, 86.69%, Err 21 (9.8e-006)
276.419 .... 936 packets received, 6942 bps, 86.77%, Err 21 (9.7e-006)
278.545 .... 944 packets received, 6948 bps, 86.85%, Err 21 (9.6e-006)
280.665 .... 952 packets received, 6954 bps, 86.92%, Err 21 (9.6e-006)
282.758 .... 960 packets received, 6960 bps, 87.00%, Err 21 (9.5e-006)
284.857 .... 967 packets received, 6959 bps, 86.99%, Err 21 (9.4e-006)
286.981 .... 975 packets received, 6965 bps, 87.06%, Err 21 (9.4e-006)
289.085 .... 983 packets received, 6971 bps, 87.14%, Err 21 (9.3e-006)
291.192 .... 991 packets received, 6977 bps, 87.21%, Err 21 (9.2e-006)
293.280 .... 999 packets received, 6983 bps, 87.29%, Err 21 (9.2e-006)
295.452 .... 1001 packets received, 6945 bps, 86.82%, Err 22 (9.5e-006)
297.569 .... 1009 packets received, 6951 bps, 86.89%, Err 22 (9.5e-006)
299.724 .... 1017 packets received, 6956 bps, 86.95%, Err 22 (9.4e-006)
301.833 .... 1025 packets received, 6961 bps, 87.02%, Err 22 (9.3e-006)
303.915 .... 1033 packets received, 6968 bps, 87.10%, Err 22 (9.3e-006)
306.005 .... 1041 packets received, 6974 bps, 87.17%, Err 22 (9.2e-006)
309.216 .... 1048 packets received, 6947 bps, 86.84%, Err 23 (9.5e-006)
311.334 .... 1056 packets received, 6953 bps, 86.91%, Err 23 (9.4e-006)
313.437 .... 1064 packets received, 6958 bps, 86.98%, Err 23 (9.4e-006)
315.560 .... 1072 packets received, 6964 bps, 87.05%, Err 23 (9.3e-006)
317.662 .... 1080 packets received, 6969 bps, 87.11%, Err 23 (9.2e-006)
319.764 .... 1088 packets received, 6975 bps, 87.18%, Err 23 (9.2e-006)
321.915 .... 1096 packets received, 6979 bps, 87.24%, Err 23 (9.1e-006)
323.987 .... 1104 packets received, 6985 bps, 87.31%, Err 23 (9.1e-006)
326.138 .... 1112 packets received, 6989 bps, 87.36%, Err 23 (9.0e-006)
328.226 .... 1115 packets received, 6963 bps, 87.04%, Err 24 (9.3e-006)
330.360 .... 1123 packets received, 6968 bps, 87.10%, Err 24 (9.3e-006)
332.482 .... 1131 packets received, 6973 bps, 87.16%, Err 24 (9.2e-006)
334.617 .... 1139 packets received, 6977 bps, 87.21%, Err 24 (9.1e-006)
336.703 .... 1146 packets received, 6976 bps, 87.21%, Err 24 (9.1e-006)
338.824 .... 1154 packets received, 6981 bps, 87.26%, Err 24 (9.0e-006)
340.994 .... 1162 packets received, 6985 bps, 87.31%, Err 24 (9.0e-006)
343.046 .... 1170 packets received, 6991 bps, 87.38%, Err 24 (8.9e-006)
346.485 .... 1178 packets received, 6969 bps, 87.11%, Err 25 (9.2e-006)
348.592 .... 1186 packets received, 6974 bps, 87.17%, Err 25 (9.1e-006)
351.785 .... 1193 packets received, 6951 bps, 86.89%, Err 26 (9.4e-006)
353.907 .... 1201 packets received, 6956 bps, 86.94%, Err 26 (9.4e-006)
356.093 .... 1208 packets received, 6953 bps, 86.91%, Err 26 (9.3e-006)
358.196 .... 1216 packets received, 6958 bps, 86.98%, Err 26 (9.3e-006)
360.300 .... 1224 packets received, 6963 bps, 87.04%, Err 26 (9.2e-006)
362.405 .... 1232 packets received, 6968 bps, 87.10%, Err 26 (9.2e-006)
364.507 .... 1240 packets received, 6972 bps, 87.16%, Err 26 (9.1e-006)
366.647 .... 1247 packets received, 6971 bps, 87.14%, Err 26 (9.1e-006)
368.749 .... 1255 packets received, 6976 bps, 87.19%, Err 26 (9.0e-006)
370.852 .... 1263 packets received, 6980 bps, 87.25%, Err 27 (9.3e-006)
372.993 .... 1271 packets received, 6984 bps, 87.30%, Err 27 (9.2e-006)
375.116 .... 1274 packets received, 6961 bps, 87.01%, Err 28 (9.5e-006)
377.750 .... 1280 packets received, 6945 bps, 86.81%, Err 29 (9.8e-006)
379.875 .... 1288 packets received, 6949 bps, 86.86%, Err 29 (9.7e-006)
383.039 .... 1296 packets received, 6934 bps, 86.68%, Err 30 (1.0e-005)
385.156 .... 1304 packets received, 6939 bps, 86.74%, Err 30 (9.9e-006)
387.279 .... 1312 packets received, 6943 bps, 86.79%, Err 30 (9.9e-006)
389.413 .... 1320 packets received, 6947 bps, 86.84%, Err 30 (9.8e-006)
391.490 .... 1328 packets received, 6952 bps, 86.90%, Err 30 (9.8e-006)
393.639 .... 1336 packets received, 6956 bps, 86.95%, Err 30 (9.7e-006)
396.258 .... 1341 packets received, 6936 bps, 86.70%, Err 31 (1.0e-005)
398.366 .... 1349 packets received, 6940 bps, 86.75%, Err 31 (9.9e-006)
400.487 .... 1357 packets received, 6944 bps, 86.80%, Err 31 (9.9e-006)
402.616 .... 1365 packets received, 6948 bps, 86.85%, Err 31 (9.8e-006)
404.720 .... 1373 packets received, 6953 bps, 86.91%, Err 31 (9.8e-006)
406.828 .... 1381 packets received, 6957 bps, 86.96%, Err 31 (9.7e-006)
408.964 .... 1384 packets received, 6936 bps, 86.69%, Err 33 (1.0e-005)
411.068 .... 1392 packets received, 6940 bps, 86.75%, Err 33 (1.0e-005)
413.202 .... 1400 packets received, 6944 bps, 86.80%, Err 33 (1.0e-005)
415.375 .... 1407 packets received, 6942 bps, 86.77%, Err 33 (1.0e-005)
417.494 .... 1415 packets received, 6946 bps, 86.82%, Err 33 (1.0e-005)
419.616 .... 1423 packets received, 6950 bps, 86.87%, Err 33 (1.0e-005)
421.721 .... 1431 packets received, 6954 bps, 86.93%, Err 33 (1.0e-005)
423.823 .... 1439 packets received, 6958 bps, 86.98%, Err 33 (9.9e-006)
425.942 .... 1447 packets received, 6962 bps, 87.03%, Err 33 (9.9e-006)
428.034 .... 1455 packets received, 6966 bps, 87.08%, Err 33 (9.8e-006)
430.174 .... 1463 packets received, 6970 bps, 87.12%, Err 33 (9.8e-006)
433.045 .... 1469 packets received, 6952 bps, 86.90%, Err 34 (1.0e-005)
435.189 .... 1477 packets received, 6955 bps, 86.94%, Err 34 (9.9e-006)
437.307 .... 1485 packets received, 6959 bps, 86.99%, Err 34 (9.9e-006)
439.408 .... 1493 packets received, 6963 bps, 87.04%, Err 34 (9.8e-006)
441.526 .... 1501 packets received, 6967 bps, 87.09%, Err 34 (9.8e-006)
443.620 .... 1509 packets received, 6971 bps, 87.14%, Err 34 (9.8e-006)
445.773 .... 1517 packets received, 6974 bps, 87.17%, Err 34 (9.7e-006)
447.875 .... 1525 packets received, 6978 bps, 87.22%, Err 34 (9.7e-006)
450.563 .... 1529 packets received, 6954 bps, 86.93%, Err 35 (9.9e-006)
452.694 .... 1537 packets received, 6958 bps, 86.97%, Err 35 (9.8e-006)
454.782 .... 1545 packets received, 6962 bps, 87.02%, Err 35 (9.8e-006)
456.943 .... 1553 packets received, 6965 bps, 87.06%, Err 35 (9.7e-006)
459.593 .... 1556 packets received, 6938 bps, 86.73%, Err 37 (1.0e-005)
461.710 .... 1564 packets received, 6942 bps, 86.77%, Err 37 (1.0e-005)
463.865 .... 1572 packets received, 6945 bps, 86.81%, Err 37 (1.0e-005)
465.998 .... 1580 packets received, 6948 bps, 86.85%, Err 37 (1.0e-005)
468.073 .... 1587 packets received, 6948 bps, 86.85%, Err 37 (1.0e-005)
470.844 .... 1595 packets received, 6942 bps, 86.77%, Err 37 (1.0e-005)
472.980 .... 1603 packets received, 6945 bps, 86.81%, Err 37 (1.0e-005)
475.116 .... 1611 packets received, 6948 bps, 86.86%, Err 37 (9.9e-006)
477.204 .... 1619 packets received, 6952 bps, 86.90%, Err 37 (9.9e-006)
479.324 .... 1627 packets received, 6956 bps, 86.95%, Err 37 (9.8e-006)
481.425 .... 1635 packets received, 6959 bps, 86.99%, Err 37 (9.8e-006)
483.528 .... 1643 packets received, 6963 bps, 87.04%, Err 37 (9.8e-006)
485.668 .... 1651 packets received, 6966 bps, 87.08%, Err 37 (9.7e-006)
487.770 .... 1659 packets received, 6970 bps, 87.12%, Err 37 (9.7e-006)
489.874 .... 1667 packets received, 6973 bps, 87.17%, Err 37 (9.6e-006)
491.957 .... 1675 packets received, 6977 bps, 87.21%, Err 37 (9.6e-006)
494.083 .... 1683 packets received, 6980 bps, 87.25%, Err 37 (9.5e-006)
496.186 .... 1686 packets received, 6963 bps, 87.04%, Err 38 (9.8e-006)
498.319 .... 1694 packets received, 6966 bps, 87.08%, Err 38 (9.7e-006)
500.452 .... 1702 packets received, 6969 bps, 87.11%, Err 38 (9.7e-006)
502.608 .... 1709 packets received, 6968 bps, 87.10%, Err 38 (9.6e-006)
505.359 .... 1717 packets received, 6962 bps, 87.03%, Err 39 (9.9e-006)
507.508 .... 1720 packets received, 6945 bps, 86.81%, Err 40 (1.0e-005)
509.610 .... 1723 packets received, 6928 bps, 86.60%, Err 40 (1.0e-005)
511.776 .... 1731 packets received, 6931 bps, 86.64%, Err 40 (1.0e-005)
513.846 .... 1739 packets received, 6935 bps, 86.69%, Err 40 (9.9e-006)
515.950 .... 1747 packets received, 6938 bps, 86.73%, Err 40 (9.9e-006)
518.086 .... 1755 packets received, 6941 bps, 86.77%, Err 40 (9.9e-006)
520.759 .... 1760 packets received, 6925 bps, 86.57%, Err 41 (1.0e-005)
522.830 .... 1768 packets received, 6929 bps, 86.62%, Err 41 (1.0e-005)
524.980 .... 1776 packets received, 6932 bps, 86.65%, Err 41 (1.0e-005)
527.065 .... 1784 packets received, 6936 bps, 86.70%, Err 41 (9.9e-006)
529.202 .... 1792 packets received, 6939 bps, 86.73%, Err 41 (9.9e-006)
531.373 .... 1799 packets received, 6937 bps, 86.72%, Err 41 (9.8e-006)
533.776 .... 1806 packets received, 6933 bps, 86.66%, Err 41 (9.8e-006)
535.879 .... 1814 packets received, 6936 bps, 86.70%, Err 41 (9.8e-006)
538.787 .... 1820 packets received, 6922 bps, 86.52%, Err 42 (1.0e-005)
540.906 .... 1828 packets received, 6925 bps, 86.56%, Err 42 (9.9e-006)
542.993 .... 1836 packets received, 6928 bps, 86.61%, Err 42 (9.9e-006)
545.128 .... 1844 packets received, 6931 bps, 86.64%, Err 42 (9.8e-006)
547.248 .... 1852 packets received, 6934 bps, 86.68%, Err 42 (9.8e-006)
549.352 .... 1860 packets received, 6938 bps, 86.72%, Err 42 (9.8e-006)
552.542 .... 1867 packets received, 6924 bps, 86.55%, Err 43 (9.9e-006)
555.717 .... 1875 packets received, 6914 bps, 86.42%, Err 44 (1.0e-005)
557.835 .... 1883 packets received, 6917 bps, 86.46%, Err 44 (1.0e-005)
559.955 .... 1891 packets received, 6920 bps, 86.50%, Err 44 (1.0e-005)
562.147 .... 1898 packets received, 6918 bps, 86.48%, Err 44 (1.0e-005)
564.265 .... 1906 packets received, 6921 bps, 86.52%, Err 45 (1.0e-005)
566.375 .... 1913 packets received, 6921 bps, 86.51%, Err 45 (1.0e-005)
568.481 .... 1921 packets received, 6924 bps, 86.55%, Err 45 (1.0e-005)
570.622 .... 1929 packets received, 6927 bps, 86.58%, Err 45 (1.0e-005)
572.775 .... 1937 packets received, 6929 bps, 86.62%, Err 45 (1.0e-005)
574.865 .... 1945 packets received, 6933 bps, 86.66%, Err 45 (1.0e-005)
576.968 .... 1953 packets received, 6936 bps, 86.70%, Err 45 (1.0e-005)
579.117 .... 1961 packets received, 6938 bps, 86.73%, Err 45 (9.9e-006)
581.188 .... 1969 packets received, 6942 bps, 86.77%, Err 45 (9.9e-006)
583.306 .... 1977 packets received, 6945 bps, 86.81%, Err 45 (9.8e-006)
585.394 .... 1985 packets received, 6948 bps, 86.85%, Err 45 (9.8e-006)
587.529 .... 1993 packets received, 6951 bps, 86.88%, Err 45 (9.8e-006)
590.716 .... 2000 packets received, 6937 bps, 86.72%, Err 46 (9.9e-006)
594.139 .... 2008 packets received, 6925 bps, 86.56%, Err 47 (1.0e-005)
596.278 .... 2016 packets received, 6928 bps, 86.59%, Err 47 (1.0e-005)
598.366 .... 2024 packets received, 6931 bps, 86.63%, Err 47 (1.0e-005)
600.504 .... 2032 packets received, 6933 bps, 86.67%, Err 47 (1.0e-005)
602.607 .... 2040 packets received, 6936 bps, 86.70%, Err 47 (9.9e-006)
604.744 .... 2048 packets received, 6939 bps, 86.74%, Err 48 (1.0e-005)
606.816 .... 2051 packets received, 6925 bps, 86.57%, Err 48 (1.0e-005)
608.965 .... 2059 packets received, 6928 bps, 86.60%, Err 48 (1.0e-005)
611.092 .... 2067 packets received, 6931 bps, 86.63%, Err 48 (1.0e-005)
613.195 .... 2075 packets received, 6933 bps, 86.67%, Err 48 (1.0e-005)
615.364 .... 2082 packets received, 6932 bps, 86.65%, Err 48 (1.0e-005)
617.482 .... 2090 packets received, 6935 bps, 86.69%, Err 49 (1.0e-005)
619.591 .... 2094 packets received, 6925 bps, 86.56%, Err 49 (1.0e-005)
621.596 .... 2100 packets received, 6922 bps, 86.53%, Err 49 (1.0e-005)
623.697 .... 2108 packets received, 6925 bps, 86.56%, Err 49 (1.0e-005)
625.822 .... 2116 packets received, 6928 bps, 86.60%, Err 49 (1.0e-005)
628.732 .... 2122 packets received, 6915 bps, 86.44%, Err 50 (1.0e-005)
630.851 .... 2130 packets received, 6918 bps, 86.47%, Err 50 (1.0e-005)
632.985 .... 2138 packets received, 6921 bps, 86.51%, Err 50 (1.0e-005)
635.087 .... 2146 packets received, 6923 bps, 86.54%, Err 50 (1.0e-005)
637.219 .... 2154 packets received, 6926 bps, 86.57%, Err 50 (1.0e-005)
639.675 .... 2162 packets received, 6925 bps, 86.56%, Err 50 (1.0e-005)
641.809 .... 2170 packets received, 6927 bps, 86.59%, Err 50 (9.9e-006)
643.885 .... 2178 packets received, 6931 bps, 86.63%, Err 50 (9.9e-006)
646.018 .... 2186 packets received, 6933 bps, 86.66%, Err 50 (9.9e-006)
648.120 .... 2194 packets received, 6936 bps, 86.70%, Err 50 (9.8e-006)
650.223 .... 2202 packets received, 6939 bps, 86.73%, Err 50 (9.8e-006)
652.341 .... 2210 packets received, 6941 bps, 86.77%, Err 50 (9.8e-006)
654.704 .... 2214 packets received, 6929 bps, 86.61%, Err 52 (1.0e-005)
656.844 .... 2222 packets received, 6931 bps, 86.64%, Err 52 (1.0e-005)
659.030 .... 2230 packets received, 6933 bps, 86.66%, Err 52 (1.0e-005)
661.149 .... 2238 packets received, 6935 bps, 86.69%, Err 52 (1.0e-005)
663.252 .... 2246 packets received, 6938 bps, 86.73%, Err 52 (1.0e-005)
665.355 .... 2254 packets received, 6941 bps, 86.76%, Err 52 (1.0e-005)
667.497 .... 2262 packets received, 6943 bps, 86.79%, Err 52 (9.9e-006)
669.602 .... 2270 packets received, 6946 bps, 86.82%, Err 52 (9.9e-006)
671.667 .... 2278 packets received, 6949 bps, 86.86%, Err 52 (9.9e-006)
673.785 .... 2286 packets received, 6951 bps, 86.89%, Err 52 (9.8e-006)
675.909 .... 2294 packets received, 6954 bps, 86.92%, Err 52 (9.8e-006)
678.027 .... 2302 packets received, 6956 bps, 86.95%, Err 52 (9.8e-006)
680.148 .... 2310 packets received, 6959 bps, 86.98%, Err 52 (9.8e-006)
682.253 .... 2318 packets received, 6961 bps, 87.01%, Err 52 (9.7e-006)
684.356 .... 2326 packets received, 6964 bps, 87.05%, Err 52 (9.7e-006)
686.473 .... 2334 packets received, 6966 bps, 87.08%, Err 52 (9.7e-006)
688.560 .... 2342 packets received, 6969 bps, 87.11%, Err 53 (9.8e-006)
690.696 .... 2350 packets received, 6971 bps, 87.14%, Err 53 (9.8e-006)
692.814 .... 2358 packets received, 6973 bps, 87.17%, Err 53 (9.8e-006)
694.902 .... 2366 packets received, 6976 bps, 87.20%, Err 53 (9.7e-006)
697.038 .... 2374 packets received, 6978 bps, 87.23%, Err 53 (9.7e-006)
699.194 .... 2381 packets received, 6977 bps, 87.21%, Err 54 (9.8e-006)
701.326 .... 2384 packets received, 6965 bps, 87.06%, Err 54 (9.8e-006)
703.396 .... 2392 packets received, 6967 bps, 87.09%, Err 54 (9.8e-006)
705.547 .... 2400 packets received, 6969 bps, 87.12%, Err 54 (9.8e-006)
707.674 .... 2407 packets received, 6969 bps, 87.11%, Err 55 (9.9e-006)
709.794 .... 2415 packets received, 6971 bps, 87.14%, Err 55 (9.9e-006)
711.881 .... 2423 packets received, 6973 bps, 87.17%, Err 55 (9.9e-006)
714.015 .... 2431 packets received, 6976 bps, 87.19%, Err 55 (9.8e-006)
716.163 .... 2438 packets received, 6975 bps, 87.18%, Err 55 (9.8e-006)
718.555 .... 2442 packets received, 6963 bps, 87.04%, Err 56 (9.9e-006)
720.671 .... 2450 packets received, 6965 bps, 87.06%, Err 56 (9.9e-006)
722.810 .... 2457 packets received, 6964 bps, 87.05%, Err 56 (9.9e-006)
724.914 .... 2465 packets received, 6967 bps, 87.08%, Err 56 (9.9e-006)
727.036 .... 2473 packets received, 6969 bps, 87.11%, Err 56 (9.8e-006)
729.171 .... 2481 packets received, 6971 bps, 87.14%, Err 56 (9.8e-006)
731.516 .... 2485 packets received, 6960 bps, 87.00%, Err 58 (1.0e-005)
733.652 .... 2487 packets received, 6945 bps, 86.81%, Err 58 (1.0e-005)
735.771 .... 2495 packets received, 6947 bps, 86.84%, Err 58 (1.0e-005)
738.973 .... 2502 packets received, 6937 bps, 86.71%, Err 60 (1.0e-005)
741.059 .... 2510 packets received, 6939 bps, 86.74%, Err 60 (1.0e-005)
743.163 .... 2518 packets received, 6942 bps, 86.77%, Err 60 (1.0e-005)
746.083 .... 2524 packets received, 6931 bps, 86.64%, Err 61 (1.0e-005)
748.218 .... 2532 packets received, 6933 bps, 86.66%, Err 61 (1.0e-005)
750.325 .... 2540 packets received, 6936 bps, 86.69%, Err 61 (1.0e-005)
752.498 .... 2547 packets received, 6935 bps, 86.68%, Err 61 (1.0e-005)
754.619 .... 2555 packets received, 6937 bps, 86.71%, Err 61 (1.0e-005)
756.755 .... 2563 packets received, 6939 bps, 86.74%, Err 61 (1.0e-005)
758.844 .... 2571 packets received, 6941 bps, 86.77%, Err 61 (1.0e-005)
760.950 .... 2579 packets received, 6944 bps, 86.80%, Err 61 (1.0e-005)
763.093 .... 2587 packets received, 6946 bps, 86.82%, Err 61 (1.0e-005)
765.171 .... 2595 packets received, 6948 bps, 86.85%, Err 61 (1.0e-005)
767.332 .... 2603 packets received, 6950 bps, 86.87%, Err 61 (1.0e-005)
769.421 .... 2611 packets received, 6952 bps, 86.90%, Err 61 (1.0e-005)
771.789 .... 2615 packets received, 6942 bps, 86.77%, Err 62 (1.0e-005)
773.931 .... 2623 packets received, 6944 bps, 86.80%, Err 62 (1.0e-005)
776.032 .... 2631 packets received, 6946 bps, 86.82%, Err 62 (1.0e-005)
778.134 .... 2639 packets received, 6948 bps, 86.85%, Err 62 (1.0e-005)
780.251 .... 2647 packets received, 6950 bps, 86.88%, Err 62 (1.0e-005)
782.385 .... 2655 packets received, 6952 bps, 86.90%, Err 62 (1.0e-005)
784.471 .... 2663 packets received, 6955 bps, 86.93%, Err 62 (1.0e-005)
786.573 .... 2671 packets received, 6957 bps, 86.96%, Err 62 (1.0e-005)
788.745 .... 2678 packets received, 6956 bps, 86.95%, Err 62 (1.0e-005)
790.862 .... 2686 packets received, 6958 bps, 86.98%, Err 62 (1.0e-005)
792.979 .... 2694 packets received, 6960 bps, 87.00%, Err 62 (1.0e-005)
795.084 .... 2702 packets received, 6962 bps, 87.03%, Err 62 (9.9e-006)
797.220 .... 2709 packets received, 6962 bps, 87.02%, Err 62 (9.9e-006)
799.326 .... 2717 packets received, 6964 bps, 87.05%, Err 62 (9.9e-006)
801.468 .... 2720 packets received, 6953 bps, 86.91%, Err 63 (1.0e-005)
803.573 .... 2728 packets received, 6955 bps, 86.94%, Err 63 (1.0e-005)
805.691 .... 2736 packets received, 6957 bps, 86.96%, Err 63 (1.0e-005)
808.127 .... 2744 packets received, 6956 bps, 86.96%, Err 63 (9.9e-006)
810.232 .... 2752 packets received, 6959 bps, 86.98%, Err 63 (9.9e-006)
812.351 .... 2760 packets received, 6961 bps, 87.01%, Err 63 (9.9e-006)
815.257 .... 2766 packets received, 6951 bps, 86.89%, Err 64 (1.0e-005)
817.916 .... 2772 packets received, 6943 bps, 86.79%, Err 65 (1.0e-005)
820.016 .... 2780 packets received, 6945 bps, 86.82%, Err 65 (1.0e-005)
822.128 .... 2788 packets received, 6948 bps, 86.84%, Err 65 (1.0e-005)
824.265 .... 2796 packets received, 6949 bps, 86.87%, Err 65 (1.0e-005)
826.621 .... 2800 packets received, 6940 bps, 86.74%, Err 66 (1.0e-005)
828.772 .... 2808 packets received, 6941 bps, 86.77%, Err 66 (1.0e-005)
830.859 .... 2816 packets received, 6944 bps, 86.79%, Err 67 (1.0e-005)
832.994 .... 2824 packets received, 6945 bps, 86.82%, Err 67 (1.0e-005)
835.217 .... 2831 packets received, 6944 bps, 86.80%, Err 67 (1.0e-005)
837.319 .... 2839 packets received, 6946 bps, 86.83%, Err 67 (1.0e-005)
839.423 .... 2847 packets received, 6948 bps, 86.85%, Err 67 (1.0e-005)
841.804 .... 2855 packets received, 6948 bps, 86.85%, Err 67 (1.0e-005)
843.944 .... 2863 packets received, 6950 bps, 86.87%, Err 67 (1.0e-005)
846.015 .... 2871 packets received, 6952 bps, 86.90%, Err 67 (1.0e-005)
848.170 .... 2879 packets received, 6954 bps, 86.92%, Err 67 (1.0e-005)
850.273 .... 2886 packets received, 6954 bps, 86.92%, Err 67 (1.0e-005)
852.375 .... 2894 packets received, 6956 bps, 86.95%, Err 67 (1.0e-005)
854.493 .... 2902 packets received, 6958 bps, 86.97%, Err 67 (1.0e-005)
856.579 .... 2910 packets received, 6960 bps, 87.00%, Err 67 (1.0e-005)
858.732 .... 2918 packets received, 6961 bps, 87.02%, Err 67 (9.9e-006)
860.862 .... 2921 packets received, 6951 bps, 86.89%, Err 68 (1.0e-005)
862.966 .... 2929 packets received, 6953 bps, 86.92%, Err 68 (1.0e-005)
865.038 .... 2937 packets received, 6956 bps, 86.95%, Err 68 (1.0e-005)
867.156 .... 2945 packets received, 6958 bps, 86.97%, Err 68 (1.0e-005)
869.282 .... 2953 packets received, 6959 bps, 86.99%, Err 68 (1.0e-005)
871.392 .... 2961 packets received, 6961 bps, 87.02%, Err 68 (9.9e-006)
873.528 .... 2969 packets received, 6963 bps, 87.04%, Err 68 (9.9e-006)
875.622 .... 2977 packets received, 6965 bps, 87.06%, Err 68 (9.9e-006)
877.747 .... 2984 packets received, 6965 bps, 87.06%, Err 68 (9.9e-006)
879.852 .... 2992 packets received, 6967 bps, 87.08%, Err 68 (9.9e-006)
881.974 .... 3000 packets received, 6968 bps, 87.11%, Err 68 (9.8e-006)
884.084 .... 3008 packets received, 6970 bps, 87.13%, Err 68 (9.8e-006)
886.990 .... 3014 packets received, 6961 bps, 87.02%, Err 69 (9.9e-006)
889.111 .... 3022 packets received, 6963 bps, 87.04%, Err 69 (9.9e-006)
891.233 .... 3030 packets received, 6965 bps, 87.06%, Err 69 (9.9e-006)
893.340 .... 3038 packets received, 6967 bps, 87.09%, Err 69 (9.8e-006)
896.267 .... 3044 packets received, 6958 bps, 86.97%, Err 71 (1.0e-005)
898.375 .... 3052 packets received, 6960 bps, 87.00%, Err 71 (1.0e-005)
900.482 .... 3060 packets received, 6962 bps, 87.02%, Err 71 (1.0e-005)
902.588 .... 3068 packets received, 6964 bps, 87.04%, Err 71 (1.0e-005)
904.755 .... 3075 packets received, 6963 bps, 87.03%, Err 71 (1.0e-005)
906.894 .... 3083 packets received, 6964 bps, 87.05%, Err 71 (1.0e-005)
909.245 .... 3087 packets received, 6955 bps, 86.94%, Err 72 (1.0e-005)
911.411 .... 3095 packets received, 6957 bps, 86.96%, Err 72 (1.0e-005)
913.546 .... 3101 packets received, 6954 bps, 86.93%, Err 72 (1.0e-005)
915.651 .... 3109 packets received, 6956 bps, 86.95%, Err 72 (1.0e-005)
917.769 .... 3117 packets received, 6958 bps, 86.97%, Err 72 (1.0e-005)
919.872 .... 3125 packets received, 6960 bps, 87.00%, Err 72 (1.0e-005)
922.007 .... 3132 packets received, 6959 bps, 86.99%, Err 72 (1.0e-005)
924.132 .... 3140 packets received, 6961 bps, 87.01%, Err 72 (9.9e-006)
926.267 .... 3148 packets received, 6962 bps, 87.03%, Err 72 (9.9e-006)
928.368 .... 3155 packets received, 6962 bps, 87.03%, Err 72 (9.9e-006)
930.490 .... 3163 packets received, 6964 bps, 87.05%, Err 73 (1.0e-005)
932.594 .... 3166 packets received, 6955 bps, 86.93%, Err 73 (1.0e-005)
934.703 .... 3174 packets received, 6957 bps, 86.96%, Err 73 (1.0e-005)
937.606 .... 3180 packets received, 6948 bps, 86.85%, Err 74 (1.0e-005)
939.725 .... 3188 packets received, 6950 bps, 86.87%, Err 74 (1.0e-005)
941.864 .... 3196 packets received, 6952 bps, 86.89%, Err 74 (1.0e-005)
944.015 .... 3204 packets received, 6953 bps, 86.91%, Err 74 (1.0e-005)
946.104 .... 3212 packets received, 6955 bps, 86.94%, Err 74 (1.0e-005)
948.259 .... 3219 packets received, 6954 bps, 86.93%, Err 74 (1.0e-005)
951.655 .... 3227 packets received, 6947 bps, 86.83%, Err 75 (1.0e-005)
953.809 .... 3235 packets received, 6948 bps, 86.85%, Err 75 (1.0e-005)
955.917 .... 3243 packets received, 6950 bps, 86.88%, Err 75 (1.0e-005)
958.135 .... 3250 packets received, 6949 bps, 86.86%, Err 75 (1.0e-005)
960.186 .... 3258 packets received, 6951 bps, 86.89%, Err 75 (1.0e-005)
962.615 .... 3262 packets received, 6942 bps, 86.78%, Err 76 (1.0e-005)
964.719 .... 3270 packets received, 6944 bps, 86.80%, Err 76 (1.0e-005)
966.822 .... 3278 packets received, 6946 bps, 86.82%, Err 76 (1.0e-005)
968.945 .... 3286 packets received, 6947 bps, 86.84%, Err 76 (1.0e-005)
971.081 .... 3294 packets received, 6949 bps, 86.86%, Err 76 (1.0e-005)
973.170 .... 3302 packets received, 6951 bps, 86.89%, Err 76 (1.0e-005)
975.305 .... 3310 packets received, 6953 bps, 86.91%, Err 76 (9.9e-006)
977.424 .... 3317 packets received, 6952 bps, 86.90%, Err 76 (9.9e-006)
979.558 .... 3325 packets received, 6954 bps, 86.92%, Err 76 (9.9e-006)
981.639 .... 3333 packets received, 6956 bps, 86.95%, Err 76 (9.9e-006)
983.725 .... 3341 packets received, 6958 bps, 86.97%, Err 76 (9.9e-006)
986.919 .... 3348 packets received, 6950 bps, 86.87%, Err 77 (9.9e-006)
989.076 .... 3356 packets received, 6951 bps, 86.89%, Err 77 (9.9e-006)
991.140 .... 3364 packets received, 6953 bps, 86.91%, Err 77 (9.9e-006)
993.246 .... 3372 packets received, 6955 bps, 86.94%, Err 77 (9.9e-006)
995.400 .... 3380 packets received, 6956 bps, 86.95%, Err 77 (9.9e-006)
997.489 .... 3388 packets received, 6958 bps, 86.98%, Err 77 (9.8e-006)
999.593 .... 3396 packets received, 6960 bps, 87.00%, Err 77 (9.8e-006)
1001.726 .... 3404 packets received, 6961 bps, 87.02%, Err 77 (9.8e-006)
1003.849 .... 3412 packets received, 6963 bps, 87.04%, Err 77 (9.8e-006)
1006.020 .... 3419 packets received, 6962 bps, 87.03%, Err 77 (9.8e-006)
1008.152 .... 3427 packets received, 6964 bps, 87.05%, Err 77 (9.7e-006)
1010.238 .... 3435 packets received, 6966 bps, 87.07%, Err 78 (9.8e-006)
1012.392 .... 3438 packets received, 6957 bps, 86.96%, Err 78 (9.8e-006)
1015.835 .... 3446 packets received, 6949 bps, 86.87%, Err 79 (9.9e-006)
1017.954 .... 3454 packets received, 6951 bps, 86.89%, Err 80 (1.0e-005)
1020.057 .... 3457 packets received, 6943 bps, 86.78%, Err 80 (1.0e-005)
1022.230 .... 3465 packets received, 6944 bps, 86.80%, Err 80 (1.0e-005)
1024.295 .... 3468 packets received, 6936 bps, 86.70%, Err 81 (1.0e-005)
1026.399 .... 3476 packets received, 6938 bps, 86.72%, Err 81 (1.0e-005)
1028.540 .... 3484 packets received, 6939 bps, 86.74%, Err 81 (1.0e-005)
1030.774 .... 3491 packets received, 6938 bps, 86.73%, Err 81 (1.0e-005)
1036.977 .... 3498 packets received, 6910 bps, 86.38%, Err 83 (1.0e-005)
1039.125 .... 3506 packets received, 6912 bps, 86.40%, Err 83 (1.0e-005)
1041.231 .... 3514 packets received, 6914 bps, 86.42%, Err 83 (1.0e-005)
1043.334 .... 3522 packets received, 6915 bps, 86.44%, Err 83 (1.0e-005)
1045.505 .... 3528 packets received, 6913 bps, 86.41%, Err 83 (1.0e-005)
1047.655 .... 3536 packets received, 6914 bps, 86.43%, Err 83 (1.0e-005)
1049.745 .... 3543 packets received, 6914 bps, 86.43%, Err 83 (1.0e-005)
1051.851 .... 3551 packets received, 6916 bps, 86.45%, Err 83 (1.0e-005)
1054.008 .... 3559 packets received, 6917 bps, 86.47%, Err 83 (1.0e-005)
1057.173 .... 3566 packets received, 6910 bps, 86.38%, Err 84 (1.0e-005)
1059.297 .... 3574 packets received, 6912 bps, 86.40%, Err 84 (1.0e-005)
1061.468 .... 3581 packets received, 6911 bps, 86.39%, Err 84 (1.0e-005)
1063.573 .... 3589 packets received, 6913 bps, 86.41%, Err 84 (1.0e-005)
1065.660 .... 3597 packets received, 6915 bps, 86.43%, Err 84 (1.0e-005)
1067.799 .... 3605 packets received, 6916 bps, 86.45%, Err 85 (1.0e-005)
1069.897 .... 3613 packets received, 6918 bps, 86.47%, Err 85 (1.0e-005)
1071.984 .... 3620 packets received, 6918 bps, 86.47%, Err 85 (1.0e-005)
1074.127 .... 3628 packets received, 6919 bps, 86.49%, Err 85 (1.0e-005)
1076.296 .... 3635 packets received, 6919 bps, 86.48%, Err 85 (1.0e-005)
1078.915 .... 3640 packets received, 6911 bps, 86.39%, Err 86 (1.0e-005)
1081.017 .... 3648 packets received, 6913 bps, 86.41%, Err 86 (1.0e-005)
1083.174 .... 3656 packets received, 6914 bps, 86.43%, Err 86 (1.0e-005)
1085.243 .... 3664 packets received, 6916 bps, 86.45%, Err 86 (1.0e-005)
1087.409 .... 3671 packets received, 6916 bps, 86.45%, Err 86 (1.0e-005)
1090.849 .... 3679 packets received, 6909 bps, 86.36%, Err 88 (1.0e-005)
1092.982 .... 3687 packets received, 6910 bps, 86.38%, Err 88 (1.0e-005)
1095.116 .... 3695 packets received, 6912 bps, 86.40%, Err 88 (1.0e-005)
1097.223 .... 3703 packets received, 6914 bps, 86.42%, Err 88 (1.0e-005)
1099.327 .... 3711 packets received, 6915 bps, 86.44%, Err 88 (1.0e-005)
1101.449 .... 3719 packets received, 6917 bps, 86.46%, Err 88 (1.0e-005)
1103.551 .... 3727 packets received, 6918 bps, 86.48%, Err 88 (1.0e-005)
1105.644 .... 3735 packets received, 6920 bps, 86.50%, Err 88 (1.0e-005)
1107.750 .... 3743 packets received, 6922 bps, 86.52%, Err 88 (1.0e-005)
1109.893 .... 3751 packets received, 6923 bps, 86.54%, Err 88 (1.0e-005)
1112.025 .... 3759 packets received, 6925 bps, 86.56%, Err 88 (1.0e-005)
1114.102 .... 3767 packets received, 6926 bps, 86.58%, Err 89 (1.0e-005)
1116.220 .... 3770 packets received, 6919 bps, 86.49%, Err 90 (1.0e-005)
1118.355 .... 3778 packets received, 6920 bps, 86.50%, Err 90 (1.0e-005)
1120.443 .... 3786 packets received, 6922 bps, 86.52%, Err 90 (1.0e-005)
1122.562 .... 3794 packets received, 6924 bps, 86.54%, Err 90 (1.0e-005)
1124.665 .... 3802 packets received, 6925 bps, 86.56%, Err 90 (1.0e-005)
1126.782 .... 3810 packets received, 6927 bps, 86.58%, Err 91 (1.0e-005)
1128.886 .... 3818 packets received, 6928 bps, 86.60%, Err 91 (1.0e-005)
1131.027 .... 3826 packets received, 6930 bps, 86.62%, Err 91 (1.0e-005)
1133.128 .... 3834 packets received, 6931 bps, 86.64%, Err 91 (1.0e-005)
1135.792 .... 3839 packets received, 6924 bps, 86.55%, Err 93 (1.0e-005)
1137.933 .... 3847 packets received, 6925 bps, 86.57%, Err 93 (1.0e-005)
1140.035 .... 3855 packets received, 6927 bps, 86.59%, Err 93 (1.0e-005)
1143.746 .... 3861 packets received, 6915 bps, 86.44%, Err 95 (1.1e-005)
1145.850 .... 3869 packets received, 6917 bps, 86.46%, Err 95 (1.1e-005)
1147.954 .... 3877 packets received, 6918 bps, 86.48%, Err 95 (1.1e-005)
1150.063 .... 3885 packets received, 6920 bps, 86.50%, Err 95 (1.1e-005)
1152.202 .... 3893 packets received, 6921 bps, 86.52%, Err 95 (1.1e-005)
1154.295 .... 3901 packets received, 6923 bps, 86.54%, Err 95 (1.1e-005)
1156.398 .... 3909 packets received, 6925 bps, 86.56%, Err 95 (1.0e-005)
1158.555 .... 3917 packets received, 6926 bps, 86.57%, Err 95 (1.0e-005)
1160.640 .... 3925 packets received, 6928 bps, 86.59%, Err 95 (1.0e-005)
1162.725 .... 3933 packets received, 6929 bps, 86.61%, Err 95 (1.0e-005)
1164.861 .... 3941 packets received, 6931 bps, 86.63%, Err 95 (1.0e-005)
1166.984 .... 3949 packets received, 6932 bps, 86.65%, Err 95 (1.0e-005)
1169.109 .... 3956 packets received, 6932 bps, 86.65%, Err 95 (1.0e-005)
1171.244 .... 3964 packets received, 6933 bps, 86.66%, Err 95 (1.0e-005)
1173.378 .... 3971 packets received, 6933 bps, 86.66%, Err 95 (1.0e-005)
1175.494 .... 3979 packets received, 6934 bps, 86.68%, Err 95 (1.0e-005)
1177.581 .... 3987 packets received, 6936 bps, 86.70%, Err 95 (1.0e-005)
1179.722 .... 3995 packets received, 6937 bps, 86.71%, Err 95 (1.0e-005)
1181.788 .... 4003 packets received, 6939 bps, 86.73%, Err 95 (1.0e-005)
1183.961 .... 4011 packets received, 6940 bps, 86.75%, Err 96 (1.0e-005)
1186.065 .... 4019 packets received, 6941 bps, 86.77%, Err 96 (1.0e-005)
1188.170 .... 4026 packets received, 6941 bps, 86.76%, Err 96 (1.0e-005)
1190.289 .... 4034 packets received, 6943 bps, 86.78%, Err 96 (1.0e-005)
1192.406 .... 4042 packets received, 6944 bps, 86.80%, Err 96 (1.0e-005)
1195.311 .... 4048 packets received, 6937 bps, 86.72%, Err 97 (1.0e-005)
1197.434 .... 4056 packets received, 6939 bps, 86.73%, Err 97 (1.0e-005)
1199.562 .... 4064 packets received, 6940 bps, 86.75%, Err 97 (1.0e-005)
1201.666 .... 4072 packets received, 6942 bps, 86.77%, Err 97 (1.0e-005)
1203.752 .... 4080 packets received, 6943 bps, 86.79%, Err 97 (1.0e-005)
1205.854 .... 4088 packets received, 6945 bps, 86.81%, Err 97 (1.0e-005)
1207.994 .... 4096 packets received, 6946 bps, 86.82%, Err 97 (1.0e-005)
1211.429 .... 4104 packets received, 6940 bps, 86.75%, Err 98 (1.0e-005)
1213.534 .... 4112 packets received, 6941 bps, 86.76%, Err 98 (1.0e-005)
1215.693 .... 4120 packets received, 6942 bps, 86.78%, Err 98 (1.0e-005)
1217.772 .... 4128 packets received, 6944 bps, 86.80%, Err 98 (1.0e-005)
1219.861 .... 4131 packets received, 6937 bps, 86.71%, Err 99 (1.0e-005)
1222.033 .... 4139 packets received, 6938 bps, 86.73%, Err 99 (1.0e-005)
1224.136 .... 4147 packets received, 6940 bps, 86.75%, Err 99 (1.0e-005)
1226.245 .... 4155 packets received, 6941 bps, 86.76%, Err 99 (1.0e-005)
1228.382 .... 4163 packets received, 6942 bps, 86.78%, Err 99 (1.0e-005)
1230.447 .... 4166 packets received, 6936 bps, 86.70%, Err 100 (1.0e-005)
1232.566 .... 4174 packets received, 6937 bps, 86.71%, Err 100 (1.0e-005)
1234.701 .... 4182 packets received, 6938 bps, 86.73%, Err 100 (1.0e-005)
1236.805 .... 4190 packets received, 6940 bps, 86.75%, Err 100 (1.0e-005)
1238.976 .... 4197 packets received, 6939 bps, 86.74%, Err 100 (1.0e-005)
1241.116 .... 4205 packets received, 6940 bps, 86.75%, Err 100 (1.0e-005)
1243.521 .... 4209 packets received, 6934 bps, 86.67%, Err 101 (1.0e-005)
1246.642 .... 4216 packets received, 6928 bps, 86.60%, Err 102 (1.0e-005)
1248.767 .... 4220 packets received, 6922 bps, 86.53%, Err 103 (1.1e-005)
1250.918 .... 4228 packets received, 6924 bps, 86.55%, Err 103 (1.0e-005)
1253.038 .... 4236 packets received, 6925 bps, 86.56%, Err 103 (1.0e-005)
1255.182 .... 4243 packets received, 6925 bps, 86.56%, Err 103 (1.0e-005)
1258.409 .... 4249 packets received, 6917 bps, 86.46%, Err 104 (1.1e-005)
1260.556 .... 4257 packets received, 6918 bps, 86.47%, Err 104 (1.1e-005)
1262.665 .... 4265 packets received, 6919 bps, 86.49%, Err 104 (1.1e-005)
1264.773 .... 4273 packets received, 6921 bps, 86.51%, Err 104 (1.0e-005)
1266.879 .... 4281 packets received, 6922 bps, 86.53%, Err 104 (1.0e-005)
1269.053 .... 4288 packets received, 6922 bps, 86.52%, Err 104 (1.0e-005)
1271.427 .... 4292 packets received, 6915 bps, 86.44%, Err 105 (1.1e-005)
1273.508 .... 4300 packets received, 6917 bps, 86.46%, Err 105 (1.1e-005)
1275.680 .... 4307 packets received, 6916 bps, 86.45%, Err 105 (1.1e-005)
1277.800 .... 4315 packets received, 6917 bps, 86.47%, Err 105 (1.0e-005)
1279.905 .... 4322 packets received, 6917 bps, 86.47%, Err 105 (1.0e-005)
1282.007 .... 4330 packets received, 6919 bps, 86.48%, Err 105 (1.0e-005)
1284.111 .... 4338 packets received, 6920 bps, 86.50%, Err 105 (1.0e-005)
1286.224 .... 4346 packets received, 6921 bps, 86.52%, Err 105 (1.0e-005)
1288.365 .... 4354 packets received, 6923 bps, 86.53%, Err 105 (1.0e-005)
1290.473 .... 4357 packets received, 6916 bps, 86.45%, Err 106 (1.0e-005)
1292.555 .... 4365 packets received, 6918 bps, 86.47%, Err 106 (1.0e-005)
1294.682 .... 4373 packets received, 6919 bps, 86.49%, Err 106 (1.0e-005)
1296.783 .... 4381 packets received, 6920 bps, 86.50%, Err 106 (1.0e-005)
1298.919 .... 4389 packets received, 6922 bps, 86.52%, Err 106 (1.0e-005)
1301.024 .... 4397 packets received, 6923 bps, 86.54%, Err 106 (1.0e-005)
1303.159 .... 4405 packets received, 6924 bps, 86.55%, Err 106 (1.0e-005)
1305.239 .... 4413 packets received, 6926 bps, 86.57%, Err 106 (1.0e-005)
1307.359 .... 4421 packets received, 6927 bps, 86.59%, Err 106 (1.0e-005)
1309.461 .... 4429 packets received, 6928 bps, 86.61%, Err 106 (1.0e-005)
1311.580 .... 4432 packets received, 6922 bps, 86.52%, Err 107 (1.0e-005)
1313.685 .... 4440 packets received, 6923 bps, 86.54%, Err 107 (1.0e-005)
1315.861 .... 4448 packets received, 6924 bps, 86.55%, Err 107 (1.0e-005)
1317.952 .... 4456 packets received, 6926 bps, 86.57%, Err 107 (1.0e-005)
1320.558 .... 4461 packets received, 6920 bps, 86.50%, Err 108 (1.0e-005)
1322.706 .... 4469 packets received, 6921 bps, 86.51%, Err 108 (1.0e-005)
1324.794 .... 4477 packets received, 6922 bps, 86.53%, Err 108 (1.0e-005)
1326.916 .... 4485 packets received, 6924 bps, 86.55%, Err 108 (1.0e-005)
1329.036 .... 4493 packets received, 6925 bps, 86.56%, Err 108 (1.0e-005)
1331.143 .... 4501 packets received, 6926 bps, 86.58%, Err 108 (1.0e-005)
1333.234 .... 4509 packets received, 6928 bps, 86.60%, Err 108 (1.0e-005)
1335.408 .... 4517 packets received, 6929 bps, 86.61%, Err 108 (1.0e-005)
1337.481 .... 4525 packets received, 6930 bps, 86.63%, Err 108 (1.0e-005)
1339.592 .... 4533 packets received, 6932 bps, 86.65%, Err 108 (1.0e-005)
1341.725 .... 4541 packets received, 6933 bps, 86.66%, Err 108 (1.0e-005)
1345.151 .... 4549 packets received, 6927 bps, 86.59%, Err 110 (1.0e-005)
1347.243 .... 4557 packets received, 6929 bps, 86.61%, Err 110 (1.0e-005)
1349.394 .... 4565 packets received, 6930 bps, 86.62%, Err 110 (1.0e-005)
1351.768 .... 4569 packets received, 6924 bps, 86.55%, Err 111 (1.0e-005)
1353.875 .... 4577 packets received, 6925 bps, 86.56%, Err 111 (1.0e-005)
1355.983 .... 4585 packets received, 6926 bps, 86.58%, Err 111 (1.0e-005)
1358.101 .... 4592 packets received, 6926 bps, 86.58%, Err 111 (1.0e-005)
1360.543 .... 4593 packets received, 6915 bps, 86.44%, Err 112 (1.0e-005)
1362.664 .... 4601 packets received, 6916 bps, 86.46%, Err 112 (1.0e-005)
1364.758 .... 4609 packets received, 6918 bps, 86.47%, Err 112 (1.0e-005)
1366.879 .... 4617 packets received, 6919 bps, 86.49%, Err 112 (1.0e-005)
1368.984 .... 4625 packets received, 6920 bps, 86.51%, Err 112 (1.0e-005)
1371.076 .... 4633 packets received, 6922 bps, 86.52%, Err 112 (1.0e-005)
1373.198 .... 4641 packets received, 6923 bps, 86.54%, Err 112 (1.0e-005)
1375.350 .... 4649 packets received, 6924 bps, 86.55%, Err 112 (1.0e-005)
1377.455 .... 4657 packets received, 6925 bps, 86.57%, Err 112 (1.0e-005)
1379.540 .... 4665 packets received, 6927 bps, 86.59%, Err 112 (1.0e-005)
1381.693 .... 4673 packets received, 6928 bps, 86.60%, Err 112 (1.0e-005)
1383.776 .... 4681 packets received, 6929 bps, 86.62%, Err 112 (1.0e-005)
1385.951 .... 4688 packets received, 6929 bps, 86.61%, Err 112 (1.0e-005)
1388.045 .... 4696 packets received, 6930 bps, 86.63%, Err 112 (1.0e-005)
1390.150 .... 4704 packets received, 6931 bps, 86.64%, Err 112 (1.0e-005)
1392.271 .... 4712 packets received, 6933 bps, 86.66%, Err 112 (1.0e-005)
1394.394 .... 4720 packets received, 6934 bps, 86.67%, Err 112 (1.0e-005)
1396.484 .... 4728 packets received, 6935 bps, 86.69%, Err 112 (1.0e-005)
1398.604 .... 4736 packets received, 6936 bps, 86.71%, Err 112 (1.0e-005)
1400.705 .... 4744 packets received, 6938 bps, 86.72%, Err 112 (1.0e-005)
1402.805 .... 4752 packets received, 6939 bps, 86.74%, Err 112 (1.0e-005)
1404.943 .... 4760 packets received, 6940 bps, 86.75%, Err 112 (1.0e-005)
1407.828 .... 4766 packets received, 6935 bps, 86.68%, Err 113 (1.0e-005)
1409.972 .... 4774 packets received, 6936 bps, 86.70%, Err 113 (1.0e-005)
1412.078 .... 4782 packets received, 6937 bps, 86.71%, Err 113 (1.0e-005)
1414.200 .... 4790 packets received, 6938 bps, 86.73%, Err 113 (1.0e-005)
1416.352 .... 4798 packets received, 6939 bps, 86.74%, Err 113 (1.0e-005)
1419.271 .... 4803 packets received, 6932 bps, 86.65%, Err 114 (1.0e-005)
1421.410 .... 4811 packets received, 6933 bps, 86.66%, Err 114 (1.0e-005)
1423.502 .... 4819 packets received, 6935 bps, 86.68%, Err 114 (1.0e-005)
1425.871 .... 4823 packets received, 6929 bps, 86.61%, Err 115 (1.0e-005)
1428.013 .... 4831 packets received, 6930 bps, 86.62%, Err 115 (1.0e-005)
1430.181 .... 4839 packets received, 6931 bps, 86.63%, Err 115 (1.0e-005)
1432.300 .... 4846 packets received, 6931 bps, 86.63%, Err 115 (1.0e-005)
1434.390 .... 4854 packets received, 6932 bps, 86.65%, Err 115 (1.0e-005)
1436.563 .... 4862 packets received, 6933 bps, 86.66%, Err 115 (1.0e-005)
1438.654 .... 4869 packets received, 6933 bps, 86.66%, Err 115 (1.0e-005)
1440.720 .... 4877 packets received, 6934 bps, 86.68%, Err 115 (1.0e-005)
1443.644 .... 4883 packets received, 6929 bps, 86.61%, Err 116 (1.0e-005)
1445.780 .... 4891 packets received, 6930 bps, 86.62%, Err 116 (1.0e-005)
1448.416 .... 4897 packets received, 6926 bps, 86.57%, Err 117 (1.0e-005)
1450.521 .... 4905 packets received, 6927 bps, 86.58%, Err 117 (1.0e-005)
1452.625 .... 4913 packets received, 6928 bps, 86.60%, Err 117 (1.0e-005)
1454.768 .... 4921 packets received, 6929 bps, 86.61%, Err 117 (1.0e-005)
1456.874 .... 4929 packets received, 6930 bps, 86.63%, Err 117 (1.0e-005)
1459.011 .... 4937 packets received, 6931 bps, 86.64%, Err 117 (1.0e-005)
1461.133 .... 4945 packets received, 6933 bps, 86.66%, Err 117 (1.0e-005)
1463.324 .... 4952 packets received, 6932 bps, 86.65%, Err 117 (1.0e-005)
1465.424 .... 4960 packets received, 6933 bps, 86.66%, Err 117 (1.0e-005)
1467.556 .... 4968 packets received, 6934 bps, 86.68%, Err 117 (1.0e-005)
1469.696 .... 4976 packets received, 6935 bps, 86.69%, Err 117 (1.0e-005)
1471.764 .... 4984 packets received, 6937 bps, 86.71%, Err 117 (1.0e-005)
1473.867 .... 4992 packets received, 6938 bps, 86.72%, Err 117 (1.0e-005)
1476.025 .... 4999 packets received, 6937 bps, 86.72%, Err 117 (1.0e-005)
1478.129 .... 5005 packets received, 6936 bps, 86.70%, Err 117 (1.0e-005)
1480.786 .... 5010 packets received, 6930 bps, 86.63%, Err 118 (1.0e-005)
1482.879 .... 5018 packets received, 6932 bps, 86.65%, Err 118 (1.0e-005)
1485.000 .... 5026 packets received, 6933 bps, 86.66%, Err 118 (1.0e-005)
1487.890 .... 5032 packets received, 6928 bps, 86.59%, Err 119 (1.0e-005)
1490.054 .... 5040 packets received, 6929 bps, 86.61%, Err 119 (1.0e-005)
1492.123 .... 5048 packets received, 6930 bps, 86.62%, Err 119 (1.0e-005)
1494.294 .... 5056 packets received, 6931 bps, 86.64%, Err 119 (1.0e-005)
1496.399 .... 5064 packets received, 6932 bps, 86.65%, Err 119 (1.0e-005)
1498.473 .... 5072 packets received, 6933 bps, 86.67%, Err 119 (1.0e-005)
1500.599 .... 5080 packets received, 6934 bps, 86.68%, Err 119 (1.0e-005)
1502.703 .... 5088 packets received, 6936 bps, 86.70%, Err 119 (1.0e-005)
1505.873 .... 5095 packets received, 6931 bps, 86.63%, Err 120 (1.0e-005)
1507.978 .... 5103 packets received, 6932 bps, 86.65%, Err 120 (1.0e-005)
1510.120 .... 5111 packets received, 6933 bps, 86.66%, Err 120 (1.0e-005)
1512.230 .... 5119 packets received, 6934 bps, 86.67%, Err 120 (1.0e-005)
1514.411 .... 5126 packets received, 6933 bps, 86.67%, Err 120 (1.0e-005)
1516.484 .... 5134 packets received, 6935 bps, 86.68%, Err 120 (1.0e-005)
1518.640 .... 5142 packets received, 6936 bps, 86.70%, Err 120 (1.0e-005)
1520.742 .... 5150 packets received, 6937 bps, 86.71%, Err 121 (1.0e-005)
1522.822 .... 5153 packets received, 6931 bps, 86.64%, Err 121 (1.0e-005)
1524.945 .... 5161 packets received, 6933 bps, 86.66%, Err 121 (1.0e-005)
1527.113 .... 5169 packets received, 6933 bps, 86.67%, Err 121 (1.0e-005)
1529.184 .... 5177 packets received, 6935 bps, 86.68%, Err 121 (1.0e-005)
1531.288 .... 5185 packets received, 6936 bps, 86.70%, Err 121 (1.0e-005)
1533.437 .... 5193 packets received, 6937 bps, 86.71%, Err 121 (1.0e-005)
1535.560 .... 5200 packets received, 6937 bps, 86.71%, Err 121 (1.0e-005)
1537.697 .... 5208 packets received, 6938 bps, 86.72%, Err 122 (1.0e-005)
1539.833 .... 5216 packets received, 6939 bps, 86.73%, Err 122 (1.0e-005)
1541.953 .... 5224 packets received, 6940 bps, 86.75%, Err 122 (1.0e-005)
1544.029 .... 5232 packets received, 6941 bps, 86.76%, Err 122 (1.0e-005)
1546.168 .... 5240 packets received, 6942 bps, 86.77%, Err 122 (1.0e-005)
1548.255 .... 5248 packets received, 6943 bps, 86.79%, Err 122 (1.0e-005)
1550.456 .... 5255 packets received, 6943 bps, 86.78%, Err 122 (1.0e-005)
1552.542 .... 5263 packets received, 6944 bps, 86.80%, Err 122 (1.0e-005)
1554.645 .... 5271 packets received, 6945 bps, 86.81%, Err 122 (1.0e-005)
1556.763 .... 5279 packets received, 6946 bps, 86.83%, Err 122 (1.0e-005)
1558.903 .... 5287 packets received, 6947 bps, 86.84%, Err 122 (1.0e-005)
1561.040 .... 5295 packets received, 6948 bps, 86.85%, Err 122 (1.0e-005)
1563.060 .... 5302 packets received, 6948 bps, 86.85%, Err 122 (9.9e-006)
1565.198 .... 5310 packets received, 6949 bps, 86.86%, Err 122 (9.9e-006)
1567.323 .... 5318 packets received, 6950 bps, 86.88%, Err 122 (9.9e-006)
1569.429 .... 5326 packets received, 6951 bps, 86.89%, Err 122 (9.9e-006)
1571.579 .... 5329 packets received, 6946 bps, 86.82%, Err 123 (1.0e-005)
1573.701 .... 5337 packets received, 6947 bps, 86.83%, Err 123 (1.0e-005)
1575.821 .... 5345 packets received, 6948 bps, 86.85%, Err 123 (1.0e-005)
1577.960 .... 5353 packets received, 6949 bps, 86.86%, Err 123 (9.9e-006)
1580.583 .... 5358 packets received, 6944 bps, 86.80%, Err 124 (1.0e-005)
1582.689 .... 5366 packets received, 6945 bps, 86.81%, Err 124 (1.0e-005)
1584.862 .... 5374 packets received, 6946 bps, 86.82%, Err 124 (1.0e-005)
1586.967 .... 5382 packets received, 6947 bps, 86.83%, Err 124 (1.0e-005)
1589.121 .... 5389 packets received, 6946 bps, 86.83%, Err 124 (9.9e-006)
1591.284 .... 5397 packets received, 6947 bps, 86.84%, Err 124 (9.9e-006)
1593.352 .... 5405 packets received, 6949 bps, 86.86%, Err 124 (9.9e-006)
1595.455 .... 5413 packets received, 6950 bps, 86.87%, Err 124 (9.9e-006)
1597.609 .... 5421 packets received, 6951 bps, 86.88%, Err 124 (9.9e-006)
1599.694 .... 5424 packets received, 6945 bps, 86.82%, Err 125 (1.0e-005)
1601.814 .... 5432 packets received, 6946 bps, 86.83%, Err 125 (9.9e-006)
1603.934 .... 5440 packets received, 6947 bps, 86.84%, Err 125 (9.9e-006)
1606.109 .... 5448 packets received, 6948 bps, 86.85%, Err 125 (9.9e-006)
1608.230 .... 5455 packets received, 6948 bps, 86.85%, Err 125 (9.9e-006)
1610.353 .... 5463 packets received, 6949 bps, 86.86%, Err 125 (9.9e-006)
1612.459 .... 5471 packets received, 6950 bps, 86.87%, Err 126 (1.0e-005)
1614.579 .... 5473 packets received, 6943 bps, 86.79%, Err 126 (9.9e-006)
1616.683 .... 5481 packets received, 6945 bps, 86.81%, Err 127 (1.0e-005)
1618.804 .... 5489 packets received, 6946 bps, 86.82%, Err 127 (1.0e-005)
1621.446 .... 5494 packets received, 6941 bps, 86.76%, Err 129 (1.0e-005)
1623.549 .... 5497 packets received, 6935 bps, 86.69%, Err 129 (1.0e-005)
1626.821 .... 5503 packets received, 6929 bps, 86.61%, Err 130 (1.0e-005)
1628.945 .... 5511 packets received, 6930 bps, 86.62%, Err 130 (1.0e-005)
1631.094 .... 5519 packets received, 6931 bps, 86.64%, Err 130 (1.0e-005)
1633.200 .... 5527 packets received, 6932 bps, 86.65%, Err 130 (1.0e-005)
1635.332 .... 5535 packets received, 6933 bps, 86.66%, Err 130 (1.0e-005)
1637.714 .... 5539 packets received, 6928 bps, 86.60%, Err 131 (1.0e-005)
1639.824 .... 5547 packets received, 6929 bps, 86.61%, Err 131 (1.0e-005)
1641.911 .... 5555 packets received, 6930 bps, 86.63%, Err 131 (1.0e-005)
1644.067 .... 5563 packets received, 6931 bps, 86.64%, Err 131 (1.0e-005)
1646.185 .... 5571 packets received, 6932 bps, 86.65%, Err 131 (1.0e-005)
1648.305 .... 5578 packets received, 6932 bps, 86.65%, Err 131 (1.0e-005)
1650.442 .... 5586 packets received, 6933 bps, 86.66%, Err 131 (1.0e-005)
1652.545 .... 5594 packets received, 6934 bps, 86.67%, Err 131 (1.0e-005)
1654.663 .... 5602 packets received, 6935 bps, 86.69%, Err 131 (1.0e-005)
1656.753 .... 5610 packets received, 6936 bps, 86.70%, Err 131 (1.0e-005)
1658.856 .... 5618 packets received, 6937 bps, 86.71%, Err 131 (1.0e-005)
1660.975 .... 5626 packets received, 6938 bps, 86.73%, Err 131 (1.0e-005)
1663.114 .... 5634 packets received, 6939 bps, 86.74%, Err 131 (1.0e-005)
1665.201 .... 5641 packets received, 6939 bps, 86.74%, Err 131 (1.0e-005)
1667.336 .... 5649 packets received, 6940 bps, 86.75%, Err 131 (1.0e-005)
1669.487 .... 5656 packets received, 6940 bps, 86.74%, Err 131 (1.0e-005)
1671.572 .... 5664 packets received, 6941 bps, 86.76%, Err 131 (1.0e-005)
1673.710 .... 5672 packets received, 6942 bps, 86.77%, Err 131 (1.0e-005)
1675.775 .... 5680 packets received, 6943 bps, 86.79%, Err 131 (1.0e-005)
1677.880 .... 5683 packets received, 6938 bps, 86.72%, Err 132 (1.0e-005)
1680.052 .... 5691 packets received, 6939 bps, 86.73%, Err 132 (1.0e-005)
1682.156 .... 5699 packets received, 6940 bps, 86.75%, Err 132 (1.0e-005)
1684.268 .... 5707 packets received, 6941 bps, 86.76%, Err 132 (1.0e-005)
1686.374 .... 5715 packets received, 6942 bps, 86.77%, Err 132 (1.0e-005)
1688.508 .... 5723 packets received, 6943 bps, 86.78%, Err 132 (1.0e-005)
1690.584 .... 5731 packets received, 6944 bps, 86.80%, Err 132 (1.0e-005)
1692.717 .... 5739 packets received, 6945 bps, 86.81%, Err 132 (9.9e-006)
1694.818 .... 5747 packets received, 6946 bps, 86.82%, Err 132 (9.9e-006)
1696.921 .... 5755 packets received, 6947 bps, 86.84%, Err 132 (9.9e-006)
1699.047 .... 5763 packets received, 6948 bps, 86.85%, Err 132 (9.9e-006)
1705.043 .... 5769 packets received, 6931 bps, 86.63%, Err 134 (1.0e-005)
1707.164 .... 5777 packets received, 6932 bps, 86.64%, Err 135 (1.0e-005)
1709.287 .... 5780 packets received, 6927 bps, 86.58%, Err 136 (1.0e-005)
1711.363 .... 5788 packets received, 6928 bps, 86.60%, Err 136 (1.0e-005)
1713.514 .... 5796 packets received, 6929 bps, 86.61%, Err 136 (1.0e-005)
1715.741 .... 5803 packets received, 6928 bps, 86.60%, Err 136 (1.0e-005)
1717.800 .... 5811 packets received, 6929 bps, 86.61%, Err 136 (1.0e-005)
1719.920 .... 5814 packets received, 6924 bps, 86.55%, Err 137 (1.0e-005)
1722.021 .... 5822 packets received, 6925 bps, 86.57%, Err 137 (1.0e-005)
1724.190 .... 5830 packets received, 6926 bps, 86.58%, Err 137 (1.0e-005)
1726.327 .... 5837 packets received, 6926 bps, 86.57%, Err 137 (1.0e-005)
1728.473 .... 5845 packets received, 6927 bps, 86.58%, Err 137 (1.0e-005)
1730.607 .... 5852 packets received, 6926 bps, 86.58%, Err 137 (1.0e-005)
1732.657 .... 5859 packets received, 6926 bps, 86.58%, Err 137 (1.0e-005)
1734.812 .... 5867 packets received, 6927 bps, 86.59%, Err 137 (1.0e-005)
1737.688 .... 5873 packets received, 6923 bps, 86.54%, Err 138 (1.0e-005)
1739.823 .... 5881 packets received, 6924 bps, 86.55%, Err 138 (1.0e-005)
1741.959 .... 5889 packets received, 6925 bps, 86.56%, Err 138 (1.0e-005)
1744.062 .... 5897 packets received, 6926 bps, 86.57%, Err 138 (1.0e-005)
1746.151 .... 5905 packets received, 6927 bps, 86.59%, Err 138 (1.0e-005)
1748.254 .... 5913 packets received, 6928 bps, 86.60%, Err 138 (1.0e-005)
1750.373 .... 5921 packets received, 6929 bps, 86.61%, Err 138 (1.0e-005)
1752.513 .... 5929 packets received, 6930 bps, 86.62%, Err 138 (1.0e-005)
1754.664 .... 5936 packets received, 6929 bps, 86.62%, Err 138 (1.0e-005)
1756.787 .... 5944 packets received, 6930 bps, 86.63%, Err 138 (1.0e-005)
1759.158 .... 5948 packets received, 6926 bps, 86.57%, Err 139 (1.0e-005)
1761.292 .... 5956 packets received, 6927 bps, 86.58%, Err 139 (1.0e-005)
1763.417 .... 5964 packets received, 6928 bps, 86.59%, Err 139 (1.0e-005)
1765.513 .... 5972 packets received, 6929 bps, 86.61%, Err 139 (1.0e-005)
1767.642 .... 5980 packets received, 6930 bps, 86.62%, Err 139 (1.0e-005)
1769.745 .... 5983 packets received, 6925 bps, 86.56%, Err 140 (1.0e-005)
1771.881 .... 5991 packets received, 6926 bps, 86.57%, Err 140 (1.0e-005)
1773.983 .... 5999 packets received, 6927 bps, 86.58%, Err 140 (1.0e-005)
1776.356 .... 6003 packets received, 6922 bps, 86.53%, Err 141 (1.0e-005)
1778.993 .... 6009 packets received, 6919 bps, 86.48%, Err 142 (1.0e-005)
1781.144 .... 6017 packets received, 6920 bps, 86.49%, Err 142 (1.0e-005)
1783.233 .... 6025 packets received, 6921 bps, 86.51%, Err 142 (1.0e-005)
1785.374 .... 6033 packets received, 6922 bps, 86.52%, Err 142 (1.0e-005)
1787.579 .... 6040 packets received, 6921 bps, 86.51%, Err 142 (1.0e-005)
1789.685 .... 6048 packets received, 6922 bps, 86.53%, Err 142 (1.0e-005)
1791.805 .... 6056 packets received, 6923 bps, 86.54%, Err 142 (1.0e-005)
1793.893 .... 6064 packets received, 6924 bps, 86.55%, Err 142 (1.0e-005)
1796.058 .... 6071 packets received, 6924 bps, 86.55%, Err 142 (1.0e-005)
1798.135 .... 6079 packets received, 6925 bps, 86.56%, Err 143 (1.0e-005)
1800.286 .... 6087 packets received, 6926 bps, 86.57%, Err 143 (1.0e-005)
1802.390 .... 6095 packets received, 6927 bps, 86.58%, Err 143 (1.0e-005)
1804.514 .... 6103 packets received, 6928 bps, 86.59%, Err 143 (1.0e-005)
1806.596 .... 6111 packets received, 6929 bps, 86.61%, Err 143 (1.0e-005)
1808.721 .... 6119 packets received, 6930 bps, 86.62%, Err 143 (1.0e-005)
1810.856 .... 6127 packets received, 6930 bps, 86.63%, Err 143 (1.0e-005)
1812.963 .... 6134 packets received, 6930 bps, 86.63%, Err 143 (1.0e-005)
1815.081 .... 6142 packets received, 6931 bps, 86.64%, Err 143 (1.0e-005)
1817.156 .... 6150 packets received, 6932 bps, 86.65%, Err 143 (1.0e-005)
1819.306 .... 6158 packets received, 6933 bps, 86.66%, Err 143 (1.0e-005)
1821.382 .... 6166 packets received, 6934 bps, 86.68%, Err 143 (1.0e-005)
1823.503 .... 6174 packets received, 6935 bps, 86.69%, Err 143 (1.0e-005)
1825.910 .... 6182 packets received, 6935 bps, 86.69%, Err 144 (1.0e-005)
1828.015 .... 6185 packets received, 6930 bps, 86.63%, Err 144 (1.0e-005)
1830.172 .... 6193 packets received, 6931 bps, 86.64%, Err 144 (1.0e-005)
1832.239 .... 6201 packets received, 6932 bps, 86.65%, Err 144 (1.0e-005)
1834.346 .... 6209 packets received, 6933 bps, 86.67%, Err 144 (1.0e-005)
1836.451 .... 6217 packets received, 6934 bps, 86.68%, Err 144 (1.0e-005)
1838.592 .... 6225 packets received, 6935 bps, 86.69%, Err 144 (1.0e-005)
1840.711 .... 6233 packets received, 6936 bps, 86.70%, Err 144 (1.0e-005)
1842.805 .... 6241 packets received, 6937 bps, 86.71%, Err 144 (1.0e-005)
1844.909 .... 6249 packets received, 6938 bps, 86.72%, Err 144 (1.0e-005)
1847.012 .... 6257 packets received, 6939 bps, 86.74%, Err 144 (9.9e-006)
1849.147 .... 6265 packets received, 6940 bps, 86.75%, Err 144 (9.9e-006)
1851.254 .... 6273 packets received, 6941 bps, 86.76%, Err 144 (9.9e-006)
1853.391 .... 6281 packets received, 6942 bps, 86.77%, Err 144 (9.9e-006)
1855.482 .... 6289 packets received, 6943 bps, 86.78%, Err 144 (9.9e-006)
1857.602 .... 6297 packets received, 6943 bps, 86.79%, Err 144 (9.9e-006)
1859.705 .... 6305 packets received, 6944 bps, 86.81%, Err 144 (9.9e-006)
1861.822 .... 6313 packets received, 6945 bps, 86.82%, Err 144 (9.9e-006)
1864.249 .... 6321 packets received, 6945 bps, 86.81%, Err 144 (9.8e-006)
1866.315 .... 6329 packets received, 6946 bps, 86.83%, Err 144 (9.8e-006)
1868.405 .... 6337 packets received, 6947 bps, 86.84%, Err 144 (9.8e-006)
1870.824 .... 6341 packets received, 6943 bps, 86.78%, Err 145 (9.9e-006)
1872.943 .... 6349 packets received, 6943 bps, 86.79%, Err 145 (9.9e-006)
1875.835 .... 6355 packets received, 6939 bps, 86.74%, Err 147 (1.0e-005)
1877.952 .... 6363 packets received, 6940 bps, 86.75%, Err 147 (1.0e-005)
1880.076 .... 6371 packets received, 6941 bps, 86.76%, Err 147 (1.0e-005)
1882.194 .... 6379 packets received, 6942 bps, 86.77%, Err 147 (1.0e-005)
1884.282 .... 6387 packets received, 6943 bps, 86.79%, Err 147 (9.9e-006)
1886.420 .... 6395 packets received, 6944 bps, 86.80%, Err 147 (9.9e-006)
1888.793 .... 6399 packets received, 6939 bps, 86.74%, Err 148 (1.0e-005)
1890.909 .... 6407 packets received, 6940 bps, 86.75%, Err 148 (1.0e-005)
1893.025 .... 6415 packets received, 6941 bps, 86.77%, Err 148 (1.0e-005)
1895.127 .... 6418 packets received, 6937 bps, 86.71%, Err 149 (1.0e-005)
1897.303 .... 6422 packets received, 6933 bps, 86.66%, Err 150 (1.0e-005)
1899.408 .... 6430 packets received, 6934 bps, 86.68%, Err 150 (1.0e-005)
1902.812 .... 6435 packets received, 6927 bps, 86.59%, Err 151 (1.0e-005)
1904.983 .... 6443 packets received, 6928 bps, 86.60%, Err 151 (1.0e-005)
1907.103 .... 6451 packets received, 6929 bps, 86.61%, Err 151 (1.0e-005)
1909.195 .... 6459 packets received, 6930 bps, 86.62%, Err 151 (1.0e-005)
1911.300 .... 6467 packets received, 6931 bps, 86.63%, Err 151 (1.0e-005)
1913.405 .... 6475 packets received, 6932 bps, 86.64%, Err 151 (1.0e-005)
1916.880 .... 6483 packets received, 6927 bps, 86.59%, Err 152 (1.0e-005)
1919.031 .... 6490 packets received, 6927 bps, 86.59%, Err 152 (1.0e-005)
1922.608 .... 6494 packets received, 6919 bps, 86.48%, Err 153 (1.0e-005)
1924.766 .... 6502 packets received, 6919 bps, 86.49%, Err 153 (1.0e-005)
1928.808 .... 6510 packets received, 6913 bps, 86.42%, Err 154 (1.0e-005)
1930.898 .... 6518 packets received, 6914 bps, 86.43%, Err 155 (1.0e-005)
1933.003 .... 6521 packets received, 6910 bps, 86.37%, Err 155 (1.0e-005)
1935.139 .... 6529 packets received, 6911 bps, 86.38%, Err 155 (1.0e-005)
1937.272 .... 6537 packets received, 6912 bps, 86.40%, Err 155 (1.0e-005)
1939.381 .... 6545 packets received, 6913 bps, 86.41%, Err 155 (1.0e-005)
1941.471 .... 6553 packets received, 6914 bps, 86.42%, Err 155 (1.0e-005)
1943.594 .... 6561 packets received, 6914 bps, 86.43%, Err 155 (1.0e-005)
1945.698 .... 6569 packets received, 6915 bps, 86.44%, Err 155 (1.0e-005)
1947.788 .... 6577 packets received, 6916 bps, 86.45%, Err 155 (1.0e-005)
1949.913 .... 6585 packets received, 6917 bps, 86.47%, Err 155 (1.0e-005)
1952.039 .... 6593 packets received, 6918 bps, 86.48%, Err 155 (1.0e-005)
1954.120 .... 6601 packets received, 6919 bps, 86.49%, Err 155 (1.0e-005)
1956.259 .... 6609 packets received, 6920 bps, 86.50%, Err 155 (1.0e-005)
1958.380 .... 6617 packets received, 6921 bps, 86.51%, Err 155 (1.0e-005)
1961.316 .... 6623 packets received, 6917 bps, 86.46%, Err 157 (1.0e-005)
1963.390 .... 6631 packets received, 6918 bps, 86.47%, Err 157 (1.0e-005)
1965.642 .... 6639 packets received, 6918 bps, 86.48%, Err 158 (1.0e-005)
1967.731 .... 6647 packets received, 6919 bps, 86.49%, Err 158 (1.0e-005)
1969.835 .... 6655 packets received, 6920 bps, 86.50%, Err 158 (1.0e-005)
1971.937 .... 6663 packets received, 6921 bps, 86.51%, Err 158 (1.0e-005)
1974.082 .... 6671 packets received, 6922 bps, 86.52%, Err 158 (1.0e-005)
1976.203 .... 6679 packets received, 6923 bps, 86.53%, Err 158 (1.0e-005)
1978.293 .... 6687 packets received, 6924 bps, 86.55%, Err 158 (1.0e-005)
1980.426 .... 6695 packets received, 6924 bps, 86.56%, Err 159 (1.0e-005)
1982.556 .... 6698 packets received, 6920 bps, 86.50%, Err 159 (1.0e-005)
1984.632 .... 6706 packets received, 6921 bps, 86.51%, Err 159 (1.0e-005)
1986.753 .... 6714 packets received, 6922 bps, 86.52%, Err 159 (1.0e-005)
1988.855 .... 6722 packets received, 6923 bps, 86.54%, Err 159 (1.0e-005)
1990.995 .... 6730 packets received, 6924 bps, 86.55%, Err 159 (1.0e-005)
1993.089 .... 6738 packets received, 6925 bps, 86.56%, Err 159 (1.0e-005)
1995.191 .... 6746 packets received, 6926 bps, 86.57%, Err 159 (1.0e-005)
1997.310 .... 6754 packets received, 6926 bps, 86.58%, Err 159 (1.0e-005)
1999.418 .... 6762 packets received, 6927 bps, 86.59%, Err 159 (1.0e-005)
2001.522 .... 6770 packets received, 6928 bps, 86.60%, Err 159 (1.0e-005)
2003.665 .... 6778 packets received, 6929 bps, 86.61%, Err 159 (1.0e-005)
2005.804 .... 6786 packets received, 6930 bps, 86.62%, Err 159 (1.0e-005)
2007.907 .... 6794 packets received, 6931 bps, 86.63%, Err 159 (1.0e-005)
2010.014 .... 6802 packets received, 6932 bps, 86.64%, Err 159 (1.0e-005)
2012.088 .... 6810 packets received, 6933 bps, 86.66%, Err 159 (1.0e-005)
2014.224 .... 6818 packets received, 6933 bps, 86.67%, Err 159 (1.0e-005)
2016.327 .... 6826 packets received, 6934 bps, 86.68%, Err 159 (1.0e-005)
2018.451 .... 6834 packets received, 6935 bps, 86.69%, Err 159 (1.0e-005)
2020.610 .... 6842 packets received, 6936 bps, 86.70%, Err 159 (1.0e-005)
2022.748 .... 6849 packets received, 6935 bps, 86.69%, Err 159 (1.0e-005)
2024.850 .... 6857 packets received, 6936 bps, 86.70%, Err 159 (1.0e-005)
2026.985 .... 6865 packets received, 6937 bps, 86.71%, Err 159 (1.0e-005)
2030.181 .... 6871 packets received, 6932 bps, 86.65%, Err 160 (1.0e-005)
2032.305 .... 6879 packets received, 6933 bps, 86.66%, Err 160 (1.0e-005)
2034.407 .... 6887 packets received, 6934 bps, 86.67%, Err 160 (1.0e-005)
2036.532 .... 6895 packets received, 6935 bps, 86.68%, Err 160 (1.0e-005)
2038.637 .... 6903 packets received, 6936 bps, 86.70%, Err 160 (1.0e-005)
2040.730 .... 6911 packets received, 6937 bps, 86.71%, Err 160 (1.0e-005)
2042.834 .... 6919 packets received, 6937 bps, 86.72%, Err 160 (1.0e-005)
2044.975 .... 6927 packets received, 6938 bps, 86.73%, Err 160 (1.0e-005)
2047.914 .... 6933 packets received, 6934 bps, 86.68%, Err 161 (1.0e-005)
2050.004 .... 6941 packets received, 6935 bps, 86.69%, Err 161 (1.0e-005)
2052.124 .... 6949 packets received, 6936 bps, 86.70%, Err 161 (1.0e-005)
2054.225 .... 6957 packets received, 6937 bps, 86.71%, Err 161 (1.0e-005)
2056.350 .... 6965 packets received, 6938 bps, 86.72%, Err 161 (1.0e-005)
2059.790 .... 6973 packets received, 6934 bps, 86.68%, Err 162 (1.0e-005)
2061.882 .... 6981 packets received, 6935 bps, 86.69%, Err 162 (1.0e-005)
2064.002 .... 6989 packets received, 6936 bps, 86.70%, Err 162 (1.0e-005)
2066.128 .... 6997 packets received, 6937 bps, 86.71%, Err 162 (1.0e-005)
2068.349 .... 7004 packets received, 6936 bps, 86.70%, Err 162 (1.0e-005)
2070.438 .... 7012 packets received, 6937 bps, 86.71%, Err 162 (1.0e-005)
2073.359 .... 7018 packets received, 6933 bps, 86.66%, Err 163 (1.0e-005)
2075.509 .... 7026 packets received, 6934 bps, 86.67%, Err 163 (1.0e-005)
2077.599 .... 7034 packets received, 6935 bps, 86.68%, Err 163 (1.0e-005)
2081.059 .... 7042 packets received, 6931 bps, 86.64%, Err 164 (1.0e-005)
2083.163 .... 7050 packets received, 6932 bps, 86.65%, Err 164 (1.0e-005)
2085.298 .... 7054 packets received, 6929 bps, 86.61%, Err 165 (1.0e-005)
2087.388 .... 7062 packets received, 6930 bps, 86.62%, Err 165 (1.0e-005)
2089.528 .... 7070 packets received, 6930 bps, 86.63%, Err 165 (1.0e-005)
2091.646 .... 7078 packets received, 6931 bps, 86.64%, Err 165 (1.0e-005)
2093.730 .... 7086 packets received, 6932 bps, 86.65%, Err 165 (1.0e-005)
2095.853 .... 7094 packets received, 6933 bps, 86.66%, Err 165 (1.0e-005)
2097.957 .... 7102 packets received, 6934 bps, 86.67%, Err 165 (1.0e-005)
2100.065 .... 7110 packets received, 6935 bps, 86.68%, Err 165 (1.0e-005)
2103.870 .... 7115 packets received, 6927 bps, 86.59%, Err 166 (1.0e-005)
2106.013 .... 7123 packets received, 6928 bps, 86.60%, Err 166 (1.0e-005)
2108.116 .... 7131 packets received, 6929 bps, 86.61%, Err 166 (1.0e-005)
2110.221 .... 7139 packets received, 6929 bps, 86.62%, Err 166 (1.0e-005)
2112.356 .... 7147 packets received, 6930 bps, 86.63%, Err 166 (1.0e-005)
2114.430 .... 7155 packets received, 6931 bps, 86.64%, Err 166 (1.0e-005)
2116.535 .... 7163 packets received, 6932 bps, 86.65%, Err 166 (1.0e-005)
2118.655 .... 7171 packets received, 6933 bps, 86.66%, Err 166 (1.0e-005)
2121.857 .... 7176 packets received, 6927 bps, 86.59%, Err 167 (1.0e-005)
2124.044 .... 7184 packets received, 6928 bps, 86.60%, Err 167 (1.0e-005)
2126.106 .... 7192 packets received, 6929 bps, 86.61%, Err 167 (1.0e-005)
2128.230 .... 7200 packets received, 6929 bps, 86.62%, Err 167 (1.0e-005)
2130.364 .... 7208 packets received, 6930 bps, 86.63%, Err 167 (1.0e-005)
2132.438 .... 7216 packets received, 6931 bps, 86.64%, Err 167 (1.0e-005)
2135.628 .... 7223 packets received, 6928 bps, 86.59%, Err 168 (1.0e-005)
2138.578 .... 7229 packets received, 6924 bps, 86.55%, Err 169 (1.0e-005)
2140.679 .... 7236 packets received, 6924 bps, 86.55%, Err 169 (1.0e-005)
2142.813 .... 7244 packets received, 6924 bps, 86.55%, Err 169 (1.0e-005)
2144.918 .... 7252 packets received, 6925 bps, 86.57%, Err 169 (1.0e-005)
2147.007 .... 7260 packets received, 6926 bps, 86.58%, Err 169 (1.0e-005)
2149.641 .... 7265 packets received, 6922 bps, 86.53%, Err 171 (1.0e-005)
2151.762 .... 7273 packets received, 6923 bps, 86.54%, Err 171 (1.0e-005)
2154.403 .... 7278 packets received, 6919 bps, 86.49%, Err 172 (1.0e-005)
2156.568 .... 7286 packets received, 6920 bps, 86.50%, Err 173 (1.0e-005)
2158.671 .... 7289 packets received, 6916 bps, 86.45%, Err 173 (1.0e-005)
2160.781 .... 7297 packets received, 6917 bps, 86.46%, Err 173 (1.0e-005)
2162.855 TCP Disconnected.
