GBN afu 
=========================================================================
                          Station A                                 
-------------------------------------------------------------------------
Protocol.lib, version 3.0, Build: Oct 19 2009 (jiangy@public3.bta.net.cn)
Channel: 8000 bps, 270 ms propagation delay, bit error rate 0
Log file "GBN-A.log", TCP port 59144, debug mask 0x00
Station A is waiting for station B on TCP port 59144 ... Done.
New epoch: Sat May 20 17:23:41 2017
=========================================================================
Designed by LXS, build: May 20 2017  13:12:58
2.394 .... 8 packets received, 7761 bps, 97.02%, Err 0 (0.0e+000)
4.498 .... 16 packets received, 7774 bps, 97.18%, Err 0 (0.0e+000)
6.623 .... 24 packets received, 7753 bps, 96.91%, Err 0 (0.0e+000)
8.733 .... 32 packets received, 7756 bps, 96.95%, Err 0 (0.0e+000)
10.854 .... 40 packets received, 7750 bps, 96.87%, Err 0 (0.0e+000)
12.964 .... 48 packets received, 7752 bps, 96.90%, Err 0 (0.0e+000)
15.076 .... 56 packets received, 7753 bps, 96.91%, Err 0 (0.0e+000)
17.185 .... 64 packets received, 7755 bps, 96.94%, Err 0 (0.0e+000)
19.301 .... 72 packets received, 7753 bps, 96.92%, Err 0 (0.0e+000)
21.414 .... 80 packets received, 7754 bps, 96.92%, Err 0 (0.0e+000)
23.523 .... 88 packets received, 7755 bps, 96.94%, Err 0 (0.0e+000)
25.621 .... 96 packets received, 7759 bps, 96.99%, Err 0 (0.0e+000)
27.740 .... 104 packets received, 7757 bps, 96.97%, Err 0 (0.0e+000)
29.850 .... 112 packets received, 7758 bps, 96.97%, Err 0 (0.0e+000)
31.967 .... 120 packets received, 7757 bps, 96.96%, Err 0 (0.0e+000)
34.081 .... 128 packets received, 7756 bps, 96.95%, Err 0 (0.0e+000)
36.188 .... 136 packets received, 7757 bps, 96.97%, Err 0 (0.0e+000)
38.304 .... 144 packets received, 7757 bps, 96.96%, Err 0 (0.0e+000)
40.417 .... 152 packets received, 7756 bps, 96.96%, Err 0 (0.0e+000)
42.531 .... 160 packets received, 7756 bps, 96.95%, Err 0 (0.0e+000)
44.648 .... 168 packets received, 7755 bps, 96.94%, Err 0 (0.0e+000)
46.754 .... 176 packets received, 7756 bps, 96.96%, Err 0 (0.0e+000)
48.867 .... 184 packets received, 7756 bps, 96.95%, Err 0 (0.0e+000)
50.979 .... 192 packets received, 7756 bps, 96.95%, Err 0 (0.0e+000)
53.096 .... 200 packets received, 7756 bps, 96.95%, Err 0 (0.0e+000)
55.195 .... 208 packets received, 7758 bps, 96.97%, Err 0 (0.0e+000)
57.321 .... 216 packets received, 7756 bps, 96.95%, Err 0 (0.0e+000)
59.428 .... 224 packets received, 7756 bps, 96.95%, Err 0 (0.0e+000)
61.530 .... 232 packets received, 7758 bps, 96.97%, Err 0 (0.0e+000)
63.637 .... 240 packets received, 7758 bps, 96.98%, Err 0 (0.0e+000)
65.753 .... 248 packets received, 7758 bps, 96.97%, Err 0 (0.0e+000)
67.870 .... 256 packets received, 7757 bps, 96.97%, Err 0 (0.0e+000)
69.997 .... 264 packets received, 7756 bps, 96.94%, Err 0 (0.0e+000)
72.099 .... 272 packets received, 7757 bps, 96.96%, Err 0 (0.0e+000)
74.204 .... 280 packets received, 7757 bps, 96.97%, Err 0 (0.0e+000)
76.308 .... 288 packets received, 7758 bps, 96.98%, Err 0 (0.0e+000)
78.427 .... 296 packets received, 7758 bps, 96.97%, Err 0 (0.0e+000)
80.550 .... 304 packets received, 7757 bps, 96.96%, Err 0 (0.0e+000)
82.648 .... 312 packets received, 7758 bps, 96.97%, Err 0 (0.0e+000)
84.758 .... 320 packets received, 7758 bps, 96.98%, Err 0 (0.0e+000)
86.870 .... 328 packets received, 7758 bps, 96.98%, Err 0 (0.0e+000)
88.993 .... 336 packets received, 7757 bps, 96.96%, Err 0 (0.0e+000)
91.095 .... 344 packets received, 7758 bps, 96.97%, Err 0 (0.0e+000)
93.209 .... 352 packets received, 7758 bps, 96.97%, Err 0 (0.0e+000)
95.324 .... 360 packets received, 7757 bps, 96.97%, Err 0 (0.0e+000)
97.437 .... 368 packets received, 7757 bps, 96.97%, Err 0 (0.0e+000)
99.545 .... 376 packets received, 7758 bps, 96.97%, Err 0 (0.0e+000)
101.665 .... 384 packets received, 7757 bps, 96.96%, Err 0 (0.0e+000)
103.774 .... 392 packets received, 7757 bps, 96.97%, Err 0 (0.0e+000)
105.888 .... 400 packets received, 7757 bps, 96.97%, Err 0 (0.0e+000)
107.995 .... 408 packets received, 7758 bps, 96.97%, Err 0 (0.0e+000)
110.112 .... 416 packets received, 7757 bps, 96.97%, Err 0 (0.0e+000)
112.212 .... 424 packets received, 7758 bps, 96.98%, Err 0 (0.0e+000)
114.344 .... 432 packets received, 7757 bps, 96.96%, Err 0 (0.0e+000)
116.447 .... 440 packets received, 7757 bps, 96.97%, Err 0 (0.0e+000)
118.560 .... 448 packets received, 7757 bps, 96.97%, Err 0 (0.0e+000)
120.676 .... 456 packets received, 7757 bps, 96.96%, Err 0 (0.0e+000)
122.780 .... 464 packets received, 7758 bps, 96.97%, Err 0 (0.0e+000)
124.898 .... 472 packets received, 7757 bps, 96.96%, Err 0 (0.0e+000)
127.004 .... 480 packets received, 7758 bps, 96.97%, Err 0 (0.0e+000)
129.122 .... 488 packets received, 7757 bps, 96.96%, Err 0 (0.0e+000)
131.223 .... 496 packets received, 7758 bps, 96.97%, Err 0 (0.0e+000)
133.350 .... 504 packets received, 7757 bps, 96.96%, Err 0 (0.0e+000)
135.451 .... 512 packets received, 7758 bps, 96.97%, Err 0 (0.0e+000)
137.562 .... 520 packets received, 7758 bps, 96.97%, Err 0 (0.0e+000)
139.672 .... 528 packets received, 7758 bps, 96.97%, Err 0 (0.0e+000)
141.782 .... 536 packets received, 7758 bps, 96.97%, Err 0 (0.0e+000)
143.908 .... 544 packets received, 7757 bps, 96.96%, Err 0 (0.0e+000)
146.017 .... 552 packets received, 7757 bps, 96.97%, Err 0 (0.0e+000)
148.121 .... 560 packets received, 7758 bps, 96.97%, Err 0 (0.0e+000)
150.250 .... 568 packets received, 7757 bps, 96.96%, Err 0 (0.0e+000)
152.353 .... 576 packets received, 7757 bps, 96.97%, Err 0 (0.0e+000)
154.457 .... 584 packets received, 7758 bps, 96.97%, Err 0 (0.0e+000)
156.567 .... 592 packets received, 7758 bps, 96.97%, Err 0 (0.0e+000)
158.691 .... 600 packets received, 7757 bps, 96.96%, Err 0 (0.0e+000)
160.808 .... 608 packets received, 7757 bps, 96.96%, Err 0 (0.0e+000)
162.918 .... 616 packets received, 7757 bps, 96.96%, Err 0 (0.0e+000)
165.021 .... 624 packets received, 7757 bps, 96.97%, Err 0 (0.0e+000)
167.136 .... 632 packets received, 7757 bps, 96.97%, Err 0 (0.0e+000)
169.263 .... 640 packets received, 7757 bps, 96.96%, Err 0 (0.0e+000)
171.352 .... 648 packets received, 7758 bps, 96.97%, Err 0 (0.0e+000)
173.467 .... 656 packets received, 7758 bps, 96.97%, Err 0 (0.0e+000)
175.598 .... 664 packets received, 7757 bps, 96.96%, Err 0 (0.0e+000)
177.707 .... 672 packets received, 7757 bps, 96.96%, Err 0 (0.0e+000)
179.809 .... 680 packets received, 7757 bps, 96.97%, Err 0 (0.0e+000)
181.914 .... 688 packets received, 7758 bps, 96.97%, Err 0 (0.0e+000)
184.032 .... 696 packets received, 7757 bps, 96.97%, Err 0 (0.0e+000)
186.136 .... 704 packets received, 7758 bps, 96.97%, Err 0 (0.0e+000)
188.253 .... 712 packets received, 7757 bps, 96.97%, Err 0 (0.0e+000)
190.371 .... 720 packets received, 7757 bps, 96.97%, Err 0 (0.0e+000)
192.478 .... 728 packets received, 7757 bps, 96.97%, Err 0 (0.0e+000)
194.595 .... 736 packets received, 7757 bps, 96.97%, Err 0 (0.0e+000)
196.696 .... 744 packets received, 7758 bps, 96.97%, Err 0 (0.0e+000)
198.827 .... 752 packets received, 7757 bps, 96.96%, Err 0 (0.0e+000)
200.932 .... 760 packets received, 7757 bps, 96.97%, Err 0 (0.0e+000)
203.039 .... 768 packets received, 7757 bps, 96.97%, Err 0 (0.0e+000)
205.147 .... 776 packets received, 7758 bps, 96.97%, Err 0 (0.0e+000)
207.271 .... 784 packets received, 7757 bps, 96.96%, Err 0 (0.0e+000)
209.374 .... 792 packets received, 7757 bps, 96.97%, Err 0 (0.0e+000)
211.478 .... 800 packets received, 7758 bps, 96.97%, Err 0 (0.0e+000)
213.594 .... 808 packets received, 7758 bps, 96.97%, Err 0 (0.0e+000)
215.718 .... 816 packets received, 7757 bps, 96.96%, Err 0 (0.0e+000)
217.818 .... 824 packets received, 7758 bps, 96.97%, Err 0 (0.0e+000)
219.932 .... 832 packets received, 7758 bps, 96.97%, Err 0 (0.0e+000)
222.039 .... 840 packets received, 7758 bps, 96.97%, Err 0 (0.0e+000)
224.156 .... 848 packets received, 7758 bps, 96.97%, Err 0 (0.0e+000)
226.278 .... 856 packets received, 7757 bps, 96.96%, Err 0 (0.0e+000)
228.381 .... 864 packets received, 7758 bps, 96.97%, Err 0 (0.0e+000)
230.493 .... 872 packets received, 7758 bps, 96.97%, Err 0 (0.0e+000)
232.604 .... 880 packets received, 7758 bps, 96.97%, Err 0 (0.0e+000)
234.723 .... 888 packets received, 7757 bps, 96.97%, Err 0 (0.0e+000)
236.823 .... 896 packets received, 7758 bps, 96.97%, Err 0 (0.0e+000)
238.943 .... 904 packets received, 7757 bps, 96.97%, Err 0 (0.0e+000)
241.046 .... 912 packets received, 7758 bps, 96.97%, Err 0 (0.0e+000)
243.168 .... 920 packets received, 7757 bps, 96.97%, Err 0 (0.0e+000)
245.272 .... 928 packets received, 7758 bps, 96.97%, Err 0 (0.0e+000)
247.389 .... 936 packets received, 7758 bps, 96.97%, Err 0 (0.0e+000)
249.490 .... 944 packets received, 7758 bps, 96.97%, Err 0 (0.0e+000)
251.621 .... 952 packets received, 7757 bps, 96.97%, Err 0 (0.0e+000)
253.736 .... 960 packets received, 7757 bps, 96.96%, Err 0 (0.0e+000)
255.840 .... 968 packets received, 7757 bps, 96.97%, Err 0 (0.0e+000)
257.942 .... 976 packets received, 7758 bps, 96.97%, Err 0 (0.0e+000)
260.060 .... 984 packets received, 7758 bps, 96.97%, Err 0 (0.0e+000)
262.185 .... 992 packets received, 7757 bps, 96.96%, Err 0 (0.0e+000)
264.287 .... 1000 packets received, 7757 bps, 96.97%, Err 0 (0.0e+000)
266.408 .... 1008 packets received, 7757 bps, 96.96%, Err 0 (0.0e+000)
268.518 .... 1016 packets received, 7757 bps, 96.97%, Err 0 (0.0e+000)
270.633 .... 1024 packets received, 7757 bps, 96.96%, Err 0 (0.0e+000)
272.758 .... 1032 packets received, 7757 bps, 96.96%, Err 0 (0.0e+000)
274.841 .... 1040 packets received, 7758 bps, 96.97%, Err 0 (0.0e+000)
276.948 .... 1048 packets received, 7758 bps, 96.97%, Err 0 (0.0e+000)
279.066 .... 1056 packets received, 7758 bps, 96.97%, Err 0 (0.0e+000)
281.181 .... 1064 packets received, 7758 bps, 96.97%, Err 0 (0.0e+000)
283.293 .... 1072 packets received, 7758 bps, 96.97%, Err 0 (0.0e+000)
285.398 .... 1080 packets received, 7758 bps, 96.97%, Err 0 (0.0e+000)
287.515 .... 1088 packets received, 7758 bps, 96.97%, Err 0 (0.0e+000)
289.621 .... 1096 packets received, 7758 bps, 96.97%, Err 0 (0.0e+000)
291.743 .... 1104 packets received, 7757 bps, 96.97%, Err 0 (0.0e+000)
293.863 .... 1112 packets received, 7757 bps, 96.97%, Err 0 (0.0e+000)
295.968 .... 1120 packets received, 7757 bps, 96.97%, Err 0 (0.0e+000)
298.079 .... 1128 packets received, 7757 bps, 96.97%, Err 0 (0.0e+000)
300.194 .... 1136 packets received, 7757 bps, 96.97%, Err 0 (0.0e+000)
302.303 .... 1144 packets received, 7757 bps, 96.97%, Err 0 (0.0e+000)
304.414 .... 1152 packets received, 7757 bps, 96.97%, Err 0 (0.0e+000)
306.527 .... 1160 packets received, 7757 bps, 96.97%, Err 0 (0.0e+000)
308.645 .... 1168 packets received, 7757 bps, 96.97%, Err 0 (0.0e+000)
310.750 .... 1176 packets received, 7758 bps, 96.97%, Err 0 (0.0e+000)
312.871 .... 1184 packets received, 7757 bps, 96.97%, Err 0 (0.0e+000)
314.976 .... 1192 packets received, 7757 bps, 96.97%, Err 0 (0.0e+000)
317.085 .... 1200 packets received, 7758 bps, 96.97%, Err 0 (0.0e+000)
319.200 .... 1208 packets received, 7757 bps, 96.97%, Err 0 (0.0e+000)
321.309 .... 1216 packets received, 7758 bps, 96.97%, Err 0 (0.0e+000)
323.423 .... 1224 packets received, 7757 bps, 96.97%, Err 0 (0.0e+000)
325.539 .... 1232 packets received, 7757 bps, 96.97%, Err 0 (0.0e+000)
327.646 .... 1240 packets received, 7758 bps, 96.97%, Err 0 (0.0e+000)
329.766 .... 1248 packets received, 7757 bps, 96.97%, Err 0 (0.0e+000)
331.869 .... 1256 packets received, 7758 bps, 96.97%, Err 0 (0.0e+000)
333.981 .... 1264 packets received, 7758 bps, 96.97%, Err 0 (0.0e+000)
336.102 .... 1272 packets received, 7757 bps, 96.97%, Err 0 (0.0e+000)
338.200 .... 1280 packets received, 7758 bps, 96.97%, Err 0 (0.0e+000)
340.313 .... 1288 packets received, 7758 bps, 96.97%, Err 0 (0.0e+000)
342.445 .... 1296 packets received, 7757 bps, 96.96%, Err 0 (0.0e+000)
344.543 .... 1304 packets received, 7757 bps, 96.97%, Err 0 (0.0e+000)
346.652 .... 1312 packets received, 7758 bps, 96.97%, Err 0 (0.0e+000)
348.757 .... 1320 packets received, 7758 bps, 96.97%, Err 0 (0.0e+000)
350.879 .... 1328 packets received, 7757 bps, 96.97%, Err 0 (0.0e+000)
352.994 .... 1336 packets received, 7757 bps, 96.97%, Err 0 (0.0e+000)
355.103 .... 1344 packets received, 7757 bps, 96.97%, Err 0 (0.0e+000)
357.225 .... 1352 packets received, 7757 bps, 96.97%, Err 0 (0.0e+000)
359.330 .... 1360 packets received, 7757 bps, 96.97%, Err 0 (0.0e+000)
361.450 .... 1368 packets received, 7757 bps, 96.97%, Err 0 (0.0e+000)
363.554 .... 1376 packets received, 7757 bps, 96.97%, Err 0 (0.0e+000)
365.665 .... 1384 packets received, 7757 bps, 96.97%, Err 0 (0.0e+000)
367.761 .... 1392 packets received, 7758 bps, 96.97%, Err 0 (0.0e+000)
369.885 .... 1400 packets received, 7758 bps, 96.97%, Err 0 (0.0e+000)
371.997 .... 1408 packets received, 7758 bps, 96.97%, Err 0 (0.0e+000)
374.118 .... 1416 packets received, 7757 bps, 96.97%, Err 0 (0.0e+000)
376.217 .... 1424 packets received, 7758 bps, 96.97%, Err 0 (0.0e+000)
378.347 .... 1432 packets received, 7757 bps, 96.97%, Err 0 (0.0e+000)
380.449 .... 1440 packets received, 7757 bps, 96.97%, Err 0 (0.0e+000)
382.558 .... 1448 packets received, 7758 bps, 96.97%, Err 0 (0.0e+000)
384.669 .... 1456 packets received, 7758 bps, 96.97%, Err 0 (0.0e+000)
386.778 .... 1464 packets received, 7758 bps, 96.97%, Err 0 (0.0e+000)
388.888 .... 1472 packets received, 7758 bps, 96.97%, Err 0 (0.0e+000)
391.007 .... 1480 packets received, 7757 bps, 96.97%, Err 0 (0.0e+000)
393.116 .... 1488 packets received, 7758 bps, 96.97%, Err 0 (0.0e+000)
395.241 .... 1496 packets received, 7757 bps, 96.97%, Err 0 (0.0e+000)
397.343 .... 1504 packets received, 7757 bps, 96.97%, Err 0 (0.0e+000)
399.459 .... 1512 packets received, 7757 bps, 96.97%, Err 0 (0.0e+000)
401.565 .... 1520 packets received, 7758 bps, 96.97%, Err 0 (0.0e+000)
403.681 .... 1528 packets received, 7757 bps, 96.97%, Err 0 (0.0e+000)
405.774 .... 1536 packets received, 7758 bps, 96.97%, Err 0 (0.0e+000)
407.900 .... 1544 packets received, 7758 bps, 96.97%, Err 0 (0.0e+000)
410.012 .... 1552 packets received, 7758 bps, 96.97%, Err 0 (0.0e+000)
412.113 .... 1560 packets received, 7758 bps, 96.97%, Err 0 (0.0e+000)
414.236 .... 1568 packets received, 7758 bps, 96.97%, Err 0 (0.0e+000)
416.341 .... 1576 packets received, 7758 bps, 96.97%, Err 0 (0.0e+000)
418.457 .... 1584 packets received, 7758 bps, 96.97%, Err 0 (0.0e+000)
420.572 .... 1592 packets received, 7758 bps, 96.97%, Err 0 (0.0e+000)
422.682 .... 1600 packets received, 7758 bps, 96.97%, Err 0 (0.0e+000)
424.800 .... 1608 packets received, 7757 bps, 96.97%, Err 0 (0.0e+000)
426.899 .... 1616 packets received, 7758 bps, 96.97%, Err 0 (0.0e+000)
429.032 .... 1624 packets received, 7757 bps, 96.97%, Err 0 (0.0e+000)
431.134 .... 1632 packets received, 7758 bps, 96.97%, Err 0 (0.0e+000)
433.236 .... 1640 packets received, 7758 bps, 96.97%, Err 0 (0.0e+000)
435.363 .... 1648 packets received, 7757 bps, 96.97%, Err 0 (0.0e+000)
437.480 .... 1656 packets received, 7757 bps, 96.97%, Err 0 (0.0e+000)
439.571 .... 1664 packets received, 7758 bps, 96.97%, Err 0 (0.0e+000)
441.702 .... 1672 packets received, 7757 bps, 96.97%, Err 0 (0.0e+000)
443.813 .... 1680 packets received, 7757 bps, 96.97%, Err 0 (0.0e+000)
445.917 .... 1688 packets received, 7758 bps, 96.97%, Err 0 (0.0e+000)
448.031 .... 1696 packets received, 7758 bps, 96.97%, Err 0 (0.0e+000)
450.148 .... 1704 packets received, 7757 bps, 96.97%, Err 0 (0.0e+000)
452.251 .... 1712 packets received, 7758 bps, 96.97%, Err 0 (0.0e+000)
454.353 .... 1720 packets received, 7758 bps, 96.97%, Err 0 (0.0e+000)
456.468 .... 1728 packets received, 7758 bps, 96.97%, Err 0 (0.0e+000)
458.583 .... 1736 packets received, 7758 bps, 96.97%, Err 0 (0.0e+000)
460.700 .... 1744 packets received, 7758 bps, 96.97%, Err 0 (0.0e+000)
462.818 .... 1752 packets received, 7757 bps, 96.97%, Err 0 (0.0e+000)
464.930 .... 1760 packets received, 7757 bps, 96.97%, Err 0 (0.0e+000)
467.039 .... 1768 packets received, 7758 bps, 96.97%, Err 0 (0.0e+000)
469.162 .... 1776 packets received, 7757 bps, 96.97%, Err 0 (0.0e+000)
471.274 .... 1784 packets received, 7757 bps, 96.97%, Err 0 (0.0e+000)
473.378 .... 1792 packets received, 7757 bps, 96.97%, Err 0 (0.0e+000)
475.485 .... 1800 packets received, 7758 bps, 96.97%, Err 0 (0.0e+000)
477.590 .... 1808 packets received, 7758 bps, 96.97%, Err 0 (0.0e+000)
479.704 .... 1816 packets received, 7758 bps, 96.97%, Err 0 (0.0e+000)
481.820 .... 1824 packets received, 7758 bps, 96.97%, Err 0 (0.0e+000)
483.942 .... 1832 packets received, 7757 bps, 96.97%, Err 0 (0.0e+000)
486.056 .... 1840 packets received, 7757 bps, 96.97%, Err 0 (0.0e+000)
488.156 .... 1848 packets received, 7758 bps, 96.97%, Err 0 (0.0e+000)
490.266 .... 1856 packets received, 7758 bps, 96.97%, Err 0 (0.0e+000)
492.381 .... 1864 packets received, 7758 bps, 96.97%, Err 0 (0.0e+000)
494.498 .... 1872 packets received, 7757 bps, 96.97%, Err 0 (0.0e+000)
496.615 .... 1880 packets received, 7757 bps, 96.97%, Err 0 (0.0e+000)
498.713 .... 1888 packets received, 7758 bps, 96.97%, Err 0 (0.0e+000)
500.813 .... 1896 packets received, 7758 bps, 96.97%, Err 0 (0.0e+000)
502.933 .... 1904 packets received, 7758 bps, 96.97%, Err 0 (0.0e+000)
505.056 .... 1912 packets received, 7757 bps, 96.97%, Err 0 (0.0e+000)
507.160 .... 1920 packets received, 7758 bps, 96.97%, Err 0 (0.0e+000)
509.277 .... 1928 packets received, 7758 bps, 96.97%, Err 0 (0.0e+000)
511.383 .... 1936 packets received, 7758 bps, 96.97%, Err 0 (0.0e+000)
513.489 .... 1944 packets received, 7758 bps, 96.97%, Err 0 (0.0e+000)
515.624 .... 1952 packets received, 7757 bps, 96.97%, Err 0 (0.0e+000)
517.722 .... 1960 packets received, 7758 bps, 96.97%, Err 0 (0.0e+000)
519.827 .... 1968 packets received, 7758 bps, 96.97%, Err 0 (0.0e+000)
521.948 .... 1976 packets received, 7758 bps, 96.97%, Err 0 (0.0e+000)
524.062 .... 1984 packets received, 7758 bps, 96.97%, Err 0 (0.0e+000)
526.180 .... 1992 packets received, 7757 bps, 96.97%, Err 0 (0.0e+000)
528.286 .... 2000 packets received, 7758 bps, 96.97%, Err 0 (0.0e+000)
530.387 .... 2008 packets received, 7758 bps, 96.97%, Err 0 (0.0e+000)
532.502 .... 2016 packets received, 7758 bps, 96.97%, Err 0 (0.0e+000)
534.630 .... 2024 packets received, 7757 bps, 96.97%, Err 0 (0.0e+000)
536.727 .... 2032 packets received, 7758 bps, 96.97%, Err 0 (0.0e+000)
538.849 .... 2040 packets received, 7757 bps, 96.97%, Err 0 (0.0e+000)
540.952 .... 2048 packets received, 7758 bps, 96.97%, Err 0 (0.0e+000)
543.072 .... 2056 packets received, 7758 bps, 96.97%, Err 0 (0.0e+000)
545.194 .... 2064 packets received, 7757 bps, 96.97%, Err 0 (0.0e+000)
547.298 .... 2072 packets received, 7757 bps, 96.97%, Err 0 (0.0e+000)
549.420 .... 2080 packets received, 7757 bps, 96.97%, Err 0 (0.0e+000)
551.524 .... 2088 packets received, 7757 bps, 96.97%, Err 0 (0.0e+000)
553.628 .... 2096 packets received, 7758 bps, 96.97%, Err 0 (0.0e+000)
555.735 .... 2104 packets received, 7758 bps, 96.97%, Err 0 (0.0e+000)
557.857 .... 2112 packets received, 7757 bps, 96.97%, Err 0 (0.0e+000)
559.963 .... 2120 packets received, 7758 bps, 96.97%, Err 0 (0.0e+000)
562.076 .... 2128 packets received, 7758 bps, 96.97%, Err 0 (0.0e+000)
564.188 .... 2136 packets received, 7758 bps, 96.97%, Err 0 (0.0e+000)
566.297 .... 2144 packets received, 7758 bps, 96.97%, Err 0 (0.0e+000)
568.411 .... 2152 packets received, 7758 bps, 96.97%, Err 0 (0.0e+000)
570.528 .... 2160 packets received, 7758 bps, 96.97%, Err 0 (0.0e+000)
572.637 .... 2168 packets received, 7758 bps, 96.97%, Err 0 (0.0e+000)
574.759 .... 2176 packets received, 7757 bps, 96.97%, Err 0 (0.0e+000)
576.870 .... 2184 packets received, 7757 bps, 96.97%, Err 0 (0.0e+000)
578.982 .... 2192 packets received, 7757 bps, 96.97%, Err 0 (0.0e+000)
581.089 .... 2200 packets received, 7757 bps, 96.97%, Err 0 (0.0e+000)
583.211 .... 2208 packets received, 7757 bps, 96.97%, Err 0 (0.0e+000)
585.309 .... 2216 packets received, 7758 bps, 96.97%, Err 0 (0.0e+000)
587.413 .... 2224 packets received, 7758 bps, 96.97%, Err 0 (0.0e+000)
589.523 .... 2232 packets received, 7758 bps, 96.97%, Err 0 (0.0e+000)
591.636 .... 2240 packets received, 7758 bps, 96.97%, Err 0 (0.0e+000)
593.768 .... 2248 packets received, 7757 bps, 96.97%, Err 0 (0.0e+000)
595.872 .... 2256 packets received, 7758 bps, 96.97%, Err 0 (0.0e+000)
597.972 .... 2264 packets received, 7758 bps, 96.97%, Err 0 (0.0e+000)
600.091 .... 2272 packets received, 7758 bps, 96.97%, Err 0 (0.0e+000)
602.209 .... 2280 packets received, 7757 bps, 96.97%, Err 0 (0.0e+000)
604.322 .... 2288 packets received, 7757 bps, 96.97%, Err 0 (0.0e+000)
606.417 .... 2296 packets received, 7758 bps, 96.97%, Err 0 (0.0e+000)
608.547 .... 2304 packets received, 7757 bps, 96.97%, Err 0 (0.0e+000)
610.650 .... 2312 packets received, 7758 bps, 96.97%, Err 0 (0.0e+000)
612.776 .... 2320 packets received, 7757 bps, 96.97%, Err 0 (0.0e+000)
614.879 .... 2328 packets received, 7758 bps, 96.97%, Err 0 (0.0e+000)
616.997 .... 2336 packets received, 7757 bps, 96.97%, Err 0 (0.0e+000)
619.096 .... 2344 packets received, 7758 bps, 96.97%, Err 0 (0.0e+000)
621.215 .... 2352 packets received, 7758 bps, 96.97%, Err 0 (0.0e+000)
623.335 .... 2360 packets received, 7757 bps, 96.97%, Err 0 (0.0e+000)
625.434 .... 2368 packets received, 7758 bps, 96.97%, Err 0 (0.0e+000)
627.547 .... 2376 packets received, 7758 bps, 96.97%, Err 0 (0.0e+000)
629.647 .... 2384 packets received, 7758 bps, 96.97%, Err 0 (0.0e+000)
631.763 .... 2392 packets received, 7758 bps, 96.97%, Err 0 (0.0e+000)
633.883 .... 2400 packets received, 7758 bps, 96.97%, Err 0 (0.0e+000)
636.004 .... 2408 packets received, 7757 bps, 96.97%, Err 0 (0.0e+000)
638.121 .... 2416 packets received, 7757 bps, 96.97%, Err 0 (0.0e+000)
640.217 .... 2424 packets received, 7758 bps, 96.97%, Err 0 (0.0e+000)
642.330 .... 2432 packets received, 7758 bps, 96.97%, Err 0 (0.0e+000)
644.447 .... 2440 packets received, 7758 bps, 96.97%, Err 0 (0.0e+000)
646.561 .... 2448 packets received, 7758 bps, 96.97%, Err 0 (0.0e+000)
648.666 .... 2456 packets received, 7758 bps, 96.97%, Err 0 (0.0e+000)
650.785 .... 2464 packets received, 7758 bps, 96.97%, Err 0 (0.0e+000)
652.895 .... 2472 packets received, 7758 bps, 96.97%, Err 0 (0.0e+000)
655.013 .... 2480 packets received, 7757 bps, 96.97%, Err 0 (0.0e+000)
657.101 .... 2488 packets received, 7758 bps, 96.97%, Err 0 (0.0e+000)
659.215 .... 2496 packets received, 7758 bps, 96.97%, Err 0 (0.0e+000)
661.344 .... 2504 packets received, 7758 bps, 96.97%, Err 0 (0.0e+000)
663.452 .... 2512 packets received, 7758 bps, 96.97%, Err 0 (0.0e+000)
665.554 .... 2520 packets received, 7758 bps, 96.97%, Err 0 (0.0e+000)
667.678 .... 2528 packets received, 7758 bps, 96.97%, Err 0 (0.0e+000)
669.794 .... 2536 packets received, 7757 bps, 96.97%, Err 0 (0.0e+000)
671.897 .... 2544 packets received, 7758 bps, 96.97%, Err 0 (0.0e+000)
674.010 .... 2552 packets received, 7758 bps, 96.97%, Err 0 (0.0e+000)
676.110 .... 2560 packets received, 7758 bps, 96.97%, Err 0 (0.0e+000)
678.249 .... 2568 packets received, 7757 bps, 96.97%, Err 0 (0.0e+000)
680.335 .... 2576 packets received, 7758 bps, 96.97%, Err 0 (0.0e+000)
682.449 .... 2584 packets received, 7758 bps, 96.97%, Err 0 (0.0e+000)
684.567 .... 2592 packets received, 7758 bps, 96.97%, Err 0 (0.0e+000)
686.681 .... 2600 packets received, 7758 bps, 96.97%, Err 0 (0.0e+000)
688.781 .... 2608 packets received, 7758 bps, 96.97%, Err 0 (0.0e+000)
690.894 .... 2616 packets received, 7758 bps, 96.97%, Err 0 (0.0e+000)
693.033 .... 2624 packets received, 7757 bps, 96.97%, Err 0 (0.0e+000)
695.141 .... 2632 packets received, 7757 bps, 96.97%, Err 0 (0.0e+000)
697.245 .... 2640 packets received, 7758 bps, 96.97%, Err 0 (0.0e+000)
699.352 .... 2648 packets received, 7758 bps, 96.97%, Err 0 (0.0e+000)
701.465 .... 2656 packets received, 7758 bps, 96.97%, Err 0 (0.0e+000)
703.579 .... 2664 packets received, 7758 bps, 96.97%, Err 0 (0.0e+000)
705.683 .... 2672 packets received, 7758 bps, 96.97%, Err 0 (0.0e+000)
707.797 .... 2680 packets received, 7758 bps, 96.97%, Err 0 (0.0e+000)
709.908 .... 2688 packets received, 7758 bps, 96.97%, Err 0 (0.0e+000)
712.027 .... 2696 packets received, 7758 bps, 96.97%, Err 0 (0.0e+000)
714.153 .... 2704 packets received, 7757 bps, 96.97%, Err 0 (0.0e+000)
716.249 .... 2712 packets received, 7758 bps, 96.97%, Err 0 (0.0e+000)
718.372 .... 2720 packets received, 7757 bps, 96.97%, Err 0 (0.0e+000)
720.488 .... 2728 packets received, 7757 bps, 96.97%, Err 0 (0.0e+000)
722.592 .... 2736 packets received, 7758 bps, 96.97%, Err 0 (0.0e+000)
724.696 .... 2744 packets received, 7758 bps, 96.97%, Err 0 (0.0e+000)
726.807 .... 2752 packets received, 7758 bps, 96.97%, Err 0 (0.0e+000)
728.932 .... 2760 packets received, 7757 bps, 96.97%, Err 0 (0.0e+000)
731.034 .... 2768 packets received, 7758 bps, 96.97%, Err 0 (0.0e+000)
733.154 .... 2776 packets received, 7758 bps, 96.97%, Err 0 (0.0e+000)
735.255 .... 2784 packets received, 7758 bps, 96.97%, Err 0 (0.0e+000)
737.368 .... 2792 packets received, 7758 bps, 96.97%, Err 0 (0.0e+000)
739.485 .... 2800 packets received, 7758 bps, 96.97%, Err 0 (0.0e+000)
741.596 .... 2808 packets received, 7758 bps, 96.97%, Err 0 (0.0e+000)
743.711 .... 2816 packets received, 7758 bps, 96.97%, Err 0 (0.0e+000)
745.812 .... 2824 packets received, 7758 bps, 96.97%, Err 0 (0.0e+000)
747.928 .... 2832 packets received, 7758 bps, 96.97%, Err 0 (0.0e+000)
750.051 .... 2840 packets received, 7757 bps, 96.97%, Err 0 (0.0e+000)
752.154 .... 2848 packets received, 7758 bps, 96.97%, Err 0 (0.0e+000)
754.275 .... 2856 packets received, 7757 bps, 96.97%, Err 0 (0.0e+000)
756.386 .... 2864 packets received, 7758 bps, 96.97%, Err 0 (0.0e+000)
758.478 .... 2872 packets received, 7758 bps, 96.97%, Err 0 (0.0e+000)
760.617 .... 2880 packets received, 7757 bps, 96.97%, Err 0 (0.0e+000)
762.719 .... 2888 packets received, 7758 bps, 96.97%, Err 0 (0.0e+000)
764.819 .... 2896 packets received, 7758 bps, 96.97%, Err 0 (0.0e+000)
766.940 .... 2904 packets received, 7758 bps, 96.97%, Err 0 (0.0e+000)
769.052 .... 2912 packets received, 7758 bps, 96.97%, Err 0 (0.0e+000)
771.165 .... 2920 packets received, 7758 bps, 96.97%, Err 0 (0.0e+000)
773.280 .... 2928 packets received, 7758 bps, 96.97%, Err 0 (0.0e+000)
775.401 .... 2936 packets received, 7757 bps, 96.97%, Err 0 (0.0e+000)
777.509 .... 2944 packets received, 7757 bps, 96.97%, Err 0 (0.0e+000)
779.614 .... 2952 packets received, 7758 bps, 96.97%, Err 0 (0.0e+000)
781.721 .... 2960 packets received, 7758 bps, 96.97%, Err 0 (0.0e+000)
783.841 .... 2968 packets received, 7758 bps, 96.97%, Err 0 (0.0e+000)
785.946 .... 2976 packets received, 7758 bps, 96.97%, Err 0 (0.0e+000)
788.047 .... 2984 packets received, 7758 bps, 96.97%, Err 0 (0.0e+000)
790.170 .... 2992 packets received, 7758 bps, 96.97%, Err 0 (0.0e+000)
792.287 .... 3000 packets received, 7758 bps, 96.97%, Err 0 (0.0e+000)
794.406 .... 3008 packets received, 7757 bps, 96.97%, Err 0 (0.0e+000)
796.508 .... 3016 packets received, 7758 bps, 96.97%, Err 0 (0.0e+000)
798.608 .... 3024 packets received, 7758 bps, 96.97%, Err 0 (0.0e+000)
800.735 .... 3032 packets received, 7758 bps, 96.97%, Err 0 (0.0e+000)
802.840 .... 3040 packets received, 7758 bps, 96.97%, Err 0 (0.0e+000)
804.955 .... 3048 packets received, 7758 bps, 96.97%, Err 0 (0.0e+000)
807.070 .... 3056 packets received, 7758 bps, 96.97%, Err 0 (0.0e+000)
809.184 .... 3064 packets received, 7758 bps, 96.97%, Err 0 (0.0e+000)
811.301 .... 3072 packets received, 7757 bps, 96.97%, Err 0 (0.0e+000)
813.405 .... 3080 packets received, 7758 bps, 96.97%, Err 0 (0.0e+000)
815.516 .... 3088 packets received, 7758 bps, 96.97%, Err 0 (0.0e+000)
817.627 .... 3096 packets received, 7758 bps, 96.97%, Err 0 (0.0e+000)
819.743 .... 3104 packets received, 7758 bps, 96.97%, Err 0 (0.0e+000)
821.855 .... 3112 packets received, 7758 bps, 96.97%, Err 0 (0.0e+000)
823.970 .... 3120 packets received, 7758 bps, 96.97%, Err 0 (0.0e+000)
826.088 .... 3128 packets received, 7757 bps, 96.97%, Err 0 (0.0e+000)
828.176 .... 3136 packets received, 7758 bps, 96.97%, Err 0 (0.0e+000)
830.294 .... 3144 packets received, 7758 bps, 96.97%, Err 0 (0.0e+000)
832.423 .... 3152 packets received, 7757 bps, 96.97%, Err 0 (0.0e+000)
834.524 .... 3160 packets received, 7758 bps, 96.97%, Err 0 (0.0e+000)
836.639 .... 3168 packets received, 7758 bps, 96.97%, Err 0 (0.0e+000)
838.737 .... 3176 packets received, 7758 bps, 96.97%, Err 0 (0.0e+000)
840.866 .... 3184 packets received, 7758 bps, 96.97%, Err 0 (0.0e+000)
842.956 .... 3192 packets received, 7758 bps, 96.97%, Err 0 (0.0e+000)
845.088 .... 3200 packets received, 7758 bps, 96.97%, Err 0 (0.0e+000)
847.206 .... 3208 packets received, 7757 bps, 96.97%, Err 0 (0.0e+000)
849.305 .... 3216 packets received, 7758 bps, 96.97%, Err 0 (0.0e+000)
851.420 .... 3224 packets received, 7758 bps, 96.97%, Err 0 (0.0e+000)
853.534 .... 3232 packets received, 7758 bps, 96.97%, Err 0 (0.0e+000)
855.631 .... 3240 packets received, 7758 bps, 96.97%, Err 0 (0.0e+000)
857.760 .... 3248 packets received, 7758 bps, 96.97%, Err 0 (0.0e+000)
859.867 .... 3256 packets received, 7758 bps, 96.97%, Err 0 (0.0e+000)
861.980 .... 3264 packets received, 7758 bps, 96.97%, Err 0 (0.0e+000)
864.101 .... 3272 packets received, 7757 bps, 96.97%, Err 0 (0.0e+000)
866.211 .... 3280 packets received, 7758 bps, 96.97%, Err 0 (0.0e+000)
868.310 .... 3288 packets received, 7758 bps, 96.97%, Err 0 (0.0e+000)
870.428 .... 3296 packets received, 7758 bps, 96.97%, Err 0 (0.0e+000)
872.533 .... 3304 packets received, 7758 bps, 96.97%, Err 0 (0.0e+000)
874.660 .... 3312 packets received, 7757 bps, 96.97%, Err 0 (0.0e+000)
876.778 .... 3320 packets received, 7757 bps, 96.97%, Err 0 (0.0e+000)
878.880 .... 3328 packets received, 7758 bps, 96.97%, Err 0 (0.0e+000)
880.997 .... 3336 packets received, 7757 bps, 96.97%, Err 0 (0.0e+000)
883.087 .... 3344 packets received, 7758 bps, 96.97%, Err 0 (0.0e+000)
885.202 .... 3352 packets received, 7758 bps, 96.97%, Err 0 (0.0e+000)
887.325 .... 3360 packets received, 7758 bps, 96.97%, Err 0 (0.0e+000)
889.446 .... 3368 packets received, 7757 bps, 96.97%, Err 0 (0.0e+000)
891.558 .... 3376 packets received, 7757 bps, 96.97%, Err 0 (0.0e+000)
893.648 .... 3384 packets received, 7758 bps, 96.97%, Err 0 (0.0e+000)
895.763 .... 3392 packets received, 7758 bps, 96.97%, Err 0 (0.0e+000)
897.882 .... 3400 packets received, 7758 bps, 96.97%, Err 0 (0.0e+000)
900.005 .... 3408 packets received, 7757 bps, 96.97%, Err 0 (0.0e+000)
902.108 .... 3416 packets received, 7758 bps, 96.97%, Err 0 (0.0e+000)
904.214 .... 3424 packets received, 7758 bps, 96.97%, Err 0 (0.0e+000)
906.333 .... 3432 packets received, 7758 bps, 96.97%, Err 0 (0.0e+000)
908.447 .... 3440 packets received, 7758 bps, 96.97%, Err 0 (0.0e+000)
910.559 .... 3448 packets received, 7758 bps, 96.97%, Err 0 (0.0e+000)
912.663 .... 3456 packets received, 7758 bps, 96.97%, Err 0 (0.0e+000)
914.780 .... 3464 packets received, 7758 bps, 96.97%, Err 0 (0.0e+000)
916.903 .... 3472 packets received, 7757 bps, 96.97%, Err 0 (0.0e+000)
918.991 .... 3480 packets received, 7758 bps, 96.97%, Err 0 (0.0e+000)
921.108 .... 3488 packets received, 7758 bps, 96.97%, Err 0 (0.0e+000)
923.225 .... 3496 packets received, 7758 bps, 96.97%, Err 0 (0.0e+000)
925.342 .... 3504 packets received, 7758 bps, 96.97%, Err 0 (0.0e+000)
927.445 .... 3512 packets received, 7758 bps, 96.97%, Err 0 (0.0e+000)
929.561 .... 3520 packets received, 7758 bps, 96.97%, Err 0 (0.0e+000)
931.681 .... 3528 packets received, 7758 bps, 96.97%, Err 0 (0.0e+000)
933.788 .... 3536 packets received, 7758 bps, 96.97%, Err 0 (0.0e+000)
935.896 .... 3544 packets received, 7758 bps, 96.97%, Err 0 (0.0e+000)
938.010 .... 3552 packets received, 7758 bps, 96.97%, Err 0 (0.0e+000)
940.121 .... 3560 packets received, 7758 bps, 96.97%, Err 0 (0.0e+000)
942.234 .... 3568 packets received, 7758 bps, 96.97%, Err 0 (0.0e+000)
944.352 .... 3576 packets received, 7758 bps, 96.97%, Err 0 (0.0e+000)
946.465 .... 3584 packets received, 7758 bps, 96.97%, Err 0 (0.0e+000)
948.566 .... 3592 packets received, 7758 bps, 96.97%, Err 0 (0.0e+000)
950.686 .... 3600 packets received, 7758 bps, 96.97%, Err 0 (0.0e+000)
952.803 .... 3608 packets received, 7758 bps, 96.97%, Err 0 (0.0e+000)
954.917 .... 3616 packets received, 7757 bps, 96.97%, Err 0 (0.0e+000)
957.035 .... 3624 packets received, 7757 bps, 96.97%, Err 0 (0.0e+000)
959.133 .... 3632 packets received, 7758 bps, 96.97%, Err 0 (0.0e+000)
961.242 .... 3640 packets received, 7758 bps, 96.97%, Err 0 (0.0e+000)
963.359 .... 3648 packets received, 7758 bps, 96.97%, Err 0 (0.0e+000)
965.473 .... 3656 packets received, 7758 bps, 96.97%, Err 0 (0.0e+000)
967.592 .... 3664 packets received, 7757 bps, 96.97%, Err 0 (0.0e+000)
969.691 .... 3672 packets received, 7758 bps, 96.97%, Err 0 (0.0e+000)
971.794 .... 3680 packets received, 7758 bps, 96.97%, Err 0 (0.0e+000)
973.928 .... 3688 packets received, 7757 bps, 96.97%, Err 0 (0.0e+000)
976.020 .... 3696 packets received, 7758 bps, 96.97%, Err 0 (0.0e+000)
978.146 .... 3704 packets received, 7758 bps, 96.97%, Err 0 (0.0e+000)
980.246 .... 3712 packets received, 7758 bps, 96.97%, Err 0 (0.0e+000)
982.360 .... 3720 packets received, 7758 bps, 96.97%, Err 0 (0.0e+000)
984.468 .... 3728 packets received, 7758 bps, 96.97%, Err 0 (0.0e+000)
986.587 .... 3736 packets received, 7758 bps, 96.97%, Err 0 (0.0e+000)
988.695 .... 3744 packets received, 7758 bps, 96.97%, Err 0 (0.0e+000)
990.821 .... 3752 packets received, 7757 bps, 96.97%, Err 0 (0.0e+000)
992.926 .... 3760 packets received, 7758 bps, 96.97%, Err 0 (0.0e+000)
995.044 .... 3768 packets received, 7758 bps, 96.97%, Err 0 (0.0e+000)
997.157 .... 3776 packets received, 7757 bps, 96.97%, Err 0 (0.0e+000)
999.251 .... 3784 packets received, 7758 bps, 96.97%, Err 0 (0.0e+000)
1001.385 .... 3792 packets received, 7757 bps, 96.97%, Err 0 (0.0e+000)
1003.485 .... 3800 packets received, 7758 bps, 96.97%, Err 0 (0.0e+000)
1005.601 .... 3808 packets received, 7758 bps, 96.97%, Err 0 (0.0e+000)
1007.706 .... 3816 packets received, 7758 bps, 96.97%, Err 0 (0.0e+000)
1009.820 .... 3824 packets received, 7758 bps, 96.97%, Err 0 (0.0e+000)
1011.933 .... 3832 packets received, 7758 bps, 96.97%, Err 0 (0.0e+000)
1014.031 .... 3840 packets received, 7758 bps, 96.97%, Err 0 (0.0e+000)
1016.143 .... 3848 packets received, 7758 bps, 96.97%, Err 0 (0.0e+000)
1018.262 .... 3856 packets received, 7758 bps, 96.97%, Err 0 (0.0e+000)
1020.391 .... 3864 packets received, 7757 bps, 96.97%, Err 0 (0.0e+000)
1022.502 .... 3872 packets received, 7757 bps, 96.97%, Err 0 (0.0e+000)
1024.602 .... 3880 packets received, 7758 bps, 96.97%, Err 0 (0.0e+000)
1026.707 .... 3888 packets received, 7758 bps, 96.97%, Err 0 (0.0e+000)
1028.837 .... 3896 packets received, 7758 bps, 96.97%, Err 0 (0.0e+000)
1030.950 .... 3904 packets received, 7757 bps, 96.97%, Err 0 (0.0e+000)
1033.049 .... 3912 packets received, 7758 bps, 96.97%, Err 0 (0.0e+000)
1035.167 .... 3920 packets received, 7758 bps, 96.97%, Err 0 (0.0e+000)
1037.279 .... 3928 packets received, 7758 bps, 96.97%, Err 0 (0.0e+000)
1039.397 .... 3936 packets received, 7758 bps, 96.97%, Err 0 (0.0e+000)
1041.510 .... 3944 packets received, 7757 bps, 96.97%, Err 0 (0.0e+000)
1043.609 .... 3952 packets received, 7758 bps, 96.97%, Err 0 (0.0e+000)
1045.719 .... 3960 packets received, 7758 bps, 96.97%, Err 0 (0.0e+000)
1047.838 .... 3968 packets received, 7758 bps, 96.97%, Err 0 (0.0e+000)
1049.954 .... 3976 packets received, 7758 bps, 96.97%, Err 0 (0.0e+000)
1052.059 .... 3984 packets received, 7758 bps, 96.97%, Err 0 (0.0e+000)
1054.180 .... 3992 packets received, 7758 bps, 96.97%, Err 0 (0.0e+000)
1056.294 .... 4000 packets received, 7757 bps, 96.97%, Err 0 (0.0e+000)
1058.405 .... 4008 packets received, 7758 bps, 96.97%, Err 0 (0.0e+000)
1060.506 .... 4016 packets received, 7758 bps, 96.97%, Err 0 (0.0e+000)
1062.609 .... 4024 packets received, 7758 bps, 96.97%, Err 0 (0.0e+000)
1064.729 .... 4032 packets received, 7758 bps, 96.97%, Err 0 (0.0e+000)
1066.844 .... 4040 packets received, 7758 bps, 96.97%, Err 0 (0.0e+000)
1068.945 .... 4048 packets received, 7758 bps, 96.97%, Err 0 (0.0e+000)
1071.062 .... 4056 packets received, 7758 bps, 96.97%, Err 0 (0.0e+000)
1073.190 .... 4064 packets received, 7757 bps, 96.97%, Err 0 (0.0e+000)
1075.292 .... 4072 packets received, 7758 bps, 96.97%, Err 0 (0.0e+000)
1077.407 .... 4080 packets received, 7758 bps, 96.97%, Err 0 (0.0e+000)
1079.522 .... 4088 packets received, 7758 bps, 96.97%, Err 0 (0.0e+000)
1081.639 .... 4096 packets received, 7757 bps, 96.97%, Err 0 (0.0e+000)
1083.736 .... 4104 packets received, 7758 bps, 96.97%, Err 0 (0.0e+000)
1085.850 .... 4112 packets received, 7758 bps, 96.97%, Err 0 (0.0e+000)
1087.969 .... 4120 packets received, 7758 bps, 96.97%, Err 0 (0.0e+000)
1090.065 .... 4128 packets received, 7758 bps, 96.97%, Err 0 (0.0e+000)
1092.181 .... 4136 packets received, 7758 bps, 96.97%, Err 0 (0.0e+000)
1094.300 .... 4144 packets received, 7758 bps, 96.97%, Err 0 (0.0e+000)
1096.403 .... 4152 packets received, 7758 bps, 96.97%, Err 0 (0.0e+000)
1098.526 .... 4160 packets received, 7758 bps, 96.97%, Err 0 (0.0e+000)
1100.640 .... 4168 packets received, 7758 bps, 96.97%, Err 0 (0.0e+000)
1102.755 .... 4176 packets received, 7758 bps, 96.97%, Err 0 (0.0e+000)
1104.867 .... 4184 packets received, 7758 bps, 96.97%, Err 0 (0.0e+000)
1106.980 .... 4192 packets received, 7758 bps, 96.97%, Err 0 (0.0e+000)
1109.086 .... 4200 packets received, 7758 bps, 96.97%, Err 0 (0.0e+000)
1111.193 .... 4208 packets received, 7758 bps, 96.97%, Err 0 (0.0e+000)
1113.309 .... 4216 packets received, 7758 bps, 96.97%, Err 0 (0.0e+000)
1115.411 .... 4224 packets received, 7758 bps, 96.97%, Err 0 (0.0e+000)
1117.530 .... 4232 packets received, 7758 bps, 96.97%, Err 0 (0.0e+000)
1119.635 .... 4240 packets received, 7758 bps, 96.97%, Err 0 (0.0e+000)
1121.755 .... 4248 packets received, 7758 bps, 96.97%, Err 0 (0.0e+000)
1123.870 .... 4256 packets received, 7758 bps, 96.97%, Err 0 (0.0e+000)
1125.989 .... 4264 packets received, 7758 bps, 96.97%, Err 0 (0.0e+000)
1128.098 .... 4272 packets received, 7758 bps, 96.97%, Err 0 (0.0e+000)
1130.203 .... 4280 packets received, 7758 bps, 96.97%, Err 0 (0.0e+000)
1132.322 .... 4288 packets received, 7758 bps, 96.97%, Err 0 (0.0e+000)
1134.415 .... 4296 packets received, 7758 bps, 96.97%, Err 0 (0.0e+000)
1136.542 .... 4304 packets received, 7758 bps, 96.97%, Err 0 (0.0e+000)
1138.652 .... 4312 packets received, 7758 bps, 96.97%, Err 0 (0.0e+000)
1140.774 .... 4320 packets received, 7758 bps, 96.97%, Err 0 (0.0e+000)
1142.884 .... 4328 packets received, 7758 bps, 96.97%, Err 0 (0.0e+000)
1144.997 .... 4336 packets received, 7758 bps, 96.97%, Err 0 (0.0e+000)
1147.108 .... 4344 packets received, 7758 bps, 96.97%, Err 0 (0.0e+000)
1149.209 .... 4352 packets received, 7758 bps, 96.97%, Err 0 (0.0e+000)
1151.326 .... 4360 packets received, 7758 bps, 96.97%, Err 0 (0.0e+000)
1153.444 .... 4368 packets received, 7758 bps, 96.97%, Err 0 (0.0e+000)
1155.544 .... 4376 packets received, 7758 bps, 96.97%, Err 0 (0.0e+000)
1157.651 .... 4384 packets received, 7758 bps, 96.97%, Err 0 (0.0e+000)
1159.772 .... 4392 packets received, 7758 bps, 96.97%, Err 0 (0.0e+000)
1161.887 .... 4400 packets received, 7758 bps, 96.97%, Err 0 (0.0e+000)
1164.007 .... 4408 packets received, 7757 bps, 96.97%, Err 0 (0.0e+000)
1166.113 .... 4416 packets received, 7758 bps, 96.97%, Err 0 (0.0e+000)
1168.231 .... 4424 packets received, 7757 bps, 96.97%, Err 0 (0.0e+000)
1170.325 .... 4432 packets received, 7758 bps, 96.97%, Err 0 (0.0e+000)
1172.430 .... 4440 packets received, 7758 bps, 96.97%, Err 0 (0.0e+000)
1174.553 .... 4448 packets received, 7758 bps, 96.97%, Err 0 (0.0e+000)
1176.668 .... 4456 packets received, 7758 bps, 96.97%, Err 0 (0.0e+000)
1178.787 .... 4464 packets received, 7758 bps, 96.97%, Err 0 (0.0e+000)
1180.879 .... 4472 packets received, 7758 bps, 96.97%, Err 0 (0.0e+000)
1182.994 .... 4480 packets received, 7758 bps, 96.97%, Err 0 (0.0e+000)
1185.112 .... 4488 packets received, 7758 bps, 96.97%, Err 0 (0.0e+000)
1187.228 .... 4496 packets received, 7758 bps, 96.97%, Err 0 (0.0e+000)
1189.344 .... 4504 packets received, 7758 bps, 96.97%, Err 0 (0.0e+000)
1191.446 .... 4512 packets received, 7758 bps, 96.97%, Err 0 (0.0e+000)
1193.562 .... 4520 packets received, 7758 bps, 96.97%, Err 0 (0.0e+000)
1195.676 .... 4528 packets received, 7758 bps, 96.97%, Err 0 (0.0e+000)
1197.777 .... 4536 packets received, 7758 bps, 96.97%, Err 0 (0.0e+000)
1199.909 .... 4544 packets received, 7758 bps, 96.97%, Err 0 (0.0e+000)
1202.010 .... 4552 packets received, 7758 bps, 96.97%, Err 0 (0.0e+000)
1204.118 .... 4560 packets received, 7758 bps, 96.97%, Err 0 (0.0e+000)
1206.234 .... 4568 packets received, 7758 bps, 96.97%, Err 0 (0.0e+000)
1208.349 .... 4576 packets received, 7758 bps, 96.97%, Err 0 (0.0e+000)
1210.463 .... 4584 packets received, 7758 bps, 96.97%, Err 0 (0.0e+000)
1212.568 .... 4592 packets received, 7758 bps, 96.97%, Err 0 (0.0e+000)
1214.683 .... 4600 packets received, 7758 bps, 96.97%, Err 0 (0.0e+000)
1216.784 .... 4608 packets received, 7758 bps, 96.97%, Err 0 (0.0e+000)
1218.907 .... 4616 packets received, 7758 bps, 96.97%, Err 0 (0.0e+000)
1221.023 .... 4624 packets received, 7758 bps, 96.97%, Err 0 (0.0e+000)
1223.138 .... 4632 packets received, 7758 bps, 96.97%, Err 0 (0.0e+000)
1225.245 .... 4640 packets received, 7758 bps, 96.97%, Err 0 (0.0e+000)
1227.345 .... 4648 packets received, 7758 bps, 96.97%, Err 0 (0.0e+000)
1229.464 .... 4656 packets received, 7758 bps, 96.97%, Err 0 (0.0e+000)
1231.589 .... 4664 packets received, 7758 bps, 96.97%, Err 0 (0.0e+000)
1233.700 .... 4672 packets received, 7758 bps, 96.97%, Err 0 (0.0e+000)
1235.795 .... 4680 packets received, 7758 bps, 96.97%, Err 0 (0.0e+000)
1237.910 .... 4688 packets received, 7758 bps, 96.97%, Err 0 (0.0e+000)
1240.023 .... 4696 packets received, 7758 bps, 96.97%, Err 0 (0.0e+000)
1242.138 .... 4704 packets received, 7758 bps, 96.97%, Err 0 (0.0e+000)
1244.254 .... 4712 packets received, 7758 bps, 96.97%, Err 0 (0.0e+000)
1246.372 .... 4720 packets received, 7758 bps, 96.97%, Err 0 (0.0e+000)
1248.470 .... 4728 packets received, 7758 bps, 96.97%, Err 0 (0.0e+000)
1250.588 .... 4736 packets received, 7758 bps, 96.97%, Err 0 (0.0e+000)
1252.702 .... 4744 packets received, 7758 bps, 96.97%, Err 0 (0.0e+000)
1254.805 .... 4752 packets received, 7758 bps, 96.97%, Err 0 (0.0e+000)
1256.917 .... 4760 packets received, 7758 bps, 96.97%, Err 0 (0.0e+000)
1259.045 .... 4768 packets received, 7758 bps, 96.97%, Err 0 (0.0e+000)
1261.155 .... 4776 packets received, 7758 bps, 96.97%, Err 0 (0.0e+000)
1263.266 .... 4784 packets received, 7758 bps, 96.97%, Err 0 (0.0e+000)
1265.380 .... 4792 packets received, 7758 bps, 96.97%, Err 0 (0.0e+000)
1267.477 .... 4800 packets received, 7758 bps, 96.97%, Err 0 (0.0e+000)
1269.595 .... 4808 packets received, 7758 bps, 96.97%, Err 0 (0.0e+000)
1271.705 .... 4816 packets received, 7758 bps, 96.97%, Err 0 (0.0e+000)
1273.820 .... 4824 packets received, 7758 bps, 96.97%, Err 0 (0.0e+000)
1275.932 .... 4832 packets received, 7758 bps, 96.97%, Err 0 (0.0e+000)
1278.042 .... 4840 packets received, 7758 bps, 96.97%, Err 0 (0.0e+000)
1280.151 .... 4848 packets received, 7758 bps, 96.97%, Err 0 (0.0e+000)
1282.271 .... 4856 packets received, 7758 bps, 96.97%, Err 0 (0.0e+000)
1284.387 .... 4864 packets received, 7758 bps, 96.97%, Err 0 (0.0e+000)
1286.499 .... 4872 packets received, 7758 bps, 96.97%, Err 0 (0.0e+000)
1288.619 .... 4880 packets received, 7757 bps, 96.97%, Err 0 (0.0e+000)
1290.723 .... 4888 packets received, 7758 bps, 96.97%, Err 0 (0.0e+000)
1292.839 .... 4896 packets received, 7758 bps, 96.97%, Err 0 (0.0e+000)
1294.937 .... 4904 packets received, 7758 bps, 96.97%, Err 0 (0.0e+000)
1297.058 .... 4912 packets received, 7758 bps, 96.97%, Err 0 (0.0e+000)
1299.161 .... 4920 packets received, 7758 bps, 96.97%, Err 0 (0.0e+000)
1301.275 .... 4928 packets received, 7758 bps, 96.97%, Err 0 (0.0e+000)
1303.382 .... 4936 packets received, 7758 bps, 96.97%, Err 0 (0.0e+000)
1305.495 .... 4944 packets received, 7758 bps, 96.97%, Err 0 (0.0e+000)
1307.611 .... 4952 packets received, 7758 bps, 96.97%, Err 0 (0.0e+000)
1309.718 .... 4960 packets received, 7758 bps, 96.97%, Err 0 (0.0e+000)
1311.833 .... 4968 packets received, 7758 bps, 96.97%, Err 0 (0.0e+000)
1313.948 .... 4976 packets received, 7758 bps, 96.97%, Err 0 (0.0e+000)
1316.053 .... 4984 packets received, 7758 bps, 96.97%, Err 0 (0.0e+000)
1318.174 .... 4992 packets received, 7758 bps, 96.97%, Err 0 (0.0e+000)
1320.287 .... 5000 packets received, 7758 bps, 96.97%, Err 0 (0.0e+000)
1322.394 .... 5008 packets received, 7758 bps, 96.97%, Err 0 (0.0e+000)
1324.516 .... 5016 packets received, 7758 bps, 96.97%, Err 0 (0.0e+000)
1326.618 .... 5024 packets received, 7758 bps, 96.97%, Err 0 (0.0e+000)
1328.740 .... 5032 packets received, 7758 bps, 96.97%, Err 0 (0.0e+000)
1330.839 .... 5040 packets received, 7758 bps, 96.97%, Err 0 (0.0e+000)
1332.958 .... 5048 packets received, 7758 bps, 96.97%, Err 0 (0.0e+000)
1335.076 .... 5056 packets received, 7758 bps, 96.97%, Err 0 (0.0e+000)
1337.192 .... 5064 packets received, 7758 bps, 96.97%, Err 0 (0.0e+000)
1339.297 .... 5072 packets received, 7758 bps, 96.97%, Err 0 (0.0e+000)
1341.404 .... 5080 packets received, 7758 bps, 96.97%, Err 0 (0.0e+000)
1343.528 .... 5088 packets received, 7758 bps, 96.97%, Err 0 (0.0e+000)
1345.629 .... 5096 packets received, 7758 bps, 96.97%, Err 0 (0.0e+000)
1347.742 .... 5104 packets received, 7758 bps, 96.97%, Err 0 (0.0e+000)
1349.862 .... 5112 packets received, 7758 bps, 96.97%, Err 0 (0.0e+000)
1351.968 .... 5120 packets received, 7758 bps, 96.97%, Err 0 (0.0e+000)
1354.069 .... 5128 packets received, 7758 bps, 96.97%, Err 0 (0.0e+000)
1356.186 .... 5136 packets received, 7758 bps, 96.97%, Err 0 (0.0e+000)
1358.303 .... 5144 packets received, 7758 bps, 96.97%, Err 0 (0.0e+000)
1360.398 .... 5152 packets received, 7758 bps, 96.97%, Err 0 (0.0e+000)
1362.531 .... 5160 packets received, 7758 bps, 96.97%, Err 0 (0.0e+000)
1364.632 .... 5168 packets received, 7758 bps, 96.97%, Err 0 (0.0e+000)
1366.747 .... 5176 packets received, 7758 bps, 96.97%, Err 0 (0.0e+000)
1368.863 .... 5184 packets received, 7758 bps, 96.97%, Err 0 (0.0e+000)
1370.983 .... 5192 packets received, 7758 bps, 96.97%, Err 0 (0.0e+000)
1373.097 .... 5200 packets received, 7757 bps, 96.97%, Err 0 (0.0e+000)
1375.195 .... 5208 packets received, 7758 bps, 96.97%, Err 0 (0.0e+000)
1377.309 .... 5216 packets received, 7758 bps, 96.97%, Err 0 (0.0e+000)
1379.419 .... 5224 packets received, 7758 bps, 96.97%, Err 0 (0.0e+000)
1381.537 .... 5232 packets received, 7758 bps, 96.97%, Err 0 (0.0e+000)
1383.636 .... 5240 packets received, 7758 bps, 96.97%, Err 0 (0.0e+000)
1385.749 .... 5248 packets received, 7758 bps, 96.97%, Err 0 (0.0e+000)
1387.861 .... 5256 packets received, 7758 bps, 96.97%, Err 0 (0.0e+000)
1389.979 .... 5264 packets received, 7758 bps, 96.97%, Err 0 (0.0e+000)
1392.093 .... 5272 packets received, 7758 bps, 96.97%, Err 0 (0.0e+000)
1394.196 .... 5280 packets received, 7758 bps, 96.97%, Err 0 (0.0e+000)
1396.310 .... 5288 packets received, 7758 bps, 96.97%, Err 0 (0.0e+000)
1398.425 .... 5296 packets received, 7758 bps, 96.97%, Err 0 (0.0e+000)
1400.531 .... 5304 packets received, 7758 bps, 96.97%, Err 0 (0.0e+000)
1402.647 .... 5312 packets received, 7758 bps, 96.97%, Err 0 (0.0e+000)
1404.764 .... 5320 packets received, 7758 bps, 96.97%, Err 0 (0.0e+000)
1406.875 .... 5328 packets received, 7758 bps, 96.97%, Err 0 (0.0e+000)
1408.994 .... 5336 packets received, 7758 bps, 96.97%, Err 0 (0.0e+000)
1411.093 .... 5344 packets received, 7758 bps, 96.97%, Err 0 (0.0e+000)
1413.210 .... 5352 packets received, 7758 bps, 96.97%, Err 0 (0.0e+000)
1415.326 .... 5360 packets received, 7758 bps, 96.97%, Err 0 (0.0e+000)
1417.428 .... 5368 packets received, 7758 bps, 96.97%, Err 0 (0.0e+000)
1419.543 .... 5376 packets received, 7758 bps, 96.97%, Err 0 (0.0e+000)
1421.661 .... 5384 packets received, 7758 bps, 96.97%, Err 0 (0.0e+000)
1423.768 .... 5392 packets received, 7758 bps, 96.97%, Err 0 (0.0e+000)
1425.883 .... 5400 packets received, 7758 bps, 96.97%, Err 0 (0.0e+000)
1428.003 .... 5408 packets received, 7758 bps, 96.97%, Err 0 (0.0e+000)
1430.113 .... 5416 packets received, 7758 bps, 96.97%, Err 0 (0.0e+000)
1432.213 .... 5424 packets received, 7758 bps, 96.97%, Err 0 (0.0e+000)
1434.329 .... 5432 packets received, 7758 bps, 96.97%, Err 0 (0.0e+000)
1436.442 .... 5440 packets received, 7758 bps, 96.97%, Err 0 (0.0e+000)
1438.546 .... 5448 packets received, 7758 bps, 96.97%, Err 0 (0.0e+000)
1440.664 .... 5456 packets received, 7758 bps, 96.97%, Err 0 (0.0e+000)
1442.791 .... 5464 packets received, 7758 bps, 96.97%, Err 0 (0.0e+000)
1444.890 .... 5472 packets received, 7758 bps, 96.97%, Err 0 (0.0e+000)
1446.993 .... 5480 packets received, 7758 bps, 96.97%, Err 0 (0.0e+000)
1449.112 .... 5488 packets received, 7758 bps, 96.97%, Err 0 (0.0e+000)
1451.228 .... 5496 packets received, 7758 bps, 96.97%, Err 0 (0.0e+000)
1453.332 .... 5504 packets received, 7758 bps, 96.97%, Err 0 (0.0e+000)
1455.453 .... 5512 packets received, 7758 bps, 96.97%, Err 0 (0.0e+000)
1457.569 .... 5520 packets received, 7758 bps, 96.97%, Err 0 (0.0e+000)
1459.681 .... 5528 packets received, 7758 bps, 96.97%, Err 0 (0.0e+000)
1461.774 .... 5536 packets received, 7758 bps, 96.97%, Err 0 (0.0e+000)
1463.898 .... 5544 packets received, 7758 bps, 96.97%, Err 0 (0.0e+000)
1466.012 .... 5552 packets received, 7758 bps, 96.97%, Err 0 (0.0e+000)
1468.128 .... 5560 packets received, 7758 bps, 96.97%, Err 0 (0.0e+000)
1470.232 .... 5568 packets received, 7758 bps, 96.97%, Err 0 (0.0e+000)
1472.355 .... 5576 packets received, 7758 bps, 96.97%, Err 0 (0.0e+000)
1474.444 .... 5584 packets received, 7758 bps, 96.97%, Err 0 (0.0e+000)
1476.561 .... 5592 packets received, 7758 bps, 96.97%, Err 0 (0.0e+000)
1478.698 .... 5600 packets received, 7757 bps, 96.97%, Err 0 (0.0e+000)
1480.793 .... 5608 packets received, 7758 bps, 96.97%, Err 0 (0.0e+000)
1482.914 .... 5616 packets received, 7758 bps, 96.97%, Err 0 (0.0e+000)
1485.011 .... 5624 packets received, 7758 bps, 96.97%, Err 0 (0.0e+000)
1487.141 .... 5632 packets received, 7758 bps, 96.97%, Err 0 (0.0e+000)
1489.243 .... 5640 packets received, 7758 bps, 96.97%, Err 0 (0.0e+000)
1491.369 .... 5648 packets received, 7758 bps, 96.97%, Err 0 (0.0e+000)
1493.459 .... 5656 packets received, 7758 bps, 96.97%, Err 0 (0.0e+000)
1495.582 .... 5664 packets received, 7758 bps, 96.97%, Err 0 (0.0e+000)
1497.699 .... 5672 packets received, 7758 bps, 96.97%, Err 0 (0.0e+000)
1499.801 .... 5680 packets received, 7758 bps, 96.97%, Err 0 (0.0e+000)
1501.917 .... 5688 packets received, 7758 bps, 96.97%, Err 0 (0.0e+000)
1504.040 .... 5696 packets received, 7758 bps, 96.97%, Err 0 (0.0e+000)
1506.140 .... 5704 packets received, 7758 bps, 96.97%, Err 0 (0.0e+000)
1508.246 .... 5712 packets received, 7758 bps, 96.97%, Err 0 (0.0e+000)
1510.355 .... 5720 packets received, 7758 bps, 96.97%, Err 0 (0.0e+000)
1512.483 .... 5728 packets received, 7758 bps, 96.97%, Err 0 (0.0e+000)
1514.590 .... 5736 packets received, 7758 bps, 96.97%, Err 0 (0.0e+000)
1516.698 .... 5744 packets received, 7758 bps, 96.97%, Err 0 (0.0e+000)
1518.800 .... 5752 packets received, 7758 bps, 96.97%, Err 0 (0.0e+000)
1520.917 .... 5760 packets received, 7758 bps, 96.97%, Err 0 (0.0e+000)
1523.027 .... 5768 packets received, 7758 bps, 96.97%, Err 0 (0.0e+000)
1525.148 .... 5776 packets received, 7758 bps, 96.97%, Err 0 (0.0e+000)
1527.262 .... 5784 packets received, 7758 bps, 96.97%, Err 0 (0.0e+000)
1529.384 .... 5792 packets received, 7758 bps, 96.97%, Err 0 (0.0e+000)
1531.492 .... 5800 packets received, 7758 bps, 96.97%, Err 0 (0.0e+000)
1533.592 .... 5808 packets received, 7758 bps, 96.97%, Err 0 (0.0e+000)
1535.711 .... 5816 packets received, 7758 bps, 96.97%, Err 0 (0.0e+000)
1537.822 .... 5824 packets received, 7758 bps, 96.97%, Err 0 (0.0e+000)
1539.945 .... 5832 packets received, 7758 bps, 96.97%, Err 0 (0.0e+000)
1542.037 .... 5840 packets received, 7758 bps, 96.97%, Err 0 (0.0e+000)
1544.157 .... 5848 packets received, 7758 bps, 96.97%, Err 0 (0.0e+000)
1546.269 .... 5856 packets received, 7758 bps, 96.97%, Err 0 (0.0e+000)
1548.387 .... 5864 packets received, 7758 bps, 96.97%, Err 0 (0.0e+000)
1550.496 .... 5872 packets received, 7758 bps, 96.97%, Err 0 (0.0e+000)
1552.602 .... 5880 packets received, 7758 bps, 96.97%, Err 0 (0.0e+000)
1554.716 .... 5888 packets received, 7758 bps, 96.97%, Err 0 (0.0e+000)
1556.831 .... 5896 packets received, 7758 bps, 96.97%, Err 0 (0.0e+000)
1558.931 .... 5904 packets received, 7758 bps, 96.97%, Err 0 (0.0e+000)
1561.061 .... 5912 packets received, 7758 bps, 96.97%, Err 0 (0.0e+000)
1563.158 .... 5920 packets received, 7758 bps, 96.97%, Err 0 (0.0e+000)
1565.275 .... 5928 packets received, 7758 bps, 96.97%, Err 0 (0.0e+000)
1567.394 .... 5936 packets received, 7758 bps, 96.97%, Err 0 (0.0e+000)
1569.489 .... 5944 packets received, 7758 bps, 96.97%, Err 0 (0.0e+000)
1571.619 .... 5952 packets received, 7758 bps, 96.97%, Err 0 (0.0e+000)
1573.730 .... 5960 packets received, 7758 bps, 96.97%, Err 0 (0.0e+000)
1575.847 .... 5968 packets received, 7758 bps, 96.97%, Err 0 (0.0e+000)
1577.953 .... 5976 packets received, 7758 bps, 96.97%, Err 0 (0.0e+000)
1580.055 .... 5984 packets received, 7758 bps, 96.97%, Err 0 (0.0e+000)
1582.172 .... 5992 packets received, 7758 bps, 96.97%, Err 0 (0.0e+000)
1584.289 .... 6000 packets received, 7758 bps, 96.97%, Err 0 (0.0e+000)
1586.392 .... 6008 packets received, 7758 bps, 96.97%, Err 0 (0.0e+000)
1588.506 .... 6016 packets received, 7758 bps, 96.97%, Err 0 (0.0e+000)
1590.621 .... 6024 packets received, 7758 bps, 96.97%, Err 0 (0.0e+000)
1592.734 .... 6032 packets received, 7758 bps, 96.97%, Err 0 (0.0e+000)
1594.840 .... 6040 packets received, 7758 bps, 96.97%, Err 0 (0.0e+000)
1596.955 .... 6048 packets received, 7758 bps, 96.97%, Err 0 (0.0e+000)
1599.069 .... 6056 packets received, 7758 bps, 96.97%, Err 0 (0.0e+000)
1601.180 .... 6064 packets received, 7758 bps, 96.97%, Err 0 (0.0e+000)
1603.296 .... 6072 packets received, 7758 bps, 96.97%, Err 0 (0.0e+000)
1605.395 .... 6080 packets received, 7758 bps, 96.97%, Err 0 (0.0e+000)
1607.511 .... 6088 packets received, 7758 bps, 96.97%, Err 0 (0.0e+000)
1609.625 .... 6096 packets received, 7758 bps, 96.97%, Err 0 (0.0e+000)
1611.743 .... 6104 packets received, 7758 bps, 96.97%, Err 0 (0.0e+000)
1613.859 .... 6112 packets received, 7758 bps, 96.97%, Err 0 (0.0e+000)
1615.974 .... 6120 packets received, 7758 bps, 96.97%, Err 0 (0.0e+000)
1618.083 .... 6128 packets received, 7758 bps, 96.97%, Err 0 (0.0e+000)
1620.201 .... 6136 packets received, 7758 bps, 96.97%, Err 0 (0.0e+000)
1622.297 .... 6144 packets received, 7758 bps, 96.97%, Err 0 (0.0e+000)
1624.413 .... 6152 packets received, 7758 bps, 96.97%, Err 0 (0.0e+000)
1626.525 .... 6160 packets received, 7758 bps, 96.97%, Err 0 (0.0e+000)
1628.638 .... 6168 packets received, 7758 bps, 96.97%, Err 0 (0.0e+000)
1630.760 .... 6176 packets received, 7758 bps, 96.97%, Err 0 (0.0e+000)
1632.844 .... 6184 packets received, 7758 bps, 96.97%, Err 0 (0.0e+000)
1634.972 .... 6192 packets received, 7758 bps, 96.97%, Err 0 (0.0e+000)
1637.072 .... 6200 packets received, 7758 bps, 96.97%, Err 0 (0.0e+000)
1639.195 .... 6208 packets received, 7758 bps, 96.97%, Err 0 (0.0e+000)
1641.308 .... 6216 packets received, 7758 bps, 96.97%, Err 0 (0.0e+000)
1643.426 .... 6224 packets received, 7758 bps, 96.97%, Err 0 (0.0e+000)
1645.543 .... 6232 packets received, 7758 bps, 96.97%, Err 0 (0.0e+000)
1647.631 .... 6240 packets received, 7758 bps, 96.97%, Err 0 (0.0e+000)
1649.746 .... 6248 packets received, 7758 bps, 96.97%, Err 0 (0.0e+000)
1651.863 .... 6256 packets received, 7758 bps, 96.97%, Err 0 (0.0e+000)
1653.985 .... 6264 packets received, 7758 bps, 96.97%, Err 0 (0.0e+000)
1656.099 .... 6272 packets received, 7758 bps, 96.97%, Err 0 (0.0e+000)
1658.200 .... 6280 packets received, 7758 bps, 96.97%, Err 0 (0.0e+000)
1660.320 .... 6288 packets received, 7758 bps, 96.97%, Err 0 (0.0e+000)
1662.434 .... 6296 packets received, 7758 bps, 96.97%, Err 0 (0.0e+000)
1664.544 .... 6304 packets received, 7758 bps, 96.97%, Err 0 (0.0e+000)
1666.646 .... 6312 packets received, 7758 bps, 96.97%, Err 0 (0.0e+000)
1668.762 .... 6320 packets received, 7758 bps, 96.97%, Err 0 (0.0e+000)
1670.880 .... 6328 packets received, 7758 bps, 96.97%, Err 0 (0.0e+000)
1672.987 .... 6336 packets received, 7758 bps, 96.97%, Err 0 (0.0e+000)
1675.099 .... 6344 packets received, 7758 bps, 96.97%, Err 0 (0.0e+000)
1677.212 .... 6352 packets received, 7758 bps, 96.97%, Err 0 (0.0e+000)
1679.327 .... 6360 packets received, 7758 bps, 96.97%, Err 0 (0.0e+000)
1681.444 .... 6368 packets received, 7758 bps, 96.97%, Err 0 (0.0e+000)
1683.542 .... 6376 packets received, 7758 bps, 96.97%, Err 0 (0.0e+000)
1685.669 .... 6384 packets received, 7758 bps, 96.97%, Err 0 (0.0e+000)
1687.769 .... 6392 packets received, 7758 bps, 96.97%, Err 0 (0.0e+000)
1689.892 .... 6400 packets received, 7758 bps, 96.97%, Err 0 (0.0e+000)
1691.998 .... 6408 packets received, 7758 bps, 96.97%, Err 0 (0.0e+000)
1694.097 .... 6416 packets received, 7758 bps, 96.97%, Err 0 (0.0e+000)
1696.216 .... 6424 packets received, 7758 bps, 96.97%, Err 0 (0.0e+000)
1698.344 .... 6432 packets received, 7758 bps, 96.97%, Err 0 (0.0e+000)
1700.434 .... 6440 packets received, 7758 bps, 96.97%, Err 0 (0.0e+000)
1702.548 .... 6448 packets received, 7758 bps, 96.97%, Err 0 (0.0e+000)
1704.666 .... 6456 packets received, 7758 bps, 96.97%, Err 0 (0.0e+000)
1706.781 .... 6464 packets received, 7758 bps, 96.97%, Err 0 (0.0e+000)
1708.898 .... 6472 packets received, 7758 bps, 96.97%, Err 0 (0.0e+000)
1711.008 .... 6480 packets received, 7758 bps, 96.97%, Err 0 (0.0e+000)
1713.120 .... 6488 packets received, 7758 bps, 96.97%, Err 0 (0.0e+000)
1715.236 .... 6496 packets received, 7758 bps, 96.97%, Err 0 (0.0e+000)
1717.340 .... 6504 packets received, 7758 bps, 96.97%, Err 0 (0.0e+000)
1719.455 .... 6512 packets received, 7758 bps, 96.97%, Err 0 (0.0e+000)
1721.569 .... 6520 packets received, 7758 bps, 96.97%, Err 0 (0.0e+000)
1723.670 .... 6528 packets received, 7758 bps, 96.97%, Err 0 (0.0e+000)
1725.782 .... 6536 packets received, 7758 bps, 96.97%, Err 0 (0.0e+000)
1727.904 .... 6544 packets received, 7758 bps, 96.97%, Err 0 (0.0e+000)
1730.023 .... 6552 packets received, 7758 bps, 96.97%, Err 0 (0.0e+000)
1732.115 .... 6560 packets received, 7758 bps, 96.97%, Err 0 (0.0e+000)
1734.237 .... 6568 packets received, 7758 bps, 96.97%, Err 0 (0.0e+000)
1736.350 .... 6576 packets received, 7758 bps, 96.97%, Err 0 (0.0e+000)
1738.454 .... 6584 packets received, 7758 bps, 96.97%, Err 0 (0.0e+000)
1740.573 .... 6592 packets received, 7758 bps, 96.97%, Err 0 (0.0e+000)
1742.686 .... 6600 packets received, 7758 bps, 96.97%, Err 0 (0.0e+000)
1744.789 .... 6608 packets received, 7758 bps, 96.97%, Err 0 (0.0e+000)
1746.906 .... 6616 packets received, 7758 bps, 96.97%, Err 0 (0.0e+000)
1749.019 .... 6624 packets received, 7758 bps, 96.97%, Err 0 (0.0e+000)
1751.135 .... 6632 packets received, 7758 bps, 96.97%, Err 0 (0.0e+000)
1753.252 .... 6640 packets received, 7758 bps, 96.97%, Err 0 (0.0e+000)
1755.349 .... 6648 packets received, 7758 bps, 96.97%, Err 0 (0.0e+000)
1757.469 .... 6656 packets received, 7758 bps, 96.97%, Err 0 (0.0e+000)
1759.573 .... 6664 packets received, 7758 bps, 96.97%, Err 0 (0.0e+000)
1761.688 .... 6672 packets received, 7758 bps, 96.97%, Err 0 (0.0e+000)
1763.810 .... 6680 packets received, 7758 bps, 96.97%, Err 0 (0.0e+000)
1765.911 .... 6688 packets received, 7758 bps, 96.97%, Err 0 (0.0e+000)
1768.028 .... 6696 packets received, 7758 bps, 96.97%, Err 0 (0.0e+000)
1770.129 .... 6704 packets received, 7758 bps, 96.97%, Err 0 (0.0e+000)
1772.244 .... 6712 packets received, 7758 bps, 96.97%, Err 0 (0.0e+000)
1774.368 .... 6720 packets received, 7758 bps, 96.97%, Err 0 (0.0e+000)
1776.470 .... 6728 packets received, 7758 bps, 96.97%, Err 0 (0.0e+000)
1778.572 .... 6736 packets received, 7758 bps, 96.97%, Err 0 (0.0e+000)
1780.702 .... 6744 packets received, 7758 bps, 96.97%, Err 0 (0.0e+000)
1782.802 .... 6752 packets received, 7758 bps, 96.97%, Err 0 (0.0e+000)
1784.913 .... 6760 packets received, 7758 bps, 96.97%, Err 0 (0.0e+000)
1787.028 .... 6768 packets received, 7758 bps, 96.97%, Err 0 (0.0e+000)
1789.134 .... 6776 packets received, 7758 bps, 96.97%, Err 0 (0.0e+000)
1791.252 .... 6784 packets received, 7758 bps, 96.97%, Err 0 (0.0e+000)
1793.371 .... 6792 packets received, 7758 bps, 96.97%, Err 0 (0.0e+000)
1795.490 .... 6800 packets received, 7758 bps, 96.97%, Err 0 (0.0e+000)
1797.594 .... 6808 packets received, 7758 bps, 96.97%, Err 0 (0.0e+000)
1799.706 .... 6816 packets received, 7758 bps, 96.97%, Err 0 (0.0e+000)
1801.804 .... 6824 packets received, 7758 bps, 96.97%, Err 0 (0.0e+000)
1803.937 .... 6832 packets received, 7758 bps, 96.97%, Err 0 (0.0e+000)
1806.040 .... 6840 packets received, 7758 bps, 96.97%, Err 0 (0.0e+000)
1808.157 .... 6848 packets received, 7758 bps, 96.97%, Err 0 (0.0e+000)
1810.271 .... 6856 packets received, 7758 bps, 96.97%, Err 0 (0.0e+000)
1812.385 .... 6864 packets received, 7758 bps, 96.97%, Err 0 (0.0e+000)
1814.484 .... 6872 packets received, 7758 bps, 96.97%, Err 0 (0.0e+000)
1816.600 .... 6880 packets received, 7758 bps, 96.97%, Err 0 (0.0e+000)
1818.720 .... 6888 packets received, 7758 bps, 96.97%, Err 0 (0.0e+000)
1820.820 .... 6896 packets received, 7758 bps, 96.97%, Err 0 (0.0e+000)
1822.935 .... 6904 packets received, 7758 bps, 96.97%, Err 0 (0.0e+000)
1825.055 .... 6912 packets received, 7758 bps, 96.97%, Err 0 (0.0e+000)
1827.174 .... 6920 packets received, 7758 bps, 96.97%, Err 0 (0.0e+000)
1829.274 .... 6928 packets received, 7758 bps, 96.97%, Err 0 (0.0e+000)
1831.389 .... 6936 packets received, 7758 bps, 96.97%, Err 0 (0.0e+000)
1833.509 .... 6944 packets received, 7758 bps, 96.97%, Err 0 (0.0e+000)
1835.622 .... 6952 packets received, 7758 bps, 96.97%, Err 0 (0.0e+000)
1837.730 .... 6960 packets received, 7758 bps, 96.97%, Err 0 (0.0e+000)
1839.831 .... 6968 packets received, 7758 bps, 96.97%, Err 0 (0.0e+000)
1841.943 .... 6976 packets received, 7758 bps, 96.97%, Err 0 (0.0e+000)
1844.060 .... 6984 packets received, 7758 bps, 96.97%, Err 0 (0.0e+000)
1846.175 .... 6992 packets received, 7758 bps, 96.97%, Err 0 (0.0e+000)
1848.273 .... 7000 packets received, 7758 bps, 96.97%, Err 0 (0.0e+000)
1850.388 .... 7008 packets received, 7758 bps, 96.97%, Err 0 (0.0e+000)
1852.507 .... 7016 packets received, 7758 bps, 96.97%, Err 0 (0.0e+000)
1854.623 .... 7024 packets received, 7758 bps, 96.97%, Err 0 (0.0e+000)
1856.738 .... 7032 packets received, 7758 bps, 96.97%, Err 0 (0.0e+000)
1858.856 .... 7040 packets received, 7758 bps, 96.97%, Err 0 (0.0e+000)
1860.955 .... 7048 packets received, 7758 bps, 96.97%, Err 0 (0.0e+000)
1863.078 .... 7056 packets received, 7758 bps, 96.97%, Err 0 (0.0e+000)
1865.186 .... 7064 packets received, 7758 bps, 96.97%, Err 0 (0.0e+000)
1867.298 .... 7072 packets received, 7758 bps, 96.97%, Err 0 (0.0e+000)
1869.408 .... 7080 packets received, 7758 bps, 96.97%, Err 0 (0.0e+000)
1871.518 .... 7088 packets received, 7758 bps, 96.97%, Err 0 (0.0e+000)
1873.636 .... 7096 packets received, 7758 bps, 96.97%, Err 0 (0.0e+000)
1875.734 .... 7104 packets received, 7758 bps, 96.97%, Err 0 (0.0e+000)
1877.853 .... 7112 packets received, 7758 bps, 96.97%, Err 0 (0.0e+000)
1879.972 .... 7120 packets received, 7758 bps, 96.97%, Err 0 (0.0e+000)
1882.070 .... 7128 packets received, 7758 bps, 96.97%, Err 0 (0.0e+000)
1884.191 .... 7136 packets received, 7758 bps, 96.97%, Err 0 (0.0e+000)
1886.292 .... 7144 packets received, 7758 bps, 96.97%, Err 0 (0.0e+000)
1888.421 .... 7152 packets received, 7758 bps, 96.97%, Err 0 (0.0e+000)
1890.521 .... 7160 packets received, 7758 bps, 96.97%, Err 0 (0.0e+000)
1892.625 .... 7168 packets received, 7758 bps, 96.97%, Err 0 (0.0e+000)
1894.757 .... 7176 packets received, 7758 bps, 96.97%, Err 0 (0.0e+000)
1896.860 .... 7184 packets received, 7758 bps, 96.97%, Err 0 (0.0e+000)
1898.978 .... 7192 packets received, 7758 bps, 96.97%, Err 0 (0.0e+000)
1901.082 .... 7200 packets received, 7758 bps, 96.97%, Err 0 (0.0e+000)
1903.193 .... 7208 packets received, 7758 bps, 96.97%, Err 0 (0.0e+000)
1905.304 .... 7216 packets received, 7758 bps, 96.97%, Err 0 (0.0e+000)
1907.418 .... 7224 packets received, 7758 bps, 96.97%, Err 0 (0.0e+000)
1909.533 .... 7232 packets received, 7758 bps, 96.97%, Err 0 (0.0e+000)
1911.650 .... 7240 packets received, 7758 bps, 96.97%, Err 0 (0.0e+000)
1913.754 .... 7248 packets received, 7758 bps, 96.97%, Err 0 (0.0e+000)
1915.861 .... 7256 packets received, 7758 bps, 96.97%, Err 0 (0.0e+000)
1917.977 .... 7264 packets received, 7758 bps, 96.97%, Err 0 (0.0e+000)
1920.094 .... 7272 packets received, 7758 bps, 96.97%, Err 0 (0.0e+000)
1922.209 .... 7280 packets received, 7758 bps, 96.97%, Err 0 (0.0e+000)
1924.324 .... 7288 packets received, 7758 bps, 96.97%, Err 0 (0.0e+000)
1926.440 .... 7296 packets received, 7758 bps, 96.97%, Err 0 (0.0e+000)
1928.524 .... 7304 packets received, 7758 bps, 96.97%, Err 0 (0.0e+000)
1930.643 .... 7312 packets received, 7758 bps, 96.97%, Err 0 (0.0e+000)
1932.758 .... 7320 packets received, 7758 bps, 96.97%, Err 0 (0.0e+000)
1934.873 .... 7328 packets received, 7758 bps, 96.97%, Err 0 (0.0e+000)
1936.973 .... 7336 packets received, 7758 bps, 96.97%, Err 0 (0.0e+000)
1939.097 .... 7344 packets received, 7758 bps, 96.97%, Err 0 (0.0e+000)
1941.214 .... 7352 packets received, 7758 bps, 96.97%, Err 0 (0.0e+000)
1943.314 .... 7360 packets received, 7758 bps, 96.97%, Err 0 (0.0e+000)
1945.432 .... 7368 packets received, 7758 bps, 96.97%, Err 0 (0.0e+000)
1947.545 .... 7376 packets received, 7758 bps, 96.97%, Err 0 (0.0e+000)
1949.657 .... 7384 packets received, 7758 bps, 96.97%, Err 0 (0.0e+000)
1951.779 .... 7392 packets received, 7758 bps, 96.97%, Err 0 (0.0e+000)
1953.899 .... 7400 packets received, 7758 bps, 96.97%, Err 0 (0.0e+000)
1955.998 .... 7408 packets received, 7758 bps, 96.97%, Err 0 (0.0e+000)
1958.120 .... 7416 packets received, 7758 bps, 96.97%, Err 0 (0.0e+000)
1960.228 .... 7424 packets received, 7758 bps, 96.97%, Err 0 (0.0e+000)
1962.333 .... 7432 packets received, 7758 bps, 96.97%, Err 0 (0.0e+000)
1964.459 .... 7440 packets received, 7758 bps, 96.97%, Err 0 (0.0e+000)
1966.550 .... 7448 packets received, 7758 bps, 96.97%, Err 0 (0.0e+000)
1968.673 .... 7456 packets received, 7758 bps, 96.97%, Err 0 (0.0e+000)
1970.772 .... 7464 packets received, 7758 bps, 96.97%, Err 0 (0.0e+000)
1972.906 .... 7472 packets received, 7758 bps, 96.97%, Err 0 (0.0e+000)
1975.014 .... 7480 packets received, 7758 bps, 96.97%, Err 0 (0.0e+000)
1977.104 .... 7488 packets received, 7758 bps, 96.97%, Err 0 (0.0e+000)
1979.227 .... 7496 packets received, 7758 bps, 96.97%, Err 0 (0.0e+000)
1981.353 .... 7504 packets received, 7758 bps, 96.97%, Err 0 (0.0e+000)
1983.447 .... 7512 packets received, 7758 bps, 96.97%, Err 0 (0.0e+000)
1985.564 .... 7520 packets received, 7758 bps, 96.97%, Err 0 (0.0e+000)
1987.663 .... 7528 packets received, 7758 bps, 96.97%, Err 0 (0.0e+000)
1989.774 .... 7536 packets received, 7758 bps, 96.97%, Err 0 (0.0e+000)
1991.894 .... 7544 packets received, 7758 bps, 96.97%, Err 0 (0.0e+000)
1994.014 .... 7552 packets received, 7758 bps, 96.97%, Err 0 (0.0e+000)
1996.118 .... 7560 packets received, 7758 bps, 96.97%, Err 0 (0.0e+000)
1998.233 .... 7568 packets received, 7758 bps, 96.97%, Err 0 (0.0e+000)
2000.354 .... 7576 packets received, 7758 bps, 96.97%, Err 0 (0.0e+000)
2002.462 .... 7584 packets received, 7758 bps, 96.97%, Err 0 (0.0e+000)
2004.585 .... 7592 packets received, 7758 bps, 96.97%, Err 0 (0.0e+000)
2006.676 .... 7600 packets received, 7758 bps, 96.97%, Err 0 (0.0e+000)
2008.798 .... 7608 packets received, 7758 bps, 96.97%, Err 0 (0.0e+000)
2010.903 .... 7616 packets received, 7758 bps, 96.97%, Err 0 (0.0e+000)
2013.026 .... 7624 packets received, 7758 bps, 96.97%, Err 0 (0.0e+000)
2015.134 .... 7632 packets received, 7758 bps, 96.97%, Err 0 (0.0e+000)
2017.244 .... 7640 packets received, 7758 bps, 96.97%, Err 0 (0.0e+000)
2019.370 .... 7648 packets received, 7758 bps, 96.97%, Err 0 (0.0e+000)
2021.478 .... 7656 packets received, 7758 bps, 96.97%, Err 0 (0.0e+000)
2023.584 .... 7664 packets received, 7758 bps, 96.97%, Err 0 (0.0e+000)
2025.689 .... 7672 packets received, 7758 bps, 96.97%, Err 0 (0.0e+000)
2027.814 .... 7680 packets received, 7758 bps, 96.97%, Err 0 (0.0e+000)
2029.916 .... 7688 packets received, 7758 bps, 96.97%, Err 0 (0.0e+000)
2032.025 .... 7696 packets received, 7758 bps, 96.97%, Err 0 (0.0e+000)
2034.152 .... 7704 packets received, 7758 bps, 96.97%, Err 0 (0.0e+000)
2036.252 .... 7712 packets received, 7758 bps, 96.97%, Err 0 (0.0e+000)
2038.369 .... 7720 packets received, 7758 bps, 96.97%, Err 0 (0.0e+000)
2040.475 .... 7728 packets received, 7758 bps, 96.97%, Err 0 (0.0e+000)
2042.602 .... 7736 packets received, 7758 bps, 96.97%, Err 0 (0.0e+000)
2044.702 .... 7744 packets received, 7758 bps, 96.97%, Err 0 (0.0e+000)
2046.809 .... 7752 packets received, 7758 bps, 96.97%, Err 0 (0.0e+000)
2048.922 .... 7760 packets received, 7758 bps, 96.97%, Err 0 (0.0e+000)
2051.028 .... 7768 packets received, 7758 bps, 96.97%, Err 0 (0.0e+000)
2053.150 .... 7776 packets received, 7758 bps, 96.97%, Err 0 (0.0e+000)
2055.259 .... 7784 packets received, 7758 bps, 96.97%, Err 0 (0.0e+000)
2057.382 .... 7792 packets received, 7758 bps, 96.97%, Err 0 (0.0e+000)
2059.481 .... 7800 packets received, 7758 bps, 96.97%, Err 0 (0.0e+000)
2061.602 .... 7808 packets received, 7758 bps, 96.97%, Err 0 (0.0e+000)
2063.705 .... 7816 packets received, 7758 bps, 96.97%, Err 0 (0.0e+000)
2065.823 .... 7824 packets received, 7758 bps, 96.97%, Err 0 (0.0e+000)
2067.930 .... 7832 packets received, 7758 bps, 96.97%, Err 0 (0.0e+000)
2070.040 .... 7840 packets received, 7758 bps, 96.97%, Err 0 (0.0e+000)
2072.155 .... 7848 packets received, 7758 bps, 96.97%, Err 0 (0.0e+000)
2074.263 .... 7856 packets received, 7758 bps, 96.97%, Err 0 (0.0e+000)
2076.383 .... 7864 packets received, 7758 bps, 96.97%, Err 0 (0.0e+000)
2078.483 .... 7872 packets received, 7758 bps, 96.97%, Err 0 (0.0e+000)
2080.615 .... 7880 packets received, 7758 bps, 96.97%, Err 0 (0.0e+000)
2082.716 .... 7888 packets received, 7758 bps, 96.97%, Err 0 (0.0e+000)
2084.822 .... 7896 packets received, 7758 bps, 96.97%, Err 0 (0.0e+000)
2086.931 .... 7904 packets received, 7758 bps, 96.97%, Err 0 (0.0e+000)
2089.055 .... 7912 packets received, 7758 bps, 96.97%, Err 0 (0.0e+000)
2091.156 .... 7920 packets received, 7758 bps, 96.97%, Err 0 (0.0e+000)
2093.280 .... 7928 packets received, 7758 bps, 96.97%, Err 0 (0.0e+000)
2095.387 .... 7936 packets received, 7758 bps, 96.97%, Err 0 (0.0e+000)
2097.509 .... 7944 packets received, 7758 bps, 96.97%, Err 0 (0.0e+000)
2099.622 .... 7952 packets received, 7758 bps, 96.97%, Err 0 (0.0e+000)
2101.726 .... 7960 packets received, 7758 bps, 96.97%, Err 0 (0.0e+000)
2103.835 .... 7968 packets received, 7758 bps, 96.97%, Err 0 (0.0e+000)
2105.948 .... 7976 packets received, 7758 bps, 96.97%, Err 0 (0.0e+000)
2108.064 .... 7984 packets received, 7758 bps, 96.97%, Err 0 (0.0e+000)
2110.180 .... 7992 packets received, 7758 bps, 96.97%, Err 0 (0.0e+000)
2112.276 .... 8000 packets received, 7758 bps, 96.97%, Err 0 (0.0e+000)
2114.401 .... 8008 packets received, 7758 bps, 96.97%, Err 0 (0.0e+000)
2116.514 .... 8016 packets received, 7758 bps, 96.97%, Err 0 (0.0e+000)
2118.625 .... 8024 packets received, 7758 bps, 96.97%, Err 0 (0.0e+000)
2120.724 .... 8032 packets received, 7758 bps, 96.97%, Err 0 (0.0e+000)
2122.840 .... 8040 packets received, 7758 bps, 96.97%, Err 0 (0.0e+000)
2124.947 .... 8048 packets received, 7758 bps, 96.97%, Err 0 (0.0e+000)
2127.064 .... 8056 packets received, 7758 bps, 96.97%, Err 0 (0.0e+000)
2129.190 .... 8064 packets received, 7758 bps, 96.97%, Err 0 (0.0e+000)
2131.296 .... 8072 packets received, 7758 bps, 96.97%, Err 0 (0.0e+000)
2133.411 .... 8080 packets received, 7758 bps, 96.97%, Err 0 (0.0e+000)
2135.527 .... 8088 packets received, 7758 bps, 96.97%, Err 0 (0.0e+000)
2137.625 .... 8096 packets received, 7758 bps, 96.97%, Err 0 (0.0e+000)
2139.740 .... 8104 packets received, 7758 bps, 96.97%, Err 0 (0.0e+000)
2141.860 .... 8112 packets received, 7758 bps, 96.97%, Err 0 (0.0e+000)
2143.985 .... 8120 packets received, 7757 bps, 96.97%, Err 0 (0.0e+000)
2146.087 .... 8128 packets received, 7758 bps, 96.97%, Err 0 (0.0e+000)
2148.197 .... 8136 packets received, 7758 bps, 96.97%, Err 0 (0.0e+000)
2150.311 .... 8144 packets received, 7758 bps, 96.97%, Err 0 (0.0e+000)
2152.430 .... 8152 packets received, 7758 bps, 96.97%, Err 0 (0.0e+000)
2154.523 .... 8160 packets received, 7758 bps, 96.97%, Err 0 (0.0e+000)
2156.631 .... 8168 packets received, 7758 bps, 96.97%, Err 0 (0.0e+000)
2158.745 .... 8176 packets received, 7758 bps, 96.97%, Err 0 (0.0e+000)
2160.853 .... 8184 packets received, 7758 bps, 96.97%, Err 0 (0.0e+000)
2162.984 .... 8192 packets received, 7758 bps, 96.97%, Err 0 (0.0e+000)
2165.081 .... 8200 packets received, 7758 bps, 96.97%, Err 0 (0.0e+000)
2167.190 .... 8208 packets received, 7758 bps, 96.97%, Err 0 (0.0e+000)
2169.325 .... 8216 packets received, 7758 bps, 96.97%, Err 0 (0.0e+000)
2171.428 .... 8224 packets received, 7758 bps, 96.97%, Err 0 (0.0e+000)
2173.546 .... 8232 packets received, 7758 bps, 96.97%, Err 0 (0.0e+000)
2175.652 .... 8240 packets received, 7758 bps, 96.97%, Err 0 (0.0e+000)
2177.749 .... 8248 packets received, 7758 bps, 96.97%, Err 0 (0.0e+000)
2179.882 .... 8256 packets received, 7758 bps, 96.97%, Err 0 (0.0e+000)
2181.973 .... 8264 packets received, 7758 bps, 96.97%, Err 0 (0.0e+000)
2184.111 .... 8272 packets received, 7758 bps, 96.97%, Err 0 (0.0e+000)
2186.191 .... 8280 packets received, 7758 bps, 96.97%, Err 0 (0.0e+000)
2188.324 .... 8288 packets received, 7758 bps, 96.97%, Err 0 (0.0e+000)
2190.432 .... 8296 packets received, 7758 bps, 96.97%, Err 0 (0.0e+000)
2192.535 .... 8304 packets received, 7758 bps, 96.97%, Err 0 (0.0e+000)
2194.655 .... 8312 packets received, 7758 bps, 96.97%, Err 0 (0.0e+000)
2196.754 .... 8320 packets received, 7758 bps, 96.97%, Err 0 (0.0e+000)
2198.883 .... 8328 packets received, 7758 bps, 96.97%, Err 0 (0.0e+000)
2200.996 .... 8336 packets received, 7758 bps, 96.97%, Err 0 (0.0e+000)
2203.099 .... 8344 packets received, 7758 bps, 96.97%, Err 0 (0.0e+000)
2205.204 .... 8352 packets received, 7758 bps, 96.97%, Err 0 (0.0e+000)
2207.330 .... 8360 packets received, 7758 bps, 96.97%, Err 0 (0.0e+000)
2209.441 .... 8368 packets received, 7758 bps, 96.97%, Err 0 (0.0e+000)
2211.550 .... 8376 packets received, 7758 bps, 96.97%, Err 0 (0.0e+000)
2213.661 .... 8384 packets received, 7758 bps, 96.97%, Err 0 (0.0e+000)
