GBN a 
=========================================================================
                          Station A                                 
-------------------------------------------------------------------------
Protocol.lib, version 3.0, Build: Oct 19 2009 (jiangy@public3.bta.net.cn)
Channel: 8000 bps, 270 ms propagation delay, bit error rate 1.0E-005
Log file "GBN-A.log", TCP port 59144, debug mask 0x00
Station A is waiting for station B on TCP port 59144 ... Done.
New epoch: Wed May 24 08:47:18 2017
=========================================================================
Designed by LXS, build: May 22 2017  23:29:19
4.008 .... 5 packets received, 3807 bps, 47.58%, Err 1 (4.3e-005)
6.111 .... 13 packets received, 5555 bps, 69.43%, Err 1 (2.5e-005)
8.215 .... 21 packets received, 6236 bps, 77.95%, Err 1 (1.8e-005)
10.321 .... 29 packets received, 6597 bps, 82.46%, Err 1 (1.3e-005)
12.454 .... 37 packets received, 6805 bps, 85.06%, Err 1 (1.1e-005)
14.890 .... 45 packets received, 6790 bps, 84.88%, Err 1 (9.3e-006)
16.992 .... 53 packets received, 6925 bps, 86.56%, Err 1 (8.0e-006)
19.082 .... 61 packets received, 7033 bps, 87.91%, Err 1 (7.1e-006)
21.454 .... 69 packets received, 7018 bps, 87.72%, Err 1 (6.3e-006)
23.559 .... 77 packets received, 7090 bps, 88.63%, Err 1 (5.7e-006)
25.691 .... 85 packets received, 7142 bps, 89.28%, Err 1 (5.2e-006)
27.811 .... 93 packets received, 7189 bps, 89.87%, Err 1 (4.8e-006)
29.929 .... 101 packets received, 7230 bps, 90.37%, Err 1 (4.4e-006)
32.017 .... 109 packets received, 7272 bps, 90.90%, Err 1 (4.1e-006)
35.808 .... 115 packets received, 6829 bps, 85.36%, Err 2 (7.4e-006)
37.928 .... 123 packets received, 6881 bps, 86.01%, Err 2 (7.0e-006)
40.053 .... 126 packets received, 6662 bps, 83.27%, Err 3 (9.8e-006)
42.170 .... 134 packets received, 6718 bps, 83.97%, Err 3 (9.3e-006)
44.403 .... 141 packets received, 6702 bps, 83.78%, Err 3 (8.9e-006)
46.528 .... 149 packets received, 6750 bps, 84.37%, Err 3 (8.5e-006)
48.599 .... 157 packets received, 6801 bps, 85.01%, Err 3 (8.1e-006)
50.722 .... 165 packets received, 6840 bps, 85.50%, Err 3 (7.7e-006)
54.181 .... 173 packets received, 6702 bps, 83.78%, Err 4 (9.6e-006)
57.356 .... 180 packets received, 6578 bps, 82.23%, Err 5 (1.1e-005)
59.474 .... 188 packets received, 6621 bps, 82.76%, Err 5 (1.1e-005)
61.832 .... 192 packets received, 6498 bps, 81.22%, Err 6 (1.3e-005)
64.083 .... 199 packets received, 6493 bps, 81.17%, Err 6 (1.2e-005)
66.186 .... 207 packets received, 6535 bps, 81.69%, Err 6 (1.2e-005)
68.305 .... 215 packets received, 6573 bps, 82.17%, Err 6 (1.1e-005)
70.408 .... 223 packets received, 6610 bps, 82.63%, Err 6 (1.1e-005)
72.513 .... 231 packets received, 6645 bps, 83.06%, Err 6 (1.1e-005)
75.471 .... 237 packets received, 6546 bps, 81.82%, Err 7 (1.2e-005)
78.340 .... 243 packets received, 6461 bps, 80.77%, Err 8 (1.3e-005)
80.507 .... 251 packets received, 6491 bps, 81.14%, Err 8 (1.3e-005)
82.612 .... 259 packets received, 6525 bps, 81.56%, Err 8 (1.3e-005)
84.714 .... 267 packets received, 6557 bps, 81.96%, Err 8 (1.2e-005)
86.804 .... 275 packets received, 6588 bps, 82.35%, Err 8 (1.2e-005)
89.006 .... 282 packets received, 6586 bps, 82.33%, Err 8 (1.2e-005)
91.124 .... 290 packets received, 6613 bps, 82.67%, Err 8 (1.1e-005)
93.225 .... 298 packets received, 6640 bps, 83.01%, Err 8 (1.1e-005)
95.317 .... 306 packets received, 6667 bps, 83.34%, Err 8 (1.1e-005)
97.708 .... 314 packets received, 6672 bps, 83.39%, Err 8 (1.1e-005)
99.825 .... 322 packets received, 6695 bps, 83.68%, Err 8 (1.0e-005)
104.496 .... 325 packets received, 6451 bps, 80.64%, Err 8 (1.0e-005)
108.660 .... 326 packets received, 6220 bps, 77.75%, Err 8 (1.0e-005)
112.782 .... 327 packets received, 6008 bps, 75.10%, Err 8 (1.0e-005)
115.609 ** WARNING: System too busy, sleep 15 ms, but be awakened 69 ms later
116.942 .... 328 packets received, 5810 bps, 72.62%, Err 8 (1.0e-005)
121.034 .... 329 packets received, 5628 bps, 70.35%, Err 8 (1.0e-005)
125.046 .... 330 packets received, 5462 bps, 68.28%, Err 8 (1.0e-005)
129.216 .... 331 packets received, 5300 bps, 66.25%, Err 8 (1.0e-005)
133.250 .... 332 packets received, 5154 bps, 64.42%, Err 8 (1.0e-005)
137.355 .... 333 packets received, 5013 bps, 62.67%, Err 8 (1.0e-005)
141.461 .... 334 packets received, 4881 bps, 61.01%, Err 8 (1.0e-005)
145.747 .... 335 packets received, 4750 bps, 59.38%, Err 8 (1.0e-005)
149.959 .... 336 packets received, 4629 bps, 57.87%, Err 8 (9.9e-006)
154.198 .... 337 packets received, 4514 bps, 56.43%, Err 8 (9.9e-006)
158.443 .... 338 packets received, 4406 bps, 55.07%, Err 8 (9.9e-006)
162.494 .... 339 packets received, 4308 bps, 53.84%, Err 8 (9.8e-006)
166.623 .... 340 packets received, 4212 bps, 52.65%, Err 8 (9.8e-006)
170.710 .... 341 packets received, 4123 bps, 51.53%, Err 8 (9.8e-006)
174.780 .... 342 packets received, 4038 bps, 50.47%, Err 8 (9.8e-006)
178.872 .... 343 packets received, 3956 bps, 49.45%, Err 8 (9.7e-006)
183.047 .... 344 packets received, 3877 bps, 48.46%, Err 8 (9.7e-006)
187.122 .... 345 packets received, 3803 bps, 47.53%, Err 8 (9.7e-006)
191.279 .... 346 packets received, 3730 bps, 46.63%, Err 8 (9.6e-006)
195.377 .... 347 packets received, 3662 bps, 45.78%, Err 8 (9.6e-006)
199.515 .... 348 packets received, 3596 bps, 44.95%, Err 8 (9.6e-006)
201.601 .... 353 packets received, 3610 bps, 45.12%, Err 9 (1.1e-005)
206.279 .... 354 packets received, 3537 bps, 44.22%, Err 10 (1.1e-005)
208.433 .... 362 packets received, 3580 bps, 44.74%, Err 10 (1.1e-005)
210.551 .... 368 packets received, 3602 bps, 45.03%, Err 10 (1.1e-005)
212.643 .... 376 packets received, 3644 bps, 45.55%, Err 10 (1.1e-005)
214.783 .... 384 packets received, 3684 bps, 46.05%, Err 10 (1.1e-005)
216.890 .... 392 packets received, 3724 bps, 46.55%, Err 10 (1.0e-005)
219.009 .... 400 packets received, 3763 bps, 47.04%, Err 10 (1.0e-005)
221.116 .... 408 packets received, 3802 bps, 47.52%, Err 10 (1.0e-005)
223.241 .... 416 packets received, 3839 bps, 47.99%, Err 10 (9.9e-006)
225.341 .... 424 packets received, 3876 bps, 48.45%, Err 10 (9.8e-006)
227.442 .... 432 packets received, 3913 bps, 48.91%, Err 10 (9.6e-006)
229.591 .... 439 packets received, 3939 bps, 49.23%, Err 10 (9.5e-006)
231.718 .... 447 packets received, 3973 bps, 49.67%, Err 10 (9.3e-006)
233.860 .... 455 packets received, 4007 bps, 50.09%, Err 10 (9.2e-006)
235.946 .... 463 packets received, 4041 bps, 50.52%, Err 11 (9.9e-006)
238.050 .... 466 packets received, 4031 bps, 50.39%, Err 11 (9.8e-006)
240.171 .... 474 packets received, 4064 bps, 50.80%, Err 11 (9.6e-006)
242.289 .... 482 packets received, 4096 bps, 51.21%, Err 11 (9.5e-006)
244.383 .... 490 packets received, 4129 bps, 51.61%, Err 11 (9.4e-006)
246.549 .... 498 packets received, 4159 bps, 51.99%, Err 11 (9.2e-006)
248.632 .... 506 packets received, 4190 bps, 52.38%, Err 11 (9.1e-006)
250.761 .... 514 packets received, 4220 bps, 52.75%, Err 11 (9.0e-006)
252.833 .... 522 packets received, 4250 bps, 53.13%, Err 11 (8.9e-006)
254.996 .... 530 packets received, 4279 bps, 53.49%, Err 11 (8.8e-006)
257.082 .... 537 packets received, 4300 bps, 53.75%, Err 11 (8.6e-006)
259.187 .... 545 packets received, 4328 bps, 54.10%, Err 11 (8.5e-006)
261.323 .... 553 packets received, 4356 bps, 54.45%, Err 11 (8.4e-006)
264.734 .... 561 packets received, 4362 bps, 54.52%, Err 13 (9.7e-006)
266.873 .... 569 packets received, 4388 bps, 54.85%, Err 13 (9.6e-006)
268.986 .... 577 packets received, 4415 bps, 55.18%, Err 13 (9.5e-006)
271.068 .... 585 packets received, 4441 bps, 55.52%, Err 13 (9.4e-006)
273.214 .... 593 packets received, 4467 bps, 55.83%, Err 13 (9.3e-006)
276.124 .... 599 packets received, 4464 bps, 55.80%, Err 14 (9.8e-006)
279.564 .... 606 packets received, 4460 bps, 55.75%, Err 16 (1.1e-005)
281.700 .... 614 packets received, 4485 bps, 56.06%, Err 16 (1.1e-005)
283.804 .... 622 packets received, 4509 bps, 56.37%, Err 16 (1.1e-005)
285.912 .... 630 packets received, 4534 bps, 56.67%, Err 16 (1.1e-005)
288.019 .... 638 packets received, 4557 bps, 56.97%, Err 16 (1.1e-005)
290.160 .... 646 packets received, 4580 bps, 57.25%, Err 16 (1.0e-005)
292.363 .... 653 packets received, 4595 bps, 57.44%, Err 16 (1.0e-005)
294.442 .... 661 packets received, 4618 bps, 57.73%, Err 16 (1.0e-005)
296.572 .... 669 packets received, 4640 bps, 58.01%, Err 16 (1.0e-005)
299.726 .... 676 packets received, 4639 bps, 57.99%, Err 17 (1.1e-005)
303.490 .... 681 packets received, 4616 bps, 57.69%, Err 17 (1.1e-005)
307.697 .... 682 packets received, 4559 bps, 56.99%, Err 17 (1.0e-005)
311.656 .... 683 packets received, 4507 bps, 56.34%, Err 17 (1.0e-005)
315.737 .... 684 packets received, 4455 bps, 55.69%, Err 17 (1.0e-005)
319.881 .... 685 packets received, 4404 bps, 55.05%, Err 17 (1.0e-005)
323.993 .... 686 packets received, 4354 bps, 54.43%, Err 17 (1.0e-005)
328.141 .... 687 packets received, 4305 bps, 53.81%, Err 17 (1.0e-005)
333.949 .... 688 packets received, 4236 bps, 52.95%, Err 18 (1.1e-005)
336.335 .... 689 packets received, 4212 bps, 52.65%, Err 18 (1.1e-005)
340.387 .... 690 packets received, 4168 bps, 52.10%, Err 18 (1.1e-005)
344.523 .... 691 packets received, 4123 bps, 51.54%, Err 18 (1.1e-005)
348.602 .... 692 packets received, 4081 bps, 51.01%, Err 18 (1.1e-005)
352.653 .... 693 packets received, 4040 bps, 50.50%, Err 18 (1.1e-005)
356.660 .... 694 packets received, 4000 bps, 50.00%, Err 18 (1.1e-005)
360.699 .... 695 packets received, 3961 bps, 49.51%, Err 18 (1.1e-005)
364.964 .... 696 packets received, 3920 bps, 49.00%, Err 18 (1.1e-005)
369.074 .... 697 packets received, 3882 bps, 48.52%, Err 18 (1.1e-005)
373.218 .... 698 packets received, 3844 bps, 48.05%, Err 18 (1.1e-005)
377.304 .... 699 packets received, 3807 bps, 47.59%, Err 18 (1.1e-005)
381.381 .... 700 packets received, 3772 bps, 47.15%, Err 18 (1.1e-005)
385.445 .... 701 packets received, 3737 bps, 46.72%, Err 18 (1.1e-005)
389.484 .... 702 packets received, 3704 bps, 46.30%, Err 18 (1.1e-005)
393.591 .... 703 packets received, 3670 bps, 45.88%, Err 18 (1.1e-005)
397.668 .... 704 packets received, 3638 bps, 45.47%, Err 18 (1.1e-005)
400.554 .... 705 packets received, 3617 bps, 45.21%, Err 18 (1.1e-005)
402.681 .... 713 packets received, 3638 bps, 45.48%, Err 18 (1.1e-005)
404.766 .... 721 packets received, 3660 bps, 45.75%, Err 18 (1.0e-005)
407.138 .... 725 packets received, 3659 bps, 45.73%, Err 21 (1.2e-005)
409.257 .... 733 packets received, 3680 bps, 46.00%, Err 21 (1.2e-005)
411.380 .... 741 packets received, 3701 bps, 46.26%, Err 21 (1.2e-005)
414.539 .... 748 packets received, 3707 bps, 46.34%, Err 23 (1.3e-005)
416.659 .... 751 packets received, 3703 bps, 46.29%, Err 24 (1.3e-005)
418.817 .... 759 packets received, 3723 bps, 46.54%, Err 24 (1.3e-005)
420.922 .... 767 packets received, 3744 bps, 46.79%, Err 24 (1.3e-005)
423.057 .... 775 packets received, 3763 bps, 47.04%, Err 24 (1.3e-005)
425.130 .... 783 packets received, 3784 bps, 47.30%, Err 24 (1.3e-005)
427.314 .... 790 packets received, 3798 bps, 47.47%, Err 24 (1.3e-005)
429.440 .... 798 packets received, 3817 bps, 47.72%, Err 24 (1.3e-005)
431.522 .... 806 packets received, 3837 bps, 47.96%, Err 24 (1.2e-005)
433.677 .... 814 packets received, 3856 bps, 48.20%, Err 24 (1.2e-005)
435.766 .... 822 packets received, 3875 bps, 48.44%, Err 24 (1.2e-005)
437.859 .... 830 packets received, 3894 bps, 48.67%, Err 24 (1.2e-005)
439.977 .... 838 packets received, 3912 bps, 48.91%, Err 24 (1.2e-005)
442.126 .... 846 packets received, 3931 bps, 49.13%, Err 24 (1.2e-005)
444.212 .... 854 packets received, 3949 bps, 49.36%, Err 24 (1.2e-005)
446.337 .... 862 packets received, 3967 bps, 49.59%, Err 24 (1.2e-005)
448.427 .... 870 packets received, 3985 bps, 49.81%, Err 24 (1.2e-005)
450.546 .... 878 packets received, 4003 bps, 50.03%, Err 24 (1.2e-005)
452.658 .... 885 packets received, 4016 bps, 50.20%, Err 24 (1.1e-005)
454.764 .... 893 packets received, 4033 bps, 50.42%, Err 24 (1.1e-005)
456.887 .... 901 packets received, 4050 bps, 50.63%, Err 24 (1.1e-005)
459.011 .... 904 packets received, 4045 bps, 50.56%, Err 25 (1.2e-005)
461.144 .... 912 packets received, 4062 bps, 50.77%, Err 25 (1.2e-005)
463.297 .... 919 packets received, 4074 bps, 50.93%, Err 25 (1.1e-005)
465.399 .... 927 packets received, 4091 bps, 51.14%, Err 25 (1.1e-005)
467.493 .... 935 packets received, 4108 bps, 51.35%, Err 25 (1.1e-005)
469.637 .... 943 packets received, 4124 bps, 51.55%, Err 25 (1.1e-005)
471.737 .... 951 packets received, 4140 bps, 51.75%, Err 25 (1.1e-005)
473.855 .... 959 packets received, 4156 bps, 51.95%, Err 25 (1.1e-005)
476.278 .... 963 packets received, 4152 bps, 51.91%, Err 26 (1.1e-005)
478.397 .... 971 packets received, 4168 bps, 52.10%, Err 26 (1.1e-005)
480.486 .... 979 packets received, 4184 bps, 52.30%, Err 26 (1.1e-005)
482.620 .... 987 packets received, 4200 bps, 52.50%, Err 26 (1.1e-005)
484.708 .... 995 packets received, 4216 bps, 52.69%, Err 27 (1.2e-005)
486.861 .... 1002 packets received, 4226 bps, 52.83%, Err 27 (1.1e-005)
488.996 .... 1010 packets received, 4241 bps, 53.02%, Err 27 (1.1e-005)
491.086 .... 1018 packets received, 4257 bps, 53.21%, Err 27 (1.1e-005)
493.208 .... 1026 packets received, 4272 bps, 53.40%, Err 27 (1.1e-005)
495.380 .... 1033 packets received, 4282 bps, 53.53%, Err 27 (1.1e-005)
497.449 .... 1040 packets received, 4293 bps, 53.66%, Err 27 (1.1e-005)
499.557 .... 1048 packets received, 4308 bps, 53.85%, Err 27 (1.1e-005)
504.353 .... 1052 packets received, 4283 bps, 53.54%, Err 27 (1.1e-005)
508.512 .... 1053 packets received, 4252 bps, 53.15%, Err 27 (1.1e-005)
512.567 .... 1054 packets received, 4222 bps, 52.78%, Err 27 (1.1e-005)
516.630 .... 1055 packets received, 4193 bps, 52.41%, Err 27 (1.1e-005)
520.739 .... 1056 packets received, 4164 bps, 52.05%, Err 27 (1.1e-005)
524.845 .... 1057 packets received, 4135 bps, 51.69%, Err 27 (1.1e-005)
529.019 .... 1058 packets received, 4106 bps, 51.33%, Err 27 (1.1e-005)
533.226 .... 1059 packets received, 4077 bps, 50.97%, Err 27 (1.1e-005)
537.342 .... 1060 packets received, 4050 bps, 50.62%, Err 27 (1.1e-005)
541.487 .... 1061 packets received, 4023 bps, 50.28%, Err 27 (1.1e-005)
545.670 .... 1062 packets received, 3996 bps, 49.94%, Err 27 (1.1e-005)
549.717 .... 1063 packets received, 3970 bps, 49.62%, Err 27 (1.1e-005)
553.786 .... 1064 packets received, 3944 bps, 49.30%, Err 27 (1.1e-005)
558.012 .... 1065 packets received, 3918 bps, 48.97%, Err 27 (1.1e-005)
561.982 .... 1066 packets received, 3894 bps, 48.67%, Err 27 (1.1e-005)
566.162 .... 1067 packets received, 3869 bps, 48.36%, Err 27 (1.1e-005)
570.340 .... 1068 packets received, 3844 bps, 48.05%, Err 27 (1.1e-005)
575.412 .... 1069 packets received, 3814 bps, 47.67%, Err 28 (1.1e-005)
578.423 .... 1070 packets received, 3797 bps, 47.46%, Err 28 (1.1e-005)
582.445 .... 1071 packets received, 3774 bps, 47.18%, Err 28 (1.1e-005)
586.637 .... 1072 packets received, 3751 bps, 46.89%, Err 28 (1.1e-005)
590.745 .... 1073 packets received, 3728 bps, 46.60%, Err 28 (1.1e-005)
594.832 .... 1074 packets received, 3706 bps, 46.32%, Err 28 (1.1e-005)
595.902 ** WARNING: System too busy, sleep 15 ms, but be awakened 69 ms later
599.011 .... 1075 packets received, 3683 bps, 46.04%, Err 28 (1.1e-005)
601.091 .... 1078 packets received, 3681 bps, 46.01%, Err 28 (1.1e-005)
603.150 .... 1086 packets received, 3696 bps, 46.19%, Err 28 (1.1e-005)
605.284 .... 1094 packets received, 3710 bps, 46.37%, Err 28 (1.1e-005)
607.388 .... 1098 packets received, 3710 bps, 46.38%, Err 29 (1.1e-005)
609.490 .... 1106 packets received, 3724 bps, 46.56%, Err 29 (1.1e-005)
611.662 .... 1114 packets received, 3738 bps, 46.73%, Err 29 (1.1e-005)
613.732 .... 1122 packets received, 3752 bps, 46.90%, Err 29 (1.1e-005)
615.866 .... 1130 packets received, 3766 bps, 47.07%, Err 29 (1.1e-005)
618.003 .... 1138 packets received, 3779 bps, 47.24%, Err 29 (1.1e-005)
620.073 .... 1141 packets received, 3777 bps, 47.21%, Err 32 (1.2e-005)
622.206 .... 1149 packets received, 3790 bps, 47.37%, Err 32 (1.2e-005)
624.324 .... 1157 packets received, 3803 bps, 47.54%, Err 32 (1.2e-005)
626.494 .... 1164 packets received, 3813 bps, 47.66%, Err 32 (1.2e-005)
628.682 .... 1171 packets received, 3823 bps, 47.78%, Err 32 (1.2e-005)
630.785 .... 1179 packets received, 3836 bps, 47.95%, Err 32 (1.2e-005)
632.921 .... 1187 packets received, 3849 bps, 48.11%, Err 32 (1.1e-005)
634.992 .... 1195 packets received, 3862 bps, 48.28%, Err 32 (1.1e-005)
637.125 .... 1203 packets received, 3875 bps, 48.44%, Err 32 (1.1e-005)
639.227 .... 1211 packets received, 3888 bps, 48.60%, Err 32 (1.1e-005)
641.348 .... 1219 packets received, 3901 bps, 48.76%, Err 32 (1.1e-005)
643.455 .... 1227 packets received, 3913 bps, 48.92%, Err 32 (1.1e-005)
645.543 .... 1235 packets received, 3926 bps, 49.08%, Err 32 (1.1e-005)
647.644 .... 1243 packets received, 3939 bps, 49.23%, Err 32 (1.1e-005)
649.767 .... 1251 packets received, 3951 bps, 49.39%, Err 32 (1.1e-005)
652.692 .... 1257 packets received, 3952 bps, 49.40%, Err 33 (1.1e-005)
654.800 .... 1265 packets received, 3964 bps, 49.56%, Err 33 (1.1e-005)
656.904 .... 1273 packets received, 3977 bps, 49.71%, Err 33 (1.1e-005)
659.089 .... 1281 packets received, 3988 bps, 49.86%, Err 33 (1.1e-005)
661.127 .... 1289 packets received, 4001 bps, 50.01%, Err 33 (1.1e-005)
663.291 .... 1297 packets received, 4013 bps, 50.16%, Err 33 (1.1e-005)
665.365 .... 1305 packets received, 4025 bps, 50.31%, Err 33 (1.1e-005)
667.519 .... 1313 packets received, 4036 bps, 50.45%, Err 33 (1.1e-005)
669.624 .... 1321 packets received, 4048 bps, 50.60%, Err 33 (1.1e-005)
671.690 .... 1329 packets received, 4060 bps, 50.75%, Err 33 (1.1e-005)
673.831 .... 1337 packets received, 4072 bps, 50.89%, Err 33 (1.1e-005)
676.012 .... 1344 packets received, 4080 bps, 51.00%, Err 33 (1.1e-005)
678.139 .... 1352 packets received, 4091 bps, 51.14%, Err 33 (1.0e-005)
680.203 .... 1360 packets received, 4103 bps, 51.28%, Err 33 (1.0e-005)
682.376 .... 1368 packets received, 4114 bps, 51.42%, Err 33 (1.0e-005)
684.450 .... 1376 packets received, 4125 bps, 51.56%, Err 33 (1.0e-005)
686.567 .... 1384 packets received, 4136 bps, 51.70%, Err 33 (1.0e-005)
688.688 .... 1392 packets received, 4147 bps, 51.84%, Err 33 (1.0e-005)
690.822 .... 1400 packets received, 4158 bps, 51.98%, Err 33 (1.0e-005)
692.891 .... 1408 packets received, 4170 bps, 52.12%, Err 33 (1.0e-005)
695.040 .... 1415 packets received, 4177 bps, 52.22%, Err 33 (1.0e-005)
697.140 .... 1423 packets received, 4188 bps, 52.35%, Err 33 (1.0e-005)
699.269 .... 1431 packets received, 4199 bps, 52.49%, Err 33 (1.0e-005)
704.485 .... 1436 packets received, 4182 bps, 52.28%, Err 33 (9.9e-006)
708.696 .... 1437 packets received, 4160 bps, 52.01%, Err 33 (9.9e-006)
712.751 .... 1438 packets received, 4140 bps, 51.74%, Err 33 (9.9e-006)
716.861 .... 1439 packets received, 4119 bps, 51.48%, Err 33 (9.9e-006)
720.920 .... 1440 packets received, 4098 bps, 51.23%, Err 33 (9.9e-006)
725.130 .... 1441 packets received, 4077 bps, 50.97%, Err 33 (9.9e-006)
729.419 .... 1442 packets received, 4056 bps, 50.70%, Err 33 (9.9e-006)
733.553 .... 1443 packets received, 4036 bps, 50.45%, Err 33 (9.9e-006)
737.661 .... 1444 packets received, 4016 bps, 50.20%, Err 33 (9.9e-006)
741.733 .... 1445 packets received, 3997 bps, 49.96%, Err 33 (9.9e-006)
745.943 .... 1446 packets received, 3977 bps, 49.71%, Err 33 (9.9e-006)
750.047 .... 1447 packets received, 3958 bps, 49.47%, Err 33 (9.9e-006)
754.174 .... 1448 packets received, 3939 bps, 49.24%, Err 33 (9.8e-006)
758.172 .... 1449 packets received, 3921 bps, 49.01%, Err 33 (9.8e-006)
762.367 .... 1450 packets received, 3902 bps, 48.77%, Err 33 (9.8e-006)
766.444 .... 1451 packets received, 3884 bps, 48.55%, Err 33 (9.8e-006)
770.653 .... 1452 packets received, 3865 bps, 48.32%, Err 33 (9.8e-006)
774.821 .... 1453 packets received, 3847 bps, 48.09%, Err 33 (9.8e-006)
778.840 .... 1454 packets received, 3830 bps, 47.87%, Err 33 (9.8e-006)
782.929 .... 1455 packets received, 3812 bps, 47.66%, Err 33 (9.8e-006)
787.070 .... 1456 packets received, 3795 bps, 47.44%, Err 33 (9.8e-006)
791.223 .... 1457 packets received, 3778 bps, 47.22%, Err 33 (9.8e-006)
795.482 .... 1458 packets received, 3760 bps, 47.00%, Err 33 (9.8e-006)
799.550 .... 1459 packets received, 3743 bps, 46.79%, Err 33 (9.8e-006)
801.622 .... 1464 packets received, 3746 bps, 46.83%, Err 33 (9.7e-006)
803.733 .... 1472 packets received, 3757 bps, 46.96%, Err 33 (9.7e-006)
805.821 .... 1480 packets received, 3768 bps, 47.09%, Err 33 (9.6e-006)
807.970 .... 1488 packets received, 3778 bps, 47.22%, Err 33 (9.6e-006)
810.056 .... 1496 packets received, 3788 bps, 47.35%, Err 33 (9.5e-006)
812.442 .... 1501 packets received, 3790 bps, 47.37%, Err 34 (9.8e-006)
814.559 .... 1509 packets received, 3800 bps, 47.50%, Err 35 (1.0e-005)
816.677 .... 1517 packets received, 3810 bps, 47.63%, Err 35 (1.0e-005)
818.781 .... 1525 packets received, 3821 bps, 47.76%, Err 35 (9.9e-006)
820.871 .... 1533 packets received, 3831 bps, 47.89%, Err 35 (9.9e-006)
822.987 .... 1541 packets received, 3841 bps, 48.01%, Err 35 (9.8e-006)
825.088 .... 1549 packets received, 3851 bps, 48.14%, Err 35 (9.8e-006)
827.226 .... 1557 packets received, 3861 bps, 48.26%, Err 35 (9.7e-006)
829.327 .... 1565 packets received, 3871 bps, 48.39%, Err 35 (9.7e-006)
831.447 .... 1573 packets received, 3881 bps, 48.51%, Err 35 (9.6e-006)
833.536 .... 1581 packets received, 3891 bps, 48.63%, Err 35 (9.6e-006)
835.688 .... 1589 packets received, 3900 bps, 48.75%, Err 35 (9.6e-006)
837.793 .... 1597 packets received, 3910 bps, 48.88%, Err 35 (9.5e-006)
839.909 .... 1605 packets received, 3920 bps, 49.00%, Err 35 (9.5e-006)
842.014 .... 1609 packets received, 3920 bps, 49.00%, Err 36 (9.7e-006)
844.135 .... 1617 packets received, 3929 bps, 49.12%, Err 36 (9.6e-006)
846.240 .... 1625 packets received, 3939 bps, 49.24%, Err 37 (9.9e-006)
848.362 .... 1629 packets received, 3939 bps, 49.23%, Err 38 (1.0e-005)
850.465 .... 1637 packets received, 3948 bps, 49.35%, Err 38 (1.0e-005)
852.635 .... 1645 packets received, 3957 bps, 49.47%, Err 38 (1.0e-005)
854.709 .... 1653 packets received, 3967 bps, 49.59%, Err 38 (1.0e-005)
856.831 .... 1661 packets received, 3976 bps, 49.70%, Err 38 (9.9e-006)
858.937 .... 1669 packets received, 3986 bps, 49.82%, Err 38 (9.9e-006)
861.031 .... 1677 packets received, 3995 bps, 49.94%, Err 38 (9.8e-006)
863.137 .... 1685 packets received, 4004 bps, 50.05%, Err 38 (9.8e-006)
865.311 .... 1693 packets received, 4013 bps, 50.16%, Err 38 (9.7e-006)
867.394 .... 1701 packets received, 4022 bps, 50.28%, Err 38 (9.7e-006)
869.483 .... 1709 packets received, 4032 bps, 50.39%, Err 38 (9.7e-006)
871.622 .... 1717 packets received, 4040 bps, 50.51%, Err 38 (9.6e-006)
875.180 .... 1723 packets received, 4038 bps, 50.48%, Err 39 (9.8e-006)
877.339 .... 1731 packets received, 4047 bps, 50.59%, Err 39 (9.8e-006)
879.419 .... 1739 packets received, 4056 bps, 50.70%, Err 39 (9.7e-006)
881.562 .... 1747 packets received, 4065 bps, 50.81%, Err 39 (9.7e-006)
883.631 .... 1755 packets received, 4074 bps, 50.92%, Err 39 (9.6e-006)
885.773 .... 1763 packets received, 4082 bps, 51.03%, Err 39 (9.6e-006)
887.877 .... 1771 packets received, 4091 bps, 51.14%, Err 39 (9.6e-006)
889.992 .... 1779 packets received, 4100 bps, 51.25%, Err 39 (9.5e-006)
892.111 .... 1787 packets received, 4108 bps, 51.36%, Err 39 (9.5e-006)
895.538 .... 1795 packets received, 4111 bps, 51.39%, Err 40 (9.7e-006)
897.655 .... 1803 packets received, 4120 bps, 51.49%, Err 40 (9.6e-006)
899.740 .... 1811 packets received, 4128 bps, 51.60%, Err 40 (9.6e-006)
904.658 .... 1815 packets received, 4115 bps, 51.44%, Err 40 (9.6e-006)
908.672 .... 1816 packets received, 4099 bps, 51.24%, Err 40 (9.6e-006)
912.759 .... 1817 packets received, 4083 bps, 51.03%, Err 40 (9.6e-006)
916.862 .... 1818 packets received, 4067 bps, 50.83%, Err 40 (9.6e-006)
920.870 .... 1819 packets received, 4051 bps, 50.64%, Err 40 (9.5e-006)
924.933 .... 1820 packets received, 4036 bps, 50.45%, Err 40 (9.5e-006)
928.972 .... 1821 packets received, 4020 bps, 50.25%, Err 40 (9.5e-006)
933.111 .... 1822 packets received, 4005 bps, 50.06%, Err 40 (9.5e-006)
937.218 .... 1823 packets received, 3989 bps, 49.87%, Err 40 (9.5e-006)
941.224 .... 1824 packets received, 3974 bps, 49.68%, Err 40 (9.5e-006)
945.322 .... 1825 packets received, 3959 bps, 49.49%, Err 40 (9.5e-006)
949.421 .... 1826 packets received, 3944 bps, 49.30%, Err 40 (9.5e-006)
953.663 .... 1827 packets received, 3929 bps, 49.11%, Err 40 (9.5e-006)
957.810 .... 1828 packets received, 3914 bps, 48.93%, Err 40 (9.5e-006)
961.980 .... 1829 packets received, 3899 bps, 48.74%, Err 40 (9.5e-006)
966.173 .... 1830 packets received, 3884 bps, 48.55%, Err 40 (9.5e-006)
970.352 .... 1831 packets received, 3870 bps, 48.37%, Err 40 (9.5e-006)
974.408 .... 1832 packets received, 3856 bps, 48.20%, Err 40 (9.5e-006)
978.482 .... 1833 packets received, 3842 bps, 48.02%, Err 40 (9.5e-006)
982.622 .... 1834 packets received, 3828 bps, 47.84%, Err 40 (9.5e-006)
986.765 .... 1835 packets received, 3814 bps, 47.67%, Err 40 (9.5e-006)
990.845 .... 1836 packets received, 3800 bps, 47.50%, Err 40 (9.4e-006)
994.923 .... 1837 packets received, 3786 bps, 47.33%, Err 40 (9.4e-006)
999.063 .... 1838 packets received, 3773 bps, 47.16%, Err 40 (9.4e-006)
1001.065 .... 1841 packets received, 3771 bps, 47.14%, Err 40 (9.4e-006)
1003.170 .... 1849 packets received, 3780 bps, 47.25%, Err 40 (9.4e-006)
1005.542 .... 1854 packets received, 3781 bps, 47.26%, Err 41 (9.6e-006)
1007.699 .... 1858 packets received, 3781 bps, 47.26%, Err 42 (9.8e-006)
1009.820 .... 1866 packets received, 3789 bps, 47.37%, Err 42 (9.7e-006)
1011.923 .... 1874 packets received, 3798 bps, 47.47%, Err 42 (9.7e-006)
1014.060 .... 1882 packets received, 3806 bps, 47.57%, Err 42 (9.7e-006)
1016.136 .... 1890 packets received, 3814 bps, 47.68%, Err 42 (9.6e-006)
1018.255 .... 1898 packets received, 3822 bps, 47.78%, Err 42 (9.6e-006)
1021.155 .... 1905 packets received, 3826 bps, 47.82%, Err 43 (9.8e-006)
1023.303 .... 1913 packets received, 3834 bps, 47.92%, Err 43 (9.7e-006)
1025.430 .... 1921 packets received, 3842 bps, 48.02%, Err 43 (9.7e-006)
1027.510 .... 1929 packets received, 3850 bps, 48.12%, Err 43 (9.6e-006)
1029.670 .... 1937 packets received, 3858 bps, 48.22%, Err 43 (9.6e-006)
1031.774 .... 1945 packets received, 3866 bps, 48.32%, Err 43 (9.6e-006)
1033.891 .... 1953 packets received, 3874 bps, 48.42%, Err 43 (9.5e-006)
1035.994 .... 1961 packets received, 3882 bps, 48.52%, Err 43 (9.5e-006)
1039.676 .... 1968 packets received, 3882 bps, 48.52%, Err 44 (9.7e-006)
1041.793 .... 1971 packets received, 3880 bps, 48.49%, Err 45 (9.8e-006)
1044.711 .... 1977 packets received, 3881 bps, 48.51%, Err 46 (1.0e-005)
1046.831 .... 1985 packets received, 3888 bps, 48.60%, Err 46 (1.0e-005)
1048.988 .... 1993 packets received, 3896 bps, 48.70%, Err 46 (9.9e-006)
1051.180 .... 2001 packets received, 3903 bps, 48.79%, Err 46 (9.9e-006)
1053.467 .... 2010 packets received, 3912 bps, 48.91%, Err 46 (9.9e-006)
1055.639 .... 2017 packets received, 3918 bps, 48.97%, Err 46 (9.8e-006)
1057.748 .... 2025 packets received, 3926 bps, 49.07%, Err 46 (9.8e-006)
1061.451 .... 2033 packets received, 3927 bps, 49.09%, Err 47 (9.9e-006)
1064.920 .... 2041 packets received, 3930 bps, 49.13%, Err 48 (1.0e-005)
1067.045 .... 2049 packets received, 3938 bps, 49.22%, Err 48 (1.0e-005)
1069.701 .... 2055 packets received, 3939 bps, 49.24%, Err 49 (1.0e-005)
1071.780 .... 2063 packets received, 3947 bps, 49.34%, Err 49 (1.0e-005)
1073.889 .... 2071 packets received, 3954 bps, 49.43%, Err 49 (1.0e-005)
1075.998 .... 2079 packets received, 3962 bps, 49.52%, Err 49 (1.0e-005)
1078.123 .... 2087 packets received, 3969 bps, 49.62%, Err 49 (1.0e-005)
1080.280 .... 2095 packets received, 3977 bps, 49.71%, Err 49 (1.0e-005)
1082.483 .... 2102 packets received, 3982 bps, 49.77%, Err 49 (1.0e-005)
1085.385 .... 2108 packets received, 3982 bps, 49.78%, Err 50 (1.0e-005)
1087.512 .... 2116 packets received, 3990 bps, 49.87%, Err 50 (1.0e-005)
1089.632 .... 2124 packets received, 3997 bps, 49.96%, Err 50 (1.0e-005)
1091.326 ** WARNING: System too busy, sleep 15 ms, but be awakened 78 ms later
1091.810 .... 2132 packets received, 4004 bps, 50.05%, Err 50 (1.0e-005)
1093.910 .... 2140 packets received, 4011 bps, 50.14%, Err 50 (1.0e-005)
1095.972 .... 2148 packets received, 4019 bps, 50.23%, Err 50 (1.0e-005)
1098.175 .... 2155 packets received, 4024 bps, 50.30%, Err 50 (1.0e-005)
1100.269 .... 2163 packets received, 4031 bps, 50.39%, Err 50 (9.9e-006)
1104.535 .... 2165 packets received, 4019 bps, 50.24%, Err 50 (9.9e-006)
1108.663 .... 2166 packets received, 4006 bps, 50.07%, Err 50 (9.9e-006)
1112.741 .... 2167 packets received, 3993 bps, 49.91%, Err 50 (9.9e-006)
1116.851 .... 2168 packets received, 3980 bps, 49.75%, Err 50 (9.9e-006)
1120.942 .... 2169 packets received, 3968 bps, 49.59%, Err 50 (9.9e-006)
1877.624 ** WARNING: System too busy, sleep 15 ms, but be awakened 756651 ms later
1878.073 .... 2170 packets received, 2368 bps, 29.60%, Err 50 (9.9e-006)
1879.093 ** WARNING: System too busy, sleep 15 ms, but be awakened 158 ms later
1880.297 .... 2175 packets received, 2371 bps, 29.63%, Err 50 (9.9e-006)
1882.665 .... 2179 packets received, 2372 bps, 29.65%, Err 50 (9.8e-006)
1882.926 ** WARNING: System too busy, sleep 15 ms, but be awakened 99 ms later
1884.874 .... 2183 packets received, 2374 bps, 29.67%, Err 50 (9.8e-006)
1885.337 ** WARNING: System too busy, sleep 15 ms, but be awakened 123 ms later
1887.070 .... 2189 packets received, 2377 bps, 29.72%, Err 50 (9.8e-006)
1888.738 ** WARNING: System too busy, sleep 15 ms, but be awakened 70 ms later
1889.251 .... 2191 packets received, 2377 bps, 29.71%, Err 50 (9.7e-006)
1891.385 .... 2198 packets received, 2382 bps, 29.77%, Err 50 (9.7e-006)
1893.489 .... 2206 packets received, 2388 bps, 29.85%, Err 50 (9.7e-006)
1896.270 ** WARNING: System too busy, sleep 15 ms, but be awakened 2628 ms later
1896.307 .... 2207 packets received, 2385 bps, 29.82%, Err 51 (9.9e-006)
1898.973 .... 2213 packets received, 2388 bps, 29.85%, Err 51 (9.8e-006)
1904.713 .... 2218 packets received, 2387 bps, 29.83%, Err 51 (9.8e-006)
1908.812 .... 2219 packets received, 2382 bps, 29.78%, Err 51 (9.8e-006)
1912.831 .... 2220 packets received, 2379 bps, 29.73%, Err 51 (9.8e-006)
1916.936 .... 2221 packets received, 2374 bps, 29.68%, Err 51 (9.8e-006)
1920.987 .... 2222 packets received, 2371 bps, 29.63%, Err 51 (9.7e-006)
1925.164 .... 2223 packets received, 2366 bps, 29.58%, Err 51 (9.7e-006)
1929.316 .... 2224 packets received, 2362 bps, 29.53%, Err 51 (9.7e-006)
1935.212 .... 2225 packets received, 2356 bps, 29.45%, Err 52 (9.9e-006)
1936.945 TCP Disconnected.
