GBN b 
=========================================================================
                          Station B                                 
-------------------------------------------------------------------------
Protocol.lib, version 3.0, Build: Oct 19 2009 (jiangy@public3.bta.net.cn)
Channel: 8000 bps, 270 ms propagation delay, bit error rate 1.0E-005
Log file "GBN-B.log", TCP port 59144, debug mask 0x00
Station B is connecting station A (TCP port 59144) ... Done.
New epoch: Wed May 24 08:47:18 2017
=========================================================================
Designed by LXS, build: May 22 2017  23:29:19
2.567 .... 8 packets received, 7765 bps, 97.06%, Err 0 (0.0e+000)
4.709 .... 16 packets received, 7706 bps, 96.33%, Err 0 (0.0e+000)
6.912 .... 23 packets received, 7297 bps, 91.22%, Err 0 (0.0e+000)
9.033 .... 31 packets received, 7403 bps, 92.54%, Err 0 (0.0e+000)
11.153 .... 39 packets received, 7467 bps, 93.34%, Err 0 (0.0e+000)
13.255 .... 42 packets received, 6721 bps, 84.01%, Err 1 (9.9e-006)
15.358 .... 50 packets received, 6872 bps, 85.90%, Err 1 (8.5e-006)
17.518 .... 58 packets received, 6962 bps, 87.03%, Err 1 (7.4e-006)
19.872 .... 62 packets received, 6540 bps, 81.75%, Err 2 (1.3e-005)
21.971 .... 70 packets received, 6664 bps, 83.29%, Err 2 (1.2e-005)
24.089 .... 78 packets received, 6760 bps, 84.50%, Err 2 (1.1e-005)
26.245 .... 86 packets received, 6830 bps, 85.37%, Err 2 (9.7e-006)
28.350 .... 94 packets received, 6902 bps, 86.27%, Err 2 (9.0e-006)
30.451 .... 102 packets received, 6965 bps, 87.06%, Err 2 (8.4e-006)
33.886 .... 110 packets received, 6739 bps, 84.24%, Err 3 (1.1e-005)
35.993 .... 118 packets received, 6801 bps, 85.01%, Err 3 (1.1e-005)
38.181 .... 123 packets received, 6678 bps, 83.47%, Err 3 (1.0e-005)
41.200 .... 127 packets received, 6384 bps, 79.80%, Err 5 (1.6e-005)
43.349 .... 135 packets received, 6446 bps, 80.57%, Err 5 (1.5e-005)
45.451 .... 143 packets received, 6509 bps, 81.36%, Err 5 (1.4e-005)
47.582 .... 151 packets received, 6562 bps, 82.03%, Err 5 (1.4e-005)
49.649 .... 159 packets received, 6620 bps, 82.75%, Err 6 (1.6e-005)
51.778 .... 167 packets received, 6664 bps, 83.30%, Err 6 (1.5e-005)
53.881 .... 175 packets received, 6709 bps, 83.86%, Err 6 (1.4e-005)
56.069 .... 182 packets received, 6702 bps, 83.78%, Err 6 (1.4e-005)
58.173 .... 190 packets received, 6742 bps, 84.27%, Err 6 (1.3e-005)
60.274 .... 197 packets received, 6745 bps, 84.31%, Err 6 (1.3e-005)
62.417 .... 200 packets received, 6611 bps, 82.63%, Err 7 (1.5e-005)
64.799 .... 205 packets received, 6525 bps, 81.56%, Err 8 (1.6e-005)
66.924 .... 213 packets received, 6563 bps, 82.04%, Err 8 (1.5e-005)
69.030 .... 221 packets received, 6600 bps, 82.50%, Err 8 (1.5e-005)
71.164 .... 229 packets received, 6633 bps, 82.91%, Err 8 (1.5e-005)
73.268 .... 237 packets received, 6666 bps, 83.33%, Err 8 (1.4e-005)
75.387 .... 245 packets received, 6696 bps, 83.70%, Err 8 (1.4e-005)
77.571 .... 252 packets received, 6693 bps, 83.66%, Err 8 (1.3e-005)
79.990 .... 260 packets received, 6695 bps, 83.69%, Err 8 (1.3e-005)
82.080 .... 268 packets received, 6724 bps, 84.05%, Err 8 (1.3e-005)
84.198 .... 276 packets received, 6750 bps, 84.37%, Err 8 (1.2e-005)
87.120 .... 282 packets received, 6664 bps, 83.30%, Err 9 (1.3e-005)
89.222 .... 290 packets received, 6691 bps, 83.64%, Err 9 (1.3e-005)
91.361 .... 298 packets received, 6714 bps, 83.92%, Err 9 (1.3e-005)
93.430 .... 306 packets received, 6741 bps, 84.26%, Err 9 (1.2e-005)
99.142 .... 311 packets received, 6454 bps, 80.68%, Err 12 (1.6e-005)
101.296 .... 319 packets received, 6479 bps, 80.98%, Err 12 (1.5e-005)
103.406 .... 327 packets received, 6505 bps, 81.31%, Err 12 (1.5e-005)
105.512 .... 335 packets received, 6531 bps, 81.63%, Err 12 (1.5e-005)
107.644 .... 343 packets received, 6554 bps, 81.92%, Err 12 (1.4e-005)
109.747 .... 351 packets received, 6577 bps, 82.22%, Err 12 (1.4e-005)
111.881 .... 359 packets received, 6599 bps, 82.48%, Err 12 (1.4e-005)
113.984 .... 367 packets received, 6621 bps, 82.76%, Err 12 (1.4e-005)
115.609 ** WARNING: System too busy, sleep 15 ms, but be awakened 69 ms later
116.110 .... 375 packets received, 6641 bps, 83.01%, Err 12 (1.3e-005)
118.213 .... 383 packets received, 6661 bps, 83.26%, Err 12 (1.3e-005)
120.280 .... 391 packets received, 6683 bps, 83.54%, Err 12 (1.3e-005)
122.421 .... 399 packets received, 6700 bps, 83.75%, Err 12 (1.3e-005)
124.561 .... 407 packets received, 6716 bps, 83.96%, Err 12 (1.2e-005)
126.667 .... 415 packets received, 6734 bps, 84.18%, Err 12 (1.2e-005)
128.769 .... 423 packets received, 6752 bps, 84.39%, Err 12 (1.2e-005)
130.905 .... 431 packets received, 6767 bps, 84.58%, Err 12 (1.2e-005)
133.512 .... 437 packets received, 6726 bps, 84.08%, Err 13 (1.3e-005)
135.653 .... 445 packets received, 6741 bps, 84.26%, Err 13 (1.2e-005)
137.735 .... 449 packets received, 6698 bps, 83.73%, Err 14 (1.3e-005)
139.891 .... 457 packets received, 6712 bps, 83.90%, Err 14 (1.3e-005)
141.978 .... 465 packets received, 6729 bps, 84.11%, Err 14 (1.3e-005)
144.097 .... 473 packets received, 6744 bps, 84.30%, Err 14 (1.3e-005)
146.201 .... 477 packets received, 6703 bps, 83.79%, Err 15 (1.3e-005)
148.322 .... 485 packets received, 6717 bps, 83.97%, Err 15 (1.3e-005)
150.433 .... 493 packets received, 6732 bps, 84.15%, Err 15 (1.3e-005)
152.556 .... 501 packets received, 6746 bps, 84.32%, Err 15 (1.3e-005)
154.661 .... 509 packets received, 6760 bps, 84.50%, Err 15 (1.2e-005)
156.766 .... 517 packets received, 6774 bps, 84.67%, Err 15 (1.2e-005)
158.874 .... 525 packets received, 6787 bps, 84.84%, Err 15 (1.2e-005)
160.991 .... 533 packets received, 6800 bps, 85.00%, Err 15 (1.2e-005)
163.096 .... 541 packets received, 6812 bps, 85.16%, Err 15 (1.2e-005)
165.198 .... 549 packets received, 6825 bps, 85.31%, Err 15 (1.2e-005)
167.324 .... 557 packets received, 6836 bps, 85.45%, Err 15 (1.1e-005)
170.246 .... 564 packets received, 6803 bps, 85.04%, Err 16 (1.2e-005)
172.359 .... 572 packets received, 6815 bps, 85.18%, Err 16 (1.2e-005)
174.501 .... 580 packets received, 6825 bps, 85.31%, Err 16 (1.2e-005)
176.584 .... 588 packets received, 6837 bps, 85.47%, Err 16 (1.2e-005)
178.688 .... 596 packets received, 6848 bps, 85.61%, Err 16 (1.1e-005)
180.791 .... 604 packets received, 6859 bps, 85.74%, Err 16 (1.1e-005)
182.916 .... 612 packets received, 6869 bps, 85.87%, Err 16 (1.1e-005)
184.996 .... 620 packets received, 6881 bps, 86.01%, Err 16 (1.1e-005)
187.154 .... 628 packets received, 6889 bps, 86.11%, Err 16 (1.1e-005)
189.227 .... 636 packets received, 6900 bps, 86.25%, Err 16 (1.1e-005)
191.350 .... 644 packets received, 6909 bps, 86.36%, Err 16 (1.1e-005)
193.472 .... 652 packets received, 6918 bps, 86.48%, Err 16 (1.1e-005)
195.565 .... 656 packets received, 6886 bps, 86.07%, Err 17 (1.1e-005)
197.712 .... 664 packets received, 6894 bps, 86.17%, Err 17 (1.1e-005)
199.801 .... 672 packets received, 6904 bps, 86.30%, Err 17 (1.1e-005)
201.933 .... 680 packets received, 6912 bps, 86.40%, Err 17 (1.1e-005)
204.038 .... 688 packets received, 6921 bps, 86.51%, Err 17 (1.1e-005)
206.125 .... 695 packets received, 6921 bps, 86.51%, Err 18 (1.1e-005)
208.733 .... 696 packets received, 6844 bps, 85.55%, Err 18 (1.1e-005)
210.836 .... 704 packets received, 6853 bps, 85.67%, Err 18 (1.1e-005)
212.942 .... 712 packets received, 6862 bps, 85.78%, Err 18 (1.1e-005)
215.085 .... 720 packets received, 6870 bps, 85.88%, Err 18 (1.1e-005)
217.169 .... 728 packets received, 6880 bps, 86.00%, Err 18 (1.1e-005)
219.294 .... 736 packets received, 6888 bps, 86.10%, Err 18 (1.1e-005)
221.432 .... 744 packets received, 6895 bps, 86.19%, Err 18 (1.0e-005)
223.541 .... 752 packets received, 6904 bps, 86.30%, Err 18 (1.0e-005)
226.926 .... 760 packets received, 6873 bps, 85.91%, Err 20 (1.1e-005)
229.043 .... 768 packets received, 6881 bps, 86.01%, Err 20 (1.1e-005)
231.195 .... 776 packets received, 6888 bps, 86.10%, Err 20 (1.1e-005)
233.287 .... 784 packets received, 6896 bps, 86.20%, Err 20 (1.1e-005)
235.430 .... 792 packets received, 6903 bps, 86.29%, Err 20 (1.1e-005)
237.496 .... 800 packets received, 6912 bps, 86.40%, Err 20 (1.1e-005)
239.668 .... 807 packets received, 6909 bps, 86.36%, Err 20 (1.1e-005)
241.772 .... 815 packets received, 6917 bps, 86.46%, Err 20 (1.1e-005)
243.877 .... 823 packets received, 6924 bps, 86.55%, Err 20 (1.0e-005)
246.011 .... 831 packets received, 6931 bps, 86.64%, Err 20 (1.0e-005)
248.115 .... 839 packets received, 6938 bps, 86.73%, Err 20 (1.0e-005)
250.223 .... 847 packets received, 6945 bps, 86.81%, Err 20 (1.0e-005)
252.348 .... 855 packets received, 6952 bps, 86.89%, Err 21 (1.1e-005)
254.466 .... 858 packets received, 6918 bps, 86.47%, Err 21 (1.1e-005)
256.582 .... 866 packets received, 6925 bps, 86.56%, Err 21 (1.0e-005)
258.716 .... 874 packets received, 6931 bps, 86.64%, Err 21 (1.0e-005)
260.807 .... 882 packets received, 6938 bps, 86.73%, Err 21 (1.0e-005)
262.931 .... 890 packets received, 6944 bps, 86.80%, Err 21 (1.0e-005)
265.034 .... 898 packets received, 6951 bps, 86.89%, Err 21 (1.0e-005)
267.167 .... 905 packets received, 6949 bps, 86.87%, Err 21 (1.0e-005)
269.255 .... 913 packets received, 6956 bps, 86.95%, Err 21 (1.0e-005)
271.374 .... 921 packets received, 6962 bps, 87.03%, Err 21 (9.9e-006)
273.462 .... 929 packets received, 6969 bps, 87.11%, Err 21 (9.8e-006)
276.625 .... 936 packets received, 6941 bps, 86.76%, Err 22 (1.0e-005)
278.769 .... 944 packets received, 6947 bps, 86.83%, Err 22 (1.0e-005)
281.199 .... 952 packets received, 6945 bps, 86.81%, Err 22 (1.0e-005)
283.372 .... 960 packets received, 6949 bps, 86.87%, Err 22 (9.9e-006)
285.450 .... 968 packets received, 6956 bps, 86.95%, Err 22 (9.8e-006)
287.571 .... 976 packets received, 6962 bps, 87.02%, Err 23 (1.0e-005)
289.659 .... 979 packets received, 6933 bps, 86.66%, Err 23 (1.0e-005)
291.793 .... 987 packets received, 6938 bps, 86.73%, Err 23 (1.0e-005)
293.898 .... 995 packets received, 6944 bps, 86.80%, Err 23 (1.0e-005)
296.018 .... 1003 packets received, 6950 bps, 86.87%, Err 23 (9.9e-006)
298.140 .... 1011 packets received, 6955 bps, 86.94%, Err 24 (1.0e-005)
300.258 .... 1014 packets received, 6927 bps, 86.59%, Err 24 (1.0e-005)
302.446 .... 1021 packets received, 6924 bps, 86.55%, Err 24 (1.0e-005)
304.624 .... 1029 packets received, 6928 bps, 86.61%, Err 24 (1.0e-005)
306.728 .... 1037 packets received, 6934 bps, 86.68%, Err 24 (1.0e-005)
308.829 .... 1045 packets received, 6940 bps, 86.75%, Err 24 (9.9e-006)
310.969 .... 1053 packets received, 6945 bps, 86.81%, Err 24 (9.8e-006)
313.060 .... 1061 packets received, 6951 bps, 86.89%, Err 24 (9.8e-006)
315.192 .... 1069 packets received, 6956 bps, 86.95%, Err 24 (9.7e-006)
317.297 .... 1077 packets received, 6962 bps, 87.02%, Err 24 (9.6e-006)
319.405 .... 1081 packets received, 6941 bps, 86.77%, Err 25 (1.0e-005)
322.055 .... 1087 packets received, 6922 bps, 86.53%, Err 26 (1.0e-005)
324.177 .... 1095 packets received, 6927 bps, 86.59%, Err 26 (1.0e-005)
326.299 .... 1103 packets received, 6933 bps, 86.66%, Err 26 (1.0e-005)
329.157 .... 1110 packets received, 6916 bps, 86.45%, Err 27 (1.0e-005)
331.289 .... 1118 packets received, 6921 bps, 86.51%, Err 28 (1.1e-005)
333.419 .... 1122 packets received, 6901 bps, 86.27%, Err 28 (1.1e-005)
335.540 .... 1130 packets received, 6906 bps, 86.33%, Err 28 (1.1e-005)
337.669 .... 1138 packets received, 6911 bps, 86.39%, Err 28 (1.1e-005)
339.771 .... 1146 packets received, 6917 bps, 86.46%, Err 28 (1.0e-005)
341.888 .... 1154 packets received, 6922 bps, 86.53%, Err 28 (1.0e-005)
343.992 .... 1162 packets received, 6927 bps, 86.59%, Err 28 (1.0e-005)
346.094 .... 1170 packets received, 6933 bps, 86.66%, Err 28 (1.0e-005)
348.183 .... 1178 packets received, 6938 bps, 86.73%, Err 28 (1.0e-005)
350.302 .... 1186 packets received, 6943 bps, 86.79%, Err 28 (1.0e-005)
352.452 .... 1194 packets received, 6947 bps, 86.84%, Err 28 (1.0e-005)
354.540 .... 1202 packets received, 6952 bps, 86.90%, Err 28 (1.0e-005)
356.629 .... 1210 packets received, 6958 bps, 86.97%, Err 28 (1.0e-005)
358.737 .... 1218 packets received, 6962 bps, 87.03%, Err 28 (9.9e-006)
360.907 .... 1226 packets received, 6966 bps, 87.07%, Err 28 (9.9e-006)
362.973 .... 1234 packets received, 6971 bps, 87.14%, Err 28 (9.8e-006)
365.080 .... 1242 packets received, 6976 bps, 87.20%, Err 28 (9.8e-006)
367.207 .... 1250 packets received, 6980 bps, 87.25%, Err 28 (9.7e-006)
369.312 .... 1258 packets received, 6985 bps, 87.31%, Err 28 (9.6e-006)
371.431 .... 1266 packets received, 6989 bps, 87.36%, Err 28 (9.6e-006)
373.534 .... 1274 packets received, 6994 bps, 87.42%, Err 28 (9.5e-006)
375.654 .... 1282 packets received, 6998 bps, 87.47%, Err 28 (9.5e-006)
377.758 .... 1290 packets received, 7002 bps, 87.53%, Err 28 (9.4e-006)
379.878 .... 1298 packets received, 7006 bps, 87.58%, Err 28 (9.4e-006)
381.983 .... 1306 packets received, 7010 bps, 87.63%, Err 28 (9.3e-006)
384.103 .... 1314 packets received, 7014 bps, 87.68%, Err 28 (9.3e-006)
386.209 .... 1322 packets received, 7019 bps, 87.73%, Err 28 (9.2e-006)
388.328 .... 1330 packets received, 7023 bps, 87.78%, Err 29 (9.5e-006)
390.419 .... 1334 packets received, 7006 bps, 87.57%, Err 29 (9.4e-006)
392.537 .... 1342 packets received, 7010 bps, 87.62%, Err 29 (9.4e-006)
394.662 .... 1346 packets received, 6993 bps, 87.41%, Err 30 (9.7e-006)
396.783 .... 1354 packets received, 6997 bps, 87.46%, Err 30 (9.6e-006)
399.933 .... 1362 packets received, 6983 bps, 87.28%, Err 31 (9.8e-006)
402.327 .... 1367 packets received, 6966 bps, 87.08%, Err 32 (1.0e-005)
404.451 .... 1375 packets received, 6970 bps, 87.13%, Err 32 (1.0e-005)
406.553 .... 1383 packets received, 6975 bps, 87.18%, Err 32 (1.0e-005)
408.756 .... 1390 packets received, 6972 bps, 87.15%, Err 32 (1.0e-005)
410.879 .... 1398 packets received, 6976 bps, 87.20%, Err 32 (9.9e-006)
412.984 .... 1406 packets received, 6980 bps, 87.25%, Err 32 (9.8e-006)
415.108 .... 1414 packets received, 6984 bps, 87.30%, Err 32 (9.8e-006)
417.243 .... 1421 packets received, 6982 bps, 87.28%, Err 32 (9.8e-006)
419.381 .... 1429 packets received, 6986 bps, 87.32%, Err 32 (9.7e-006)
421.470 .... 1437 packets received, 6990 bps, 87.38%, Err 32 (9.7e-006)
424.930 .... 1445 packets received, 6972 bps, 87.15%, Err 33 (9.9e-006)
427.013 .... 1453 packets received, 6976 bps, 87.20%, Err 33 (9.8e-006)
429.140 .... 1461 packets received, 6980 bps, 87.25%, Err 33 (9.8e-006)
431.276 .... 1469 packets received, 6983 bps, 87.29%, Err 33 (9.7e-006)
433.392 .... 1477 packets received, 6987 bps, 87.34%, Err 33 (9.7e-006)
435.480 .... 1485 packets received, 6991 bps, 87.39%, Err 33 (9.6e-006)
437.602 .... 1493 packets received, 6995 bps, 87.43%, Err 33 (9.6e-006)
439.693 .... 1501 packets received, 6999 bps, 87.48%, Err 33 (9.5e-006)
441.809 .... 1509 packets received, 7002 bps, 87.53%, Err 33 (9.5e-006)
443.927 .... 1517 packets received, 7006 bps, 87.57%, Err 33 (9.4e-006)
446.051 .... 1525 packets received, 7009 bps, 87.61%, Err 33 (9.4e-006)
448.142 .... 1533 packets received, 7013 bps, 87.66%, Err 33 (9.4e-006)
450.514 .... 1537 packets received, 6994 bps, 87.43%, Err 34 (9.6e-006)
452.674 .... 1545 packets received, 6997 bps, 87.46%, Err 34 (9.5e-006)
454.802 .... 1553 packets received, 7000 bps, 87.50%, Err 34 (9.5e-006)
456.871 .... 1561 packets received, 7004 bps, 87.56%, Err 34 (9.4e-006)
460.612 .... 1568 packets received, 6979 bps, 87.23%, Err 36 (9.9e-006)
462.749 .... 1576 packets received, 6982 bps, 87.27%, Err 36 (9.9e-006)
464.867 .... 1584 packets received, 6985 bps, 87.32%, Err 36 (9.8e-006)
466.960 .... 1592 packets received, 6989 bps, 87.36%, Err 36 (9.8e-006)
469.083 .... 1600 packets received, 6992 bps, 87.40%, Err 36 (9.7e-006)
471.200 .... 1608 packets received, 6996 bps, 87.45%, Err 36 (9.7e-006)
474.103 .... 1614 packets received, 6979 bps, 87.23%, Err 37 (9.9e-006)
476.246 .... 1622 packets received, 6982 bps, 87.27%, Err 37 (9.9e-006)
478.428 .... 1630 packets received, 6984 bps, 87.30%, Err 37 (9.8e-006)
480.517 .... 1638 packets received, 6988 bps, 87.35%, Err 37 (9.8e-006)
482.657 .... 1646 packets received, 6991 bps, 87.39%, Err 37 (9.7e-006)
485.292 .... 1651 packets received, 6974 bps, 87.18%, Err 38 (9.9e-006)
487.440 .... 1659 packets received, 6977 bps, 87.21%, Err 38 (9.9e-006)
489.529 .... 1667 packets received, 6981 bps, 87.26%, Err 38 (9.9e-006)
492.422 .... 1673 packets received, 6965 bps, 87.06%, Err 39 (1.0e-005)
495.843 .... 1681 packets received, 6950 bps, 86.87%, Err 40 (1.0e-005)
497.990 .... 1689 packets received, 6952 bps, 86.91%, Err 40 (1.0e-005)
501.445 .... 1696 packets received, 6933 bps, 86.66%, Err 41 (1.0e-005)
503.517 .... 1704 packets received, 6937 bps, 86.71%, Err 41 (1.0e-005)
505.657 .... 1712 packets received, 6940 bps, 86.75%, Err 42 (1.1e-005)
507.759 .... 1720 packets received, 6944 bps, 86.80%, Err 42 (1.0e-005)
509.843 .... 1728 packets received, 6947 bps, 86.84%, Err 42 (1.0e-005)
511.978 .... 1736 packets received, 6951 bps, 86.88%, Err 42 (1.0e-005)
514.102 .... 1744 packets received, 6954 bps, 86.92%, Err 42 (1.0e-005)
516.228 .... 1752 packets received, 6957 bps, 86.96%, Err 42 (1.0e-005)
518.333 .... 1760 packets received, 6960 bps, 87.00%, Err 42 (1.0e-005)
520.438 .... 1768 packets received, 6963 bps, 87.04%, Err 42 (1.0e-005)
522.520 .... 1776 packets received, 6967 bps, 87.09%, Err 42 (1.0e-005)
524.677 .... 1784 packets received, 6970 bps, 87.12%, Err 42 (1.0e-005)
526.766 .... 1792 packets received, 6973 bps, 87.16%, Err 42 (1.0e-005)
528.872 .... 1800 packets received, 6976 bps, 87.20%, Err 42 (1.0e-005)
530.976 .... 1808 packets received, 6980 bps, 87.24%, Err 42 (1.0e-005)
533.079 .... 1812 packets received, 6967 bps, 87.09%, Err 44 (1.0e-005)
535.218 .... 1820 packets received, 6970 bps, 87.13%, Err 44 (1.0e-005)
537.327 .... 1828 packets received, 6973 bps, 87.17%, Err 44 (1.0e-005)
539.445 .... 1836 packets received, 6976 bps, 87.20%, Err 44 (1.0e-005)
541.549 .... 1844 packets received, 6979 bps, 87.24%, Err 44 (1.0e-005)
543.668 .... 1852 packets received, 6982 bps, 87.28%, Err 44 (1.0e-005)
545.770 .... 1860 packets received, 6985 bps, 87.32%, Err 44 (1.0e-005)
547.898 .... 1868 packets received, 6988 bps, 87.35%, Err 44 (1.0e-005)
550.535 .... 1873 packets received, 6973 bps, 87.17%, Err 45 (1.0e-005)
552.738 .... 1881 packets received, 6975 bps, 87.19%, Err 45 (1.0e-005)
554.771 .... 1889 packets received, 6979 bps, 87.24%, Err 45 (1.0e-005)
556.858 .... 1897 packets received, 6982 bps, 87.28%, Err 45 (1.0e-005)
558.991 .... 1905 packets received, 6985 bps, 87.31%, Err 45 (1.0e-005)
561.064 .... 1913 packets received, 6989 bps, 87.36%, Err 45 (1.0e-005)
563.200 .... 1921 packets received, 6991 bps, 87.39%, Err 45 (1.0e-005)
565.308 .... 1929 packets received, 6994 bps, 87.43%, Err 45 (1.0e-005)
567.697 .... 1934 packets received, 6983 bps, 87.28%, Err 46 (1.0e-005)
570.303 .... 1940 packets received, 6972 bps, 87.15%, Err 48 (1.1e-005)
572.475 .... 1948 packets received, 6974 bps, 87.18%, Err 48 (1.1e-005)
574.579 .... 1956 packets received, 6977 bps, 87.22%, Err 48 (1.1e-005)
576.666 .... 1964 packets received, 6981 bps, 87.26%, Err 48 (1.1e-005)
578.808 .... 1972 packets received, 6983 bps, 87.29%, Err 48 (1.0e-005)
580.926 .... 1980 packets received, 6986 bps, 87.32%, Err 48 (1.0e-005)
583.029 .... 1988 packets received, 6989 bps, 87.36%, Err 48 (1.0e-005)
585.134 .... 1996 packets received, 6992 bps, 87.39%, Err 48 (1.0e-005)
587.238 .... 2004 packets received, 6994 bps, 87.43%, Err 49 (1.1e-005)
589.359 .... 2008 packets received, 6983 bps, 87.29%, Err 49 (1.1e-005)
591.463 .... 2016 packets received, 6986 bps, 87.33%, Err 49 (1.0e-005)
593.593 .... 2024 packets received, 6989 bps, 87.36%, Err 49 (1.0e-005)
595.733 .... 2032 packets received, 6991 bps, 87.39%, Err 49 (1.0e-005)
595.902 ** WARNING: System too busy, sleep 15 ms, but be awakened 69 ms later
597.811 .... 2040 packets received, 6994 bps, 87.43%, Err 49 (1.0e-005)
599.912 .... 2048 packets received, 6997 bps, 87.46%, Err 49 (1.0e-005)
602.014 .... 2056 packets received, 7000 bps, 87.50%, Err 49 (1.0e-005)
604.151 .... 2064 packets received, 7002 bps, 87.53%, Err 49 (1.0e-005)
606.223 .... 2072 packets received, 7005 bps, 87.56%, Err 49 (1.0e-005)
608.343 .... 2080 packets received, 7008 bps, 87.60%, Err 49 (1.0e-005)
610.460 .... 2088 packets received, 7010 bps, 87.63%, Err 49 (1.0e-005)
612.631 .... 2096 packets received, 7012 bps, 87.65%, Err 49 (1.0e-005)
614.696 .... 2104 packets received, 7015 bps, 87.69%, Err 49 (1.0e-005)
616.837 .... 2108 packets received, 7004 bps, 87.55%, Err 50 (1.0e-005)
618.973 .... 2116 packets received, 7006 bps, 87.58%, Err 51 (1.0e-005)
621.443 .... 2124 packets received, 7005 bps, 87.56%, Err 51 (1.0e-005)
623.824 .... 2128 packets received, 6991 bps, 87.39%, Err 52 (1.1e-005)
626.510 .... 2133 packets received, 6978 bps, 87.22%, Err 53 (1.1e-005)
628.582 .... 2141 packets received, 6981 bps, 87.26%, Err 53 (1.1e-005)
630.685 .... 2149 packets received, 6983 bps, 87.29%, Err 53 (1.1e-005)
632.821 .... 2157 packets received, 6986 bps, 87.32%, Err 53 (1.1e-005)
634.939 .... 2165 packets received, 6988 bps, 87.35%, Err 53 (1.1e-005)
637.026 .... 2169 packets received, 6978 bps, 87.23%, Err 54 (1.1e-005)
639.165 .... 2177 packets received, 6980 bps, 87.26%, Err 54 (1.1e-005)
641.270 .... 2185 packets received, 6983 bps, 87.29%, Err 54 (1.1e-005)
643.408 .... 2193 packets received, 6985 bps, 87.32%, Err 54 (1.1e-005)
645.481 .... 2201 packets received, 6988 bps, 87.35%, Err 54 (1.1e-005)
647.613 .... 2209 packets received, 6991 bps, 87.38%, Err 55 (1.1e-005)
650.521 .... 2216 packets received, 6981 bps, 87.27%, Err 56 (1.1e-005)
652.654 .... 2224 packets received, 6984 bps, 87.30%, Err 56 (1.1e-005)
654.863 .... 2231 packets received, 6982 bps, 87.28%, Err 56 (1.1e-005)
657.004 .... 2239 packets received, 6984 bps, 87.30%, Err 56 (1.1e-005)
659.110 .... 2247 packets received, 6987 bps, 87.33%, Err 56 (1.1e-005)
661.174 .... 2255 packets received, 6990 bps, 87.37%, Err 56 (1.1e-005)
663.291 .... 2263 packets received, 6992 bps, 87.40%, Err 56 (1.1e-005)
665.418 .... 2271 packets received, 6994 bps, 87.43%, Err 56 (1.1e-005)
667.535 .... 2279 packets received, 6997 bps, 87.46%, Err 56 (1.1e-005)
669.655 .... 2287 packets received, 6999 bps, 87.49%, Err 56 (1.1e-005)
672.792 .... 2294 packets received, 6988 bps, 87.35%, Err 57 (1.1e-005)
674.934 .... 2302 packets received, 6990 bps, 87.37%, Err 57 (1.1e-005)
677.035 .... 2310 packets received, 6992 bps, 87.40%, Err 57 (1.1e-005)
679.171 .... 2318 packets received, 6994 bps, 87.43%, Err 57 (1.1e-005)
681.273 .... 2326 packets received, 6997 bps, 87.46%, Err 57 (1.1e-005)
683.363 .... 2334 packets received, 7000 bps, 87.49%, Err 57 (1.1e-005)
685.513 .... 2342 packets received, 7001 bps, 87.52%, Err 57 (1.1e-005)
687.585 .... 2350 packets received, 7004 bps, 87.55%, Err 57 (1.0e-005)
689.721 .... 2358 packets received, 7006 bps, 87.58%, Err 57 (1.0e-005)
692.075 .... 2362 packets received, 6994 bps, 87.43%, Err 58 (1.1e-005)
694.208 .... 2370 packets received, 6996 bps, 87.46%, Err 58 (1.1e-005)
696.340 .... 2378 packets received, 6999 bps, 87.48%, Err 58 (1.1e-005)
699.231 .... 2384 packets received, 6987 bps, 87.34%, Err 59 (1.1e-005)
701.341 .... 2388 packets received, 6978 bps, 87.22%, Err 61 (1.1e-005)
703.497 .... 2396 packets received, 6980 bps, 87.25%, Err 61 (1.1e-005)
705.568 .... 2404 packets received, 6982 bps, 87.28%, Err 61 (1.1e-005)
707.727 .... 2412 packets received, 6984 bps, 87.30%, Err 61 (1.1e-005)
709.813 .... 2420 packets received, 6987 bps, 87.34%, Err 61 (1.1e-005)
711.949 .... 2428 packets received, 6989 bps, 87.36%, Err 61 (1.1e-005)
714.026 .... 2432 packets received, 6980 bps, 87.25%, Err 62 (1.1e-005)
716.159 .... 2440 packets received, 6982 bps, 87.28%, Err 62 (1.1e-005)
718.263 .... 2448 packets received, 6984 bps, 87.31%, Err 62 (1.1e-005)
720.397 .... 2456 packets received, 6987 bps, 87.33%, Err 62 (1.1e-005)
722.501 .... 2464 packets received, 6989 bps, 87.36%, Err 62 (1.1e-005)
724.630 .... 2472 packets received, 6991 bps, 87.39%, Err 62 (1.1e-005)
726.696 .... 2480 packets received, 6994 bps, 87.42%, Err 62 (1.1e-005)
728.838 .... 2488 packets received, 6996 bps, 87.44%, Err 62 (1.1e-005)
730.965 .... 2496 packets received, 6998 bps, 87.47%, Err 62 (1.1e-005)
733.053 .... 2504 packets received, 7000 bps, 87.50%, Err 63 (1.1e-005)
735.134 .... 2508 packets received, 6991 bps, 87.39%, Err 63 (1.1e-005)
737.307 .... 2516 packets received, 6993 bps, 87.41%, Err 63 (1.1e-005)
739.392 .... 2524 packets received, 6995 bps, 87.44%, Err 63 (1.1e-005)
741.501 .... 2532 packets received, 6998 bps, 87.47%, Err 63 (1.1e-005)
743.605 .... 2540 packets received, 7000 bps, 87.50%, Err 63 (1.1e-005)
745.996 .... 2545 packets received, 6991 bps, 87.39%, Err 64 (1.1e-005)
748.106 .... 2553 packets received, 6993 bps, 87.42%, Err 64 (1.1e-005)
750.231 .... 2561 packets received, 6995 bps, 87.44%, Err 64 (1.1e-005)
752.324 .... 2569 packets received, 6998 bps, 87.47%, Err 64 (1.1e-005)
754.442 .... 2577 packets received, 7000 bps, 87.50%, Err 64 (1.1e-005)
756.570 .... 2585 packets received, 7002 bps, 87.52%, Err 65 (1.1e-005)
758.689 .... 2593 packets received, 7004 bps, 87.55%, Err 65 (1.1e-005)
760.793 .... 2601 packets received, 7006 bps, 87.57%, Err 65 (1.1e-005)
762.887 .... 2609 packets received, 7008 bps, 87.60%, Err 65 (1.1e-005)
765.006 .... 2617 packets received, 7010 bps, 87.63%, Err 65 (1.1e-005)
767.660 .... 2623 packets received, 7002 bps, 87.52%, Err 66 (1.1e-005)
769.751 .... 2631 packets received, 7004 bps, 87.55%, Err 66 (1.1e-005)
771.885 .... 2639 packets received, 7006 bps, 87.58%, Err 66 (1.1e-005)
773.989 .... 2647 packets received, 7008 bps, 87.60%, Err 66 (1.1e-005)
776.091 .... 2655 packets received, 7010 bps, 87.63%, Err 66 (1.1e-005)
778.224 .... 2663 packets received, 7012 bps, 87.65%, Err 66 (1.1e-005)
780.311 .... 2671 packets received, 7014 bps, 87.68%, Err 66 (1.1e-005)
782.466 .... 2679 packets received, 7016 bps, 87.70%, Err 66 (1.1e-005)
784.531 .... 2687 packets received, 7018 bps, 87.73%, Err 66 (1.1e-005)
786.649 .... 2695 packets received, 7020 bps, 87.75%, Err 66 (1.1e-005)
788.734 .... 2703 packets received, 7023 bps, 87.78%, Err 66 (1.1e-005)
790.891 .... 2711 packets received, 7024 bps, 87.80%, Err 66 (1.1e-005)
793.010 .... 2715 packets received, 7016 bps, 87.70%, Err 67 (1.1e-005)
795.097 .... 2723 packets received, 7018 bps, 87.72%, Err 67 (1.1e-005)
797.200 .... 2727 packets received, 7010 bps, 87.62%, Err 68 (1.1e-005)
799.349 .... 2735 packets received, 7011 bps, 87.64%, Err 68 (1.1e-005)
801.453 .... 2743 packets received, 7013 bps, 87.67%, Err 68 (1.1e-005)
803.563 .... 2751 packets received, 7015 bps, 87.69%, Err 68 (1.1e-005)
805.652 .... 2759 packets received, 7017 bps, 87.72%, Err 68 (1.1e-005)
807.770 .... 2767 packets received, 7019 bps, 87.74%, Err 68 (1.1e-005)
809.908 .... 2775 packets received, 7021 bps, 87.76%, Err 68 (1.1e-005)
811.989 .... 2783 packets received, 7023 bps, 87.79%, Err 68 (1.1e-005)
814.112 .... 2791 packets received, 7025 bps, 87.81%, Err 68 (1.1e-005)
816.246 .... 2799 packets received, 7027 bps, 87.83%, Err 68 (1.1e-005)
818.334 .... 2807 packets received, 7029 bps, 87.86%, Err 68 (1.0e-005)
820.470 .... 2815 packets received, 7031 bps, 87.88%, Err 68 (1.0e-005)
822.556 .... 2823 packets received, 7033 bps, 87.91%, Err 68 (1.0e-005)
824.672 .... 2831 packets received, 7034 bps, 87.93%, Err 68 (1.0e-005)
826.789 .... 2839 packets received, 7036 bps, 87.95%, Err 68 (1.0e-005)
828.889 .... 2847 packets received, 7038 bps, 87.98%, Err 68 (1.0e-005)
831.031 .... 2855 packets received, 7040 bps, 88.00%, Err 68 (1.0e-005)
833.112 .... 2863 packets received, 7042 bps, 88.02%, Err 68 (1.0e-005)
835.240 .... 2871 packets received, 7044 bps, 88.04%, Err 68 (1.0e-005)
837.323 .... 2879 packets received, 7046 bps, 88.07%, Err 68 (1.0e-005)
839.462 .... 2887 packets received, 7047 bps, 88.09%, Err 68 (1.0e-005)
841.582 .... 2891 packets received, 7039 bps, 87.99%, Err 69 (1.0e-005)
843.719 .... 2899 packets received, 7041 bps, 88.01%, Err 69 (1.0e-005)
845.793 .... 2907 packets received, 7043 bps, 88.04%, Err 69 (1.0e-005)
847.924 .... 2915 packets received, 7044 bps, 88.06%, Err 69 (1.0e-005)
850.065 .... 2923 packets received, 7046 bps, 88.07%, Err 69 (1.0e-005)
852.150 .... 2931 packets received, 7048 bps, 88.10%, Err 69 (1.0e-005)
854.255 .... 2939 packets received, 7050 bps, 88.12%, Err 69 (1.0e-005)
856.383 .... 2947 packets received, 7051 bps, 88.14%, Err 69 (1.0e-005)
858.468 .... 2955 packets received, 7053 bps, 88.17%, Err 69 (1.0e-005)
860.624 .... 2963 packets received, 7055 bps, 88.18%, Err 69 (1.0e-005)
862.705 .... 2971 packets received, 7057 bps, 88.21%, Err 69 (1.0e-005)
864.840 .... 2979 packets received, 7058 bps, 88.23%, Err 69 (1.0e-005)
866.943 .... 2987 packets received, 7060 bps, 88.25%, Err 70 (1.0e-005)
869.082 .... 2991 packets received, 7052 bps, 88.15%, Err 70 (1.0e-005)
871.221 .... 2999 packets received, 7054 bps, 88.17%, Err 70 (1.0e-005)
873.271 .... 3002 packets received, 7044 bps, 88.05%, Err 72 (1.0e-005)
875.412 .... 3010 packets received, 7045 bps, 88.07%, Err 72 (1.0e-005)
877.618 .... 3016 packets received, 7042 bps, 88.02%, Err 73 (1.1e-005)
879.703 .... 3024 packets received, 7044 bps, 88.05%, Err 73 (1.0e-005)
881.809 .... 3032 packets received, 7045 bps, 88.07%, Err 73 (1.0e-005)
883.915 .... 3040 packets received, 7047 bps, 88.09%, Err 73 (1.0e-005)
886.036 .... 3048 packets received, 7049 bps, 88.11%, Err 73 (1.0e-005)
888.161 .... 3056 packets received, 7050 bps, 88.13%, Err 73 (1.0e-005)
890.277 .... 3064 packets received, 7052 bps, 88.15%, Err 73 (1.0e-005)
892.384 .... 3072 packets received, 7054 bps, 88.17%, Err 73 (1.0e-005)
894.472 .... 3080 packets received, 7056 bps, 88.20%, Err 73 (1.0e-005)
896.608 .... 3088 packets received, 7057 bps, 88.21%, Err 73 (1.0e-005)
898.739 .... 3095 packets received, 7056 bps, 88.20%, Err 73 (1.0e-005)
900.896 .... 3103 packets received, 7058 bps, 88.22%, Err 73 (1.0e-005)
902.969 .... 3111 packets received, 7060 bps, 88.24%, Err 73 (1.0e-005)
905.111 .... 3119 packets received, 7061 bps, 88.26%, Err 73 (1.0e-005)
907.738 .... 3125 packets received, 7054 bps, 88.18%, Err 74 (1.0e-005)
909.858 .... 3133 packets received, 7056 bps, 88.20%, Err 74 (1.0e-005)
911.959 .... 3141 packets received, 7057 bps, 88.22%, Err 74 (1.0e-005)
914.077 .... 3149 packets received, 7059 bps, 88.24%, Err 74 (1.0e-005)
916.193 .... 3157 packets received, 7060 bps, 88.26%, Err 74 (1.0e-005)
918.295 .... 3165 packets received, 7062 bps, 88.28%, Err 74 (1.0e-005)
920.399 .... 3173 packets received, 7064 bps, 88.30%, Err 74 (1.0e-005)
922.527 .... 3181 packets received, 7065 bps, 88.32%, Err 74 (1.0e-005)
924.648 .... 3189 packets received, 7067 bps, 88.33%, Err 74 (1.0e-005)
926.750 .... 3197 packets received, 7068 bps, 88.36%, Err 74 (1.0e-005)
929.103 .... 3202 packets received, 7062 bps, 88.27%, Err 75 (1.0e-005)
931.244 .... 3210 packets received, 7063 bps, 88.29%, Err 75 (1.0e-005)
933.350 .... 3218 packets received, 7065 bps, 88.31%, Err 75 (1.0e-005)
935.469 .... 3226 packets received, 7066 bps, 88.33%, Err 75 (1.0e-005)
937.573 .... 3234 packets received, 7068 bps, 88.35%, Err 75 (1.0e-005)
939.677 .... 3242 packets received, 7069 bps, 88.37%, Err 75 (1.0e-005)
941.862 .... 3250 packets received, 7070 bps, 88.38%, Err 75 (1.0e-005)
943.919 .... 3258 packets received, 7072 bps, 88.40%, Err 75 (1.0e-005)
946.027 .... 3266 packets received, 7074 bps, 88.42%, Err 75 (1.0e-005)
948.149 .... 3270 packets received, 7067 bps, 88.33%, Err 76 (1.0e-005)
950.252 .... 3278 packets received, 7068 bps, 88.35%, Err 76 (1.0e-005)
952.356 .... 3286 packets received, 7070 bps, 88.37%, Err 76 (1.0e-005)
955.523 .... 3294 packets received, 7064 bps, 88.29%, Err 77 (1.0e-005)
957.673 .... 3302 packets received, 7065 bps, 88.31%, Err 78 (1.0e-005)
959.760 .... 3310 packets received, 7066 bps, 88.33%, Err 79 (1.0e-005)
961.848 .... 3318 packets received, 7068 bps, 88.35%, Err 79 (1.0e-005)
963.984 .... 3326 packets received, 7069 bps, 88.37%, Err 79 (1.0e-005)
966.088 .... 3334 packets received, 7071 bps, 88.39%, Err 79 (1.0e-005)
968.208 .... 3342 packets received, 7072 bps, 88.41%, Err 79 (1.0e-005)
970.336 .... 3350 packets received, 7074 bps, 88.42%, Err 79 (1.0e-005)
972.420 .... 3354 packets received, 7067 bps, 88.34%, Err 80 (1.0e-005)
974.524 .... 3362 packets received, 7069 bps, 88.36%, Err 80 (1.0e-005)
976.647 .... 3370 packets received, 7070 bps, 88.38%, Err 80 (1.0e-005)
978.767 .... 3378 packets received, 7072 bps, 88.39%, Err 80 (1.0e-005)
980.872 .... 3386 packets received, 7073 bps, 88.41%, Err 81 (1.0e-005)
982.991 .... 3390 packets received, 7066 bps, 88.33%, Err 81 (1.0e-005)
985.093 .... 3398 packets received, 7068 bps, 88.35%, Err 81 (1.0e-005)
987.213 .... 3406 packets received, 7069 bps, 88.36%, Err 81 (1.0e-005)
989.329 .... 3414 packets received, 7071 bps, 88.38%, Err 81 (1.0e-005)
991.446 .... 3422 packets received, 7072 bps, 88.40%, Err 81 (1.0e-005)
993.571 .... 3430 packets received, 7073 bps, 88.42%, Err 81 (1.0e-005)
995.640 .... 3438 packets received, 7075 bps, 88.44%, Err 81 (1.0e-005)
997.761 .... 3446 packets received, 7076 bps, 88.46%, Err 81 (1.0e-005)
999.902 .... 3454 packets received, 7078 bps, 88.47%, Err 81 (1.0e-005)
1001.967 .... 3462 packets received, 7079 bps, 88.49%, Err 81 (1.0e-005)
1005.173 .... 3470 packets received, 7073 bps, 88.42%, Err 82 (1.0e-005)
1007.276 .... 3478 packets received, 7075 bps, 88.43%, Err 82 (1.0e-005)
1009.419 .... 3486 packets received, 7076 bps, 88.45%, Err 82 (1.0e-005)
1011.538 .... 3494 packets received, 7077 bps, 88.47%, Err 82 (1.0e-005)
1013.659 .... 3502 packets received, 7079 bps, 88.48%, Err 82 (1.0e-005)
1015.736 .... 3510 packets received, 7080 bps, 88.50%, Err 82 (1.0e-005)
1017.854 .... 3518 packets received, 7082 bps, 88.52%, Err 82 (1.0e-005)
1019.971 .... 3526 packets received, 7083 bps, 88.54%, Err 82 (1.0e-005)
1022.087 .... 3534 packets received, 7084 bps, 88.55%, Err 82 (1.0e-005)
1024.227 .... 3542 packets received, 7086 bps, 88.57%, Err 82 (1.0e-005)
1026.309 .... 3550 packets received, 7087 bps, 88.59%, Err 82 (1.0e-005)
1028.436 .... 3558 packets received, 7088 bps, 88.61%, Err 82 (1.0e-005)
1030.541 .... 3562 packets received, 7082 bps, 88.52%, Err 83 (1.0e-005)
1032.675 .... 3570 packets received, 7083 bps, 88.54%, Err 83 (1.0e-005)
1035.045 .... 3575 packets received, 7077 bps, 88.46%, Err 84 (1.0e-005)
1038.205 .... 3583 packets received, 7071 bps, 88.39%, Err 85 (1.0e-005)
1040.339 .... 3591 packets received, 7072 bps, 88.40%, Err 85 (1.0e-005)
1042.377 .... 3596 packets received, 7068 bps, 88.35%, Err 85 (1.0e-005)
1044.479 .... 3604 packets received, 7070 bps, 88.37%, Err 85 (1.0e-005)
1046.631 .... 3611 packets received, 7069 bps, 88.36%, Err 85 (1.0e-005)
1048.750 .... 3619 packets received, 7070 bps, 88.38%, Err 85 (1.0e-005)
1050.876 .... 3627 packets received, 7072 bps, 88.39%, Err 86 (1.0e-005)
1052.936 .... 3630 packets received, 7064 bps, 88.29%, Err 86 (1.0e-005)
1055.077 .... 3638 packets received, 7065 bps, 88.31%, Err 86 (1.0e-005)
1057.202 .... 3646 packets received, 7066 bps, 88.33%, Err 86 (1.0e-005)
1059.561 .... 3650 packets received, 7058 bps, 88.23%, Err 87 (1.0e-005)
1061.686 .... 3658 packets received, 7059 bps, 88.24%, Err 87 (1.0e-005)
1063.858 .... 3665 packets received, 7058 bps, 88.23%, Err 87 (1.0e-005)
1065.967 .... 3673 packets received, 7060 bps, 88.25%, Err 87 (1.0e-005)
1068.139 .... 3680 packets received, 7059 bps, 88.24%, Err 87 (1.0e-005)
1070.280 .... 3688 packets received, 7060 bps, 88.25%, Err 87 (1.0e-005)
1072.389 .... 3696 packets received, 7061 bps, 88.27%, Err 87 (1.0e-005)
1074.498 .... 3704 packets received, 7063 bps, 88.29%, Err 87 (1.0e-005)
1076.608 .... 3712 packets received, 7064 bps, 88.30%, Err 87 (1.0e-005)
1078.764 .... 3720 packets received, 7065 bps, 88.32%, Err 87 (1.0e-005)
1080.858 .... 3723 packets received, 7057 bps, 88.22%, Err 88 (1.0e-005)
1083.747 .... 3730 packets received, 7052 bps, 88.15%, Err 90 (1.0e-005)
1085.903 .... 3738 packets received, 7053 bps, 88.16%, Err 90 (1.0e-005)
1088.086 .... 3745 packets received, 7052 bps, 88.15%, Err 90 (1.0e-005)
1090.185 .... 3753 packets received, 7053 bps, 88.17%, Err 90 (1.0e-005)
1091.326 ** WARNING: System too busy, sleep 15 ms, but be awakened 78 ms later
1092.310 .... 3761 packets received, 7055 bps, 88.18%, Err 90 (1.0e-005)
1095.769 .... 3769 packets received, 7047 bps, 88.09%, Err 92 (1.1e-005)
1097.863 .... 3777 packets received, 7049 bps, 88.11%, Err 92 (1.1e-005)
1101.050 .... 3784 packets received, 7041 bps, 88.02%, Err 93 (1.1e-005)
1103.144 .... 3788 packets received, 7035 bps, 87.94%, Err 94 (1.1e-005)
1105.269 .... 3796 packets received, 7037 bps, 87.96%, Err 94 (1.1e-005)
1107.363 .... 3800 packets received, 7031 bps, 87.88%, Err 95 (1.1e-005)
1109.491 .... 3808 packets received, 7032 bps, 87.90%, Err 95 (1.1e-005)
1112.648 .... 3816 packets received, 7027 bps, 87.84%, Err 96 (1.1e-005)
1114.773 .... 3824 packets received, 7028 bps, 87.85%, Err 96 (1.1e-005)
1116.882 .... 3832 packets received, 7030 bps, 87.87%, Err 96 (1.1e-005)
1118.989 .... 3840 packets received, 7031 bps, 87.89%, Err 96 (1.1e-005)
1877.662 ** WARNING: System too busy, sleep 15 ms, but be awakened 756673 ms later
1877.745 .... 3848 packets received, 4198 bps, 52.47%, Err 96 (1.1e-005)
1879.093 ** WARNING: System too busy, sleep 15 ms, but be awakened 158 ms later
1879.890 .... 3853 packets received, 4199 bps, 52.48%, Err 96 (1.1e-005)
1881.953 .... 3858 packets received, 4199 bps, 52.49%, Err 96 (1.1e-005)
1882.926 ** WARNING: System too busy, sleep 15 ms, but be awakened 99 ms later
1884.060 .... 3861 packets received, 4198 bps, 52.47%, Err 96 (1.1e-005)
1885.195 ** WARNING: System too busy, sleep 15 ms, but be awakened 197 ms later
1886.544 .... 3865 packets received, 4197 bps, 52.46%, Err 96 (1.1e-005)
1888.738 ** WARNING: System too busy, sleep 15 ms, but be awakened 70 ms later
1890.790 .... 3872 packets received, 4195 bps, 52.44%, Err 96 (1.1e-005)
1892.888 .... 3880 packets received, 4199 bps, 52.49%, Err 96 (1.1e-005)
1896.270 ** WARNING: System too busy, sleep 15 ms, but be awakened 2628 ms later
1896.307 .... 3883 packets received, 4195 bps, 52.43%, Err 96 (1.1e-005)
1898.957 .... 3890 packets received, 4196 bps, 52.45%, Err 96 (1.1e-005)
1901.629 .... 3895 packets received, 4196 bps, 52.45%, Err 97 (1.1e-005)
1904.265 .... 3900 packets received, 4195 bps, 52.44%, Err 97 (1.1e-005)
1906.384 .... 3904 packets received, 4195 bps, 52.44%, Err 97 (1.1e-005)
1908.552 .... 3908 packets received, 4195 bps, 52.43%, Err 97 (1.1e-005)
1910.644 .... 3912 packets received, 4194 bps, 52.43%, Err 97 (1.1e-005)
1912.715 .... 3916 packets received, 4194 bps, 52.42%, Err 97 (1.1e-005)
1914.849 .... 3920 packets received, 4194 bps, 52.42%, Err 97 (1.1e-005)
1916.952 .... 3924 packets received, 4193 bps, 52.42%, Err 97 (1.1e-005)
1919.070 .... 3928 packets received, 4193 bps, 52.41%, Err 97 (1.1e-005)
1921.157 .... 3932 packets received, 4193 bps, 52.41%, Err 97 (1.1e-005)
1923.289 .... 3936 packets received, 4192 bps, 52.40%, Err 99 (1.1e-005)
1925.396 .... 3944 packets received, 4196 bps, 52.45%, Err 99 (1.1e-005)
1927.551 .... 3952 packets received, 4200 bps, 52.50%, Err 99 (1.1e-005)
1929.655 .... 3960 packets received, 4204 bps, 52.55%, Err 99 (1.1e-005)
1931.719 .... 3968 packets received, 4208 bps, 52.60%, Err 99 (1.1e-005)
1933.821 .... 3972 packets received, 4208 bps, 52.59%, Err 101 (1.1e-005)
1935.981 .... 3980 packets received, 4211 bps, 52.64%, Err 101 (1.1e-005)
