GBN b 
=========================================================================
                          Station B                                 
-------------------------------------------------------------------------
Protocol.lib, version 3.0, Build: Oct 19 2009 (jiangy@public3.bta.net.cn)
Channel: 8000 bps, 270 ms propagation delay, bit error rate 1.0E-005
Log file "GBN-B.log", TCP port 59144, debug mask 0x00
Station B is connecting station A (TCP port 59144) ... Done.
New epoch: Sat May 20 15:41:07 2017
=========================================================================
Designed by LXS, build: May 20 2017  13:12:58
2.577 .... 8 packets received, 7754 bps, 96.92%, Err 0 (0.0e+000)
5.795 .... 16 packets received, 6147 bps, 76.83%, Err 1 (2.4e-005)
7.905 .... 24 packets received, 6606 bps, 82.57%, Err 1 (1.7e-005)
10.029 .... 32 packets received, 6852 bps, 85.65%, Err 1 (1.3e-005)
12.133 .... 40 packets received, 7020 bps, 87.75%, Err 1 (1.1e-005)
14.253 .... 48 packets received, 7129 bps, 89.11%, Err 1 (9.1e-006)
16.372 .... 56 packets received, 7209 bps, 90.12%, Err 1 (7.9e-006)
18.459 .... 64 packets received, 7284 bps, 91.05%, Err 1 (7.0e-006)
20.591 .... 72 packets received, 7326 bps, 91.58%, Err 2 (1.2e-005)
22.712 .... 80 packets received, 7364 bps, 92.05%, Err 2 (1.1e-005)
24.816 .... 88 packets received, 7401 bps, 92.51%, Err 2 (1.0e-005)
27.181 .... 93 packets received, 7129 bps, 89.11%, Err 3 (1.4e-005)
29.315 .... 101 packets received, 7170 bps, 89.62%, Err 3 (1.3e-005)
31.433 .... 109 packets received, 7208 bps, 90.10%, Err 4 (1.6e-005)
33.552 .... 117 packets received, 7242 bps, 90.52%, Err 4 (1.5e-005)
35.639 .... 125 packets received, 7278 bps, 90.97%, Err 4 (1.4e-005)
37.789 .... 133 packets received, 7298 bps, 91.22%, Err 4 (1.3e-005)
39.876 .... 137 packets received, 7119 bps, 88.99%, Err 5 (1.6e-005)
41.995 .... 145 packets received, 7150 bps, 89.38%, Err 5 (1.5e-005)
44.114 .... 153 packets received, 7179 bps, 89.73%, Err 5 (1.4e-005)
46.234 .... 161 packets received, 7204 bps, 90.05%, Err 5 (1.4e-005)
48.338 .... 169 packets received, 7230 bps, 90.37%, Err 5 (1.3e-005)
50.473 .... 177 packets received, 7249 bps, 90.61%, Err 6 (1.5e-005)
52.559 .... 185 packets received, 7273 bps, 90.91%, Err 6 (1.4e-005)
54.695 .... 193 packets received, 7289 bps, 91.11%, Err 6 (1.4e-005)
56.800 .... 201 packets received, 7307 bps, 91.34%, Err 6 (1.3e-005)
58.919 .... 209 packets received, 7322 bps, 91.53%, Err 6 (1.3e-005)
61.024 .... 217 packets received, 7338 bps, 91.73%, Err 6 (1.2e-005)
63.127 .... 225 packets received, 7354 bps, 91.92%, Err 6 (1.2e-005)
65.771 .... 231 packets received, 7244 bps, 90.55%, Err 7 (1.3e-005)
67.905 .... 239 packets received, 7258 bps, 90.72%, Err 7 (1.3e-005)
70.011 .... 247 packets received, 7274 bps, 90.92%, Err 7 (1.3e-005)
72.643 .... 253 packets received, 7179 bps, 89.73%, Err 9 (1.6e-005)
74.825 .... 261 packets received, 7188 bps, 89.85%, Err 9 (1.5e-005)
76.896 .... 269 packets received, 7208 bps, 90.10%, Err 9 (1.5e-005)
79.031 .... 277 packets received, 7221 bps, 90.26%, Err 9 (1.4e-005)
81.135 .... 285 packets received, 7235 bps, 90.44%, Err 9 (1.4e-005)
83.222 .... 293 packets received, 7251 bps, 90.64%, Err 9 (1.4e-005)
85.341 .... 301 packets received, 7263 bps, 90.79%, Err 9 (1.3e-005)
87.450 .... 309 packets received, 7275 bps, 90.94%, Err 9 (1.3e-005)
89.568 .... 317 packets received, 7286 bps, 91.08%, Err 9 (1.3e-005)
91.685 .... 325 packets received, 7297 bps, 91.21%, Err 9 (1.2e-005)
93.804 .... 333 packets received, 7306 bps, 91.33%, Err 9 (1.2e-005)
95.908 .... 338 packets received, 7253 bps, 90.66%, Err 9 (1.2e-005)
98.011 .... 346 packets received, 7264 bps, 90.80%, Err 9 (1.2e-005)
100.128 .... 354 packets received, 7274 bps, 90.93%, Err 9 (1.1e-005)
102.261 .... 362 packets received, 7283 bps, 91.04%, Err 9 (1.1e-005)
104.349 .... 370 packets received, 7294 bps, 91.18%, Err 9 (1.1e-005)
106.484 .... 378 packets received, 7302 bps, 91.27%, Err 9 (1.1e-005)
108.588 .... 386 packets received, 7311 bps, 91.39%, Err 9 (1.0e-005)
110.707 .... 394 packets received, 7319 bps, 91.49%, Err 9 (1.0e-005)
112.793 .... 402 packets received, 7329 bps, 91.62%, Err 9 (1.0e-005)
114.926 .... 410 packets received, 7336 bps, 91.70%, Err 9 (9.9e-006)
118.119 .... 418 packets received, 7276 bps, 90.95%, Err 10 (1.1e-005)
120.223 .... 426 packets received, 7285 bps, 91.06%, Err 10 (1.1e-005)
122.321 .... 434 packets received, 7294 bps, 91.18%, Err 10 (1.0e-005)
124.439 .... 442 packets received, 7302 bps, 91.27%, Err 10 (1.0e-005)
126.539 .... 450 packets received, 7310 bps, 91.37%, Err 10 (1.0e-005)
128.661 .... 458 packets received, 7317 bps, 91.46%, Err 10 (9.8e-006)
130.747 .... 466 packets received, 7325 bps, 91.57%, Err 10 (9.7e-006)
132.882 .... 474 packets received, 7331 bps, 91.64%, Err 10 (9.5e-006)
134.986 .... 482 packets received, 7338 bps, 91.73%, Err 10 (9.3e-006)
137.103 .... 490 packets received, 7344 bps, 91.80%, Err 10 (9.2e-006)
140.274 .... 498 packets received, 7295 bps, 91.19%, Err 11 (9.9e-006)
142.391 .... 506 packets received, 7302 bps, 91.27%, Err 11 (9.7e-006)
144.495 .... 514 packets received, 7309 bps, 91.36%, Err 11 (9.6e-006)
146.615 .... 522 packets received, 7315 bps, 91.43%, Err 11 (9.5e-006)
148.727 .... 526 packets received, 7266 bps, 90.82%, Err 12 (1.0e-005)
150.813 .... 534 packets received, 7274 bps, 90.92%, Err 12 (1.0e-005)
152.934 .... 542 packets received, 7280 bps, 91.00%, Err 12 (9.9e-006)
155.051 .... 550 packets received, 7287 bps, 91.08%, Err 12 (9.8e-006)
157.170 .... 558 packets received, 7293 bps, 91.16%, Err 12 (9.6e-006)
159.287 .... 566 packets received, 7298 bps, 91.23%, Err 12 (9.5e-006)
161.390 .... 570 packets received, 7254 bps, 90.68%, Err 13 (1.0e-005)
163.509 .... 578 packets received, 7260 bps, 90.75%, Err 13 (1.0e-005)
165.595 .... 586 packets received, 7268 bps, 90.85%, Err 13 (9.9e-006)
167.729 .... 594 packets received, 7273 bps, 90.91%, Err 13 (9.8e-006)
169.863 .... 602 packets received, 7278 bps, 90.98%, Err 13 (9.6e-006)
171.935 .... 610 packets received, 7286 bps, 91.07%, Err 13 (9.5e-006)
174.315 .... 615 packets received, 7245 bps, 90.56%, Err 14 (1.0e-005)
176.451 .... 623 packets received, 7250 bps, 90.62%, Err 14 (1.0e-005)
178.553 .... 631 packets received, 7256 bps, 90.71%, Err 14 (9.9e-006)
180.684 .... 639 packets received, 7262 bps, 90.77%, Err 14 (9.8e-006)
182.788 .... 647 packets received, 7268 bps, 90.84%, Err 14 (9.6e-006)
184.903 .... 651 packets received, 7229 bps, 90.36%, Err 15 (1.0e-005)
187.007 .... 659 packets received, 7235 bps, 90.44%, Err 15 (1.0e-005)
189.109 .... 667 packets received, 7241 bps, 90.51%, Err 15 (1.0e-005)
191.242 .... 675 packets received, 7246 bps, 90.58%, Err 15 (9.9e-006)
193.361 .... 683 packets received, 7251 bps, 90.64%, Err 15 (9.8e-006)
195.465 .... 691 packets received, 7257 bps, 90.72%, Err 15 (9.7e-006)
197.571 .... 699 packets received, 7263 bps, 90.79%, Err 15 (9.6e-006)
199.672 .... 707 packets received, 7268 bps, 90.86%, Err 15 (9.5e-006)
201.789 .... 715 packets received, 7273 bps, 90.92%, Err 15 (9.4e-006)
203.890 .... 723 packets received, 7279 bps, 90.99%, Err 15 (9.3e-006)
206.007 .... 731 packets received, 7284 bps, 91.04%, Err 15 (9.2e-006)
208.660 .... 737 packets received, 7250 bps, 90.62%, Err 16 (9.6e-006)
210.763 .... 741 packets received, 7216 bps, 90.20%, Err 17 (1.0e-005)
212.913 .... 749 packets received, 7220 bps, 90.25%, Err 17 (1.0e-005)
215.015 .... 757 packets received, 7226 bps, 90.32%, Err 17 (9.9e-006)
217.119 .... 765 packets received, 7231 bps, 90.39%, Err 18 (1.0e-005)
219.238 .... 773 packets received, 7236 bps, 90.45%, Err 18 (1.0e-005)
222.425 .... 781 packets received, 7206 bps, 90.08%, Err 19 (1.1e-005)
224.544 .... 789 packets received, 7211 bps, 90.14%, Err 19 (1.1e-005)
226.755 .... 795 packets received, 7195 bps, 89.94%, Err 19 (1.1e-005)
228.871 .... 803 packets received, 7200 bps, 90.00%, Err 19 (1.0e-005)
230.988 .... 811 packets received, 7205 bps, 90.06%, Err 19 (1.0e-005)
233.090 .... 819 packets received, 7210 bps, 90.13%, Err 19 (1.0e-005)
235.255 .... 826 packets received, 7205 bps, 90.06%, Err 19 (1.0e-005)
237.358 .... 834 packets received, 7210 bps, 90.13%, Err 19 (1.0e-005)
239.475 .... 842 packets received, 7215 bps, 90.18%, Err 19 (1.0e-005)
241.612 .... 850 packets received, 7219 bps, 90.24%, Err 19 (9.9e-006)
243.731 .... 858 packets received, 7223 bps, 90.29%, Err 19 (9.8e-006)
245.850 .... 866 packets received, 7228 bps, 90.35%, Err 19 (9.7e-006)
248.761 .... 872 packets received, 7192 bps, 89.91%, Err 20 (1.0e-005)
250.894 .... 880 packets received, 7197 bps, 89.96%, Err 20 (1.0e-005)
252.997 .... 888 packets received, 7202 bps, 90.02%, Err 20 (1.0e-005)
255.132 .... 896 packets received, 7205 bps, 90.07%, Err 20 (9.9e-006)
258.611 .... 903 packets received, 7164 bps, 89.55%, Err 21 (1.0e-005)
260.730 .... 911 packets received, 7169 bps, 89.61%, Err 21 (1.0e-005)
262.852 .... 919 packets received, 7173 bps, 89.66%, Err 21 (1.0e-005)
264.957 .... 927 packets received, 7178 bps, 89.72%, Err 21 (1.0e-005)
267.062 .... 935 packets received, 7183 bps, 89.78%, Err 21 (9.9e-006)
269.215 .... 942 packets received, 7178 bps, 89.73%, Err 21 (9.8e-006)
271.321 .... 950 packets received, 7183 bps, 89.79%, Err 21 (9.8e-006)
273.435 .... 958 packets received, 7188 bps, 89.84%, Err 21 (9.7e-006)
275.583 .... 965 packets received, 7184 bps, 89.79%, Err 21 (9.6e-006)
277.687 .... 973 packets received, 7188 bps, 89.85%, Err 21 (9.6e-006)
279.805 .... 981 packets received, 7192 bps, 89.90%, Err 21 (9.5e-006)
281.893 .... 989 packets received, 7197 bps, 89.96%, Err 21 (9.4e-006)
284.013 .... 997 packets received, 7201 bps, 90.01%, Err 21 (9.3e-006)
286.133 .... 1005 packets received, 7205 bps, 90.06%, Err 21 (9.3e-006)
288.265 .... 1013 packets received, 7209 bps, 90.11%, Err 21 (9.2e-006)
290.368 .... 1021 packets received, 7213 bps, 90.16%, Err 21 (9.1e-006)
292.454 .... 1029 packets received, 7217 bps, 90.22%, Err 21 (9.1e-006)
294.590 .... 1037 packets received, 7221 bps, 90.26%, Err 21 (9.0e-006)
296.691 .... 1045 packets received, 7225 bps, 90.31%, Err 21 (8.9e-006)
298.788 .... 1053 packets received, 7229 bps, 90.36%, Err 21 (8.9e-006)
300.905 .... 1061 packets received, 7232 bps, 90.41%, Err 21 (8.8e-006)
303.039 .... 1069 packets received, 7236 bps, 90.45%, Err 21 (8.7e-006)
305.128 .... 1077 packets received, 7240 bps, 90.50%, Err 21 (8.7e-006)
308.841 .... 1085 packets received, 7206 bps, 90.07%, Err 22 (9.0e-006)
310.944 .... 1093 packets received, 7210 bps, 90.12%, Err 22 (8.9e-006)
313.050 .... 1101 packets received, 7214 bps, 90.17%, Err 22 (8.9e-006)
315.167 .... 1109 packets received, 7217 bps, 90.21%, Err 22 (8.8e-006)
317.826 .... 1115 packets received, 7195 bps, 89.94%, Err 23 (9.1e-006)
319.958 .... 1119 packets received, 7173 bps, 89.66%, Err 24 (9.5e-006)
322.046 .... 1127 packets received, 7177 bps, 89.72%, Err 24 (9.4e-006)
324.164 .... 1135 packets received, 7181 bps, 89.76%, Err 24 (9.3e-006)
326.269 .... 1139 packets received, 7160 bps, 89.50%, Err 25 (9.7e-006)
328.390 .... 1147 packets received, 7163 bps, 89.54%, Err 25 (9.6e-006)
330.494 .... 1155 packets received, 7167 bps, 89.59%, Err 25 (9.5e-006)
332.614 .... 1163 packets received, 7171 bps, 89.64%, Err 25 (9.5e-006)
334.718 .... 1167 packets received, 7150 bps, 89.38%, Err 26 (9.8e-006)
336.852 .... 1175 packets received, 7154 bps, 89.42%, Err 26 (9.7e-006)
338.938 .... 1183 packets received, 7158 bps, 89.47%, Err 26 (9.7e-006)
341.042 .... 1191 packets received, 7162 bps, 89.52%, Err 26 (9.6e-006)
343.162 .... 1199 packets received, 7165 bps, 89.57%, Err 26 (9.6e-006)
345.803 .... 1205 packets received, 7146 bps, 89.33%, Err 27 (9.8e-006)
347.923 .... 1213 packets received, 7150 bps, 89.37%, Err 27 (9.8e-006)
350.044 .... 1221 packets received, 7153 bps, 89.41%, Err 27 (9.7e-006)
352.148 .... 1229 packets received, 7157 bps, 89.46%, Err 27 (9.7e-006)
354.269 .... 1237 packets received, 7160 bps, 89.50%, Err 27 (9.6e-006)
356.373 .... 1245 packets received, 7164 bps, 89.55%, Err 27 (9.5e-006)
358.482 .... 1253 packets received, 7168 bps, 89.60%, Err 27 (9.5e-006)
360.583 .... 1261 packets received, 7171 bps, 89.64%, Err 27 (9.4e-006)
362.689 .... 1269 packets received, 7175 bps, 89.69%, Err 27 (9.4e-006)
364.828 .... 1277 packets received, 7178 bps, 89.72%, Err 27 (9.3e-006)
366.929 .... 1285 packets received, 7181 bps, 89.77%, Err 27 (9.3e-006)
370.092 .... 1293 packets received, 7164 bps, 89.55%, Err 28 (9.5e-006)
372.204 .... 1301 packets received, 7168 bps, 89.59%, Err 28 (9.5e-006)
374.327 .... 1309 packets received, 7171 bps, 89.63%, Err 28 (9.4e-006)
376.472 .... 1317 packets received, 7173 bps, 89.67%, Err 28 (9.4e-006)
378.567 .... 1325 packets received, 7177 bps, 89.71%, Err 28 (9.3e-006)
380.676 .... 1333 packets received, 7180 bps, 89.75%, Err 28 (9.3e-006)
382.769 .... 1341 packets received, 7184 bps, 89.80%, Err 28 (9.2e-006)
384.896 .... 1349 packets received, 7187 bps, 89.83%, Err 28 (9.2e-006)
387.006 .... 1357 packets received, 7190 bps, 89.87%, Err 28 (9.1e-006)
389.635 .... 1363 packets received, 7173 bps, 89.66%, Err 29 (9.4e-006)
392.842 .... 1371 packets received, 7156 bps, 89.45%, Err 30 (9.6e-006)
394.936 .... 1379 packets received, 7159 bps, 89.49%, Err 30 (9.6e-006)
397.043 .... 1387 packets received, 7163 bps, 89.53%, Err 30 (9.5e-006)
399.154 .... 1395 packets received, 7166 bps, 89.57%, Err 30 (9.5e-006)
401.262 .... 1403 packets received, 7169 bps, 89.61%, Err 30 (9.4e-006)
403.401 .... 1411 packets received, 7172 bps, 89.65%, Err 30 (9.4e-006)
405.481 .... 1419 packets received, 7175 bps, 89.69%, Err 30 (9.3e-006)
407.608 .... 1427 packets received, 7178 bps, 89.73%, Err 30 (9.3e-006)
409.703 .... 1435 packets received, 7181 bps, 89.77%, Err 30 (9.2e-006)
411.812 .... 1439 packets received, 7164 bps, 89.56%, Err 31 (9.5e-006)
413.953 .... 1447 packets received, 7167 bps, 89.59%, Err 31 (9.4e-006)
416.079 .... 1455 packets received, 7170 bps, 89.62%, Err 31 (9.4e-006)
418.182 .... 1463 packets received, 7173 bps, 89.66%, Err 31 (9.3e-006)
420.311 .... 1471 packets received, 7175 bps, 89.69%, Err 31 (9.3e-006)
422.429 .... 1479 packets received, 7178 bps, 89.73%, Err 31 (9.2e-006)
424.525 .... 1487 packets received, 7181 bps, 89.77%, Err 31 (9.2e-006)
426.649 .... 1491 packets received, 7165 bps, 89.56%, Err 32 (9.4e-006)
429.023 .... 1496 packets received, 7149 bps, 89.36%, Err 33 (9.7e-006)
431.133 .... 1504 packets received, 7152 bps, 89.40%, Err 33 (9.6e-006)
433.275 .... 1512 packets received, 7155 bps, 89.43%, Err 33 (9.6e-006)
435.376 .... 1520 packets received, 7158 bps, 89.47%, Err 33 (9.5e-006)
437.503 .... 1528 packets received, 7160 bps, 89.50%, Err 33 (9.5e-006)
439.612 .... 1536 packets received, 7163 bps, 89.54%, Err 33 (9.4e-006)
441.723 .... 1544 packets received, 7166 bps, 89.58%, Err 34 (9.7e-006)
443.818 .... 1552 packets received, 7169 bps, 89.62%, Err 34 (9.6e-006)
445.961 .... 1560 packets received, 7171 bps, 89.64%, Err 34 (9.6e-006)
448.065 .... 1564 packets received, 7156 bps, 89.45%, Err 36 (1.0e-005)
450.186 .... 1572 packets received, 7159 bps, 89.48%, Err 36 (1.0e-005)
452.311 .... 1580 packets received, 7161 bps, 89.52%, Err 36 (1.0e-005)
454.411 .... 1588 packets received, 7164 bps, 89.55%, Err 36 (1.0e-005)
456.529 .... 1596 packets received, 7167 bps, 89.59%, Err 36 (9.9e-006)
459.712 .... 1604 packets received, 7153 bps, 89.41%, Err 37 (1.0e-005)
461.817 .... 1612 packets received, 7156 bps, 89.45%, Err 37 (1.0e-005)
463.936 .... 1620 packets received, 7158 bps, 89.48%, Err 37 (1.0e-005)
466.051 .... 1624 packets received, 7144 bps, 89.29%, Err 39 (1.1e-005)
468.186 .... 1632 packets received, 7146 bps, 89.32%, Err 39 (1.0e-005)
470.305 .... 1640 packets received, 7149 bps, 89.36%, Err 40 (1.1e-005)
473.225 .... 1643 packets received, 7117 bps, 88.97%, Err 41 (1.1e-005)
475.327 .... 1651 packets received, 7120 bps, 89.01%, Err 41 (1.1e-005)
477.445 .... 1659 packets received, 7123 bps, 89.04%, Err 41 (1.1e-005)
479.565 .... 1667 packets received, 7126 bps, 89.07%, Err 41 (1.1e-005)
481.666 .... 1675 packets received, 7129 bps, 89.11%, Err 41 (1.1e-005)
483.798 .... 1683 packets received, 7131 bps, 89.14%, Err 41 (1.1e-005)
485.914 .... 1691 packets received, 7134 bps, 89.17%, Err 41 (1.1e-005)
488.002 .... 1699 packets received, 7137 bps, 89.21%, Err 41 (1.1e-005)
490.122 .... 1707 packets received, 7140 bps, 89.24%, Err 41 (1.1e-005)
492.242 .... 1715 packets received, 7142 bps, 89.28%, Err 41 (1.0e-005)
494.346 .... 1723 packets received, 7145 bps, 89.31%, Err 41 (1.0e-005)
496.449 .... 1731 packets received, 7148 bps, 89.34%, Err 41 (1.0e-005)
498.583 .... 1739 packets received, 7150 bps, 89.37%, Err 41 (1.0e-005)
500.702 .... 1747 packets received, 7152 bps, 89.40%, Err 41 (1.0e-005)
502.790 .... 1751 packets received, 7139 bps, 89.24%, Err 42 (1.1e-005)
504.939 .... 1759 packets received, 7141 bps, 89.26%, Err 42 (1.0e-005)
507.026 .... 1767 packets received, 7144 bps, 89.30%, Err 42 (1.0e-005)
509.131 .... 1775 packets received, 7147 bps, 89.33%, Err 42 (1.0e-005)
511.234 .... 1783 packets received, 7149 bps, 89.36%, Err 42 (1.0e-005)
513.366 .... 1791 packets received, 7151 bps, 89.39%, Err 42 (1.0e-005)
515.485 .... 1799 packets received, 7154 bps, 89.42%, Err 42 (1.0e-005)
521.449 .... 1804 packets received, 7092 bps, 88.64%, Err 45 (1.1e-005)
523.565 .... 1808 packets received, 7079 bps, 88.48%, Err 46 (1.1e-005)
525.669 .... 1816 packets received, 7081 bps, 88.52%, Err 47 (1.1e-005)
527.789 .... 1824 packets received, 7084 bps, 88.55%, Err 47 (1.1e-005)
529.878 .... 1832 packets received, 7087 bps, 88.59%, Err 47 (1.1e-005)
532.029 .... 1840 packets received, 7089 bps, 88.61%, Err 47 (1.1e-005)
534.116 .... 1848 packets received, 7092 bps, 88.65%, Err 47 (1.1e-005)
536.235 .... 1856 packets received, 7095 bps, 88.68%, Err 47 (1.1e-005)
538.339 .... 1864 packets received, 7097 bps, 88.72%, Err 47 (1.1e-005)
540.456 .... 1868 packets received, 7085 bps, 88.56%, Err 48 (1.1e-005)
542.574 .... 1876 packets received, 7087 bps, 88.59%, Err 48 (1.1e-005)
544.661 .... 1884 packets received, 7090 bps, 88.63%, Err 48 (1.1e-005)
546.784 .... 1892 packets received, 7093 bps, 88.66%, Err 48 (1.1e-005)
548.900 .... 1900 packets received, 7095 bps, 88.69%, Err 48 (1.1e-005)
551.031 .... 1908 packets received, 7097 bps, 88.72%, Err 48 (1.1e-005)
553.119 .... 1916 packets received, 7100 bps, 88.75%, Err 48 (1.1e-005)
555.266 .... 1924 packets received, 7102 bps, 88.78%, Err 48 (1.1e-005)
557.367 .... 1932 packets received, 7105 bps, 88.81%, Err 48 (1.1e-005)
559.488 .... 1940 packets received, 7107 bps, 88.84%, Err 48 (1.1e-005)
561.868 .... 1945 packets received, 7095 bps, 88.69%, Err 49 (1.1e-005)
563.957 .... 1953 packets received, 7098 bps, 88.73%, Err 49 (1.1e-005)
566.090 .... 1961 packets received, 7100 bps, 88.75%, Err 49 (1.1e-005)
568.193 .... 1969 packets received, 7103 bps, 88.79%, Err 49 (1.1e-005)
570.296 .... 1977 packets received, 7105 bps, 88.82%, Err 49 (1.1e-005)
572.413 .... 1985 packets received, 7108 bps, 88.85%, Err 49 (1.1e-005)
574.516 .... 1993 packets received, 7110 bps, 88.88%, Err 49 (1.1e-005)
576.636 .... 2001 packets received, 7113 bps, 88.91%, Err 49 (1.1e-005)
578.753 .... 2009 packets received, 7115 bps, 88.94%, Err 49 (1.1e-005)
580.846 .... 2011 packets received, 7096 bps, 88.70%, Err 50 (1.1e-005)
582.978 .... 2019 packets received, 7098 bps, 88.73%, Err 50 (1.1e-005)
585.081 .... 2027 packets received, 7101 bps, 88.76%, Err 50 (1.1e-005)
587.199 .... 2035 packets received, 7103 bps, 88.79%, Err 50 (1.1e-005)
589.302 .... 2043 packets received, 7106 bps, 88.82%, Err 50 (1.1e-005)
591.436 .... 2051 packets received, 7108 bps, 88.85%, Err 50 (1.1e-005)
593.540 .... 2059 packets received, 7110 bps, 88.88%, Err 50 (1.1e-005)
595.643 .... 2067 packets received, 7113 bps, 88.91%, Err 50 (1.1e-005)
597.770 .... 2075 packets received, 7115 bps, 88.93%, Err 50 (1.1e-005)
599.854 .... 2083 packets received, 7117 bps, 88.97%, Err 50 (1.0e-005)
601.975 .... 2091 packets received, 7119 bps, 88.99%, Err 50 (1.0e-005)
604.079 .... 2099 packets received, 7122 bps, 89.02%, Err 50 (1.0e-005)
606.216 .... 2107 packets received, 7124 bps, 89.05%, Err 50 (1.0e-005)
609.108 .... 2114 packets received, 7113 bps, 88.92%, Err 51 (1.1e-005)
611.257 .... 2122 packets received, 7115 bps, 88.94%, Err 51 (1.1e-005)
613.343 .... 2130 packets received, 7118 bps, 88.97%, Err 51 (1.0e-005)
615.492 .... 2138 packets received, 7119 bps, 88.99%, Err 51 (1.0e-005)
617.566 .... 2146 packets received, 7122 bps, 89.03%, Err 51 (1.0e-005)
619.749 .... 2152 packets received, 7117 bps, 88.96%, Err 51 (1.0e-005)
621.821 .... 2160 packets received, 7119 bps, 88.99%, Err 51 (1.0e-005)
623.954 .... 2168 packets received, 7121 bps, 89.02%, Err 51 (1.0e-005)
626.071 .... 2176 packets received, 7123 bps, 89.04%, Err 51 (1.0e-005)
628.177 .... 2184 packets received, 7126 bps, 89.07%, Err 52 (1.0e-005)
630.282 .... 2187 packets received, 7112 bps, 88.89%, Err 52 (1.0e-005)
632.416 .... 2195 packets received, 7113 bps, 88.92%, Err 52 (1.0e-005)
634.534 .... 2203 packets received, 7116 bps, 88.94%, Err 52 (1.0e-005)
636.653 .... 2211 packets received, 7118 bps, 88.97%, Err 52 (1.0e-005)
638.740 .... 2219 packets received, 7120 bps, 89.00%, Err 53 (1.0e-005)
640.875 .... 2222 packets received, 7106 bps, 88.82%, Err 53 (1.0e-005)
642.992 .... 2230 packets received, 7108 bps, 88.85%, Err 53 (1.0e-005)
645.112 .... 2238 packets received, 7110 bps, 88.87%, Err 53 (1.0e-005)
647.213 .... 2241 packets received, 7096 bps, 88.70%, Err 54 (1.1e-005)
649.351 .... 2249 packets received, 7098 bps, 88.73%, Err 54 (1.0e-005)
651.499 .... 2257 packets received, 7100 bps, 88.75%, Err 54 (1.0e-005)
653.600 .... 2265 packets received, 7102 bps, 88.78%, Err 54 (1.0e-005)
655.737 .... 2273 packets received, 7104 bps, 88.80%, Err 54 (1.0e-005)
657.482 ** WARNING: System too busy, sleep 15 ms, but be awakened 86 ms later
657.861 .... 2281 packets received, 7106 bps, 88.83%, Err 54 (1.0e-005)
659.937 .... 2289 packets received, 7109 bps, 88.86%, Err 54 (1.0e-005)
662.046 .... 2292 packets received, 7095 bps, 88.69%, Err 55 (1.0e-005)
664.169 .... 2300 packets received, 7097 bps, 88.71%, Err 55 (1.0e-005)
664.803 ** WARNING: System too busy, sleep 15 ms, but be awakened 72 ms later
666.292 .... 2308 packets received, 7099 bps, 88.74%, Err 55 (1.0e-005)
668.400 .... 2316 packets received, 7101 bps, 88.77%, Err 55 (1.0e-005)
670.523 .... 2323 packets received, 7100 bps, 88.75%, Err 55 (1.0e-005)
672.645 .... 2329 packets received, 7096 bps, 88.70%, Err 55 (1.0e-005)
674.798 .... 2337 packets received, 7098 bps, 88.72%, Err 55 (1.0e-005)
676.874 .... 2345 packets received, 7100 bps, 88.75%, Err 55 (1.0e-005)
678.994 .... 2353 packets received, 7102 bps, 88.78%, Err 55 (1.0e-005)
681.084 .... 2361 packets received, 7104 bps, 88.80%, Err 55 (1.0e-005)
683.220 .... 2369 packets received, 7106 bps, 88.83%, Err 55 (1.0e-005)
685.323 .... 2377 packets received, 7108 bps, 88.85%, Err 55 (1.0e-005)
687.440 .... 2385 packets received, 7110 bps, 88.88%, Err 55 (1.0e-005)
689.551 .... 2393 packets received, 7112 bps, 88.90%, Err 55 (1.0e-005)
691.656 .... 2401 packets received, 7114 bps, 88.93%, Err 55 (1.0e-005)
693.762 .... 2409 packets received, 7116 bps, 88.95%, Err 55 (1.0e-005)
696.161 .... 2412 packets received, 7100 bps, 88.76%, Err 56 (1.0e-005)
698.311 .... 2420 packets received, 7102 bps, 88.78%, Err 56 (1.0e-005)
700.459 .... 2428 packets received, 7104 bps, 88.80%, Err 56 (1.0e-005)
702.592 .... 2436 packets received, 7105 bps, 88.82%, Err 56 (1.0e-005)
704.681 .... 2444 packets received, 7108 bps, 88.85%, Err 56 (1.0e-005)
707.836 .... 2452 packets received, 7099 bps, 88.74%, Err 57 (1.0e-005)
709.959 .... 2460 packets received, 7101 bps, 88.76%, Err 57 (1.0e-005)
712.077 .... 2468 packets received, 7103 bps, 88.79%, Err 57 (1.0e-005)
715.247 .... 2476 packets received, 7094 bps, 88.68%, Err 58 (1.0e-005)
717.351 .... 2484 packets received, 7096 bps, 88.70%, Err 58 (1.0e-005)
719.470 .... 2492 packets received, 7098 bps, 88.73%, Err 58 (1.0e-005)
721.588 .... 2500 packets received, 7100 bps, 88.75%, Err 58 (1.0e-005)
723.674 .... 2508 packets received, 7102 bps, 88.78%, Err 58 (1.0e-005)
726.596 .... 2515 packets received, 7093 bps, 88.67%, Err 59 (1.0e-005)
728.715 .... 2523 packets received, 7095 bps, 88.69%, Err 59 (1.0e-005)
730.822 .... 2531 packets received, 7097 bps, 88.71%, Err 59 (1.0e-005)
732.958 .... 2539 packets received, 7099 bps, 88.74%, Err 59 (1.0e-005)
735.046 .... 2547 packets received, 7101 bps, 88.76%, Err 59 (1.0e-005)
737.166 .... 2555 packets received, 7103 bps, 88.78%, Err 59 (1.0e-005)
739.809 .... 2559 packets received, 7088 bps, 88.61%, Err 60 (1.0e-005)
741.928 .... 2567 packets received, 7090 bps, 88.63%, Err 60 (1.0e-005)
744.030 .... 2575 packets received, 7092 bps, 88.65%, Err 60 (1.0e-005)
746.149 .... 2583 packets received, 7094 bps, 88.68%, Err 60 (1.0e-005)
748.244 .... 2591 packets received, 7096 bps, 88.70%, Err 60 (1.0e-005)
750.361 .... 2599 packets received, 7098 bps, 88.72%, Err 60 (1.0e-005)
752.465 .... 2607 packets received, 7100 bps, 88.75%, Err 60 (1.0e-005)
754.617 .... 2615 packets received, 7101 bps, 88.77%, Err 60 (1.0e-005)
756.677 .... 2623 packets received, 7104 bps, 88.80%, Err 61 (1.0e-005)
758.793 .... 2631 packets received, 7105 bps, 88.82%, Err 61 (1.0e-005)
760.926 .... 2639 packets received, 7107 bps, 88.84%, Err 61 (1.0e-005)
763.293 .... 2642 packets received, 7093 bps, 88.66%, Err 62 (1.0e-005)
765.396 .... 2650 packets received, 7095 bps, 88.69%, Err 62 (1.0e-005)
767.543 .... 2658 packets received, 7097 bps, 88.71%, Err 62 (1.0e-005)
769.892 .... 2661 packets received, 7083 bps, 88.54%, Err 63 (1.0e-005)
772.012 .... 2669 packets received, 7085 bps, 88.56%, Err 63 (1.0e-005)
774.117 .... 2677 packets received, 7087 bps, 88.58%, Err 63 (1.0e-005)
776.218 .... 2685 packets received, 7088 bps, 88.61%, Err 63 (1.0e-005)
778.347 .... 2693 packets received, 7090 bps, 88.63%, Err 63 (1.0e-005)
780.481 .... 2701 packets received, 7092 bps, 88.65%, Err 63 (1.0e-005)
782.571 .... 2709 packets received, 7094 bps, 88.67%, Err 63 (1.0e-005)
784.693 .... 2717 packets received, 7095 bps, 88.69%, Err 63 (1.0e-005)
786.809 .... 2725 packets received, 7097 bps, 88.71%, Err 63 (1.0e-005)
788.895 .... 2733 packets received, 7099 bps, 88.74%, Err 63 (1.0e-005)
791.011 .... 2741 packets received, 7101 bps, 88.76%, Err 63 (1.0e-005)
793.131 .... 2749 packets received, 7103 bps, 88.78%, Err 63 (1.0e-005)
795.231 .... 2757 packets received, 7104 bps, 88.80%, Err 63 (1.0e-005)
797.351 .... 2765 packets received, 7106 bps, 88.83%, Err 63 (9.9e-006)
799.470 .... 2773 packets received, 7108 bps, 88.85%, Err 63 (9.9e-006)
801.852 .... 2777 packets received, 7097 bps, 88.71%, Err 64 (1.0e-005)
803.986 .... 2784 packets received, 7096 bps, 88.70%, Err 64 (1.0e-005)
806.075 .... 2792 packets received, 7098 bps, 88.72%, Err 64 (1.0e-005)
808.216 .... 2800 packets received, 7099 bps, 88.74%, Err 64 (1.0e-005)
810.304 .... 2808 packets received, 7101 bps, 88.76%, Err 64 (9.9e-006)
812.408 .... 2816 packets received, 7103 bps, 88.79%, Err 64 (9.9e-006)
814.542 .... 2824 packets received, 7104 bps, 88.81%, Err 64 (9.9e-006)
816.647 .... 2832 packets received, 7106 bps, 88.83%, Err 64 (9.9e-006)
818.857 .... 2839 packets received, 7104 bps, 88.81%, Err 64 (9.8e-006)
820.926 .... 2847 packets received, 7107 bps, 88.83%, Err 64 (9.8e-006)
823.077 .... 2850 packets received, 7095 bps, 88.69%, Err 65 (9.9e-006)
825.198 .... 2858 packets received, 7097 bps, 88.71%, Err 66 (1.0e-005)
827.289 .... 2861 packets received, 7087 bps, 88.58%, Err 66 (1.0e-005)
829.437 .... 2865 packets received, 7078 bps, 88.48%, Err 67 (1.0e-005)
831.573 .... 2873 packets received, 7080 bps, 88.49%, Err 67 (1.0e-005)
833.678 .... 2881 packets received, 7081 bps, 88.52%, Err 67 (1.0e-005)
835.811 .... 2889 packets received, 7083 bps, 88.54%, Err 67 (1.0e-005)
837.944 .... 2897 packets received, 7084 bps, 88.56%, Err 67 (1.0e-005)
840.001 .... 2904 packets received, 7084 bps, 88.55%, Err 67 (1.0e-005)
842.135 .... 2912 packets received, 7086 bps, 88.57%, Err 67 (1.0e-005)
844.240 .... 2920 packets received, 7087 bps, 88.59%, Err 67 (1.0e-005)
847.392 .... 2928 packets received, 7080 bps, 88.50%, Err 68 (1.0e-005)
849.543 .... 2936 packets received, 7082 bps, 88.52%, Err 68 (1.0e-005)
851.648 .... 2944 packets received, 7083 bps, 88.54%, Err 68 (1.0e-005)
853.769 .... 2952 packets received, 7085 bps, 88.56%, Err 68 (1.0e-005)
855.932 .... 2959 packets received, 7084 bps, 88.55%, Err 68 (1.0e-005)
858.036 .... 2967 packets received, 7086 bps, 88.57%, Err 68 (1.0e-005)
860.140 .... 2975 packets received, 7087 bps, 88.59%, Err 68 (1.0e-005)
862.258 .... 2983 packets received, 7089 bps, 88.61%, Err 68 (9.9e-006)
865.164 .... 2990 packets received, 7082 bps, 88.52%, Err 70 (1.0e-005)
867.286 .... 2998 packets received, 7083 bps, 88.54%, Err 70 (1.0e-005)
869.397 .... 3006 packets received, 7085 bps, 88.56%, Err 70 (1.0e-005)
871.530 .... 3014 packets received, 7086 bps, 88.58%, Err 70 (1.0e-005)
873.882 .... 3019 packets received, 7079 bps, 88.49%, Err 71 (1.0e-005)
876.018 .... 3027 packets received, 7080 bps, 88.51%, Err 71 (1.0e-005)
878.137 .... 3035 packets received, 7082 bps, 88.52%, Err 71 (1.0e-005)
880.276 .... 3043 packets received, 7083 bps, 88.54%, Err 71 (1.0e-005)
882.380 .... 3051 packets received, 7085 bps, 88.56%, Err 71 (1.0e-005)
884.499 .... 3059 packets received, 7087 bps, 88.58%, Err 71 (1.0e-005)
886.601 .... 3067 packets received, 7088 bps, 88.60%, Err 71 (1.0e-005)
888.719 .... 3075 packets received, 7090 bps, 88.62%, Err 71 (1.0e-005)
891.085 .... 3080 packets received, 7083 bps, 88.53%, Err 72 (1.0e-005)
893.237 .... 3084 packets received, 7075 bps, 88.43%, Err 73 (1.0e-005)
896.792 .... 3091 packets received, 7063 bps, 88.28%, Err 74 (1.0e-005)
898.909 .... 3099 packets received, 7064 bps, 88.30%, Err 74 (1.0e-005)
901.015 .... 3107 packets received, 7066 bps, 88.32%, Err 74 (1.0e-005)
904.510 .... 3112 packets received, 7050 bps, 88.12%, Err 75 (1.0e-005)
906.630 .... 3120 packets received, 7051 bps, 88.14%, Err 75 (1.0e-005)
908.718 .... 3128 packets received, 7053 bps, 88.17%, Err 75 (1.0e-005)
910.821 .... 3136 packets received, 7055 bps, 88.19%, Err 75 (1.0e-005)
912.954 .... 3144 packets received, 7056 bps, 88.21%, Err 75 (1.0e-005)
915.058 .... 3152 packets received, 7058 bps, 88.23%, Err 75 (1.0e-005)
917.161 .... 3160 packets received, 7060 bps, 88.25%, Err 75 (1.0e-005)
919.309 .... 3168 packets received, 7061 bps, 88.26%, Err 75 (1.0e-005)
921.381 .... 3176 packets received, 7063 bps, 88.29%, Err 75 (1.0e-005)
923.530 .... 3184 packets received, 7064 bps, 88.30%, Err 75 (1.0e-005)
925.615 .... 3192 packets received, 7066 bps, 88.33%, Err 75 (1.0e-005)
927.746 .... 3200 packets received, 7068 bps, 88.34%, Err 75 (1.0e-005)
929.872 .... 3208 packets received, 7069 bps, 88.36%, Err 75 (1.0e-005)
931.963 .... 3216 packets received, 7071 bps, 88.38%, Err 75 (1.0e-005)
934.068 .... 3224 packets received, 7072 bps, 88.40%, Err 75 (1.0e-005)
936.186 .... 3232 packets received, 7074 bps, 88.42%, Err 75 (1.0e-005)
938.304 .... 3240 packets received, 7075 bps, 88.44%, Err 75 (1.0e-005)
940.408 .... 3248 packets received, 7077 bps, 88.46%, Err 75 (1.0e-005)
942.527 .... 3256 packets received, 7078 bps, 88.48%, Err 75 (1.0e-005)
944.627 .... 3264 packets received, 7080 bps, 88.50%, Err 75 (1.0e-005)
946.746 .... 3272 packets received, 7081 bps, 88.52%, Err 75 (1.0e-005)
948.879 .... 3280 packets received, 7083 bps, 88.54%, Err 75 (1.0e-005)
950.980 .... 3288 packets received, 7084 bps, 88.55%, Err 75 (9.9e-006)
953.082 .... 3296 packets received, 7086 bps, 88.57%, Err 75 (9.9e-006)
955.199 .... 3304 packets received, 7087 bps, 88.59%, Err 75 (9.9e-006)
957.301 .... 3312 packets received, 7089 bps, 88.61%, Err 75 (9.9e-006)
959.436 .... 3320 packets received, 7090 bps, 88.63%, Err 75 (9.8e-006)
961.523 .... 3328 packets received, 7092 bps, 88.65%, Err 75 (9.8e-006)
963.644 .... 3336 packets received, 7093 bps, 88.67%, Err 76 (9.9e-006)
965.762 .... 3340 packets received, 7086 bps, 88.58%, Err 76 (9.9e-006)
967.864 .... 3348 packets received, 7088 bps, 88.60%, Err 76 (9.9e-006)
970.495 .... 3352 packets received, 7077 bps, 88.46%, Err 77 (1.0e-005)
972.613 .... 3360 packets received, 7078 bps, 88.48%, Err 77 (1.0e-005)
975.812 .... 3366 packets received, 7068 bps, 88.35%, Err 78 (1.0e-005)
977.898 .... 3374 packets received, 7069 bps, 88.37%, Err 78 (1.0e-005)
980.033 .... 3382 packets received, 7071 bps, 88.38%, Err 78 (1.0e-005)
982.135 .... 3390 packets received, 7072 bps, 88.40%, Err 78 (1.0e-005)
984.241 .... 3398 packets received, 7074 bps, 88.42%, Err 78 (1.0e-005)
986.357 .... 3406 packets received, 7075 bps, 88.44%, Err 78 (1.0e-005)
988.443 .... 3414 packets received, 7077 bps, 88.46%, Err 78 (9.9e-006)
991.087 .... 3418 packets received, 7066 bps, 88.33%, Err 79 (1.0e-005)
993.211 .... 3426 packets received, 7068 bps, 88.35%, Err 79 (1.0e-005)
995.330 .... 3434 packets received, 7069 bps, 88.36%, Err 79 (1.0e-005)
997.448 .... 3442 packets received, 7071 bps, 88.38%, Err 79 (1.0e-005)
999.553 .... 3450 packets received, 7072 bps, 88.40%, Err 79 (1.0e-005)
1001.671 .... 3458 packets received, 7073 bps, 88.42%, Err 79 (9.9e-006)
1004.548 .... 3465 packets received, 7067 bps, 88.34%, Err 80 (1.0e-005)
1006.682 .... 3468 packets received, 7059 bps, 88.23%, Err 81 (1.0e-005)
1008.848 .... 3476 packets received, 7060 bps, 88.25%, Err 81 (1.0e-005)
1010.935 .... 3484 packets received, 7061 bps, 88.27%, Err 81 (1.0e-005)
1013.038 .... 3492 packets received, 7063 bps, 88.29%, Err 81 (1.0e-005)
1015.142 .... 3500 packets received, 7064 bps, 88.30%, Err 81 (1.0e-005)
1017.272 .... 3508 packets received, 7066 bps, 88.32%, Err 81 (1.0e-005)
1020.178 .... 3514 packets received, 7058 bps, 88.22%, Err 82 (1.0e-005)
1022.342 .... 3522 packets received, 7059 bps, 88.23%, Err 82 (1.0e-005)
1025.758 .... 3530 packets received, 7051 bps, 88.14%, Err 83 (1.0e-005)
1027.871 .... 3533 packets received, 7043 bps, 88.03%, Err 84 (1.0e-005)
1030.038 .... 3541 packets received, 7044 bps, 88.05%, Err 84 (1.0e-005)
1032.172 .... 3544 packets received, 7035 bps, 87.94%, Err 85 (1.0e-005)
1034.309 .... 3551 packets received, 7034 bps, 87.93%, Err 85 (1.0e-005)
1036.445 .... 3559 packets received, 7036 bps, 87.95%, Err 85 (1.0e-005)
1038.561 .... 3567 packets received, 7037 bps, 87.96%, Err 85 (1.0e-005)
1040.666 .... 3575 packets received, 7039 bps, 87.98%, Err 85 (1.0e-005)
1042.831 .... 3583 packets received, 7040 bps, 88.00%, Err 85 (1.0e-005)
1044.917 .... 3591 packets received, 7041 bps, 88.02%, Err 85 (1.0e-005)
1047.034 .... 3599 packets received, 7043 bps, 88.03%, Err 85 (1.0e-005)
1049.651 .... 3605 packets received, 7037 bps, 87.96%, Err 86 (1.0e-005)
1051.819 .... 3608 packets received, 7028 bps, 87.85%, Err 88 (1.1e-005)
1055.273 .... 3616 packets received, 7021 bps, 87.76%, Err 89 (1.1e-005)
1057.409 .... 3624 packets received, 7022 bps, 87.78%, Err 89 (1.1e-005)
1059.514 .... 3632 packets received, 7024 bps, 87.79%, Err 89 (1.1e-005)
1061.648 .... 3640 packets received, 7025 bps, 87.81%, Err 89 (1.1e-005)
1064.248 .... 3642 packets received, 7012 bps, 87.64%, Err 90 (1.1e-005)
1066.401 .... 3646 packets received, 7005 bps, 87.56%, Err 91 (1.1e-005)
1068.535 .... 3654 packets received, 7006 bps, 87.58%, Err 91 (1.1e-005)
1070.654 .... 3662 packets received, 7008 bps, 87.60%, Err 91 (1.1e-005)
1072.788 .... 3670 packets received, 7009 bps, 87.62%, Err 91 (1.1e-005)
1074.922 .... 3678 packets received, 7011 bps, 87.63%, Err 91 (1.1e-005)
1076.995 .... 3686 packets received, 7012 bps, 87.65%, Err 91 (1.1e-005)
1079.118 .... 3694 packets received, 7014 bps, 87.67%, Err 91 (1.1e-005)
1081.254 .... 3702 packets received, 7015 bps, 87.69%, Err 91 (1.1e-005)
1083.342 .... 3710 packets received, 7017 bps, 87.71%, Err 91 (1.1e-005)
1085.476 .... 3718 packets received, 7018 bps, 87.72%, Err 91 (1.1e-005)
1087.612 .... 3726 packets received, 7019 bps, 87.74%, Err 91 (1.1e-005)
1089.716 .... 3734 packets received, 7021 bps, 87.76%, Err 91 (1.1e-005)
1091.818 .... 3742 packets received, 7022 bps, 87.78%, Err 91 (1.0e-005)
1093.922 .... 3750 packets received, 7024 bps, 87.79%, Err 91 (1.0e-005)
1096.070 .... 3758 packets received, 7025 bps, 87.81%, Err 91 (1.0e-005)
1098.157 .... 3766 packets received, 7026 bps, 87.83%, Err 91 (1.0e-005)
1100.276 .... 3774 packets received, 7028 bps, 87.85%, Err 91 (1.0e-005)
1102.394 .... 3782 packets received, 7029 bps, 87.86%, Err 92 (1.1e-005)
1104.482 .... 3790 packets received, 7031 bps, 87.88%, Err 92 (1.0e-005)
1106.617 .... 3798 packets received, 7032 bps, 87.90%, Err 92 (1.0e-005)
1108.734 .... 3806 packets received, 7033 bps, 87.92%, Err 92 (1.0e-005)
1110.835 .... 3814 packets received, 7035 bps, 87.93%, Err 92 (1.0e-005)
1112.971 .... 3822 packets received, 7036 bps, 87.95%, Err 92 (1.0e-005)
1115.059 .... 3830 packets received, 7037 bps, 87.97%, Err 92 (1.0e-005)
1117.192 .... 3838 packets received, 7039 bps, 87.98%, Err 92 (1.0e-005)
1119.267 .... 3846 packets received, 7040 bps, 88.00%, Err 92 (1.0e-005)
1121.400 .... 3854 packets received, 7041 bps, 88.02%, Err 92 (1.0e-005)
1123.518 .... 3862 packets received, 7043 bps, 88.03%, Err 92 (1.0e-005)
1125.622 .... 3870 packets received, 7044 bps, 88.05%, Err 92 (1.0e-005)
1127.741 .... 3878 packets received, 7045 bps, 88.07%, Err 93 (1.0e-005)
1129.844 .... 3886 packets received, 7047 bps, 88.09%, Err 93 (1.0e-005)
1131.965 .... 3894 packets received, 7048 bps, 88.10%, Err 93 (1.0e-005)
1134.090 .... 3902 packets received, 7049 bps, 88.12%, Err 93 (1.0e-005)
1136.176 .... 3910 packets received, 7051 bps, 88.14%, Err 93 (1.0e-005)
1138.541 .... 3913 packets received, 7042 bps, 88.02%, Err 94 (1.0e-005)
1140.676 .... 3921 packets received, 7043 bps, 88.03%, Err 94 (1.0e-005)
1142.810 .... 3929 packets received, 7044 bps, 88.05%, Err 94 (1.0e-005)
1145.162 .... 3934 packets received, 7038 bps, 87.98%, Err 95 (1.0e-005)
1147.283 .... 3942 packets received, 7040 bps, 88.00%, Err 95 (1.0e-005)
1149.382 .... 3950 packets received, 7041 bps, 88.01%, Err 95 (1.0e-005)
1151.502 .... 3958 packets received, 7042 bps, 88.03%, Err 95 (1.0e-005)
1153.621 .... 3966 packets received, 7044 bps, 88.04%, Err 95 (1.0e-005)
1155.724 .... 3974 packets received, 7045 bps, 88.06%, Err 95 (1.0e-005)
1158.893 .... 3980 packets received, 7036 bps, 87.95%, Err 96 (1.0e-005)
1162.059 .... 3986 packets received, 7028 bps, 87.85%, Err 97 (1.1e-005)
1164.178 .... 3994 packets received, 7029 bps, 87.86%, Err 97 (1.0e-005)
1166.296 .... 4002 packets received, 7030 bps, 87.88%, Err 97 (1.0e-005)
1168.422 .... 4006 packets received, 7024 bps, 87.81%, Err 98 (1.1e-005)
1170.508 .... 4014 packets received, 7026 bps, 87.82%, Err 98 (1.1e-005)
1172.608 .... 4022 packets received, 7027 bps, 87.84%, Err 98 (1.1e-005)
1174.742 .... 4030 packets received, 7029 bps, 87.86%, Err 98 (1.0e-005)
1176.846 .... 4038 packets received, 7030 bps, 87.87%, Err 98 (1.0e-005)
1178.978 .... 4046 packets received, 7031 bps, 87.89%, Err 98 (1.0e-005)
1181.065 .... 4054 packets received, 7033 bps, 87.91%, Err 98 (1.0e-005)
1183.165 .... 4062 packets received, 7034 bps, 87.92%, Err 98 (1.0e-005)
1185.284 .... 4070 packets received, 7035 bps, 87.94%, Err 98 (1.0e-005)
1187.402 .... 4078 packets received, 7036 bps, 87.95%, Err 98 (1.0e-005)
1189.520 .... 4086 packets received, 7038 bps, 87.97%, Err 98 (1.0e-005)
1191.655 .... 4094 packets received, 7039 bps, 87.98%, Err 98 (1.0e-005)
1193.732 .... 4102 packets received, 7040 bps, 88.00%, Err 98 (1.0e-005)
1195.851 .... 4110 packets received, 7041 bps, 88.02%, Err 98 (1.0e-005)
1197.988 .... 4118 packets received, 7043 bps, 88.03%, Err 98 (1.0e-005)
1200.062 .... 4126 packets received, 7044 bps, 88.05%, Err 98 (1.0e-005)
1202.198 .... 4134 packets received, 7045 bps, 88.06%, Err 98 (1.0e-005)
1204.300 .... 4138 packets received, 7040 bps, 88.00%, Err 99 (1.0e-005)
1206.436 .... 4146 packets received, 7041 bps, 88.01%, Err 99 (1.0e-005)
1208.557 .... 4154 packets received, 7042 bps, 88.03%, Err 99 (1.0e-005)
1210.645 .... 4162 packets received, 7043 bps, 88.04%, Err 99 (1.0e-005)
1212.780 .... 4170 packets received, 7044 bps, 88.06%, Err 99 (1.0e-005)
1214.870 .... 4178 packets received, 7046 bps, 88.07%, Err 99 (1.0e-005)
1216.975 .... 4186 packets received, 7047 bps, 88.09%, Err 99 (1.0e-005)
1219.108 .... 4194 packets received, 7048 bps, 88.10%, Err 100 (1.0e-005)
1221.214 .... 4198 packets received, 7043 bps, 88.04%, Err 100 (1.0e-005)
1223.349 .... 4206 packets received, 7044 bps, 88.05%, Err 100 (1.0e-005)
1225.464 .... 4214 packets received, 7045 bps, 88.06%, Err 100 (1.0e-005)
1227.569 .... 4222 packets received, 7046 bps, 88.08%, Err 100 (1.0e-005)
1229.685 .... 4230 packets received, 7048 bps, 88.09%, Err 100 (1.0e-005)
1231.803 .... 4238 packets received, 7049 bps, 88.11%, Err 100 (1.0e-005)
1233.921 .... 4246 packets received, 7050 bps, 88.12%, Err 100 (1.0e-005)
1236.025 .... 4254 packets received, 7051 bps, 88.14%, Err 100 (1.0e-005)
1238.142 .... 4262 packets received, 7052 bps, 88.15%, Err 100 (1.0e-005)
1240.257 .... 4270 packets received, 7054 bps, 88.17%, Err 100 (1.0e-005)
1242.363 .... 4278 packets received, 7055 bps, 88.18%, Err 100 (1.0e-005)
1244.467 .... 4286 packets received, 7056 bps, 88.20%, Err 100 (1.0e-005)
1246.583 .... 4294 packets received, 7057 bps, 88.22%, Err 100 (1.0e-005)
1248.699 .... 4302 packets received, 7058 bps, 88.23%, Err 100 (1.0e-005)
1250.821 .... 4310 packets received, 7059 bps, 88.24%, Err 100 (1.0e-005)
1252.936 .... 4318 packets received, 7061 bps, 88.26%, Err 100 (1.0e-005)
1255.041 .... 4326 packets received, 7062 bps, 88.27%, Err 100 (1.0e-005)
1257.161 .... 4334 packets received, 7063 bps, 88.29%, Err 100 (1.0e-005)
1259.298 .... 4342 packets received, 7064 bps, 88.30%, Err 100 (1.0e-005)
1261.401 .... 4350 packets received, 7065 bps, 88.32%, Err 100 (1.0e-005)
1263.502 .... 4358 packets received, 7066 bps, 88.33%, Err 100 (1.0e-005)
1265.622 .... 4366 packets received, 7068 bps, 88.34%, Err 100 (9.9e-006)
1267.756 .... 4374 packets received, 7069 bps, 88.36%, Err 100 (9.9e-006)
1269.845 .... 4382 packets received, 7070 bps, 88.37%, Err 100 (9.9e-006)
1271.950 .... 4390 packets received, 7071 bps, 88.39%, Err 100 (9.9e-006)
1275.151 .... 4398 packets received, 7066 bps, 88.33%, Err 101 (1.0e-005)
1277.253 .... 4406 packets received, 7067 bps, 88.34%, Err 101 (9.9e-006)
1279.368 .... 4414 packets received, 7068 bps, 88.36%, Err 102 (1.0e-005)
1281.504 .... 4422 packets received, 7069 bps, 88.37%, Err 102 (1.0e-005)
1284.430 .... 4429 packets received, 7065 bps, 88.31%, Err 103 (1.0e-005)
1286.531 .... 4437 packets received, 7066 bps, 88.32%, Err 103 (1.0e-005)
1288.623 .... 4445 packets received, 7067 bps, 88.34%, Err 103 (1.0e-005)
1290.757 .... 4453 packets received, 7068 bps, 88.35%, Err 103 (1.0e-005)
1292.846 .... 4461 packets received, 7069 bps, 88.37%, Err 103 (1.0e-005)
1294.981 .... 4469 packets received, 7070 bps, 88.38%, Err 103 (1.0e-005)
1299.885 .... 4472 packets received, 7048 bps, 88.10%, Err 105 (1.0e-005)
1302.034 .... 4480 packets received, 7049 bps, 88.12%, Err 105 (1.0e-005)
1304.136 .... 4488 packets received, 7050 bps, 88.13%, Err 105 (1.0e-005)
1306.267 .... 4496 packets received, 7051 bps, 88.14%, Err 105 (1.0e-005)
1308.370 .... 4504 packets received, 7053 bps, 88.16%, Err 105 (1.0e-005)
1310.490 .... 4512 packets received, 7054 bps, 88.17%, Err 105 (1.0e-005)
1312.576 .... 4516 packets received, 7049 bps, 88.11%, Err 106 (1.0e-005)
1314.752 .... 4524 packets received, 7050 bps, 88.12%, Err 106 (1.0e-005)
1316.844 .... 4532 packets received, 7051 bps, 88.14%, Err 106 (1.0e-005)
1318.928 .... 4540 packets received, 7052 bps, 88.15%, Err 106 (1.0e-005)
1321.066 .... 4548 packets received, 7053 bps, 88.16%, Err 106 (1.0e-005)
1323.170 .... 4556 packets received, 7054 bps, 88.18%, Err 106 (1.0e-005)
1325.268 .... 4564 packets received, 7055 bps, 88.19%, Err 106 (1.0e-005)
1327.381 .... 4572 packets received, 7057 bps, 88.21%, Err 106 (1.0e-005)
1329.481 .... 4580 packets received, 7058 bps, 88.22%, Err 106 (1.0e-005)
1331.609 .... 4584 packets received, 7053 bps, 88.16%, Err 107 (1.0e-005)
1333.707 .... 4592 packets received, 7054 bps, 88.17%, Err 107 (1.0e-005)
1335.836 .... 4600 packets received, 7055 bps, 88.19%, Err 107 (1.0e-005)
1337.945 .... 4608 packets received, 7056 bps, 88.20%, Err 107 (1.0e-005)
1340.058 .... 4616 packets received, 7057 bps, 88.21%, Err 107 (1.0e-005)
1342.168 .... 4624 packets received, 7058 bps, 88.23%, Err 107 (1.0e-005)
1344.284 .... 4632 packets received, 7059 bps, 88.24%, Err 107 (1.0e-005)
1346.382 .... 4640 packets received, 7060 bps, 88.26%, Err 107 (1.0e-005)
1348.503 .... 4648 packets received, 7061 bps, 88.27%, Err 107 (1.0e-005)
1351.429 .... 4653 packets received, 7054 bps, 88.17%, Err 108 (1.0e-005)
1353.525 .... 4661 packets received, 7055 bps, 88.19%, Err 108 (1.0e-005)
1355.644 .... 4669 packets received, 7056 bps, 88.20%, Err 108 (1.0e-005)
1357.744 .... 4677 packets received, 7057 bps, 88.21%, Err 108 (1.0e-005)
1360.898 .... 4685 packets received, 7053 bps, 88.16%, Err 109 (1.0e-005)
1363.025 .... 4693 packets received, 7054 bps, 88.17%, Err 109 (1.0e-005)
1365.137 .... 4701 packets received, 7055 bps, 88.19%, Err 109 (1.0e-005)
1367.267 .... 4709 packets received, 7056 bps, 88.20%, Err 109 (1.0e-005)
1369.347 .... 4717 packets received, 7057 bps, 88.21%, Err 109 (1.0e-005)
1371.475 .... 4725 packets received, 7058 bps, 88.23%, Err 109 (1.0e-005)
1373.586 .... 4733 packets received, 7059 bps, 88.24%, Err 109 (1.0e-005)
1375.706 .... 4737 packets received, 7054 bps, 88.18%, Err 110 (1.0e-005)
1377.808 .... 4745 packets received, 7055 bps, 88.19%, Err 110 (1.0e-005)
1379.917 .... 4753 packets received, 7057 bps, 88.21%, Err 110 (1.0e-005)
1382.030 .... 4761 packets received, 7058 bps, 88.22%, Err 110 (1.0e-005)
1384.173 .... 4769 packets received, 7059 bps, 88.23%, Err 110 (1.0e-005)
1386.266 .... 4777 packets received, 7060 bps, 88.25%, Err 110 (1.0e-005)
1388.360 .... 4785 packets received, 7061 bps, 88.26%, Err 110 (1.0e-005)
1390.501 .... 4793 packets received, 7062 bps, 88.27%, Err 110 (1.0e-005)
1392.582 .... 4801 packets received, 7063 bps, 88.29%, Err 110 (9.9e-006)
1394.723 .... 4809 packets received, 7064 bps, 88.30%, Err 110 (9.9e-006)
1396.806 .... 4817 packets received, 7065 bps, 88.31%, Err 110 (9.9e-006)
1398.919 .... 4825 packets received, 7066 bps, 88.33%, Err 110 (9.9e-006)
1401.047 .... 4833 packets received, 7067 bps, 88.34%, Err 110 (9.9e-006)
1403.685 .... 4838 packets received, 7061 bps, 88.26%, Err 111 (9.9e-006)
1405.843 .... 4846 packets received, 7062 bps, 88.27%, Err 111 (9.9e-006)
1410.040 .... 4854 packets received, 7052 bps, 88.16%, Err 112 (1.0e-005)
1412.181 .... 4862 packets received, 7053 bps, 88.17%, Err 112 (1.0e-005)
1415.065 .... 4868 packets received, 7048 bps, 88.10%, Err 113 (1.0e-005)
1417.207 .... 4876 packets received, 7049 bps, 88.11%, Err 113 (1.0e-005)
1419.318 .... 4884 packets received, 7050 bps, 88.12%, Err 113 (1.0e-005)
1421.738 .... 4892 packets received, 7049 bps, 88.11%, Err 113 (1.0e-005)
1423.863 .... 4900 packets received, 7050 bps, 88.13%, Err 113 (1.0e-005)
1425.992 .... 4908 packets received, 7051 bps, 88.14%, Err 114 (1.0e-005)
1428.027 .... 4911 packets received, 7045 bps, 88.07%, Err 114 (1.0e-005)
1430.153 .... 4919 packets received, 7046 bps, 88.08%, Err 114 (1.0e-005)
1432.261 .... 4927 packets received, 7047 bps, 88.09%, Err 114 (1.0e-005)
1434.419 .... 4935 packets received, 7048 bps, 88.10%, Err 114 (1.0e-005)
1436.576 .... 4942 packets received, 7048 bps, 88.10%, Err 114 (1.0e-005)
1438.732 .... 4950 packets received, 7048 bps, 88.11%, Err 114 (1.0e-005)
1440.830 .... 4958 packets received, 7050 bps, 88.12%, Err 114 (1.0e-005)
1442.939 .... 4966 packets received, 7051 bps, 88.13%, Err 114 (9.9e-006)
1445.038 .... 4974 packets received, 7052 bps, 88.15%, Err 114 (9.9e-006)
1449.088 .... 4977 packets received, 7036 bps, 87.95%, Err 116 (1.0e-005)
1451.216 .... 4985 packets received, 7037 bps, 87.97%, Err 116 (1.0e-005)
1453.342 .... 4993 packets received, 7038 bps, 87.98%, Err 116 (1.0e-005)
1455.456 .... 5001 packets received, 7039 bps, 87.99%, Err 116 (1.0e-005)
1457.567 .... 5009 packets received, 7040 bps, 88.00%, Err 116 (1.0e-005)
1459.724 .... 5016 packets received, 7040 bps, 88.00%, Err 116 (1.0e-005)
1461.821 .... 5024 packets received, 7041 bps, 88.01%, Err 116 (1.0e-005)
1463.963 .... 5032 packets received, 7042 bps, 88.02%, Err 116 (1.0e-005)
1466.060 .... 5040 packets received, 7043 bps, 88.04%, Err 116 (1.0e-005)
1468.203 .... 5048 packets received, 7044 bps, 88.05%, Err 116 (9.9e-006)
1470.301 .... 5056 packets received, 7045 bps, 88.06%, Err 116 (9.9e-006)
1472.414 .... 5064 packets received, 7046 bps, 88.07%, Err 116 (9.9e-006)
1474.555 .... 5072 packets received, 7047 bps, 88.08%, Err 116 (9.9e-006)
1477.683 .... 5080 packets received, 7043 bps, 88.04%, Err 117 (1.0e-005)
1479.824 .... 5088 packets received, 7044 bps, 88.05%, Err 117 (1.0e-005)
1481.919 .... 5096 packets received, 7045 bps, 88.06%, Err 117 (9.9e-006)
1485.356 .... 5104 packets received, 7040 bps, 87.99%, Err 118 (1.0e-005)
1487.511 .... 5112 packets received, 7040 bps, 88.00%, Err 118 (1.0e-005)
1489.607 .... 5120 packets received, 7041 bps, 88.02%, Err 118 (1.0e-005)
1491.752 .... 5128 packets received, 7042 bps, 88.03%, Err 118 (1.0e-005)
1493.894 .... 5136 packets received, 7043 bps, 88.04%, Err 118 (9.9e-006)
1496.005 .... 5144 packets received, 7044 bps, 88.05%, Err 119 (1.0e-005)
1498.118 .... 5152 packets received, 7045 bps, 88.07%, Err 119 (1.0e-005)
1500.239 .... 5160 packets received, 7046 bps, 88.08%, Err 119 (1.0e-005)
1502.370 .... 5168 packets received, 7047 bps, 88.09%, Err 120 (1.0e-005)
1504.482 .... 5170 packets received, 7040 bps, 88.00%, Err 122 (1.0e-005)
1506.593 .... 5173 packets received, 7034 bps, 87.93%, Err 122 (1.0e-005)
1509.243 .... 5177 packets received, 7027 bps, 87.84%, Err 123 (1.0e-005)
1511.323 .... 5185 packets received, 7028 bps, 87.85%, Err 123 (1.0e-005)
1514.531 .... 5193 packets received, 7024 bps, 87.80%, Err 124 (1.0e-005)
1516.627 .... 5201 packets received, 7025 bps, 87.82%, Err 124 (1.0e-005)
1518.737 .... 5209 packets received, 7026 bps, 87.83%, Err 124 (1.0e-005)
1520.847 .... 5217 packets received, 7027 bps, 87.84%, Err 124 (1.0e-005)
1522.959 .... 5225 packets received, 7028 bps, 87.86%, Err 124 (1.0e-005)
1525.071 .... 5233 packets received, 7029 bps, 87.87%, Err 124 (1.0e-005)
1527.167 .... 5241 packets received, 7031 bps, 87.88%, Err 124 (1.0e-005)
1529.293 .... 5249 packets received, 7031 bps, 87.89%, Err 124 (1.0e-005)
1531.390 .... 5257 packets received, 7033 bps, 87.91%, Err 124 (1.0e-005)
1533.535 .... 5265 packets received, 7033 bps, 87.92%, Err 124 (1.0e-005)
1535.633 .... 5273 packets received, 7034 bps, 87.93%, Err 124 (1.0e-005)
1537.760 .... 5281 packets received, 7035 bps, 87.94%, Err 124 (1.0e-005)
1539.852 .... 5289 packets received, 7036 bps, 87.96%, Err 124 (1.0e-005)
1541.950 .... 5293 packets received, 7032 bps, 87.90%, Err 125 (1.0e-005)
1544.078 .... 5301 packets received, 7033 bps, 87.91%, Err 125 (1.0e-005)
1546.209 .... 5309 packets received, 7034 bps, 87.93%, Err 125 (1.0e-005)
1548.307 .... 5317 packets received, 7035 bps, 87.94%, Err 125 (1.0e-005)
1550.424 .... 5325 packets received, 7036 bps, 87.95%, Err 125 (1.0e-005)
1552.525 .... 5333 packets received, 7037 bps, 87.96%, Err 125 (1.0e-005)
1554.633 .... 5337 packets received, 7033 bps, 87.91%, Err 126 (1.0e-005)
1556.758 .... 5345 packets received, 7034 bps, 87.92%, Err 126 (1.0e-005)
1558.857 .... 5353 packets received, 7035 bps, 87.93%, Err 127 (1.0e-005)
1560.952 .... 5357 packets received, 7031 bps, 87.88%, Err 127 (1.0e-005)
1563.110 .... 5365 packets received, 7031 bps, 87.89%, Err 128 (1.0e-005)
1565.194 .... 5373 packets received, 7032 bps, 87.91%, Err 128 (1.0e-005)
1567.311 .... 5381 packets received, 7033 bps, 87.92%, Err 128 (1.0e-005)
1569.415 .... 5389 packets received, 7034 bps, 87.93%, Err 128 (1.0e-005)
1571.557 .... 5397 packets received, 7035 bps, 87.94%, Err 128 (1.0e-005)
1573.645 .... 5405 packets received, 7036 bps, 87.95%, Err 128 (1.0e-005)
1575.763 .... 5413 packets received, 7037 bps, 87.97%, Err 128 (1.0e-005)
1577.850 .... 5421 packets received, 7038 bps, 87.98%, Err 128 (1.0e-005)
1579.984 .... 5429 packets received, 7039 bps, 87.99%, Err 128 (1.0e-005)
1582.086 .... 5437 packets received, 7040 bps, 88.00%, Err 128 (1.0e-005)
1584.252 .... 5445 packets received, 7041 bps, 88.01%, Err 128 (1.0e-005)
1586.339 .... 5453 packets received, 7042 bps, 88.03%, Err 128 (1.0e-005)
1588.427 .... 5461 packets received, 7043 bps, 88.04%, Err 128 (1.0e-005)
1590.545 .... 5469 packets received, 7044 bps, 88.05%, Err 128 (1.0e-005)
1592.662 .... 5477 packets received, 7045 bps, 88.06%, Err 128 (1.0e-005)
1594.746 .... 5485 packets received, 7046 bps, 88.07%, Err 128 (1.0e-005)
1596.879 .... 5489 packets received, 7042 bps, 88.02%, Err 129 (1.0e-005)
1598.997 .... 5497 packets received, 7043 bps, 88.03%, Err 129 (1.0e-005)
1601.087 .... 5505 packets received, 7044 bps, 88.05%, Err 129 (1.0e-005)
1604.301 .... 5513 packets received, 7040 bps, 88.00%, Err 130 (1.0e-005)
1606.403 .... 5521 packets received, 7041 bps, 88.01%, Err 130 (1.0e-005)
1608.520 .... 5529 packets received, 7042 bps, 88.02%, Err 130 (1.0e-005)
1610.626 .... 5537 packets received, 7043 bps, 88.03%, Err 130 (1.0e-005)
1612.777 .... 5545 packets received, 7043 bps, 88.04%, Err 130 (1.0e-005)
1614.849 .... 5553 packets received, 7045 bps, 88.06%, Err 131 (1.0e-005)
1616.967 .... 5561 packets received, 7045 bps, 88.07%, Err 131 (1.0e-005)
1619.102 .... 5569 packets received, 7046 bps, 88.08%, Err 131 (1.0e-005)
1621.220 .... 5577 packets received, 7047 bps, 88.09%, Err 131 (1.0e-005)
1623.320 .... 5585 packets received, 7048 bps, 88.10%, Err 131 (1.0e-005)
1625.454 .... 5593 packets received, 7049 bps, 88.11%, Err 131 (1.0e-005)
1627.540 .... 5601 packets received, 7050 bps, 88.12%, Err 131 (1.0e-005)
1629.673 .... 5609 packets received, 7051 bps, 88.14%, Err 131 (1.0e-005)
1631.780 .... 5617 packets received, 7052 bps, 88.15%, Err 131 (1.0e-005)
1633.884 .... 5625 packets received, 7053 bps, 88.16%, Err 131 (1.0e-005)
1636.037 .... 5633 packets received, 7053 bps, 88.17%, Err 131 (1.0e-005)
1638.149 .... 5641 packets received, 7054 bps, 88.18%, Err 131 (1.0e-005)
1640.233 .... 5649 packets received, 7055 bps, 88.19%, Err 131 (1.0e-005)
1642.342 .... 5657 packets received, 7056 bps, 88.20%, Err 131 (1.0e-005)
1644.465 .... 5665 packets received, 7057 bps, 88.21%, Err 131 (1.0e-005)
1646.603 .... 5673 packets received, 7058 bps, 88.22%, Err 131 (1.0e-005)
1648.699 .... 5676 packets received, 7053 bps, 88.16%, Err 132 (1.0e-005)
1650.834 .... 5684 packets received, 7053 bps, 88.17%, Err 132 (1.0e-005)
1652.971 .... 5692 packets received, 7054 bps, 88.18%, Err 132 (1.0e-005)
1655.109 .... 5700 packets received, 7055 bps, 88.19%, Err 132 (1.0e-005)
1657.231 .... 5708 packets received, 7056 bps, 88.20%, Err 132 (1.0e-005)
1660.159 .... 5714 packets received, 7051 bps, 88.14%, Err 133 (1.0e-005)
1662.267 .... 5722 packets received, 7052 bps, 88.15%, Err 133 (1.0e-005)
1664.388 .... 5730 packets received, 7053 bps, 88.16%, Err 133 (1.0e-005)
1666.522 .... 5738 packets received, 7053 bps, 88.17%, Err 133 (1.0e-005)
1668.670 .... 5745 packets received, 7053 bps, 88.16%, Err 133 (1.0e-005)
1670.773 .... 5753 packets received, 7054 bps, 88.17%, Err 133 (1.0e-005)
1672.894 .... 5761 packets received, 7055 bps, 88.18%, Err 133 (1.0e-005)
1675.017 .... 5769 packets received, 7056 bps, 88.19%, Err 133 (1.0e-005)
1677.076 .... 5776 packets received, 7055 bps, 88.19%, Err 133 (1.0e-005)
1679.227 .... 5784 packets received, 7056 bps, 88.20%, Err 133 (1.0e-005)
1681.596 .... 5788 packets received, 7051 bps, 88.14%, Err 134 (1.0e-005)
1684.179 .... 5795 packets received, 7049 bps, 88.11%, Err 134 (1.0e-005)
1686.268 .... 5803 packets received, 7050 bps, 88.12%, Err 134 (1.0e-005)
1688.414 .... 5810 packets received, 7049 bps, 88.12%, Err 134 (1.0e-005)
1691.596 .... 5814 packets received, 7041 bps, 88.01%, Err 135 (1.0e-005)
1693.743 .... 5822 packets received, 7042 bps, 88.02%, Err 135 (1.0e-005)
1695.845 .... 5830 packets received, 7043 bps, 88.03%, Err 135 (1.0e-005)
1698.210 .... 5838 packets received, 7042 bps, 88.03%, Err 135 (1.0e-005)
1700.342 .... 5846 packets received, 7043 bps, 88.04%, Err 135 (1.0e-005)
1702.476 .... 5853 packets received, 7043 bps, 88.04%, Err 135 (1.0e-005)
1704.577 .... 5861 packets received, 7044 bps, 88.05%, Err 135 (1.0e-005)
1706.693 .... 5869 packets received, 7045 bps, 88.06%, Err 135 (1.0e-005)
1708.816 .... 5877 packets received, 7045 bps, 88.07%, Err 135 (1.0e-005)
1710.920 .... 5885 packets received, 7046 bps, 88.08%, Err 135 (9.9e-006)
1713.025 .... 5893 packets received, 7047 bps, 88.09%, Err 135 (9.9e-006)
1715.130 .... 5901 packets received, 7048 bps, 88.10%, Err 135 (9.9e-006)
1718.840 .... 5909 packets received, 7042 bps, 88.03%, Err 136 (1.0e-005)
1720.959 .... 5917 packets received, 7043 bps, 88.04%, Err 136 (1.0e-005)
1723.075 .... 5925 packets received, 7044 bps, 88.05%, Err 136 (9.9e-006)
1725.179 .... 5933 packets received, 7045 bps, 88.06%, Err 136 (9.9e-006)
1727.283 .... 5941 packets received, 7046 bps, 88.08%, Err 136 (9.9e-006)
1729.402 .... 5949 packets received, 7047 bps, 88.09%, Err 136 (9.9e-006)
1731.521 .... 5957 packets received, 7048 bps, 88.10%, Err 136 (9.9e-006)
1733.641 .... 5965 packets received, 7049 bps, 88.11%, Err 136 (9.9e-006)
1735.744 .... 5973 packets received, 7049 bps, 88.12%, Err 136 (9.9e-006)
1737.835 .... 5981 packets received, 7050 bps, 88.13%, Err 136 (9.9e-006)
1739.955 .... 5989 packets received, 7051 bps, 88.14%, Err 137 (9.9e-006)
1742.074 .... 5993 packets received, 7047 bps, 88.09%, Err 137 (9.9e-006)
1744.996 .... 6000 packets received, 7044 bps, 88.05%, Err 138 (1.0e-005)
1747.099 .... 6008 packets received, 7045 bps, 88.06%, Err 138 (9.9e-006)
1749.220 .... 6016 packets received, 7045 bps, 88.07%, Err 138 (9.9e-006)
1751.322 .... 6024 packets received, 7046 bps, 88.08%, Err 138 (9.9e-006)
1753.436 .... 6032 packets received, 7047 bps, 88.09%, Err 138 (9.9e-006)
1755.569 .... 6040 packets received, 7048 bps, 88.10%, Err 138 (9.9e-006)
1758.723 .... 6048 packets received, 7045 bps, 88.06%, Err 140 (1.0e-005)
1760.823 .... 6056 packets received, 7046 bps, 88.07%, Err 140 (1.0e-005)
1763.994 .... 6062 packets received, 7040 bps, 88.00%, Err 141 (1.0e-005)
1766.095 .... 6070 packets received, 7041 bps, 88.01%, Err 141 (1.0e-005)
1768.213 .... 6078 packets received, 7042 bps, 88.02%, Err 141 (1.0e-005)
1770.353 .... 6086 packets received, 7042 bps, 88.03%, Err 141 (1.0e-005)
1772.471 .... 6094 packets received, 7043 bps, 88.04%, Err 141 (1.0e-005)
1774.561 .... 6102 packets received, 7044 bps, 88.05%, Err 141 (1.0e-005)
1776.670 .... 6110 packets received, 7045 bps, 88.06%, Err 141 (1.0e-005)
1778.787 .... 6118 packets received, 7046 bps, 88.07%, Err 141 (1.0e-005)
1780.899 .... 6126 packets received, 7047 bps, 88.08%, Err 142 (1.0e-005)
1782.993 .... 6134 packets received, 7048 bps, 88.09%, Err 142 (1.0e-005)
1785.128 .... 6142 packets received, 7048 bps, 88.10%, Err 142 (1.0e-005)
1787.245 .... 6150 packets received, 7049 bps, 88.11%, Err 142 (1.0e-005)
1789.346 .... 6158 packets received, 7050 bps, 88.12%, Err 143 (1.0e-005)
1791.479 .... 6162 packets received, 7046 bps, 88.08%, Err 143 (1.0e-005)
1793.566 .... 6170 packets received, 7047 bps, 88.09%, Err 143 (1.0e-005)
1796.755 .... 6178 packets received, 7044 bps, 88.05%, Err 144 (1.0e-005)
1798.841 .... 6186 packets received, 7045 bps, 88.06%, Err 144 (1.0e-005)
1802.027 .... 6194 packets received, 7041 bps, 88.02%, Err 145 (1.0e-005)
1804.148 .... 6202 packets received, 7042 bps, 88.03%, Err 145 (1.0e-005)
1806.252 .... 6210 packets received, 7043 bps, 88.04%, Err 145 (1.0e-005)
1808.388 .... 6218 packets received, 7044 bps, 88.05%, Err 145 (1.0e-005)
1810.508 .... 6226 packets received, 7044 bps, 88.06%, Err 145 (1.0e-005)
1812.597 .... 6234 packets received, 7045 bps, 88.07%, Err 145 (1.0e-005)
1814.715 .... 6238 packets received, 7042 bps, 88.02%, Err 146 (1.0e-005)
1816.851 .... 6246 packets received, 7042 bps, 88.03%, Err 146 (1.0e-005)
1818.953 .... 6254 packets received, 7043 bps, 88.04%, Err 146 (1.0e-005)
1821.072 .... 6262 packets received, 7044 bps, 88.05%, Err 146 (1.0e-005)
1823.177 .... 6270 packets received, 7045 bps, 88.06%, Err 146 (1.0e-005)
1825.297 .... 6278 packets received, 7046 bps, 88.07%, Err 146 (1.0e-005)
1827.398 .... 6286 packets received, 7047 bps, 88.08%, Err 146 (1.0e-005)
1829.498 .... 6294 packets received, 7047 bps, 88.09%, Err 146 (1.0e-005)
1831.617 .... 6302 packets received, 7048 bps, 88.10%, Err 146 (1.0e-005)
1833.779 .... 6310 packets received, 7049 bps, 88.11%, Err 146 (1.0e-005)
1835.844 .... 6318 packets received, 7050 bps, 88.12%, Err 146 (1.0e-005)
1837.956 .... 6326 packets received, 7051 bps, 88.13%, Err 146 (1.0e-005)
1840.872 .... 6333 packets received, 7047 bps, 88.09%, Err 147 (1.0e-005)
1842.985 .... 6341 packets received, 7048 bps, 88.10%, Err 147 (1.0e-005)
1845.900 .... 6346 packets received, 7043 bps, 88.03%, Err 148 (1.0e-005)
1848.057 .... 6354 packets received, 7043 bps, 88.04%, Err 148 (1.0e-005)
1850.205 .... 6362 packets received, 7044 bps, 88.05%, Err 148 (1.0e-005)
1852.290 .... 6370 packets received, 7045 bps, 88.06%, Err 148 (1.0e-005)
1854.399 .... 6378 packets received, 7046 bps, 88.07%, Err 148 (1.0e-005)
1856.499 .... 6386 packets received, 7046 bps, 88.08%, Err 148 (1.0e-005)
1858.632 .... 6394 packets received, 7047 bps, 88.09%, Err 148 (1.0e-005)
1860.715 .... 6402 packets received, 7048 bps, 88.10%, Err 148 (1.0e-005)
1862.840 .... 6410 packets received, 7049 bps, 88.11%, Err 148 (1.0e-005)
1864.952 .... 6418 packets received, 7050 bps, 88.12%, Err 148 (1.0e-005)
1868.114 .... 6425 packets received, 7045 bps, 88.07%, Err 149 (1.0e-005)
1870.256 .... 6433 packets received, 7046 bps, 88.08%, Err 149 (1.0e-005)
1872.383 .... 6441 packets received, 7047 bps, 88.09%, Err 149 (1.0e-005)
1874.555 .... 6449 packets received, 7047 bps, 88.09%, Err 149 (1.0e-005)
1876.634 .... 6457 packets received, 7048 bps, 88.10%, Err 149 (1.0e-005)
1878.744 .... 6465 packets received, 7049 bps, 88.11%, Err 149 (1.0e-005)
1880.868 .... 6473 packets received, 7050 bps, 88.12%, Err 149 (1.0e-005)
1882.979 .... 6481 packets received, 7051 bps, 88.13%, Err 149 (1.0e-005)
1885.087 .... 6489 packets received, 7052 bps, 88.14%, Err 149 (9.9e-006)
1887.211 .... 6497 packets received, 7052 bps, 88.15%, Err 149 (9.9e-006)
1889.303 .... 6505 packets received, 7053 bps, 88.16%, Err 149 (9.9e-006)
1891.447 .... 6513 packets received, 7054 bps, 88.17%, Err 149 (9.9e-006)
1893.559 .... 6521 packets received, 7055 bps, 88.18%, Err 149 (9.9e-006)
1895.655 .... 6529 packets received, 7055 bps, 88.19%, Err 149 (9.9e-006)
1897.771 .... 6537 packets received, 7056 bps, 88.20%, Err 149 (9.9e-006)
1899.884 .... 6545 packets received, 7057 bps, 88.21%, Err 149 (9.9e-006)
1902.011 .... 6553 packets received, 7058 bps, 88.22%, Err 149 (9.9e-006)
1904.140 .... 6561 packets received, 7058 bps, 88.23%, Err 149 (9.8e-006)
1906.267 .... 6569 packets received, 7059 bps, 88.24%, Err 149 (9.8e-006)
1908.378 .... 6577 packets received, 7060 bps, 88.25%, Err 149 (9.8e-006)
1910.475 .... 6585 packets received, 7061 bps, 88.26%, Err 149 (9.8e-006)
1912.598 .... 6593 packets received, 7061 bps, 88.27%, Err 149 (9.8e-006)
1914.719 .... 6601 packets received, 7062 bps, 88.28%, Err 149 (9.8e-006)
1916.840 .... 6609 packets received, 7063 bps, 88.29%, Err 149 (9.8e-006)
1918.939 .... 6617 packets received, 7064 bps, 88.30%, Err 149 (9.8e-006)
1921.021 .... 6625 packets received, 7065 bps, 88.31%, Err 149 (9.8e-006)
1923.163 .... 6633 packets received, 7065 bps, 88.32%, Err 149 (9.7e-006)
1925.243 .... 6641 packets received, 7066 bps, 88.33%, Err 149 (9.7e-006)
1927.370 .... 6649 packets received, 7067 bps, 88.34%, Err 149 (9.7e-006)
1929.500 .... 6657 packets received, 7068 bps, 88.34%, Err 149 (9.7e-006)
1931.597 .... 6665 packets received, 7068 bps, 88.35%, Err 149 (9.7e-006)
1933.696 .... 6673 packets received, 7069 bps, 88.36%, Err 149 (9.7e-006)
1935.808 .... 6681 packets received, 7070 bps, 88.37%, Err 149 (9.7e-006)
1937.933 .... 6689 packets received, 7071 bps, 88.38%, Err 149 (9.7e-006)
1940.832 .... 6696 packets received, 7067 bps, 88.34%, Err 150 (9.7e-006)
1942.961 .... 6704 packets received, 7068 bps, 88.35%, Err 151 (9.8e-006)
1945.061 .... 6712 packets received, 7069 bps, 88.36%, Err 151 (9.8e-006)
1947.156 .... 6720 packets received, 7070 bps, 88.37%, Err 151 (9.8e-006)
1949.271 .... 6728 packets received, 7070 bps, 88.38%, Err 151 (9.7e-006)
1951.399 .... 6736 packets received, 7071 bps, 88.39%, Err 151 (9.7e-006)
1953.506 .... 6744 packets received, 7072 bps, 88.40%, Err 151 (9.7e-006)
1955.638 .... 6752 packets received, 7073 bps, 88.41%, Err 151 (9.7e-006)
1957.724 .... 6760 packets received, 7073 bps, 88.42%, Err 152 (9.8e-006)
1959.849 .... 6764 packets received, 7070 bps, 88.37%, Err 152 (9.8e-006)
1961.976 .... 6772 packets received, 7071 bps, 88.38%, Err 152 (9.7e-006)
1964.075 .... 6780 packets received, 7071 bps, 88.39%, Err 152 (9.7e-006)
1966.713 .... 6786 packets received, 7068 bps, 88.35%, Err 153 (9.8e-006)
1968.823 .... 6794 packets received, 7069 bps, 88.36%, Err 153 (9.8e-006)
1970.934 .... 6802 packets received, 7070 bps, 88.37%, Err 153 (9.8e-006)
1973.059 .... 6810 packets received, 7070 bps, 88.38%, Err 153 (9.8e-006)
1975.160 .... 6818 packets received, 7071 bps, 88.39%, Err 153 (9.7e-006)
1977.271 .... 6826 packets received, 7072 bps, 88.40%, Err 153 (9.7e-006)
1979.396 .... 6834 packets received, 7073 bps, 88.41%, Err 153 (9.7e-006)
1981.476 .... 6842 packets received, 7073 bps, 88.42%, Err 153 (9.7e-006)
1983.616 .... 6850 packets received, 7074 bps, 88.42%, Err 153 (9.7e-006)
1985.710 .... 6858 packets received, 7075 bps, 88.43%, Err 153 (9.7e-006)
1987.821 .... 6866 packets received, 7076 bps, 88.44%, Err 153 (9.7e-006)
1989.933 .... 6874 packets received, 7076 bps, 88.45%, Err 153 (9.7e-006)
1992.059 .... 6882 packets received, 7077 bps, 88.46%, Err 153 (9.7e-006)
1994.169 .... 6890 packets received, 7078 bps, 88.47%, Err 153 (9.7e-006)
1996.301 .... 6894 packets received, 7074 bps, 88.43%, Err 154 (9.7e-006)
1998.394 .... 6902 packets received, 7075 bps, 88.44%, Err 155 (9.8e-006)
2000.506 .... 6904 packets received, 7070 bps, 88.37%, Err 155 (9.7e-006)
2002.616 .... 6912 packets received, 7070 bps, 88.38%, Err 155 (9.7e-006)
2004.759 .... 6916 packets received, 7067 bps, 88.34%, Err 156 (9.8e-006)
2006.855 .... 6924 packets received, 7068 bps, 88.34%, Err 156 (9.8e-006)
2008.968 .... 6932 packets received, 7068 bps, 88.35%, Err 156 (9.8e-006)
2011.091 .... 6940 packets received, 7069 bps, 88.36%, Err 156 (9.8e-006)
2013.202 .... 6948 packets received, 7070 bps, 88.37%, Err 156 (9.7e-006)
2015.312 .... 6952 packets received, 7066 bps, 88.33%, Err 157 (9.8e-006)
2017.438 .... 6960 packets received, 7067 bps, 88.34%, Err 157 (9.8e-006)
2019.565 .... 6968 packets received, 7068 bps, 88.35%, Err 157 (9.8e-006)
2021.676 .... 6976 packets received, 7068 bps, 88.36%, Err 157 (9.8e-006)
2023.785 .... 6980 packets received, 7065 bps, 88.31%, Err 158 (9.8e-006)
2025.913 .... 6984 packets received, 7062 bps, 88.27%, Err 159 (9.9e-006)
2028.069 .... 6992 packets received, 7062 bps, 88.28%, Err 159 (9.9e-006)
2030.152 .... 7000 packets received, 7063 bps, 88.29%, Err 159 (9.9e-006)
2032.250 .... 7008 packets received, 7064 bps, 88.30%, Err 159 (9.8e-006)
2034.394 .... 7016 packets received, 7065 bps, 88.31%, Err 159 (9.8e-006)
2036.491 .... 7024 packets received, 7065 bps, 88.32%, Err 159 (9.8e-006)
2038.588 .... 7032 packets received, 7066 bps, 88.33%, Err 159 (9.8e-006)
2040.728 .... 7040 packets received, 7067 bps, 88.33%, Err 159 (9.8e-006)
2042.809 .... 7048 packets received, 7068 bps, 88.34%, Err 159 (9.8e-006)
2044.920 .... 7056 packets received, 7068 bps, 88.35%, Err 159 (9.8e-006)
2047.046 .... 7064 packets received, 7069 bps, 88.36%, Err 159 (9.8e-006)
2049.175 .... 7072 packets received, 7070 bps, 88.37%, Err 159 (9.8e-006)
2051.315 .... 7080 packets received, 7070 bps, 88.38%, Err 159 (9.8e-006)
2053.661 .... 7085 packets received, 7067 bps, 88.34%, Err 160 (9.8e-006)
2056.312 .... 7091 packets received, 7064 bps, 88.30%, Err 161 (9.8e-006)
2058.439 .... 7099 packets received, 7065 bps, 88.31%, Err 161 (9.8e-006)
2060.567 .... 7107 packets received, 7065 bps, 88.32%, Err 161 (9.8e-006)
2062.676 .... 7115 packets received, 7066 bps, 88.32%, Err 161 (9.8e-006)
2064.785 .... 7119 packets received, 7063 bps, 88.28%, Err 162 (9.9e-006)
2066.932 .... 7127 packets received, 7063 bps, 88.29%, Err 162 (9.9e-006)
2069.656 .... 7131 packets received, 7058 bps, 88.22%, Err 163 (9.9e-006)
2071.784 .... 7139 packets received, 7059 bps, 88.23%, Err 164 (1.0e-005)
2073.895 .... 7142 packets received, 7054 bps, 88.18%, Err 164 (9.9e-006)
2076.021 .... 7150 packets received, 7055 bps, 88.19%, Err 164 (9.9e-006)
2078.146 .... 7158 packets received, 7056 bps, 88.20%, Err 164 (9.9e-006)
2080.294 .... 7165 packets received, 7055 bps, 88.19%, Err 164 (9.9e-006)
2082.422 .... 7173 packets received, 7056 bps, 88.20%, Err 164 (9.9e-006)
2085.845 .... 7181 packets received, 7052 bps, 88.15%, Err 165 (1.0e-005)
2087.987 .... 7189 packets received, 7053 bps, 88.16%, Err 165 (9.9e-006)
2090.113 .... 7197 packets received, 7054 bps, 88.17%, Err 167 (1.0e-005)
2092.208 .... 7200 packets received, 7049 bps, 88.12%, Err 167 (1.0e-005)
2094.338 .... 7208 packets received, 7050 bps, 88.13%, Err 167 (1.0e-005)
2096.481 .... 7216 packets received, 7051 bps, 88.13%, Err 167 (1.0e-005)
2098.637 .... 7223 packets received, 7050 bps, 88.13%, Err 167 (1.0e-005)
2100.772 .... 7231 packets received, 7051 bps, 88.14%, Err 167 (1.0e-005)
2103.158 .... 7236 packets received, 7048 bps, 88.10%, Err 168 (1.0e-005)
2105.254 .... 7244 packets received, 7049 bps, 88.11%, Err 168 (1.0e-005)
2107.353 .... 7252 packets received, 7049 bps, 88.12%, Err 168 (1.0e-005)
2109.485 .... 7260 packets received, 7050 bps, 88.12%, Err 168 (1.0e-005)
2111.600 .... 7268 packets received, 7051 bps, 88.13%, Err 168 (1.0e-005)
2113.988 .... 7273 packets received, 7048 bps, 88.09%, Err 169 (1.0e-005)
2116.069 .... 7277 packets received, 7044 bps, 88.06%, Err 170 (1.0e-005)
2118.196 .... 7285 packets received, 7045 bps, 88.06%, Err 170 (1.0e-005)
2120.321 .... 7293 packets received, 7046 bps, 88.07%, Err 170 (1.0e-005)
2122.401 .... 7297 packets received, 7043 bps, 88.03%, Err 171 (1.0e-005)
2124.528 .... 7305 packets received, 7043 bps, 88.04%, Err 171 (1.0e-005)
2126.630 .... 7313 packets received, 7044 bps, 88.05%, Err 171 (1.0e-005)
2128.751 .... 7321 packets received, 7045 bps, 88.06%, Err 171 (1.0e-005)
2130.894 .... 7329 packets received, 7045 bps, 88.07%, Err 171 (1.0e-005)
2133.024 .... 7337 packets received, 7046 bps, 88.08%, Err 171 (1.0e-005)
2133.696 TCP disconnected.
