GBN af -ber 1e-4 
=========================================================================
                          Station A                                 
-------------------------------------------------------------------------
Protocol.lib, version 3.0, Build: Oct 19 2009 (jiangy@public3.bta.net.cn)
Channel: 8000 bps, 270 ms propagation delay, bit error rate 1.0E-004
Log file "GBN-A.log", TCP port 59144, debug mask 0x00
Station A is waiting for station B on TCP port 59144 ... Done.
New epoch: Sat May 20 18:36:08 2017
=========================================================================
Designed by LXS, build: May 20 2017  13:12:58
2.704 .... 4 packets received, 3420 bps, 42.76%, Err 2 (9.5e-005)
6.457 .... 9 packets received, 2998 bps, 37.48%, Err 6 (1.3e-004)
8.883 .... 10 packets received, 2389 bps, 29.86%, Err 7 (1.1e-004)
11.121 .... 11 packets received, 2084 bps, 26.05%, Err 8 (9.8e-005)
16.896 .... 12 packets received, 1482 bps, 18.52%, Err 12 (1.1e-004)
19.635 .... 13 packets received, 1378 bps, 17.22%, Err 13 (1.0e-004)
21.738 .... 16 packets received, 1529 bps, 19.11%, Err 14 (9.6e-005)
28.367 .... 21 packets received, 1533 bps, 19.16%, Err 17 (9.2e-005)
32.935 .... 25 packets received, 1569 bps, 19.62%, Err 19 (8.8e-005)
35.087 .... 29 packets received, 1708 bps, 21.35%, Err 24 (1.0e-004)
39.612 .... 35 packets received, 1824 bps, 22.80%, Err 27 (1.0e-004)
42.054 .... 37 packets received, 1815 bps, 22.69%, Err 31 (1.1e-004)
44.461 .... 42 packets received, 1948 bps, 24.35%, Err 33 (1.1e-004)
46.727 .... 44 packets received, 1941 bps, 24.27%, Err 34 (1.1e-004)
51.308 .... 47 packets received, 1887 bps, 23.59%, Err 37 (1.1e-004)
53.679 .... 52 packets received, 1995 bps, 24.94%, Err 38 (1.0e-004)
55.820 .... 56 packets received, 2066 bps, 25.83%, Err 39 (1.0e-004)
58.293 .... 59 packets received, 2084 bps, 26.05%, Err 42 (1.1e-004)
62.081 .... 64 packets received, 2122 bps, 26.52%, Err 44 (1.0e-004)
64.237 .... 72 packets received, 2307 bps, 28.83%, Err 44 (1.0e-004)
67.360 .... 79 packets received, 2413 bps, 30.16%, Err 45 (9.7e-005)
69.547 .... 87 packets received, 2573 bps, 32.17%, Err 46 (9.6e-005)
71.668 .... 88 packets received, 2526 bps, 31.57%, Err 46 (9.3e-005)
74.068 .... 95 packets received, 2638 bps, 32.97%, Err 46 (9.0e-005)
77.303 ** WARNING: System too busy, sleep 15 ms, but be awakened 73 ms later
78.732 .... 97 packets received, 2533 bps, 31.66%, Err 52 (9.6e-005)
81.299 ** WARNING: System too busy, sleep 15 ms, but be awakened 84 ms later
83.955 .... 101 packets received, 2473 bps, 30.91%, Err 58 (1.0e-004)
86.142 .... 109 packets received, 2601 bps, 32.51%, Err 58 (9.9e-005)
88.592 .... 115 packets received, 2668 bps, 33.35%, Err 58 (9.6e-005)
90.715 .... 123 packets received, 2786 bps, 34.83%, Err 58 (9.4e-005)
92.862 .... 126 packets received, 2788 bps, 34.85%, Err 59 (9.3e-005)
96.027 .... 129 packets received, 2760 bps, 34.50%, Err 63 (9.6e-005)
99.287 ** WARNING: System too busy, sleep 15 ms, but be awakened 72 ms later
99.831 .... 137 packets received, 2819 bps, 35.24%, Err 67 (9.7e-005)
101.928 .... 145 packets received, 2922 bps, 36.53%, Err 67 (9.5e-005)
103.962 .... 150 packets received, 2964 bps, 37.05%, Err 67 (9.4e-005)
107.322 ** WARNING: System too busy, sleep 15 ms, but be awakened 71 ms later
109.290 ** WARNING: System too busy, sleep 15 ms, but be awakened 84 ms later
110.491 .... 155 packets received, 2881 bps, 36.01%, Err 74 (9.8e-005)
113.457 .... 162 packets received, 2932 bps, 36.65%, Err 77 (9.9e-005)
119.667 .... 167 packets received, 2865 bps, 35.82%, Err 81 (9.9e-005)
121.833 .... 171 packets received, 2882 bps, 36.02%, Err 83 (9.9e-005)
123.937 .... 174 packets received, 2882 bps, 36.03%, Err 85 (1.0e-004)
126.096 .... 176 packets received, 2866 bps, 35.82%, Err 88 (1.0e-004)
127.365 ** WARNING: System too busy, sleep 15 ms, but be awakened 67 ms later
130.416 .... 183 packets received, 2881 bps, 36.01%, Err 91 (1.0e-004)
133.790 .... 187 packets received, 2869 bps, 35.86%, Err 92 (1.0e-004)
136.700 .... 193 packets received, 2898 bps, 36.23%, Err 94 (1.0e-004)
138.822 .... 195 packets received, 2883 bps, 36.04%, Err 96 (1.0e-004)
140.963 .... 203 packets received, 2956 bps, 36.95%, Err 96 (9.8e-005)
143.127 .... 209 packets received, 2997 bps, 37.46%, Err 97 (9.8e-005)
145.248 .... 212 packets received, 2996 bps, 37.44%, Err 98 (9.7e-005)
150.740 .... 216 packets received, 2941 bps, 36.76%, Err 102 (9.8e-005)
152.858 .... 224 packets received, 3007 bps, 37.59%, Err 103 (9.7e-005)
155.245 .... 226 packets received, 2987 bps, 37.34%, Err 105 (9.8e-005)
159.033 .... 232 packets received, 2993 bps, 37.42%, Err 107 (9.7e-005)
161.924 .... 238 packets received, 3016 bps, 37.70%, Err 111 (9.9e-005)
166.710 .... 242 packets received, 2978 bps, 37.23%, Err 114 (9.9e-005)
169.343 .... 243 packets received, 2944 bps, 36.80%, Err 115 (9.8e-005)
171.760 .... 246 packets received, 2938 bps, 36.73%, Err 117 (9.8e-005)
173.932 .... 253 packets received, 2984 bps, 37.30%, Err 117 (9.7e-005)
181.951 .... 255 packets received, 2875 bps, 35.94%, Err 124 (9.9e-005)
185.329 ** WARNING: System too busy, sleep 15 ms, but be awakened 70 ms later
185.394 .... 262 packets received, 2899 bps, 36.24%, Err 128 (1.0e-004)
187.888 .... 263 packets received, 2871 bps, 35.89%, Err 131 (1.0e-004)
190.031 .... 265 packets received, 2861 bps, 35.76%, Err 132 (1.0e-004)
193.517 .... 272 packets received, 2883 bps, 36.04%, Err 134 (1.0e-004)
195.921 .... 275 packets received, 2879 bps, 35.99%, Err 136 (1.0e-004)
198.091 .... 277 packets received, 2868 bps, 35.85%, Err 140 (1.0e-004)
200.466 .... 281 packets received, 2875 bps, 35.94%, Err 142 (1.0e-004)
202.653 .... 289 packets received, 2925 bps, 36.56%, Err 142 (1.0e-004)
206.390 .... 295 packets received, 2932 bps, 36.65%, Err 143 (1.0e-004)
209.941 .... 300 packets received, 2931 bps, 36.64%, Err 150 (1.0e-004)
212.072 .... 303 packets received, 2930 bps, 36.63%, Err 151 (1.0e-004)
216.362 .... 310 packets received, 2939 bps, 36.73%, Err 153 (1.0e-004)
218.757 .... 314 packets received, 2944 bps, 36.80%, Err 155 (1.0e-004)
224.739 .... 320 packets received, 2920 bps, 36.50%, Err 161 (1.0e-004)
228.474 .... 323 packets received, 2899 bps, 36.24%, Err 165 (1.0e-004)
231.360 ** WARNING: System too busy, sleep 15 ms, but be awakened 85 ms later
237.311 .... 328 packets received, 2834 bps, 35.43%, Err 176 (1.1e-004)
239.736 .... 333 packets received, 2848 bps, 35.61%, Err 177 (1.1e-004)
241.845 .... 341 packets received, 2891 bps, 36.14%, Err 179 (1.1e-004)
243.995 .... 343 packets received, 2883 bps, 36.03%, Err 182 (1.1e-004)
248.900 .... 346 packets received, 2850 bps, 35.63%, Err 187 (1.1e-004)
251.619 .... 352 packets received, 2869 bps, 35.86%, Err 188 (1.1e-004)
255.106 .... 359 packets received, 2886 bps, 36.07%, Err 189 (1.1e-004)
260.835 .... 364 packets received, 2861 bps, 35.77%, Err 193 (1.1e-004)
263.062 .... 372 packets received, 2900 bps, 36.24%, Err 193 (1.1e-004)
266.488 .... 378 packets received, 2908 bps, 36.35%, Err 194 (1.0e-004)
268.622 .... 386 packets received, 2946 bps, 36.83%, Err 194 (1.0e-004)
270.757 .... 393 packets received, 2976 bps, 37.20%, Err 195 (1.0e-004)
272.883 .... 397 packets received, 2983 bps, 37.29%, Err 195 (1.0e-004)
275.001 .... 405 packets received, 3020 bps, 37.74%, Err 196 (1.0e-004)
275.370 ** WARNING: System too busy, sleep 15 ms, but be awakened 67 ms later
280.493 .... 407 packets received, 2975 bps, 37.19%, Err 199 (1.0e-004)
282.724 .... 415 packets received, 3009 bps, 37.62%, Err 199 (1.0e-004)
284.894 .... 421 packets received, 3030 bps, 37.87%, Err 199 (1.0e-004)
285.370 ** WARNING: System too busy, sleep 15 ms, but be awakened 75 ms later
287.798 .... 425 packets received, 3028 bps, 37.84%, Err 204 (1.0e-004)
290.402 .... 426 packets received, 3007 bps, 37.59%, Err 206 (1.0e-004)
292.670 .... 430 packets received, 3012 bps, 37.65%, Err 210 (1.0e-004)
294.790 .... 432 packets received, 3004 bps, 37.55%, Err 211 (1.0e-004)
296.977 .... 439 packets received, 3031 bps, 37.88%, Err 211 (1.0e-004)
300.465 .... 446 packets received, 3043 bps, 38.04%, Err 212 (1.0e-004)
303.984 .... 452 packets received, 3048 bps, 38.10%, Err 214 (1.0e-004)
306.104 .... 459 packets received, 3074 bps, 38.43%, Err 215 (1.0e-004)
308.366 .... 466 packets received, 3098 bps, 38.73%, Err 215 (1.0e-004)
311.005 .... 471 packets received, 3105 bps, 38.81%, Err 217 (1.0e-004)
313.106 .... 474 packets received, 3103 bps, 38.79%, Err 220 (1.0e-004)
315.334 .... 482 packets received, 3134 bps, 39.17%, Err 220 (1.0e-004)
321.425 .... 486 packets received, 3100 bps, 38.74%, Err 224 (1.0e-004)
327.142 .... 489 packets received, 3064 bps, 38.30%, Err 227 (1.0e-004)
329.832 .... 491 packets received, 3052 bps, 38.14%, Err 232 (1.0e-004)
332.471 .... 497 packets received, 3064 bps, 38.30%, Err 233 (1.0e-004)
334.696 .... 505 packets received, 3093 bps, 38.66%, Err 233 (1.0e-004)
336.771 .... 511 packets received, 3110 bps, 38.88%, Err 233 (9.9e-005)
339.432 .... 514 packets received, 3104 bps, 38.80%, Err 237 (1.0e-004)
344.126 .... 516 packets received, 3074 bps, 38.42%, Err 241 (1.0e-004)
346.238 .... 518 packets received, 3067 bps, 38.33%, Err 242 (1.0e-004)
348.943 .... 520 packets received, 3055 bps, 38.18%, Err 244 (1.0e-004)
352.433 .... 527 packets received, 3065 bps, 38.31%, Err 247 (1.0e-004)
354.559 .... 530 packets received, 3064 bps, 38.30%, Err 247 (1.0e-004)
357.750 .... 536 packets received, 3071 bps, 38.39%, Err 250 (1.0e-004)
360.193 .... 538 packets received, 3062 bps, 38.27%, Err 252 (1.0e-004)
362.329 .... 541 packets received, 3061 bps, 38.26%, Err 252 (1.0e-004)
367.256 .... 543 packets received, 3031 bps, 37.88%, Err 255 (1.0e-004)
369.866 .... 545 packets received, 3020 bps, 37.75%, Err 257 (1.0e-004)
372.008 .... 553 packets received, 3047 bps, 38.09%, Err 257 (9.9e-005)
375.464 .... 559 packets received, 3052 bps, 38.15%, Err 261 (1.0e-004)
377.625 .... 567 packets received, 3078 bps, 38.47%, Err 262 (9.9e-005)
379.737 .... 575 packets received, 3104 bps, 38.80%, Err 262 (9.9e-005)
382.443 .... 577 packets received, 3092 bps, 38.65%, Err 265 (9.9e-005)
385.918 .... 579 packets received, 3075 bps, 38.44%, Err 272 (1.0e-004)
388.562 .... 582 packets received, 3070 bps, 38.37%, Err 276 (1.0e-004)
390.725 .... 585 packets received, 3069 bps, 38.36%, Err 277 (1.0e-004)
393.401 .... 590 packets received, 3074 bps, 38.42%, Err 282 (1.0e-004)
396.357 .... 596 packets received, 3082 bps, 38.52%, Err 285 (1.0e-004)
398.445 .... 600 packets received, 3086 bps, 38.58%, Err 288 (1.0e-004)
402.372 .... 607 packets received, 3092 bps, 38.65%, Err 291 (1.0e-004)
404.529 .... 611 packets received, 3096 bps, 38.70%, Err 292 (1.0e-004)
406.905 .... 615 packets received, 3098 bps, 38.72%, Err 293 (1.0e-004)
409.041 .... 623 packets received, 3122 bps, 39.02%, Err 294 (1.0e-004)
411.145 .... 629 packets received, 3136 bps, 39.19%, Err 294 (1.0e-004)
413.281 .... 637 packets received, 3159 bps, 39.49%, Err 295 (1.0e-004)
415.841 .... 639 packets received, 3149 bps, 39.37%, Err 297 (1.0e-004)
418.632 .... 647 packets received, 3168 bps, 39.59%, Err 297 (1.0e-004)
420.797 .... 655 packets received, 3190 bps, 39.88%, Err 297 (1.0e-004)
422.901 .... 663 packets received, 3213 bps, 40.16%, Err 298 (1.0e-004)
426.921 .... 666 packets received, 3197 bps, 39.97%, Err 300 (1.0e-004)
429.322 .... 671 packets received, 3203 bps, 40.04%, Err 302 (1.0e-004)
431.453 .... 674 packets received, 3202 bps, 40.02%, Err 303 (1.0e-004)
434.878 .... 678 packets received, 3195 bps, 39.94%, Err 307 (1.0e-004)
438.918 .... 680 packets received, 3175 bps, 39.69%, Err 309 (1.0e-004)
447.493 .... 684 packets received, 3133 bps, 39.16%, Err 313 (1.0e-004)
449.631 .... 688 packets received, 3136 bps, 39.20%, Err 316 (1.0e-004)
451.780 .... 689 packets received, 3125 bps, 39.07%, Err 317 (1.0e-004)
453.928 .... 692 packets received, 3124 bps, 39.05%, Err 318 (1.0e-004)
457.754 .... 695 packets received, 3112 bps, 38.89%, Err 323 (1.0e-004)
459.896 .... 697 packets received, 3106 bps, 38.82%, Err 324 (1.0e-004)
461.990 .... 700 packets received, 3105 bps, 38.81%, Err 325 (1.0e-004)
464.106 .... 708 packets received, 3126 bps, 39.08%, Err 325 (9.9e-005)
466.774 .... 713 packets received, 3130 bps, 39.13%, Err 327 (9.9e-005)
468.930 .... 721 packets received, 3151 bps, 39.39%, Err 328 (9.9e-005)
471.072 .... 723 packets received, 3145 bps, 39.32%, Err 330 (9.9e-005)
473.477 .... 728 packets received, 3151 bps, 39.39%, Err 331 (9.9e-005)
479.570 .... 731 packets received, 3124 bps, 39.05%, Err 338 (1.0e-004)
481.727 .... 732 packets received, 3114 bps, 38.93%, Err 339 (1.0e-004)
487.540 .... 736 packets received, 3094 bps, 38.67%, Err 345 (1.0e-004)
489.944 .... 739 packets received, 3091 bps, 38.64%, Err 346 (1.0e-004)
492.416 .... 741 packets received, 3084 bps, 38.55%, Err 347 (1.0e-004)
494.582 .... 749 packets received, 3103 bps, 38.79%, Err 348 (1.0e-004)
496.755 .... 750 packets received, 3094 bps, 38.67%, Err 350 (1.0e-004)
499.647 .... 756 packets received, 3101 bps, 38.76%, Err 352 (1.0e-004)
503.440 .... 761 packets received, 3098 bps, 38.72%, Err 354 (1.0e-004)
507.692 .... 769 packets received, 3104 bps, 38.80%, Err 358 (1.0e-004)
509.852 .... 771 packets received, 3099 bps, 38.74%, Err 359 (1.0e-004)
511.985 .... 773 packets received, 3094 bps, 38.67%, Err 360 (1.0e-004)
516.313 .... 780 packets received, 3096 bps, 38.70%, Err 362 (9.9e-005)
518.437 .... 784 packets received, 3099 bps, 38.74%, Err 364 (1.0e-004)
520.543 .... 787 packets received, 3098 bps, 38.73%, Err 366 (1.0e-004)
522.685 .... 791 packets received, 3101 bps, 38.76%, Err 370 (1.0e-004)
524.837 .... 799 packets received, 3120 bps, 39.00%, Err 371 (1.0e-004)
531.670 .... 802 packets received, 3091 bps, 38.64%, Err 376 (1.0e-004)
533.842 .... 804 packets received, 3086 bps, 38.58%, Err 378 (1.0e-004)
535.975 .... 805 packets received, 3078 bps, 38.47%, Err 379 (1.0e-004)
538.152 .... 813 packets received, 3096 bps, 38.70%, Err 379 (1.0e-004)
540.587 .... 815 packets received, 3089 bps, 38.62%, Err 381 (1.0e-004)
543.484 .... 820 packets received, 3092 bps, 38.65%, Err 383 (1.0e-004)
545.674 .... 827 packets received, 3106 bps, 38.82%, Err 383 (9.9e-005)
545.802 ** WARNING: System too busy, sleep 15 ms, but be awakened 67 ms later
548.382 .... 830 packets received, 3101 bps, 38.77%, Err 387 (1.0e-004)
552.158 .... 832 packets received, 3088 bps, 38.60%, Err 390 (1.0e-004)
554.296 .... 840 packets received, 3105 bps, 38.82%, Err 391 (1.0e-004)
555.448 ** WARNING: System too busy, sleep 15 ms, but be awakened 80 ms later
559.053 .... 841 packets received, 3083 bps, 38.53%, Err 394 (1.0e-004)
561.181 .... 845 packets received, 3085 bps, 38.57%, Err 396 (1.0e-004)
564.971 .... 848 packets received, 3076 bps, 38.45%, Err 399 (1.0e-004)
571.281 .... 855 packets received, 3067 bps, 38.33%, Err 402 (1.0e-004)
574.187 .... 859 packets received, 3066 bps, 38.32%, Err 405 (1.0e-004)
578.166 .... 864 packets received, 3062 bps, 38.28%, Err 408 (1.0e-004)
580.854 .... 870 packets received, 3069 bps, 38.36%, Err 410 (1.0e-004)
581.423 ** WARNING: System too busy, sleep 15 ms, but be awakened 69 ms later
583.307 .... 875 packets received, 3074 bps, 38.42%, Err 413 (1.0e-004)
585.433 .... 877 packets received, 3070 bps, 38.37%, Err 414 (1.0e-004)
587.584 .... 885 packets received, 3086 bps, 38.58%, Err 414 (1.0e-004)
589.419 ** WARNING: System too busy, sleep 15 ms, but be awakened 79 ms later
598.959 .... 888 packets received, 3038 bps, 37.97%, Err 422 (1.0e-004)
601.063 .... 895 packets received, 3051 bps, 38.14%, Err 423 (1.0e-004)
603.168 .... 903 packets received, 3068 bps, 38.35%, Err 424 (1.0e-004)
605.351 .... 906 packets received, 3067 bps, 38.33%, Err 425 (1.0e-004)
607.793 .... 912 packets received, 3075 bps, 38.43%, Err 426 (1.0e-004)
611.014 .... 915 packets received, 3068 bps, 38.36%, Err 427 (1.0e-004)
614.549 .... 917 packets received, 3057 bps, 38.22%, Err 431 (1.0e-004)
617.456 ** WARNING: System too busy, sleep 15 ms, but be awakened 66 ms later
617.622 .... 924 packets received, 3065 bps, 38.32%, Err 433 (1.0e-004)
619.708 .... 927 packets received, 3065 bps, 38.31%, Err 435 (1.0e-004)
621.827 .... 930 packets received, 3064 bps, 38.31%, Err 437 (1.0e-004)
625.060 .... 937 packets received, 3072 bps, 38.39%, Err 440 (1.0e-004)
630.265 .... 940 packets received, 3056 bps, 38.20%, Err 448 (1.0e-004)
632.366 .... 943 packets received, 3056 bps, 38.19%, Err 449 (1.0e-004)
633.440 ** WARNING: System too busy, sleep 15 ms, but be awakened 73 ms later
634.584 .... 950 packets received, 3067 bps, 38.34%, Err 449 (1.0e-004)
636.789 .... 957 packets received, 3079 bps, 38.49%, Err 449 (1.0e-004)
640.495 .... 960 packets received, 3071 bps, 38.39%, Err 452 (1.0e-004)
642.619 .... 968 packets received, 3086 bps, 38.58%, Err 452 (1.0e-004)
643.458 ** WARNING: System too busy, sleep 15 ms, but be awakened 76 ms later
644.853 .... 974 packets received, 3095 bps, 38.69%, Err 452 (1.0e-004)
647.287 .... 976 packets received, 3090 bps, 38.62%, Err 453 (1.0e-004)
649.443 .... 984 packets received, 3104 bps, 38.81%, Err 453 (9.9e-005)
651.862 .... 988 packets received, 3106 bps, 38.82%, Err 455 (1.0e-004)
653.964 .... 991 packets received, 3105 bps, 38.81%, Err 459 (1.0e-004)
655.469 ** WARNING: System too busy, sleep 15 ms, but be awakened 85 ms later
658.022 .... 997 packets received, 3104 bps, 38.81%, Err 462 (1.0e-004)
661.241 .... 1005 packets received, 3114 bps, 38.93%, Err 464 (1.0e-004)
663.359 .... 1009 packets received, 3117 bps, 38.96%, Err 465 (1.0e-004)
665.847 .... 1012 packets received, 3114 bps, 38.93%, Err 467 (1.0e-004)
669.008 .... 1014 packets received, 3106 bps, 38.82%, Err 468 (1.0e-004)
671.644 .... 1019 packets received, 3109 bps, 38.86%, Err 470 (1.0e-004)
673.449 ** WARNING: System too busy, sleep 15 ms, but be awakened 66 ms later
676.854 .... 1021 packets received, 3091 bps, 38.63%, Err 476 (1.0e-004)
679.283 .... 1026 packets received, 3095 bps, 38.68%, Err 478 (1.0e-004)
681.384 .... 1034 packets received, 3109 bps, 38.87%, Err 478 (1.0e-004)
684.033 .... 1036 packets received, 3103 bps, 38.79%, Err 481 (1.0e-004)
686.994 .... 1040 packets received, 3102 bps, 38.77%, Err 484 (1.0e-004)
691.536 .... 1048 packets received, 3105 bps, 38.81%, Err 486 (1.0e-004)
693.491 ** WARNING: System too busy, sleep 15 ms, but be awakened 79 ms later
693.943 .... 1051 packets received, 3103 bps, 38.79%, Err 490 (1.0e-004)
696.077 .... 1059 packets received, 3117 bps, 38.96%, Err 490 (1.0e-004)
698.180 .... 1067 packets received, 3131 bps, 39.14%, Err 490 (1.0e-004)
701.537 .... 1071 packets received, 3128 bps, 39.10%, Err 494 (1.0e-004)
703.724 .... 1074 packets received, 3127 bps, 39.09%, Err 496 (1.0e-004)
708.631 .... 1075 packets received, 3108 bps, 38.85%, Err 499 (1.0e-004)
710.785 .... 1077 packets received, 3105 bps, 38.81%, Err 499 (1.0e-004)
714.283 .... 1083 packets received, 3107 bps, 38.83%, Err 503 (1.0e-004)
715.488 ** WARNING: System too busy, sleep 15 ms, but be awakened 78 ms later
716.350 .... 1084 packets received, 3100 bps, 38.76%, Err 504 (1.0e-004)
719.268 .... 1091 packets received, 3108 bps, 38.85%, Err 506 (1.0e-004)
721.554 .... 1098 packets received, 3118 bps, 38.97%, Err 506 (1.0e-004)
723.656 .... 1106 packets received, 3131 bps, 39.14%, Err 507 (1.0e-004)
727.142 .... 1109 packets received, 3125 bps, 39.06%, Err 511 (1.0e-004)
729.271 .... 1113 packets received, 3127 bps, 39.09%, Err 515 (1.0e-004)
731.506 .... 1115 packets received, 3123 bps, 39.04%, Err 517 (1.0e-004)
733.640 .... 1118 packets received, 3122 bps, 39.03%, Err 517 (1.0e-004)
735.743 .... 1121 packets received, 3122 bps, 39.02%, Err 519 (1.0e-004)
737.909 .... 1129 packets received, 3135 bps, 39.18%, Err 519 (1.0e-004)
739.490 ** WARNING: System too busy, sleep 15 ms, but be awakened 72 ms later
740.236 .... 1133 packets received, 3136 bps, 39.20%, Err 520 (1.0e-004)
745.157 .... 1135 packets received, 3121 bps, 39.01%, Err 523 (1.0e-004)
747.798 .... 1141 packets received, 3126 bps, 39.08%, Err 524 (9.9e-005)
749.949 .... 1145 packets received, 3128 bps, 39.10%, Err 527 (1.0e-004)
752.068 .... 1148 packets received, 3127 bps, 39.09%, Err 531 (1.0e-004)
754.187 .... 1152 packets received, 3130 bps, 39.12%, Err 534 (1.0e-004)
757.659 .... 1158 packets received, 3131 bps, 39.14%, Err 535 (1.0e-004)
759.879 .... 1166 packets received, 3144 bps, 39.30%, Err 537 (1.0e-004)
762.251 .... 1167 packets received, 3137 bps, 39.21%, Err 539 (1.0e-004)
764.887 .... 1170 packets received, 3134 bps, 39.17%, Err 541 (1.0e-004)
766.993 .... 1178 packets received, 3147 bps, 39.33%, Err 541 (1.0e-004)
769.165 .... 1182 packets received, 3148 bps, 39.36%, Err 543 (1.0e-004)
771.303 .... 1185 packets received, 3148 bps, 39.35%, Err 545 (1.0e-004)
774.994 .... 1190 packets received, 3146 bps, 39.32%, Err 549 (1.0e-004)
777.115 .... 1192 packets received, 3143 bps, 39.28%, Err 549 (1.0e-004)
779.286 .... 1195 packets received, 3142 bps, 39.27%, Err 551 (1.0e-004)
781.922 .... 1200 packets received, 3144 bps, 39.30%, Err 555 (1.0e-004)
786.663 .... 1201 packets received, 3128 bps, 39.10%, Err 558 (1.0e-004)
789.067 .... 1206 packets received, 3131 bps, 39.14%, Err 561 (1.0e-004)
791.150 .... 1214 packets received, 3144 bps, 39.30%, Err 563 (1.0e-004)
793.373 .... 1219 packets received, 3148 bps, 39.35%, Err 563 (1.0e-004)
795.527 .... 1222 packets received, 3147 bps, 39.34%, Err 565 (1.0e-004)
797.634 .... 1226 packets received, 3149 bps, 39.36%, Err 566 (1.0e-004)
799.857 .... 1234 packets received, 3161 bps, 39.51%, Err 566 (1.0e-004)
801.966 .... 1241 packets received, 3170 bps, 39.63%, Err 567 (1.0e-004)
804.071 .... 1243 packets received, 3167 bps, 39.59%, Err 567 (1.0e-004)
807.279 .... 1247 packets received, 3165 bps, 39.56%, Err 568 (1.0e-004)
809.952 .... 1251 packets received, 3164 bps, 39.56%, Err 569 (9.9e-005)
812.373 .... 1253 packets received, 3160 bps, 39.50%, Err 572 (1.0e-004)
814.494 .... 1256 packets received, 3159 bps, 39.49%, Err 575 (1.0e-004)
817.498 .... 1262 packets received, 3163 bps, 39.53%, Err 579 (1.0e-004)
819.584 .... 1265 packets received, 3162 bps, 39.53%, Err 583 (1.0e-004)
821.739 .... 1272 packets received, 3171 bps, 39.64%, Err 584 (1.0e-004)
823.904 .... 1274 packets received, 3168 bps, 39.60%, Err 585 (1.0e-004)
826.060 .... 1277 packets received, 3167 bps, 39.59%, Err 586 (1.0e-004)
828.182 .... 1281 packets received, 3169 bps, 39.61%, Err 588 (1.0e-004)
830.317 .... 1284 packets received, 3168 bps, 39.60%, Err 589 (1.0e-004)
832.436 .... 1292 packets received, 3180 bps, 39.75%, Err 590 (1.0e-004)
836.313 .... 1297 packets received, 3177 bps, 39.72%, Err 593 (1.0e-004)
838.432 .... 1299 packets received, 3174 bps, 39.68%, Err 596 (1.0e-004)
841.175 .... 1300 packets received, 3166 bps, 39.58%, Err 597 (1.0e-004)
843.326 .... 1308 packets received, 3178 bps, 39.72%, Err 598 (1.0e-004)
845.731 .... 1312 packets received, 3178 bps, 39.73%, Err 601 (1.0e-004)
847.887 .... 1320 packets received, 3190 bps, 39.87%, Err 602 (1.0e-004)
850.054 .... 1323 packets received, 3189 bps, 39.86%, Err 602 (1.0e-004)
852.194 .... 1327 packets received, 3190 bps, 39.88%, Err 605 (1.0e-004)
854.326 .... 1330 packets received, 3189 bps, 39.87%, Err 609 (1.0e-004)
856.461 .... 1334 packets received, 3191 bps, 39.89%, Err 611 (1.0e-004)
858.850 .... 1339 packets received, 3194 bps, 39.93%, Err 613 (1.0e-004)
860.971 .... 1341 packets received, 3191 bps, 39.89%, Err 614 (1.0e-004)
863.364 .... 1345 packets received, 3192 bps, 39.90%, Err 614 (1.0e-004)
866.138 .... 1349 packets received, 3191 bps, 39.89%, Err 616 (1.0e-004)
868.262 .... 1357 packets received, 3202 bps, 40.02%, Err 616 (1.0e-004)
870.384 .... 1364 packets received, 3211 bps, 40.13%, Err 617 (1.0e-004)
872.758 .... 1368 packets received, 3211 bps, 40.14%, Err 621 (1.0e-004)
876.249 .... 1371 packets received, 3205 bps, 40.07%, Err 622 (1.0e-004)
878.455 .... 1379 packets received, 3216 bps, 40.20%, Err 624 (1.0e-004)
880.592 .... 1382 packets received, 3215 bps, 40.19%, Err 625 (1.0e-004)
885.151 .... 1388 packets received, 3213 bps, 40.16%, Err 629 (1.0e-004)
887.309 .... 1392 packets received, 3214 bps, 40.17%, Err 630 (1.0e-004)
889.484 .... 1397 packets received, 3218 bps, 40.22%, Err 631 (1.0e-004)
894.141 .... 1399 packets received, 3205 bps, 40.07%, Err 634 (1.0e-004)
896.280 .... 1402 packets received, 3205 bps, 40.06%, Err 636 (1.0e-004)
903.081 .... 1406 packets received, 3190 bps, 39.87%, Err 643 (1.0e-004)
905.253 .... 1414 packets received, 3200 bps, 40.00%, Err 643 (1.0e-004)
907.559 ** WARNING: System too busy, sleep 15 ms, but be awakened 69 ms later
908.159 .... 1421 packets received, 3206 bps, 40.07%, Err 644 (1.0e-004)
910.293 .... 1428 packets received, 3214 bps, 40.17%, Err 644 (1.0e-004)
912.797 .... 1429 packets received, 3207 bps, 40.09%, Err 649 (1.0e-004)
919.550 .... 1436 packets received, 3199 bps, 39.99%, Err 653 (1.0e-004)
921.784 .... 1437 packets received, 3194 bps, 39.92%, Err 656 (1.0e-004)
924.233 .... 1444 packets received, 3201 bps, 40.01%, Err 656 (1.0e-004)
926.890 .... 1449 packets received, 3203 bps, 40.03%, Err 658 (1.0e-004)
929.005 .... 1457 packets received, 3213 bps, 40.16%, Err 658 (1.0e-004)
929.529 ** WARNING: System too busy, sleep 15 ms, but be awakened 70 ms later
932.210 .... 1461 packets received, 3211 bps, 40.13%, Err 662 (1.0e-004)
934.344 .... 1462 packets received, 3206 bps, 40.07%, Err 662 (1.0e-004)
935.514 ** WARNING: System too busy, sleep 15 ms, but be awakened 68 ms later
938.875 .... 1470 packets received, 3208 bps, 40.10%, Err 666 (1.0e-004)
941.526 ** WARNING: System too busy, sleep 15 ms, but be awakened 69 ms later
942.311 .... 1473 packets received, 3202 bps, 40.03%, Err 669 (1.0e-004)
944.450 .... 1477 packets received, 3204 bps, 40.05%, Err 670 (1.0e-004)
946.556 .... 1480 packets received, 3203 bps, 40.04%, Err 672 (1.0e-004)
959.197 .... 1483 packets received, 3167 bps, 39.59%, Err 681 (1.0e-004)
962.224 .... 1489 packets received, 3170 bps, 39.63%, Err 683 (1.0e-004)
964.357 .... 1497 packets received, 3180 bps, 39.75%, Err 683 (1.0e-004)
966.991 .... 1500 packets received, 3178 bps, 39.72%, Err 686 (1.0e-004)
969.165 .... 1508 packets received, 3188 bps, 39.85%, Err 686 (1.0e-004)
971.287 .... 1516 packets received, 3198 bps, 39.97%, Err 687 (1.0e-004)
973.475 .... 1523 packets received, 3205 bps, 40.06%, Err 689 (1.0e-004)
975.613 .... 1526 packets received, 3204 bps, 40.05%, Err 692 (1.0e-004)
977.716 .... 1534 packets received, 3214 bps, 40.18%, Err 693 (1.0e-004)
979.860 .... 1536 packets received, 3211 bps, 40.14%, Err 695 (1.0e-004)
982.010 .... 1544 packets received, 3221 bps, 40.26%, Err 696 (1.0e-004)
985.036 .... 1547 packets received, 3217 bps, 40.22%, Err 697 (1.0e-004)
987.155 .... 1551 packets received, 3219 bps, 40.23%, Err 699 (1.0e-004)
989.295 .... 1555 packets received, 3220 bps, 40.25%, Err 702 (1.0e-004)
992.583 .... 1562 packets received, 3224 bps, 40.30%, Err 703 (1.0e-004)
996.168 .... 1567 packets received, 3223 bps, 40.28%, Err 705 (1.0e-004)
998.293 .... 1571 packets received, 3224 bps, 40.30%, Err 709 (1.0e-004)
1000.456 .... 1574 packets received, 3223 bps, 40.29%, Err 709 (1.0e-004)
1002.561 .... 1582 packets received, 3233 bps, 40.41%, Err 710 (1.0e-004)
1004.731 .... 1583 packets received, 3228 bps, 40.35%, Err 712 (1.0e-004)
1006.881 .... 1591 packets received, 3237 bps, 40.46%, Err 712 (1.0e-004)
1010.087 .... 1595 packets received, 3235 bps, 40.44%, Err 717 (1.0e-004)
1012.544 .... 1596 packets received, 3229 bps, 40.36%, Err 717 (1.0e-004)
1014.649 .... 1598 packets received, 3226 bps, 40.33%, Err 721 (1.0e-004)
1016.800 .... 1601 packets received, 3226 bps, 40.32%, Err 723 (1.0e-004)
1018.886 .... 1609 packets received, 3235 bps, 40.44%, Err 723 (1.0e-004)
1021.391 .... 1611 packets received, 3231 bps, 40.39%, Err 724 (1.0e-004)
1023.549 .... 1615 packets received, 3232 bps, 40.40%, Err 728 (1.0e-004)
1025.618 .... 1622 packets received, 3240 bps, 40.50%, Err 729 (1.0e-004)
1027.743 .... 1625 packets received, 3239 bps, 40.49%, Err 729 (1.0e-004)
1029.843 .... 1628 packets received, 3238 bps, 40.48%, Err 731 (1.0e-004)
1032.007 .... 1636 packets received, 3248 bps, 40.59%, Err 731 (1.0e-004)
1037.716 .... 1641 packets received, 3240 bps, 40.49%, Err 734 (1.0e-004)
1039.822 .... 1644 packets received, 3239 bps, 40.49%, Err 736 (1.0e-004)
1043.183 .... 1647 packets received, 3234 bps, 40.43%, Err 739 (1.0e-004)
1045.409 .... 1649 packets received, 3231 bps, 40.39%, Err 742 (1.0e-004)
1048.136 .... 1652 packets received, 3229 bps, 40.36%, Err 743 (1.0e-004)
1051.240 .... 1655 packets received, 3225 bps, 40.31%, Err 746 (1.0e-004)
1054.728 .... 1661 packets received, 3226 bps, 40.33%, Err 748 (1.0e-004)
1057.951 .... 1668 packets received, 3230 bps, 40.37%, Err 749 (1.0e-004)
1060.053 .... 1671 packets received, 3229 bps, 40.37%, Err 751 (1.0e-004)
1062.187 .... 1674 packets received, 3229 bps, 40.36%, Err 754 (1.0e-004)
1066.876 .... 1675 packets received, 3216 bps, 40.20%, Err 758 (1.0e-004)
1069.054 .... 1683 packets received, 3225 bps, 40.31%, Err 759 (1.0e-004)
1071.157 .... 1686 packets received, 3224 bps, 40.31%, Err 761 (1.0e-004)
1073.295 .... 1694 packets received, 3233 bps, 40.42%, Err 761 (1.0e-004)
1079.722 .... 1699 packets received, 3224 bps, 40.29%, Err 766 (1.0e-004)
1083.792 .... 1702 packets received, 3217 bps, 40.21%, Err 769 (1.0e-004)
1085.910 .... 1710 packets received, 3226 bps, 40.32%, Err 769 (1.0e-004)
1089.231 .... 1715 packets received, 3226 bps, 40.32%, Err 773 (1.0e-004)
1097.473 .... 1719 packets received, 3209 bps, 40.11%, Err 778 (1.0e-004)
1100.011 .... 1723 packets received, 3209 bps, 40.11%, Err 779 (1.0e-004)
1102.120 .... 1726 packets received, 3208 bps, 40.10%, Err 780 (1.0e-004)
1104.293 .... 1734 packets received, 3217 bps, 40.21%, Err 780 (1.0e-004)
1107.263 .... 1736 packets received, 3212 bps, 40.15%, Err 785 (1.0e-004)
1110.770 .... 1743 packets received, 3215 bps, 40.18%, Err 787 (1.0e-004)
1113.012 .... 1750 packets received, 3221 bps, 40.26%, Err 787 (1.0e-004)
1115.117 .... 1758 packets received, 3230 bps, 40.37%, Err 788 (1.0e-004)
1117.183 .... 1766 packets received, 3238 bps, 40.48%, Err 788 (9.9e-005)
1119.925 .... 1769 packets received, 3236 bps, 40.45%, Err 792 (1.0e-004)
1121.996 .... 1772 packets received, 3235 bps, 40.44%, Err 794 (1.0e-004)
1123.635 ** WARNING: System too busy, sleep 15 ms, but be awakened 68 ms later
1124.425 .... 1773 packets received, 3230 bps, 40.38%, Err 794 (1.0e-004)
1126.943 .... 1775 packets received, 3227 bps, 40.33%, Err 798 (1.0e-004)
1129.061 .... 1779 packets received, 3228 bps, 40.35%, Err 800 (1.0e-004)
1131.615 ** WARNING: System too busy, sleep 15 ms, but be awakened 68 ms later
1135.568 ** WARNING: System too busy, sleep 15 ms, but be awakened 79 ms later
1139.008 .... 1783 packets received, 3207 bps, 40.09%, Err 806 (1.0e-004)
1141.141 .... 1790 packets received, 3213 bps, 40.17%, Err 808 (1.0e-004)
1143.795 .... 1791 packets received, 3208 bps, 40.10%, Err 809 (1.0e-004)
1147.500 .... 1793 packets received, 3201 bps, 40.01%, Err 812 (1.0e-004)
1150.965 .... 1798 packets received, 3200 bps, 40.00%, Err 816 (1.0e-004)
1159.748 .... 1803 packets received, 3185 bps, 39.81%, Err 821 (1.0e-004)
1163.503 .... 1810 packets received, 3187 bps, 39.84%, Err 823 (1.0e-004)
1167.657 .... 1817 packets received, 3188 bps, 39.85%, Err 827 (1.0e-004)
1169.759 .... 1820 packets received, 3187 bps, 39.84%, Err 828 (1.0e-004)
1171.907 .... 1823 packets received, 3187 bps, 39.83%, Err 829 (1.0e-004)
1175.369 .... 1830 packets received, 3189 bps, 39.87%, Err 831 (1.0e-004)
1178.578 .... 1832 packets received, 3184 bps, 39.80%, Err 833 (1.0e-004)
1180.999 .... 1834 packets received, 3181 bps, 39.77%, Err 834 (1.0e-004)
1183.436 .... 1841 packets received, 3187 bps, 39.83%, Err 834 (1.0e-004)
1185.556 .... 1849 packets received, 3195 bps, 39.94%, Err 835 (1.0e-004)
1187.745 .... 1856 packets received, 3201 bps, 40.01%, Err 835 (9.9e-005)
1190.424 .... 1859 packets received, 3199 bps, 39.99%, Err 839 (1.0e-004)
1192.571 .... 1863 packets received, 3200 bps, 40.00%, Err 842 (1.0e-004)
1194.694 .... 1866 packets received, 3200 bps, 40.00%, Err 846 (1.0e-004)
1197.863 .... 1873 packets received, 3203 bps, 40.04%, Err 848 (1.0e-004)
1201.869 .... 1880 packets received, 3204 bps, 40.05%, Err 850 (1.0e-004)
1203.987 .... 1883 packets received, 3204 bps, 40.05%, Err 851 (1.0e-004)
1206.141 .... 1886 packets received, 3203 bps, 40.04%, Err 853 (1.0e-004)
1207.613 ** WARNING: System too busy, sleep 15 ms, but be awakened 85 ms later
1209.376 .... 1892 packets received, 3205 bps, 40.06%, Err 856 (1.0e-004)
1211.518 .... 1900 packets received, 3213 bps, 40.16%, Err 857 (1.0e-004)
1213.623 .... 1903 packets received, 3212 bps, 40.15%, Err 858 (1.0e-004)
1215.774 .... 1906 packets received, 3212 bps, 40.14%, Err 860 (1.0e-004)
1218.007 .... 1914 packets received, 3219 bps, 40.24%, Err 860 (1.0e-004)
1220.663 .... 1917 packets received, 3217 bps, 40.21%, Err 865 (1.0e-004)
1221.655 ** WARNING: System too busy, sleep 15 ms, but be awakened 91 ms later
1222.798 .... 1919 packets received, 3215 bps, 40.19%, Err 868 (1.0e-004)
1228.273 .... 1921 packets received, 3204 bps, 40.05%, Err 875 (1.0e-004)
1230.423 .... 1929 packets received, 3212 bps, 40.14%, Err 875 (1.0e-004)
1235.694 .... 1931 packets received, 3201 bps, 40.01%, Err 879 (1.0e-004)
1238.115 .... 1936 packets received, 3203 bps, 40.04%, Err 880 (1.0e-004)
1240.235 .... 1939 packets received, 3203 bps, 40.03%, Err 882 (1.0e-004)
1242.379 .... 1942 packets received, 3202 bps, 40.03%, Err 882 (1.0e-004)
1245.200 .... 1945 packets received, 3200 bps, 40.00%, Err 885 (1.0e-004)
1247.337 .... 1953 packets received, 3207 bps, 40.09%, Err 885 (1.0e-004)
1249.572 .... 1955 packets received, 3205 bps, 40.06%, Err 887 (1.0e-004)
1251.727 .... 1958 packets received, 3204 bps, 40.05%, Err 890 (1.0e-004)
1258.090 .... 1964 packets received, 3198 bps, 39.97%, Err 893 (1.0e-004)
1260.261 .... 1968 packets received, 3199 bps, 39.99%, Err 895 (1.0e-004)
1262.881 .... 1970 packets received, 3196 bps, 39.94%, Err 897 (1.0e-004)
1267.017 .... 1974 packets received, 3192 bps, 39.89%, Err 900 (1.0e-004)
1269.722 .... 1978 packets received, 3191 bps, 39.89%, Err 902 (1.0e-004)
1275.210 .... 1983 packets received, 3185 bps, 39.82%, Err 907 (1.0e-004)
1277.634 ** WARNING: System too busy, sleep 15 ms, but be awakened 106 ms later
1278.113 .... 1990 packets received, 3189 bps, 39.87%, Err 908 (1.0e-004)
1280.278 .... 1998 packets received, 3197 bps, 39.96%, Err 908 (1.0e-004)
1281.604 ** WARNING: System too busy, sleep 15 ms, but be awakened 69 ms later
1282.368 .... 2006 packets received, 3204 bps, 40.06%, Err 908 (1.0e-004)
1286.462 .... 2014 packets received, 3207 bps, 40.09%, Err 909 (1.0e-004)
1288.635 .... 2017 packets received, 3206 bps, 40.08%, Err 913 (1.0e-004)
1291.505 .... 2023 packets received, 3209 bps, 40.11%, Err 914 (1.0e-004)
1295.194 .... 2029 packets received, 3209 bps, 40.11%, Err 918 (1.0e-004)
1298.136 .... 2035 packets received, 3211 bps, 40.14%, Err 920 (1.0e-004)
1303.953 .... 2040 packets received, 3205 bps, 40.06%, Err 925 (1.0e-004)
1306.081 .... 2048 packets received, 3212 bps, 40.15%, Err 925 (1.0e-004)
1308.201 .... 2056 packets received, 3219 bps, 40.24%, Err 927 (1.0e-004)
1310.355 .... 2060 packets received, 3220 bps, 40.26%, Err 929 (1.0e-004)
1312.457 .... 2063 packets received, 3220 bps, 40.25%, Err 931 (1.0e-004)
1315.718 .... 2068 packets received, 3220 bps, 40.25%, Err 932 (1.0e-004)
1319.453 .... 2075 packets received, 3221 bps, 40.27%, Err 935 (1.0e-004)
1321.575 .... 2083 packets received, 3229 bps, 40.36%, Err 935 (1.0e-004)
1324.917 .... 2087 packets received, 3227 bps, 40.33%, Err 938 (1.0e-004)
1329.643 .... 2088 packets received, 3217 bps, 40.21%, Err 942 (1.0e-004)
1331.782 .... 2096 packets received, 3224 bps, 40.30%, Err 942 (1.0e-004)
1341.636 ** WARNING: System too busy, sleep 15 ms, but be awakened 77 ms later
1341.921 .... 2104 packets received, 3212 bps, 40.15%, Err 949 (1.0e-004)
1344.896 .... 2106 packets received, 3208 bps, 40.10%, Err 951 (1.0e-004)
1347.031 .... 2110 packets received, 3209 bps, 40.11%, Err 952 (1.0e-004)
1352.560 .... 2113 packets received, 3200 bps, 40.00%, Err 957 (1.0e-004)
1356.568 .... 2120 packets received, 3201 bps, 40.02%, Err 959 (1.0e-004)
1359.225 .... 2123 packets received, 3200 bps, 39.99%, Err 962 (1.0e-004)
1361.359 .... 2131 packets received, 3207 bps, 40.08%, Err 962 (1.0e-004)
1363.498 .... 2138 packets received, 3212 bps, 40.15%, Err 966 (1.0e-004)
1365.621 .... 2141 packets received, 3212 bps, 40.14%, Err 967 (1.0e-004)
1369.115 .... 2148 packets received, 3214 bps, 40.17%, Err 971 (1.0e-004)
1369.635 ** WARNING: System too busy, sleep 15 ms, but be awakened 88 ms later
1371.231 .... 2151 packets received, 3213 bps, 40.17%, Err 972 (1.0e-004)
1373.283 .... 2158 packets received, 3219 bps, 40.24%, Err 972 (1.0e-004)
1375.944 .... 2161 packets received, 3217 bps, 40.22%, Err 973 (1.0e-004)
1378.064 .... 2168 packets received, 3223 bps, 40.28%, Err 974 (1.0e-004)
1381.385 .... 2170 packets received, 3218 bps, 40.22%, Err 975 (1.0e-004)
1383.825 .... 2175 packets received, 3220 bps, 40.25%, Err 976 (1.0e-004)
1385.930 .... 2178 packets received, 3219 bps, 40.24%, Err 978 (1.0e-004)
1391.156 .... 2180 packets received, 3210 bps, 40.13%, Err 982 (1.0e-004)
1393.576 .... 2183 packets received, 3209 bps, 40.11%, Err 984 (1.0e-004)
1395.970 .... 2187 packets received, 3209 bps, 40.12%, Err 986 (1.0e-004)
1398.123 .... 2190 packets received, 3209 bps, 40.11%, Err 988 (1.0e-004)
1401.648 .... 2195 packets received, 3208 bps, 40.10%, Err 990 (1.0e-004)
1405.700 .... 2203 packets received, 3210 bps, 40.13%, Err 993 (1.0e-004)
1407.665 ** WARNING: System too busy, sleep 15 ms, but be awakened 76 ms later
1409.707 .... 2210 packets received, 3211 bps, 40.14%, Err 997 (1.0e-004)
1413.669 ** WARNING: System too busy, sleep 15 ms, but be awakened 69 ms later
1414.716 .... 2211 packets received, 3201 bps, 40.02%, Err 1002 (1.0e-004)
1417.367 .... 2217 packets received, 3204 bps, 40.05%, Err 1004 (1.0e-004)
1420.557 .... 2224 packets received, 3207 bps, 40.09%, Err 1006 (1.0e-004)
1422.658 .... 2226 packets received, 3205 bps, 40.06%, Err 1008 (1.0e-004)
1426.940 .... 2234 packets received, 3207 bps, 40.09%, Err 1011 (1.0e-004)
1429.075 .... 2238 packets received, 3208 bps, 40.10%, Err 1012 (1.0e-004)
1434.284 .... 2241 packets received, 3201 bps, 40.01%, Err 1019 (1.0e-004)
1436.990 .... 2245 packets received, 3200 bps, 40.00%, Err 1021 (1.0e-004)
1439.093 .... 2248 packets received, 3200 bps, 40.00%, Err 1021 (1.0e-004)
1441.233 .... 2251 packets received, 3199 bps, 39.99%, Err 1026 (1.0e-004)
1443.390 .... 2254 packets received, 3199 bps, 39.99%, Err 1027 (1.0e-004)
1445.507 .... 2262 packets received, 3205 bps, 40.07%, Err 1027 (1.0e-004)
1447.696 .... 2269 packets received, 3211 bps, 40.13%, Err 1028 (1.0e-004)
1449.833 .... 2270 packets received, 3207 bps, 40.09%, Err 1029 (1.0e-004)
1451.960 .... 2273 packets received, 3207 bps, 40.08%, Err 1030 (1.0e-004)
1455.000 .... 2278 packets received, 3207 bps, 40.09%, Err 1033 (1.0e-004)
1457.235 .... 2285 packets received, 3212 bps, 40.15%, Err 1033 (1.0e-004)
1459.328 .... 2288 packets received, 3212 bps, 40.15%, Err 1035 (1.0e-004)
1462.704 .... 2293 packets received, 3211 bps, 40.14%, Err 1036 (1.0e-004)
1466.472 .... 2299 packets received, 3211 bps, 40.14%, Err 1039 (1.0e-004)
1469.161 .... 2304 packets received, 3212 bps, 40.16%, Err 1042 (1.0e-004)
1471.306 .... 2307 packets received, 3212 bps, 40.15%, Err 1042 (1.0e-004)
1479.831 .... 2311 packets received, 3199 bps, 39.99%, Err 1051 (1.0e-004)
1482.714 .... 2318 packets received, 3202 bps, 40.03%, Err 1055 (1.0e-004)
1485.443 .... 2326 packets received, 3208 bps, 40.09%, Err 1056 (1.0e-004)
1488.408 .... 2330 packets received, 3207 bps, 40.08%, Err 1058 (1.0e-004)
1490.513 .... 2338 packets received, 3213 bps, 40.16%, Err 1058 (1.0e-004)
1492.518 .... 2343 packets received, 3216 bps, 40.20%, Err 1060 (1.0e-004)
1495.058 .... 2344 packets received, 3212 bps, 40.14%, Err 1061 (1.0e-004)
1497.422 .... 2348 packets received, 3212 bps, 40.15%, Err 1063 (1.0e-004)
1499.564 .... 2352 packets received, 3213 bps, 40.16%, Err 1065 (1.0e-004)
1501.698 .... 2355 packets received, 3212 bps, 40.15%, Err 1068 (1.0e-004)
1503.868 .... 2357 packets received, 3210 bps, 40.13%, Err 1068 (1.0e-004)
1509.055 .... 2359 packets received, 3202 bps, 40.03%, Err 1075 (1.0e-004)
1511.194 .... 2361 packets received, 3200 bps, 40.00%, Err 1078 (1.0e-004)
1513.697 ** WARNING: System too busy, sleep 15 ms, but be awakened 101 ms later
1515.601 .... 2362 packets received, 3192 bps, 39.90%, Err 1081 (1.0e-004)
1517.722 .... 2365 packets received, 3192 bps, 39.90%, Err 1083 (1.0e-004)
1519.884 .... 2372 packets received, 3197 bps, 39.96%, Err 1083 (1.0e-004)
1522.211 .... 2376 packets received, 3197 bps, 39.97%, Err 1085 (1.0e-004)
1524.375 .... 2384 packets received, 3204 bps, 40.04%, Err 1085 (1.0e-004)
1526.513 .... 2389 packets received, 3206 bps, 40.07%, Err 1085 (1.0e-004)
1529.619 .... 2391 packets received, 3202 bps, 40.02%, Err 1086 (1.0e-004)
1531.786 .... 2399 packets received, 3208 bps, 40.10%, Err 1086 (1.0e-004)
1533.877 .... 2405 packets received, 3212 bps, 40.15%, Err 1086 (1.0e-004)
1536.014 .... 2408 packets received, 3211 bps, 40.14%, Err 1088 (1.0e-004)
1538.141 .... 2411 packets received, 3211 bps, 40.14%, Err 1090 (1.0e-004)
1543.084 .... 2413 packets received, 3203 bps, 40.04%, Err 1093 (1.0e-004)
1548.308 .... 2417 packets received, 3198 bps, 39.97%, Err 1097 (1.0e-004)
1550.965 .... 2420 packets received, 3196 bps, 39.95%, Err 1100 (1.0e-004)
1553.169 .... 2428 packets received, 3202 bps, 40.03%, Err 1101 (1.0e-004)
1556.594 .... 2433 packets received, 3202 bps, 40.02%, Err 1104 (1.0e-004)
1558.744 .... 2441 packets received, 3208 bps, 40.10%, Err 1104 (1.0e-004)
1560.862 .... 2449 packets received, 3214 bps, 40.17%, Err 1104 (1.0e-004)
1564.189 .... 2453 packets received, 3212 bps, 40.15%, Err 1107 (1.0e-004)
1568.041 .... 2456 packets received, 3208 bps, 40.10%, Err 1110 (1.0e-004)
1570.159 .... 2460 packets received, 3209 bps, 40.12%, Err 1111 (1.0e-004)
1574.169 .... 2466 packets received, 3209 bps, 40.11%, Err 1114 (1.0e-004)
1577.144 .... 2468 packets received, 3205 bps, 40.07%, Err 1119 (1.0e-004)
1581.394 .... 2475 packets received, 3206 bps, 40.07%, Err 1122 (1.0e-004)
1586.353 .... 2476 packets received, 3197 bps, 39.96%, Err 1129 (1.0e-004)
1589.289 .... 2483 packets received, 3200 bps, 40.00%, Err 1131 (1.0e-004)
1594.241 .... 2485 packets received, 3193 bps, 39.91%, Err 1137 (1.0e-004)
1596.759 .... 2492 packets received, 3197 bps, 39.96%, Err 1137 (1.0e-004)
1598.892 .... 2495 packets received, 3196 bps, 39.96%, Err 1139 (1.0e-004)
1602.650 .... 2501 packets received, 3197 bps, 39.96%, Err 1142 (1.0e-004)
1604.786 .... 2509 packets received, 3203 bps, 40.03%, Err 1144 (1.0e-004)
1606.941 .... 2510 packets received, 3200 bps, 39.99%, Err 1147 (1.0e-004)
1609.041 .... 2513 packets received, 3199 bps, 39.99%, Err 1150 (1.0e-004)
1611.222 .... 2521 packets received, 3205 bps, 40.06%, Err 1150 (1.0e-004)
1613.363 .... 2528 packets received, 3210 bps, 40.12%, Err 1150 (1.0e-004)
1615.487 .... 2531 packets received, 3209 bps, 40.12%, Err 1152 (1.0e-004)
1617.638 .... 2538 packets received, 3214 bps, 40.17%, Err 1153 (1.0e-004)
1622.544 .... 2539 packets received, 3205 bps, 40.07%, Err 1156 (1.0e-004)
1624.646 .... 2541 packets received, 3204 bps, 40.05%, Err 1159 (1.0e-004)
1626.837 .... 2543 packets received, 3202 bps, 40.02%, Err 1161 (1.0e-004)
1632.543 .... 2549 packets received, 3198 bps, 39.98%, Err 1166 (1.0e-004)
1634.715 .... 2552 packets received, 3198 bps, 39.97%, Err 1167 (1.0e-004)
1636.846 .... 2558 packets received, 3201 bps, 40.01%, Err 1167 (1.0e-004)
1642.522 .... 2560 packets received, 3193 bps, 39.91%, Err 1171 (1.0e-004)
1647.728 ** WARNING: System too busy, sleep 15 ms, but be awakened 69 ms later
1647.760 .... 2561 packets received, 3184 bps, 39.80%, Err 1174 (1.0e-004)
1649.903 .... 2569 packets received, 3189 bps, 39.87%, Err 1175 (1.0e-004)
1652.011 .... 2577 packets received, 3195 bps, 39.94%, Err 1176 (1.0e-004)
1656.694 .... 2578 packets received, 3188 bps, 39.84%, Err 1178 (1.0e-004)
1661.603 .... 2580 packets received, 3181 bps, 39.76%, Err 1182 (1.0e-004)
1663.743 .... 2582 packets received, 3179 bps, 39.74%, Err 1184 (1.0e-004)
1665.810 .... 2588 packets received, 3182 bps, 39.78%, Err 1184 (1.0e-004)
1667.997 .... 2591 packets received, 3182 bps, 39.77%, Err 1187 (1.0e-004)
1670.099 .... 2599 packets received, 3188 bps, 39.85%, Err 1187 (1.0e-004)
1672.240 .... 2607 packets received, 3193 bps, 39.92%, Err 1188 (1.0e-004)
1675.205 .... 2609 packets received, 3190 bps, 39.88%, Err 1191 (1.0e-004)
1677.745 ** WARNING: System too busy, sleep 15 ms, but be awakened 69 ms later
1678.708 .... 2614 packets received, 3190 bps, 39.87%, Err 1195 (1.0e-004)
1680.879 .... 2615 packets received, 3187 bps, 39.83%, Err 1195 (1.0e-004)
1683.054 .... 2623 packets received, 3192 bps, 39.90%, Err 1195 (1.0e-004)
1685.134 .... 2629 packets received, 3196 bps, 39.95%, Err 1196 (1.0e-004)
1687.561 .... 2633 packets received, 3196 bps, 39.95%, Err 1197 (1.0e-004)
1689.963 .... 2636 packets received, 3195 bps, 39.94%, Err 1199 (1.0e-004)
1693.400 .... 2639 packets received, 3192 bps, 39.90%, Err 1203 (1.0e-004)
1695.548 .... 2647 packets received, 3198 bps, 39.97%, Err 1203 (1.0e-004)
1697.790 .... 2653 packets received, 3201 bps, 40.01%, Err 1204 (1.0e-004)
1699.911 .... 2661 packets received, 3206 bps, 40.08%, Err 1204 (1.0e-004)
1702.746 .... 2664 packets received, 3205 bps, 40.06%, Err 1205 (1.0e-004)
1706.720 .... 2672 packets received, 3207 bps, 40.09%, Err 1210 (1.0e-004)
1708.909 .... 2679 packets received, 3211 bps, 40.14%, Err 1210 (1.0e-004)
1712.598 .... 2686 packets received, 3213 bps, 40.16%, Err 1212 (1.0e-004)
1713.741 ** WARNING: System too busy, sleep 15 ms, but be awakened 78 ms later
1715.966 .... 2689 packets received, 3210 bps, 40.12%, Err 1213 (1.0e-004)
1721.714 .... 2695 packets received, 3206 bps, 40.08%, Err 1216 (1.0e-004)
1723.825 .... 2699 packets received, 3207 bps, 40.09%, Err 1219 (1.0e-004)
1726.498 .... 2704 packets received, 3208 bps, 40.10%, Err 1221 (1.0e-004)
1728.621 .... 2708 packets received, 3209 bps, 40.11%, Err 1222 (1.0e-004)
1730.754 .... 2711 packets received, 3208 bps, 40.11%, Err 1224 (1.0e-004)
1731.745 ** WARNING: System too busy, sleep 15 ms, but be awakened 74 ms later
1734.028 .... 2716 packets received, 3208 bps, 40.10%, Err 1226 (1.0e-004)
1736.113 .... 2718 packets received, 3207 bps, 40.09%, Err 1229 (1.0e-004)
1738.284 .... 2726 packets received, 3212 bps, 40.15%, Err 1230 (1.0e-004)
1741.274 .... 2731 packets received, 3213 bps, 40.16%, Err 1233 (1.0e-004)
1745.479 .... 2739 packets received, 3214 bps, 40.18%, Err 1235 (1.0e-004)
1747.155 ** WARNING: System too busy, sleep 15 ms, but be awakened 72 ms later
1747.629 .... 2741 packets received, 3213 bps, 40.16%, Err 1238 (1.0e-004)
1752.868 .... 2745 packets received, 3208 bps, 40.10%, Err 1241 (1.0e-004)
1755.505 .... 2751 packets received, 3210 bps, 40.12%, Err 1244 (1.0e-004)
1759.616 .... 2754 packets received, 3206 bps, 40.07%, Err 1249 (1.0e-004)
1765.327 .... 2760 packets received, 3203 bps, 40.03%, Err 1254 (1.0e-004)
1767.483 .... 2768 packets received, 3208 bps, 40.10%, Err 1254 (1.0e-004)
1769.649 .... 2771 packets received, 3207 bps, 40.09%, Err 1256 (1.0e-004)
1771.772 .... 2778 packets received, 3212 bps, 40.15%, Err 1257 (1.0e-004)
1775.090 .... 2781 packets received, 3209 bps, 40.11%, Err 1260 (1.0e-004)
1777.769 .... 2787 packets received, 3211 bps, 40.14%, Err 1261 (1.0e-004)
1781.522 .... 2794 packets received, 3212 bps, 40.16%, Err 1262 (1.0e-004)
1783.771 ** WARNING: System too busy, sleep 15 ms, but be awakened 78 ms later
1784.894 .... 2798 packets received, 3211 bps, 40.14%, Err 1264 (1.0e-004)
1786.996 .... 2806 packets received, 3216 bps, 40.20%, Err 1264 (1.0e-004)
1789.134 .... 2811 packets received, 3218 bps, 40.23%, Err 1265 (1.0e-004)
1792.110 .... 2816 packets received, 3219 bps, 40.23%, Err 1268 (1.0e-004)
1794.991 .... 2822 packets received, 3220 bps, 40.25%, Err 1269 (1.0e-004)
1797.114 .... 2830 packets received, 3226 bps, 40.32%, Err 1269 (1.0e-004)
1801.236 .... 2834 packets received, 3223 bps, 40.29%, Err 1271 (1.0e-004)
1805.228 .... 2838 packets received, 3220 bps, 40.25%, Err 1276 (1.0e-004)
1808.833 .... 2842 packets received, 3218 bps, 40.23%, Err 1279 (1.0e-004)
1812.270 .... 2850 packets received, 3221 bps, 40.27%, Err 1280 (1.0e-004)
1815.188 .... 2854 packets received, 3221 bps, 40.26%, Err 1282 (1.0e-004)
1819.863 .... 2861 packets received, 3220 bps, 40.25%, Err 1284 (1.0e-004)
1824.819 .... 2862 packets received, 3213 bps, 40.16%, Err 1290 (1.0e-004)
1828.294 .... 2870 packets received, 3215 bps, 40.19%, Err 1291 (1.0e-004)
1831.242 .... 2876 packets received, 3217 bps, 40.21%, Err 1292 (1.0e-004)
1834.646 .... 2881 packets received, 3217 bps, 40.21%, Err 1295 (1.0e-004)
1838.134 .... 2884 packets received, 3214 bps, 40.17%, Err 1299 (1.0e-004)
1841.580 .... 2889 packets received, 3213 bps, 40.17%, Err 1303 (1.0e-004)
1844.046 .... 2893 packets received, 3214 bps, 40.17%, Err 1306 (1.0e-004)
1846.163 .... 2897 packets received, 3214 bps, 40.18%, Err 1308 (1.0e-004)
1849.346 .... 2905 packets received, 3218 bps, 40.22%, Err 1309 (1.0e-004)
1852.535 .... 2910 packets received, 3218 bps, 40.22%, Err 1313 (1.0e-004)
1857.210 .... 2917 packets received, 3217 bps, 40.21%, Err 1316 (1.0e-004)
1865.001 .... 2924 packets received, 3211 bps, 40.14%, Err 1321 (1.0e-004)
1867.154 .... 2932 packets received, 3217 bps, 40.21%, Err 1322 (1.0e-004)
1869.611 .... 2935 packets received, 3216 bps, 40.19%, Err 1325 (1.0e-004)
1871.756 .... 2937 packets received, 3214 bps, 40.18%, Err 1326 (1.0e-004)
1874.168 .... 2942 packets received, 3215 bps, 40.19%, Err 1328 (1.0e-004)
1877.366 .... 2946 packets received, 3214 bps, 40.18%, Err 1330 (1.0e-004)
1879.561 .... 2953 packets received, 3218 bps, 40.23%, Err 1330 (1.0e-004)
1879.798 ** WARNING: System too busy, sleep 15 ms, but be awakened 90 ms later
1885.559 .... 2956 packets received, 3211 bps, 40.14%, Err 1336 (1.0e-004)
1887.725 .... 2964 packets received, 3216 bps, 40.20%, Err 1336 (1.0e-004)
1889.826 .... 2968 packets received, 3217 bps, 40.21%, Err 1340 (1.0e-004)
1893.001 .... 2971 packets received, 3215 bps, 40.18%, Err 1344 (1.0e-004)
1893.803 ** WARNING: System too busy, sleep 15 ms, but be awakened 70 ms later
1896.795 .... 2977 packets received, 3215 bps, 40.19%, Err 1346 (1.0e-004)
1900.445 .... 2983 packets received, 3215 bps, 40.19%, Err 1349 (1.0e-004)
1903.907 .... 2990 packets received, 3217 bps, 40.21%, Err 1350 (1.0e-004)
1906.012 .... 2992 packets received, 3215 bps, 40.19%, Err 1351 (1.0e-004)
1909.803 ** WARNING: System too busy, sleep 15 ms, but be awakened 69 ms later
1910.097 .... 3000 packets received, 3217 bps, 40.21%, Err 1353 (1.0e-004)
1912.221 .... 3002 packets received, 3216 bps, 40.20%, Err 1354 (1.0e-004)
1914.606 .... 3004 packets received, 3214 bps, 40.17%, Err 1357 (1.0e-004)
1918.134 .... 3012 packets received, 3216 bps, 40.21%, Err 1358 (1.0e-004)
1920.236 .... 3016 packets received, 3217 bps, 40.21%, Err 1361 (1.0e-004)
1923.422 .... 3024 packets received, 3220 bps, 40.25%, Err 1363 (1.0e-004)
1926.700 .... 3028 packets received, 3219 bps, 40.24%, Err 1367 (1.0e-004)
1929.300 .... 3033 packets received, 3220 bps, 40.25%, Err 1370 (1.0e-004)
1933.981 .... 3035 packets received, 3214 bps, 40.18%, Err 1377 (1.0e-004)
1936.147 .... 3038 packets received, 3214 bps, 40.18%, Err 1380 (1.0e-004)
1938.474 .... 3041 packets received, 3213 bps, 40.17%, Err 1382 (1.0e-004)
1940.616 .... 3049 packets received, 3218 bps, 40.23%, Err 1382 (1.0e-004)
1944.592 .... 3055 packets received, 3218 bps, 40.22%, Err 1383 (1.0e-004)
1947.494 .... 3061 packets received, 3219 bps, 40.24%, Err 1384 (1.0e-004)
1951.240 .... 3067 packets received, 3220 bps, 40.24%, Err 1385 (1.0e-004)
1953.412 .... 3075 packets received, 3224 bps, 40.31%, Err 1385 (1.0e-004)
1955.533 .... 3083 packets received, 3229 bps, 40.37%, Err 1385 (1.0e-004)
1957.937 .... 3085 packets received, 3227 bps, 40.34%, Err 1389 (1.0e-004)
1960.056 .... 3086 packets received, 3225 bps, 40.31%, Err 1389 (1.0e-004)
1963.833 .... 3094 packets received, 3227 bps, 40.34%, Err 1392 (1.0e-004)
1970.457 .... 3100 packets received, 3222 bps, 40.28%, Err 1397 (1.0e-004)
1973.193 .... 3101 packets received, 3219 bps, 40.24%, Err 1398 (1.0e-004)
1975.650 .... 3104 packets received, 3218 bps, 40.23%, Err 1399 (1.0e-004)
1978.313 .... 3109 packets received, 3219 bps, 40.24%, Err 1402 (1.0e-004)
1980.432 .... 3112 packets received, 3219 bps, 40.23%, Err 1406 (1.0e-004)
1984.870 .... 3120 packets received, 3220 bps, 40.25%, Err 1407 (1.0e-004)
1988.594 .... 3126 packets received, 3220 bps, 40.25%, Err 1409 (1.0e-004)
1991.259 .... 3130 packets received, 3220 bps, 40.25%, Err 1410 (1.0e-004)
1994.952 .... 3136 packets received, 3220 bps, 40.25%, Err 1414 (1.0e-004)
1999.903 .... 3137 packets received, 3213 bps, 40.16%, Err 1417 (1.0e-004)
2002.840 .... 3141 packets received, 3212 bps, 40.15%, Err 1419 (1.0e-004)
2004.959 .... 3149 packets received, 3217 bps, 40.21%, Err 1420 (1.0e-004)
2007.749 .... 3154 packets received, 3218 bps, 40.22%, Err 1422 (1.0e-004)
2009.854 .... 3162 packets received, 3223 bps, 40.28%, Err 1423 (1.0e-004)
2012.797 .... 3166 packets received, 3222 bps, 40.27%, Err 1425 (1.0e-004)
2014.970 .... 3173 packets received, 3226 bps, 40.32%, Err 1427 (1.0e-004)
2017.106 .... 3175 packets received, 3224 bps, 40.30%, Err 1432 (1.0e-004)
2019.210 .... 3178 packets received, 3224 bps, 40.30%, Err 1432 (1.0e-004)
2021.860 .... 3181 packets received, 3223 bps, 40.28%, Err 1433 (1.0e-004)
2025.727 .... 3186 packets received, 3222 bps, 40.27%, Err 1435 (1.0e-004)
2028.404 .... 3190 packets received, 3221 bps, 40.27%, Err 1438 (1.0e-004)
2030.777 .... 3193 packets received, 3221 bps, 40.26%, Err 1440 (1.0e-004)
2032.958 .... 3197 packets received, 3221 bps, 40.26%, Err 1443 (1.0e-004)
2036.684 .... 3199 packets received, 3217 bps, 40.22%, Err 1445 (1.0e-004)
2041.552 .... 3207 packets received, 3218 bps, 40.22%, Err 1447 (1.0e-004)
2043.954 .... 3209 packets received, 3216 bps, 40.20%, Err 1449 (1.0e-004)
2046.140 .... 3212 packets received, 3215 bps, 40.19%, Err 1452 (1.0e-004)
2057.174 .... 3220 packets received, 3206 bps, 40.08%, Err 1460 (1.0e-004)
2059.292 .... 3228 packets received, 3211 bps, 40.13%, Err 1460 (1.0e-004)
2061.497 .... 3236 packets received, 3215 bps, 40.19%, Err 1461 (1.0e-004)
2064.424 .... 3242 packets received, 3217 bps, 40.21%, Err 1463 (1.0e-004)
2065.825 ** WARNING: System too busy, sleep 15 ms, but be awakened 69 ms later
2069.664 .... 3244 packets received, 3211 bps, 40.13%, Err 1468 (1.0e-004)
2072.066 .... 3249 packets received, 3212 bps, 40.15%, Err 1469 (1.0e-004)
2074.971 .... 3255 packets received, 3213 bps, 40.16%, Err 1471 (1.0e-004)
2079.006 .... 3263 packets received, 3215 bps, 40.19%, Err 1474 (1.0e-004)
2083.970 .... 3264 packets received, 3208 bps, 40.10%, Err 1477 (1.0e-004)
2086.158 .... 3268 packets received, 3209 bps, 40.11%, Err 1479 (1.0e-004)
2088.560 .... 3270 packets received, 3207 bps, 40.09%, Err 1482 (1.0e-004)
2093.811 .... 3272 packets received, 3201 bps, 40.01%, Err 1487 (1.0e-004)
2096.046 .... 3279 packets received, 3204 bps, 40.05%, Err 1487 (1.0e-004)
2098.174 .... 3287 packets received, 3209 bps, 40.11%, Err 1487 (1.0e-004)
2101.139 .... 3292 packets received, 3209 bps, 40.12%, Err 1489 (1.0e-004)
2104.582 .... 3300 packets received, 3212 bps, 40.15%, Err 1491 (1.0e-004)
2108.628 .... 3305 packets received, 3210 bps, 40.13%, Err 1492 (1.0e-004)
2110.734 .... 3308 packets received, 3210 bps, 40.13%, Err 1496 (1.0e-004)
2113.421 .... 3313 packets received, 3211 bps, 40.14%, Err 1498 (1.0e-004)
2115.510 .... 3321 packets received, 3215 bps, 40.19%, Err 1498 (1.0e-004)
2117.854 ** WARNING: System too busy, sleep 15 ms, but be awakened 72 ms later
2118.251 .... 3324 packets received, 3214 bps, 40.18%, Err 1499 (1.0e-004)
2123.718 .... 3329 packets received, 3211 bps, 40.13%, Err 1505 (1.0e-004)
2123.855 ** WARNING: System too busy, sleep 15 ms, but be awakened 69 ms later
2125.872 ** WARNING: System too busy, sleep 15 ms, but be awakened 85 ms later
2127.210 .... 3331 packets received, 3207 bps, 40.09%, Err 1508 (1.0e-004)
2131.166 .... 3336 packets received, 3206 bps, 40.08%, Err 1510 (1.0e-004)
2136.373 .... 3338 packets received, 3200 bps, 40.00%, Err 1515 (1.0e-004)
2138.757 .... 3345 packets received, 3204 bps, 40.04%, Err 1516 (1.0e-004)
2141.866 ** WARNING: System too busy, sleep 15 ms, but be awakened 68 ms later
2142.280 .... 3353 packets received, 3206 bps, 40.07%, Err 1520 (1.0e-004)
2145.005 .... 3358 packets received, 3207 bps, 40.08%, Err 1522 (1.0e-004)
2147.135 .... 3366 packets received, 3211 bps, 40.14%, Err 1522 (1.0e-004)
2147.886 ** WARNING: System too busy, sleep 15 ms, but be awakened 81 ms later
2149.907 .... 3374 packets received, 3215 bps, 40.18%, Err 1523 (1.0e-004)
2154.585 .... 3375 packets received, 3209 bps, 40.11%, Err 1525 (1.0e-004)
2156.710 .... 3379 packets received, 3209 bps, 40.11%, Err 1527 (1.0e-004)
2159.914 .... 3383 packets received, 3208 bps, 40.10%, Err 1530 (1.0e-004)
2162.535 .... 3389 packets received, 3210 bps, 40.12%, Err 1533 (1.0e-004)
2169.470 .... 3392 packets received, 3203 bps, 40.03%, Err 1538 (1.0e-004)
2171.615 .... 3394 packets received, 3201 bps, 40.02%, Err 1539 (1.0e-004)
2174.304 .... 3398 packets received, 3201 bps, 40.01%, Err 1541 (1.0e-004)
2176.445 .... 3401 packets received, 3201 bps, 40.01%, Err 1542 (1.0e-004)
2177.874 ** WARNING: System too busy, sleep 15 ms, but be awakened 81 ms later
2179.351 .... 3407 packets received, 3202 bps, 40.03%, Err 1544 (1.0e-004)
2181.501 .... 3415 packets received, 3206 bps, 40.08%, Err 1544 (1.0e-004)
2181.870 ** WARNING: System too busy, sleep 15 ms, but be awakened 74 ms later
2183.660 .... 3421 packets received, 3209 bps, 40.11%, Err 1544 (1.0e-004)
2185.779 .... 3424 packets received, 3209 bps, 40.11%, Err 1547 (1.0e-004)
2187.884 .... 3427 packets received, 3208 bps, 40.10%, Err 1547 (1.0e-004)
2190.817 .... 3430 packets received, 3207 bps, 40.09%, Err 1552 (1.0e-004)
2194.689 .... 3436 packets received, 3207 bps, 40.08%, Err 1556 (1.0e-004)
2197.492 .... 3437 packets received, 3204 bps, 40.05%, Err 1558 (1.0e-004)
2199.863 ** WARNING: System too busy, sleep 15 ms, but be awakened 69 ms later
2200.480 .... 3443 packets received, 3205 bps, 40.06%, Err 1559 (1.0e-004)
2204.248 .... 3450 packets received, 3206 bps, 40.07%, Err 1562 (1.0e-004)
2206.368 .... 3458 packets received, 3210 bps, 40.13%, Err 1563 (1.0e-004)
2208.590 .... 3466 packets received, 3214 bps, 40.18%, Err 1563 (1.0e-004)
2211.357 .... 3468 packets received, 3212 bps, 40.15%, Err 1567 (1.0e-004)
2219.057 .... 3469 packets received, 3202 bps, 40.03%, Err 1575 (1.0e-004)
2222.994 .... 3476 packets received, 3203 bps, 40.04%, Err 1576 (1.0e-004)
2225.120 .... 3483 packets received, 3206 bps, 40.08%, Err 1576 (1.0e-004)
2227.702 .... 3485 packets received, 3204 bps, 40.05%, Err 1579 (1.0e-004)
2230.704 .... 3491 packets received, 3206 bps, 40.07%, Err 1580 (1.0e-004)
2232.810 .... 3493 packets received, 3204 bps, 40.05%, Err 1583 (1.0e-004)
2234.966 .... 3501 packets received, 3209 bps, 40.11%, Err 1583 (1.0e-004)
2237.116 .... 3507 packets received, 3211 bps, 40.14%, Err 1585 (1.0e-004)
2240.272 .... 3509 packets received, 3208 bps, 40.10%, Err 1587 (1.0e-004)
2243.913 .... 3514 packets received, 3208 bps, 40.10%, Err 1593 (1.0e-004)
2248.852 .... 3515 packets received, 3202 bps, 40.02%, Err 1598 (1.0e-004)
2251.902 ** WARNING: System too busy, sleep 15 ms, but be awakened 68 ms later
2252.856 .... 3523 packets received, 3203 bps, 40.04%, Err 1600 (1.0e-004)
2257.780 .... 3524 packets received, 3197 bps, 39.96%, Err 1602 (1.0e-004)
2260.434 .... 3530 packets received, 3199 bps, 39.98%, Err 1608 (1.0e-004)
2262.605 .... 3532 packets received, 3197 bps, 39.97%, Err 1609 (1.0e-004)
2264.707 .... 3536 packets received, 3198 bps, 39.98%, Err 1611 (1.0e-004)
2267.358 .... 3537 packets received, 3195 bps, 39.94%, Err 1613 (1.0e-004)
2269.746 .... 3542 packets received, 3196 bps, 39.95%, Err 1618 (1.0e-004)
2271.850 .... 3549 packets received, 3200 bps, 40.00%, Err 1619 (1.0e-004)
2278.710 .... 3555 packets received, 3196 bps, 39.94%, Err 1623 (1.0e-004)
2281.103 .... 3556 packets received, 3193 bps, 39.91%, Err 1623 (1.0e-004)
2283.470 .... 3561 packets received, 3194 bps, 39.93%, Err 1625 (1.0e-004)
2286.160 .... 3566 packets received, 3195 bps, 39.94%, Err 1626 (1.0e-004)
2288.292 .... 3574 packets received, 3199 bps, 39.99%, Err 1626 (1.0e-004)
2290.417 .... 3577 packets received, 3199 bps, 39.99%, Err 1628 (1.0e-004)
2296.991 .... 3580 packets received, 3192 bps, 39.90%, Err 1633 (1.0e-004)
2301.050 .... 3588 packets received, 3194 bps, 39.92%, Err 1635 (1.0e-004)
2303.241 .... 3596 packets received, 3198 bps, 39.97%, Err 1636 (1.0e-004)
2305.307 .... 3599 packets received, 3198 bps, 39.97%, Err 1637 (1.0e-004)
2307.440 .... 3607 packets received, 3202 bps, 40.02%, Err 1638 (1.0e-004)
2309.563 .... 3615 packets received, 3206 bps, 40.08%, Err 1639 (1.0e-004)
2315.296 .... 3620 packets received, 3203 bps, 40.03%, Err 1643 (1.0e-004)
2317.484 .... 3622 packets received, 3201 bps, 40.02%, Err 1643 (1.0e-004)
2319.635 .... 3625 packets received, 3201 bps, 40.01%, Err 1644 (1.0e-004)
2321.792 .... 3633 packets received, 3205 bps, 40.06%, Err 1644 (1.0e-004)
2326.966 .... 3637 packets received, 3201 bps, 40.02%, Err 1649 (1.0e-004)
2329.121 .... 3639 packets received, 3200 bps, 40.00%, Err 1649 (1.0e-004)
2331.226 .... 3641 packets received, 3199 bps, 39.99%, Err 1652 (1.0e-004)
2333.361 .... 3644 packets received, 3199 bps, 39.98%, Err 1652 (1.0e-004)
2336.570 .... 3648 packets received, 3198 bps, 39.97%, Err 1653 (1.0e-004)
2338.689 .... 3656 packets received, 3202 bps, 40.02%, Err 1653 (1.0e-004)
2341.764 .... 3659 packets received, 3200 bps, 40.01%, Err 1657 (1.0e-004)
2343.952 .... 3667 packets received, 3204 bps, 40.06%, Err 1659 (1.0e-004)
2349.148 .... 3668 packets received, 3198 bps, 39.98%, Err 1662 (1.0e-004)
2351.651 .... 3671 packets received, 3197 bps, 39.97%, Err 1665 (1.0e-004)
2354.835 .... 3674 packets received, 3196 bps, 39.95%, Err 1669 (1.0e-004)
2356.961 .... 3682 packets received, 3200 bps, 40.00%, Err 1670 (1.0e-004)
2359.394 .... 3685 packets received, 3199 bps, 39.99%, Err 1673 (1.0e-004)
2363.182 .... 3692 packets received, 3200 bps, 40.00%, Err 1676 (1.0e-004)
2366.103 .... 3699 packets received, 3202 bps, 40.03%, Err 1678 (1.0e-004)
2368.840 .... 3703 packets received, 3202 bps, 40.02%, Err 1680 (1.0e-004)
2371.258 .... 3708 packets received, 3203 bps, 40.04%, Err 1681 (1.0e-004)
2373.615 .... 3715 packets received, 3206 bps, 40.07%, Err 1682 (1.0e-004)
2381.636 .... 3716 packets received, 3196 bps, 39.95%, Err 1687 (1.0e-004)
2383.757 .... 3724 packets received, 3200 bps, 40.00%, Err 1688 (1.0e-004)
2385.897 .... 3726 packets received, 3199 bps, 39.98%, Err 1690 (1.0e-004)
2388.046 .... 3734 packets received, 3203 bps, 40.03%, Err 1690 (1.0e-004)
2390.196 .... 3741 packets received, 3206 bps, 40.07%, Err 1690 (1.0e-004)
2392.783 .... 3744 packets received, 3205 bps, 40.06%, Err 1692 (1.0e-004)
2393.921 ** WARNING: System too busy, sleep 15 ms, but be awakened 100 ms later
2395.269 .... 3746 packets received, 3203 bps, 40.04%, Err 1695 (1.0e-004)
2397.419 .... 3750 packets received, 3204 bps, 40.05%, Err 1697 (1.0e-004)
2399.538 .... 3758 packets received, 3208 bps, 40.10%, Err 1697 (1.0e-004)
2401.961 ** WARNING: System too busy, sleep 15 ms, but be awakened 84 ms later
2402.776 .... 3762 packets received, 3207 bps, 40.09%, Err 1700 (1.0e-004)
2404.934 .... 3766 packets received, 3207 bps, 40.09%, Err 1703 (1.0e-004)
2407.599 .... 3767 packets received, 3205 bps, 40.06%, Err 1703 (1.0e-004)
2411.957 ** WARNING: System too busy, sleep 15 ms, but be awakened 106 ms later
2413.337 .... 3769 packets received, 3199 bps, 39.99%, Err 1708 (1.0e-004)
2415.510 .... 3777 packets received, 3203 bps, 40.03%, Err 1708 (1.0e-004)
2417.945 .... 3782 packets received, 3204 bps, 40.05%, Err 1709 (1.0e-004)
2420.051 .... 3785 packets received, 3204 bps, 40.04%, Err 1711 (1.0e-004)
2422.194 .... 3789 packets received, 3204 bps, 40.05%, Err 1713 (1.0e-004)
2425.174 .... 3791 packets received, 3202 bps, 40.02%, Err 1715 (1.0e-004)
2427.536 .... 3795 packets received, 3202 bps, 40.03%, Err 1717 (1.0e-004)
2433.277 .... 3801 packets received, 3200 bps, 39.99%, Err 1722 (1.0e-004)
2435.420 .... 3803 packets received, 3198 bps, 39.98%, Err 1724 (1.0e-004)
2437.555 .... 3804 packets received, 3196 bps, 39.96%, Err 1725 (1.0e-004)
2439.945 .... 3808 packets received, 3197 bps, 39.96%, Err 1728 (1.0e-004)
2442.097 .... 3810 packets received, 3196 bps, 39.94%, Err 1730 (1.0e-004)
2443.922 ** WARNING: System too busy, sleep 15 ms, but be awakened 83 ms later
2444.239 .... 3813 packets received, 3195 bps, 39.94%, Err 1730 (1.0e-004)
2445.935 ** WARNING: System too busy, sleep 15 ms, but be awakened 78 ms later
2446.357 .... 3818 packets received, 3197 bps, 39.96%, Err 1730 (1.0e-004)
2448.490 .... 3821 packets received, 3196 bps, 39.96%, Err 1732 (1.0e-004)
2451.561 .... 3824 packets received, 3195 bps, 39.94%, Err 1734 (1.0e-004)
2454.530 .... 3830 packets received, 3196 bps, 39.95%, Err 1736 (1.0e-004)
2459.696 .... 3832 packets received, 3191 bps, 39.89%, Err 1741 (1.0e-004)
2461.870 .... 3840 packets received, 3195 bps, 39.94%, Err 1741 (1.0e-004)
2464.004 .... 3843 packets received, 3195 bps, 39.93%, Err 1743 (1.0e-004)
2467.222 .... 3850 packets received, 3196 bps, 39.95%, Err 1744 (1.0e-004)
2469.431 .... 3852 packets received, 3195 bps, 39.94%, Err 1745 (1.0e-004)
2473.005 .... 3856 packets received, 3194 bps, 39.92%, Err 1749 (1.0e-004)
2476.037 .... 3861 packets received, 3194 bps, 39.92%, Err 1750 (1.0e-004)
2478.154 .... 3864 packets received, 3194 bps, 39.92%, Err 1753 (1.0e-004)
2481.226 .... 3868 packets received, 3193 bps, 39.91%, Err 1758 (1.0e-004)
2483.359 .... 3871 packets received, 3193 bps, 39.91%, Err 1760 (1.0e-004)
2488.008 .... 3872 packets received, 3188 bps, 39.85%, Err 1763 (1.0e-004)
2491.189 .... 3879 packets received, 3189 bps, 39.87%, Err 1765 (1.0e-004)
2493.316 .... 3887 packets received, 3193 bps, 39.91%, Err 1765 (1.0e-004)
2495.453 .... 3895 packets received, 3197 bps, 39.96%, Err 1765 (1.0e-004)
2501.735 .... 3899 packets received, 3192 bps, 39.90%, Err 1769 (1.0e-004)
2503.842 .... 3902 packets received, 3192 bps, 39.90%, Err 1772 (1.0e-004)
2507.625 .... 3908 packets received, 3192 bps, 39.90%, Err 1775 (1.0e-004)
2509.816 .... 3916 packets received, 3196 bps, 39.95%, Err 1775 (1.0e-004)
2512.424 .... 3921 packets received, 3197 bps, 39.96%, Err 1778 (1.0e-004)
2514.563 .... 3925 packets received, 3197 bps, 39.96%, Err 1780 (1.0e-004)
2515.948 ** WARNING: System too busy, sleep 15 ms, but be awakened 85 ms later
2519.199 .... 3926 packets received, 3192 bps, 39.90%, Err 1782 (1.0e-004)
2521.348 .... 3928 packets received, 3191 bps, 39.89%, Err 1783 (1.0e-004)
2525.967 ** WARNING: System too busy, sleep 15 ms, but be awakened 75 ms later
2528.242 .... 3934 packets received, 3187 bps, 39.84%, Err 1788 (1.0e-004)
2530.327 .... 3937 packets received, 3187 bps, 39.84%, Err 1790 (1.0e-004)
2533.785 .... 3941 packets received, 3186 bps, 39.82%, Err 1791 (1.0e-004)
2537.291 .... 3944 packets received, 3184 bps, 39.80%, Err 1795 (1.0e-004)
2540.675 .... 3951 packets received, 3185 bps, 39.82%, Err 1799 (1.0e-004)
2542.882 .... 3952 packets received, 3183 bps, 39.79%, Err 1800 (1.0e-004)
2545.556 .... 3958 packets received, 3185 bps, 39.81%, Err 1801 (1.0e-004)
2548.794 .... 3966 packets received, 3187 bps, 39.84%, Err 1802 (1.0e-004)
2551.437 .... 3971 packets received, 3188 bps, 39.85%, Err 1802 (1.0e-004)
2553.859 .... 3974 packets received, 3187 bps, 39.84%, Err 1803 (1.0e-004)
2555.994 .... 3982 packets received, 3191 bps, 39.89%, Err 1803 (1.0e-004)
2558.099 .... 3985 packets received, 3191 bps, 39.88%, Err 1805 (1.0e-004)
2564.669 .... 3987 packets received, 3184 bps, 39.80%, Err 1814 (1.0e-004)
2569.623 .... 3989 packets received, 3180 bps, 39.75%, Err 1817 (1.0e-004)
2571.781 .... 3993 packets received, 3180 bps, 39.75%, Err 1820 (1.0e-004)
2574.205 .... 3994 packets received, 3178 bps, 39.72%, Err 1823 (1.0e-004)
2580.720 .... 4002 packets received, 3176 bps, 39.70%, Err 1827 (1.0e-004)
2585.932 .... 4004 packets received, 3171 bps, 39.64%, Err 1831 (1.0e-004)
2588.819 .... 4008 packets received, 3171 bps, 39.64%, Err 1834 (1.0e-004)
2590.986 .... 4013 packets received, 3172 bps, 39.65%, Err 1834 (1.0e-004)
2596.168 .... 4016 packets received, 3168 bps, 39.61%, Err 1839 (1.0e-004)
2598.270 .... 4024 packets received, 3172 bps, 39.65%, Err 1839 (1.0e-004)
2600.403 .... 4027 packets received, 3172 bps, 39.65%, Err 1842 (1.0e-004)
2602.529 .... 4029 packets received, 3171 bps, 39.64%, Err 1843 (1.0e-004)
2606.288 .... 4035 packets received, 3171 bps, 39.64%, Err 1845 (1.0e-004)
2608.676 .... 4038 packets received, 3170 bps, 39.63%, Err 1846 (1.0e-004)
2610.846 .... 4046 packets received, 3174 bps, 39.68%, Err 1846 (1.0e-004)
2613.194 .... 4050 packets received, 3174 bps, 39.68%, Err 1850 (1.0e-004)
2615.352 .... 4058 packets received, 3178 bps, 39.73%, Err 1851 (1.0e-004)
2617.956 .... 4059 packets received, 3176 bps, 39.70%, Err 1853 (1.0e-004)
2620.061 .... 4067 packets received, 3179 bps, 39.74%, Err 1853 (1.0e-004)
2623.277 .... 4072 packets received, 3179 bps, 39.74%, Err 1855 (1.0e-004)
2625.388 .... 4080 packets received, 3183 bps, 39.79%, Err 1855 (1.0e-004)
2627.436 .... 4085 packets received, 3184 bps, 39.81%, Err 1855 (1.0e-004)
2630.146 .... 4089 packets received, 3184 bps, 39.80%, Err 1859 (1.0e-004)
