GBN bf -ber 1e-4 
=========================================================================
                          Station B                                 
-------------------------------------------------------------------------
Protocol.lib, version 3.0, Build: Oct 19 2009 (jiangy@public3.bta.net.cn)
Channel: 8000 bps, 270 ms propagation delay, bit error rate 1.0E-004
Log file "GBN-B.log", TCP port 59144, debug mask 0x00
Station B is connecting station A (TCP port 59144) ... Done.
New epoch: Sat May 20 18:36:08 2017
=========================================================================
Designed by LXS, build: May 20 2017  13:12:58
2.435 .... 8 packets received, 7678 bps, 95.97%, Err 3 (1.6e-004)
4.575 .... 9 packets received, 4313 bps, 53.91%, Err 4 (1.2e-004)
6.695 .... 11 packets received, 3523 bps, 44.04%, Err 5 (9.8e-005)
9.183 .... 14 packets received, 3228 bps, 40.35%, Err 8 (1.2e-004)
11.405 .... 15 packets received, 2767 bps, 34.58%, Err 10 (1.2e-004)
15.896 .... 22 packets received, 2889 bps, 36.11%, Err 12 (1.0e-004)
20.853 .... 23 packets received, 2292 bps, 28.65%, Err 15 (1.0e-004)
23.109 .... 25 packets received, 2245 bps, 28.06%, Err 16 (9.9e-005)
27.179 .... 32 packets received, 2438 bps, 30.48%, Err 20 (1.1e-004)
30.505 .... 35 packets received, 2373 bps, 29.66%, Err 22 (1.0e-004)
32.634 .... 43 packets received, 2724 bps, 34.05%, Err 23 (1.0e-004)
35.341 .... 44 packets received, 2572 bps, 32.15%, Err 24 (9.9e-005)
37.710 .... 47 packets received, 2573 bps, 32.16%, Err 27 (1.0e-004)
40.113 .... 51 packets received, 2624 bps, 32.79%, Err 29 (1.0e-004)
44.260 .... 55 packets received, 2562 bps, 32.03%, Err 31 (1.0e-004)
48.868 .... 57 packets received, 2404 bps, 30.05%, Err 36 (1.1e-004)
51.012 .... 60 packets received, 2423 bps, 30.29%, Err 39 (1.1e-004)
53.194 .... 66 packets received, 2555 bps, 31.94%, Err 40 (1.1e-004)
56.421 .... 73 packets received, 2664 bps, 33.30%, Err 42 (1.1e-004)
60.213 .... 80 packets received, 2735 bps, 34.18%, Err 45 (1.1e-004)
62.381 .... 83 packets received, 2738 bps, 34.23%, Err 45 (1.0e-004)
64.722 .... 87 packets received, 2766 bps, 34.57%, Err 48 (1.1e-004)
67.129 .... 91 packets received, 2789 bps, 34.86%, Err 52 (1.1e-004)
70.048 .... 97 packets received, 2848 bps, 35.60%, Err 53 (1.1e-004)
75.227 .... 99 packets received, 2706 bps, 33.83%, Err 57 (1.1e-004)
77.303 ** WARNING: System too busy, sleep 15 ms, but be awakened 73 ms later
78.178 .... 106 packets received, 2788 bps, 34.84%, Err 59 (1.1e-004)
80.836 .... 107 packets received, 2721 bps, 34.01%, Err 60 (1.1e-004)
81.299 ** WARNING: System too busy, sleep 15 ms, but be awakened 84 ms later
84.272 .... 115 packets received, 2805 bps, 35.06%, Err 62 (1.0e-004)
86.420 .... 116 packets received, 2759 bps, 34.48%, Err 63 (1.0e-004)
88.592 .... 120 packets received, 2784 bps, 34.79%, Err 66 (1.0e-004)
90.715 .... 123 packets received, 2786 bps, 34.83%, Err 69 (1.1e-004)
92.847 .... 131 packets received, 2899 bps, 36.24%, Err 69 (1.0e-004)
95.020 .... 139 packets received, 3005 bps, 37.57%, Err 69 (1.0e-004)
101.533 .... 147 packets received, 2974 bps, 37.17%, Err 72 (1.0e-004)
103.662 .... 151 packets received, 2992 bps, 37.40%, Err 73 (9.9e-005)
105.801 .... 154 packets received, 2989 bps, 37.37%, Err 75 (9.9e-005)
109.290 ** WARNING: System too busy, sleep 15 ms, but be awakened 84 ms later
116.190 .... 157 packets received, 2775 bps, 34.68%, Err 82 (1.0e-004)
118.744 .... 158 packets received, 2732 bps, 34.15%, Err 84 (1.0e-004)
122.134 .... 164 packets received, 2757 bps, 34.46%, Err 86 (1.0e-004)
124.253 .... 172 packets received, 2842 bps, 35.52%, Err 86 (9.9e-005)
127.365 ** WARNING: System too busy, sleep 15 ms, but be awakened 67 ms later
131.340 .... 178 packets received, 2782 bps, 34.77%, Err 91 (1.0e-004)
133.474 .... 181 packets received, 2784 bps, 34.79%, Err 92 (9.9e-005)
136.152 .... 186 packets received, 2804 bps, 35.05%, Err 94 (9.9e-005)
138.336 .... 187 packets received, 2774 bps, 34.68%, Err 96 (1.0e-004)
141.010 .... 189 packets received, 2751 bps, 34.39%, Err 98 (1.0e-004)
147.249 .... 196 packets received, 2732 bps, 34.15%, Err 102 (1.0e-004)
150.376 .... 203 packets received, 2770 bps, 34.63%, Err 103 (9.9e-005)
153.127 .... 205 packets received, 2747 bps, 34.34%, Err 106 (1.0e-004)
157.184 .... 213 packets received, 2781 bps, 34.76%, Err 108 (9.9e-005)
159.280 .... 216 packets received, 2783 bps, 34.78%, Err 113 (1.0e-004)
166.557 .... 224 packets received, 2759 bps, 34.49%, Err 117 (1.0e-004)
169.596 .... 227 packets received, 2746 bps, 34.33%, Err 119 (1.0e-004)
172.061 .... 230 packets received, 2742 bps, 34.28%, Err 122 (1.0e-004)
174.201 .... 238 packets received, 2803 bps, 35.04%, Err 123 (1.0e-004)
176.265 .... 241 packets received, 2805 bps, 35.06%, Err 126 (1.0e-004)
178.457 .... 244 packets received, 2805 bps, 35.06%, Err 127 (1.0e-004)
181.261 .... 247 packets received, 2795 bps, 34.94%, Err 129 (1.0e-004)
184.384 .... 254 packets received, 2826 bps, 35.32%, Err 132 (1.0e-004)
185.329 ** WARNING: System too busy, sleep 15 ms, but be awakened 74 ms later
189.060 .... 255 packets received, 2767 bps, 34.58%, Err 135 (1.0e-004)
191.897 .... 261 packets received, 2790 bps, 34.87%, Err 138 (1.0e-004)
194.002 .... 264 packets received, 2791 bps, 34.89%, Err 140 (1.0e-004)
196.143 .... 272 packets received, 2844 bps, 35.56%, Err 141 (1.0e-004)
200.250 .... 278 packets received, 2847 bps, 35.59%, Err 143 (1.0e-004)
202.368 .... 286 packets received, 2899 bps, 36.23%, Err 144 (1.0e-004)
207.555 .... 289 packets received, 2856 bps, 35.70%, Err 151 (1.1e-004)
211.767 .... 297 packets received, 2876 bps, 35.95%, Err 153 (1.0e-004)
214.194 .... 300 packets received, 2872 bps, 35.91%, Err 156 (1.1e-004)
216.331 .... 308 packets received, 2920 bps, 36.50%, Err 156 (1.0e-004)
218.794 .... 312 packets received, 2924 bps, 36.56%, Err 157 (1.0e-004)
221.428 .... 317 packets received, 2936 bps, 36.70%, Err 159 (1.0e-004)
224.118 .... 323 packets received, 2956 bps, 36.94%, Err 161 (1.0e-004)
227.158 .... 328 packets received, 2961 bps, 37.01%, Err 162 (1.0e-004)
230.644 .... 332 packets received, 2952 bps, 36.90%, Err 166 (1.0e-004)
231.360 ** WARNING: System too busy, sleep 15 ms, but be awakened 85 ms later
233.030 .... 334 packets received, 2939 bps, 36.74%, Err 169 (1.0e-004)
236.718 .... 337 packets received, 2919 bps, 36.49%, Err 174 (1.1e-004)
239.483 .... 345 packets received, 2954 bps, 36.93%, Err 174 (1.0e-004)
241.343 ** WARNING: System too busy, sleep 15 ms, but be awakened 68 ms later
242.177 .... 350 packets received, 2964 bps, 37.04%, Err 176 (1.0e-004)
244.295 .... 358 packets received, 3005 bps, 37.56%, Err 177 (1.0e-004)
246.635 .... 366 packets received, 3043 bps, 38.04%, Err 177 (1.0e-004)
248.737 .... 370 packets received, 3050 bps, 38.13%, Err 178 (1.0e-004)
251.140 .... 376 packets received, 3070 bps, 38.37%, Err 181 (1.0e-004)
253.289 .... 379 packets received, 3068 bps, 38.35%, Err 182 (1.0e-004)
255.406 .... 387 packets received, 3107 bps, 38.84%, Err 182 (1.0e-004)
257.523 .... 394 packets received, 3137 bps, 39.21%, Err 183 (1.0e-004)
259.700 .... 395 packets received, 3119 bps, 38.98%, Err 183 (1.0e-004)
261.805 .... 403 packets received, 3156 bps, 39.45%, Err 183 (1.0e-004)
264.900 .... 407 packets received, 3150 bps, 39.38%, Err 184 (1.0e-004)
267.020 .... 411 packets received, 3156 bps, 39.45%, Err 186 (1.0e-004)
271.695 .... 412 packets received, 3109 bps, 38.86%, Err 189 (1.0e-004)
274.116 .... 417 packets received, 3119 bps, 38.99%, Err 191 (1.0e-004)
275.370 ** WARNING: System too busy, sleep 15 ms, but be awakened 69 ms later
276.249 .... 421 packets received, 3125 bps, 39.06%, Err 192 (1.0e-004)
280.840 .... 429 packets received, 3132 bps, 39.15%, Err 193 (9.9e-005)
283.024 .... 431 packets received, 3122 bps, 39.03%, Err 196 (9.9e-005)
285.371 ** WARNING: System too busy, sleep 15 ms, but be awakened 76 ms later
287.729 .... 432 packets received, 3078 bps, 38.48%, Err 199 (1.0e-004)
290.503 .... 434 packets received, 3063 bps, 38.29%, Err 203 (1.0e-004)
292.987 .... 438 packets received, 3065 bps, 38.31%, Err 205 (1.0e-004)
295.090 .... 441 packets received, 3064 bps, 38.30%, Err 209 (1.0e-004)
298.579 .... 444 packets received, 3049 bps, 38.11%, Err 211 (1.0e-004)
300.681 .... 452 packets received, 3082 bps, 38.52%, Err 211 (1.0e-004)
302.882 .... 456 packets received, 3086 bps, 38.58%, Err 215 (1.0e-004)
304.986 .... 459 packets received, 3085 bps, 38.57%, Err 216 (1.0e-004)
306.990 .... 461 packets received, 3078 bps, 38.48%, Err 216 (1.0e-004)
309.083 .... 465 packets received, 3084 bps, 38.55%, Err 217 (1.0e-004)
315.983 .... 472 packets received, 3062 bps, 38.28%, Err 221 (1.0e-004)
318.658 .... 478 packets received, 3075 bps, 38.44%, Err 222 (1.0e-004)
321.062 .... 483 packets received, 3084 bps, 38.55%, Err 225 (1.0e-004)
326.941 .... 487 packets received, 3053 bps, 38.17%, Err 229 (1.0e-004)
329.585 .... 489 packets received, 3041 bps, 38.02%, Err 234 (1.0e-004)
332.239 .... 490 packets received, 3023 bps, 37.79%, Err 235 (1.0e-004)
334.342 .... 492 packets received, 3016 bps, 37.71%, Err 236 (1.0e-004)
340.653 .... 499 packets received, 3003 bps, 37.53%, Err 240 (1.0e-004)
344.126 .... 501 packets received, 2984 bps, 37.30%, Err 243 (1.0e-004)
346.517 .... 502 packets received, 2970 bps, 37.12%, Err 244 (1.0e-004)
348.659 .... 506 packets received, 2975 bps, 37.18%, Err 245 (1.0e-004)
350.783 .... 509 packets received, 2974 bps, 37.18%, Err 246 (1.0e-004)
352.934 .... 517 packets received, 3003 bps, 37.53%, Err 246 (1.0e-004)
355.878 .... 521 packets received, 3001 bps, 37.51%, Err 247 (1.0e-004)
358.055 .... 523 packets received, 2994 bps, 37.42%, Err 249 (1.0e-004)
360.177 .... 526 packets received, 2993 bps, 37.42%, Err 249 (9.9e-005)
362.313 .... 532 packets received, 3010 bps, 37.62%, Err 251 (9.9e-005)
364.451 .... 535 packets received, 3009 bps, 37.61%, Err 254 (1.0e-004)
367.694 .... 541 packets received, 3016 bps, 37.70%, Err 257 (1.0e-004)
371.708 .... 548 packets received, 3022 bps, 37.77%, Err 260 (1.0e-004)
373.828 .... 551 packets received, 3021 bps, 37.76%, Err 264 (1.0e-004)
375.950 .... 554 packets received, 3020 bps, 37.75%, Err 265 (1.0e-004)
378.159 .... 562 packets received, 3046 bps, 38.08%, Err 265 (1.0e-004)
380.802 .... 567 packets received, 3052 bps, 38.15%, Err 268 (1.0e-004)
382.943 .... 575 packets received, 3078 bps, 38.47%, Err 269 (1.0e-004)
386.435 .... 579 packets received, 3071 bps, 38.39%, Err 271 (1.0e-004)
390.425 .... 582 packets received, 3055 bps, 38.19%, Err 274 (1.0e-004)
392.900 .... 586 packets received, 3057 bps, 38.21%, Err 276 (1.0e-004)
401.955 .... 592 packets received, 3019 bps, 37.73%, Err 283 (1.0e-004)
404.243 .... 594 packets received, 3012 bps, 37.65%, Err 285 (1.0e-004)
408.487 .... 602 packets received, 3020 bps, 37.76%, Err 286 (1.0e-004)
416.505 .... 604 packets received, 2972 bps, 37.15%, Err 290 (1.0e-004)
419.194 .... 610 packets received, 2982 bps, 37.28%, Err 291 (9.9e-005)
421.283 .... 614 packets received, 2987 bps, 37.34%, Err 294 (1.0e-004)
423.405 .... 622 packets received, 3011 bps, 37.63%, Err 295 (1.0e-004)
425.543 .... 625 packets received, 3010 bps, 37.63%, Err 296 (9.9e-005)
429.059 .... 632 packets received, 3019 bps, 37.74%, Err 298 (9.9e-005)
432.759 .... 638 packets received, 3021 bps, 37.77%, Err 301 (9.9e-005)
434.909 .... 641 packets received, 3021 bps, 37.76%, Err 303 (1.0e-004)
437.314 .... 644 packets received, 3018 bps, 37.73%, Err 304 (9.9e-005)
442.545 .... 648 packets received, 3001 bps, 37.51%, Err 310 (1.0e-004)
444.920 .... 653 packets received, 3008 bps, 37.60%, Err 313 (1.0e-004)
447.309 .... 655 packets received, 3001 bps, 37.51%, Err 314 (1.0e-004)
449.931 .... 657 packets received, 2993 bps, 37.41%, Err 316 (1.0e-004)
452.065 .... 660 packets received, 2992 bps, 37.40%, Err 316 (1.0e-004)
455.262 .... 664 packets received, 2989 bps, 37.36%, Err 320 (1.0e-004)
459.865 .... 666 packets received, 2968 bps, 37.10%, Err 323 (1.0e-004)
461.990 .... 669 packets received, 2968 bps, 37.10%, Err 324 (1.0e-004)
464.122 .... 677 packets received, 2989 bps, 37.37%, Err 324 (1.0e-004)
467.021 .... 683 packets received, 2997 bps, 37.46%, Err 325 (9.9e-005)
469.168 .... 686 packets received, 2996 bps, 37.46%, Err 327 (9.9e-005)
474.082 .... 688 packets received, 2974 bps, 37.17%, Err 330 (9.9e-005)
482.075 .... 695 packets received, 2954 bps, 36.93%, Err 337 (1.0e-004)
484.233 .... 703 packets received, 2975 bps, 37.19%, Err 337 (1.0e-004)
486.382 .... 706 packets received, 2975 bps, 37.18%, Err 339 (1.0e-004)
489.691 .... 709 packets received, 2967 bps, 37.09%, Err 341 (1.0e-004)
492.679 .... 715 packets received, 2974 bps, 37.17%, Err 342 (9.9e-005)
494.783 .... 718 packets received, 2974 bps, 37.17%, Err 346 (1.0e-004)
496.940 .... 726 packets received, 2994 bps, 37.42%, Err 346 (9.9e-005)
501.281 .... 732 packets received, 2992 bps, 37.41%, Err 350 (1.0e-004)
503.406 .... 735 packets received, 2992 bps, 37.40%, Err 353 (1.0e-004)
505.806 .... 737 packets received, 2986 bps, 37.32%, Err 354 (1.0e-004)
507.961 .... 741 packets received, 2989 bps, 37.37%, Err 355 (1.0e-004)
510.152 .... 748 packets received, 3005 bps, 37.56%, Err 355 (9.9e-005)
513.873 .... 751 packets received, 2995 bps, 37.44%, Err 359 (1.0e-004)
516.012 .... 754 packets received, 2994 bps, 37.43%, Err 361 (1.0e-004)
518.706 .... 758 packets received, 2995 bps, 37.43%, Err 363 (1.0e-004)
520.881 .... 766 packets received, 3014 bps, 37.67%, Err 363 (1.0e-004)
526.055 .... 769 packets received, 2996 bps, 37.44%, Err 368 (1.0e-004)
528.059 .... 776 packets received, 3011 bps, 37.64%, Err 368 (1.0e-004)
530.737 .... 779 packets received, 3008 bps, 37.60%, Err 369 (1.0e-004)
533.842 .... 782 packets received, 3002 bps, 37.52%, Err 372 (1.0e-004)
538.168 .... 784 packets received, 2985 bps, 37.31%, Err 376 (1.0e-004)
543.384 .... 788 packets received, 2972 bps, 37.14%, Err 380 (1.0e-004)
545.801 ** WARNING: System too busy, sleep 15 ms, but be awakened 66 ms later
546.713 .... 795 packets received, 2980 bps, 37.25%, Err 383 (1.0e-004)
553.595 .... 803 packets received, 2972 bps, 37.15%, Err 388 (1.0e-004)
555.448 ** WARNING: System too busy, sleep 15 ms, but be awakened 80 ms later
560.395 .... 810 packets received, 2962 bps, 37.02%, Err 392 (1.0e-004)
563.090 .... 815 packets received, 2966 bps, 37.07%, Err 395 (1.0e-004)
565.209 .... 818 packets received, 2966 bps, 37.07%, Err 395 (1.0e-004)
571.804 .... 825 packets received, 2956 bps, 36.96%, Err 398 (1.0e-004)
575.776 .... 832 packets received, 2961 bps, 37.01%, Err 402 (1.0e-004)
580.554 .... 834 packets received, 2944 bps, 36.79%, Err 405 (1.0e-004)
581.423 ** WARNING: System too busy, sleep 15 ms, but be awakened 69 ms later
583.229 .... 839 packets received, 2948 bps, 36.85%, Err 406 (1.0e-004)
587.036 .... 844 packets received, 2946 bps, 36.82%, Err 408 (1.0e-004)
589.491 .... 847 packets received, 2944 bps, 36.80%, Err 413 (1.0e-004)
594.408 .... 849 packets received, 2927 bps, 36.58%, Err 416 (1.0e-004)
596.557 .... 851 packets received, 2923 bps, 36.54%, Err 416 (1.0e-004)
599.476 .... 855 packets received, 2922 bps, 36.53%, Err 417 (1.0e-004)
614.402 .... 860 packets received, 2868 bps, 35.85%, Err 429 (1.0e-004)
617.753 .... 867 packets received, 2876 bps, 35.95%, Err 430 (1.0e-004)
620.756 .... 871 packets received, 2875 bps, 35.94%, Err 435 (1.0e-004)
622.975 .... 878 packets received, 2888 bps, 36.10%, Err 436 (1.0e-004)
626.931 .... 886 packets received, 2896 bps, 36.20%, Err 437 (1.0e-004)
632.203 .... 888 packets received, 2878 bps, 35.98%, Err 441 (1.0e-004)
633.440 ** WARNING: System too busy, sleep 15 ms, but be awakened 73 ms later
634.869 .... 893 packets received, 2882 bps, 36.03%, Err 443 (1.0e-004)
636.989 .... 897 packets received, 2885 bps, 36.07%, Err 445 (1.0e-004)
641.718 .... 898 packets received, 2867 bps, 35.84%, Err 447 (1.0e-004)
643.460 ** WARNING: System too busy, sleep 15 ms, but be awakened 78 ms later
643.835 .... 906 packets received, 2883 bps, 36.04%, Err 449 (1.0e-004)
645.953 .... 909 packets received, 2883 bps, 36.04%, Err 451 (1.0e-004)
649.443 ** WARNING: System too busy, sleep 15 ms, but be awakened 69 ms later
649.505 .... 911 packets received, 2874 bps, 35.92%, Err 455 (1.0e-004)
651.609 .... 913 packets received, 2871 bps, 35.89%, Err 457 (1.0e-004)
655.600 .... 920 packets received, 2875 bps, 35.94%, Err 459 (1.0e-004)
658.022 .... 923 packets received, 2874 bps, 35.93%, Err 461 (1.0e-004)
661.272 .... 930 packets received, 2882 bps, 36.02%, Err 463 (1.0e-004)
663.959 .... 935 packets received, 2885 bps, 36.07%, Err 466 (1.0e-004)
666.084 .... 943 packets received, 2901 bps, 36.26%, Err 466 (1.0e-004)
668.221 .... 950 packets received, 2913 bps, 36.41%, Err 466 (1.0e-004)
670.610 .... 958 packets received, 2927 bps, 36.59%, Err 466 (1.0e-004)
672.729 .... 966 packets received, 2942 bps, 36.78%, Err 466 (9.9e-005)
673.456 ** WARNING: System too busy, sleep 15 ms, but be awakened 73 ms later
675.940 .... 971 packets received, 2943 bps, 36.79%, Err 468 (9.9e-005)
686.456 .... 972 packets received, 2901 bps, 36.26%, Err 474 (9.9e-005)
689.380 .... 974 packets received, 2895 bps, 36.19%, Err 476 (1.0e-004)
691.536 .... 982 packets received, 2909 bps, 36.37%, Err 478 (1.0e-004)
693.491 ** WARNING: System too busy, sleep 15 ms, but be awakened 79 ms later
697.015 .... 983 packets received, 2890 bps, 36.12%, Err 483 (1.0e-004)
699.427 .... 986 packets received, 2888 bps, 36.10%, Err 484 (1.0e-004)
703.124 .... 992 packets received, 2891 bps, 36.13%, Err 488 (1.0e-004)
707.145 .... 994 packets received, 2880 bps, 36.00%, Err 490 (1.0e-004)
714.157 .... 1002 packets received, 2875 bps, 35.93%, Err 493 (1.0e-004)
715.488 ** WARNING: System too busy, sleep 15 ms, but be awakened 78 ms later
719.368 .... 1006 packets received, 2865 bps, 35.82%, Err 497 (1.0e-004)
721.517 .... 1010 packets received, 2868 bps, 35.85%, Err 502 (1.0e-004)
723.635 .... 1013 packets received, 2868 bps, 35.85%, Err 503 (1.0e-004)
725.808 .... 1021 packets received, 2882 bps, 36.03%, Err 504 (1.0e-004)
729.033 .... 1025 packets received, 2881 bps, 36.01%, Err 507 (1.0e-004)
731.137 .... 1027 packets received, 2878 bps, 35.97%, Err 508 (1.0e-004)
733.340 .... 1033 packets received, 2886 bps, 36.08%, Err 508 (1.0e-004)
735.759 .... 1037 packets received, 2888 bps, 36.10%, Err 511 (1.0e-004)
738.415 .... 1042 packets received, 2891 bps, 36.14%, Err 514 (1.0e-004)
739.490 ** WARNING: System too busy, sleep 15 ms, but be awakened 72 ms later
743.354 .... 1044 packets received, 2877 bps, 35.97%, Err 516 (1.0e-004)
747.260 .... 1050 packets received, 2879 bps, 35.99%, Err 518 (1.0e-004)
749.702 .... 1054 packets received, 2880 bps, 36.01%, Err 519 (1.0e-004)
757.012 .... 1062 packets received, 2874 bps, 35.93%, Err 525 (1.0e-004)
762.366 .... 1063 packets received, 2857 bps, 35.71%, Err 529 (1.0e-004)
764.486 .... 1071 packets received, 2870 bps, 35.88%, Err 529 (1.0e-004)
766.530 .... 1078 packets received, 2881 bps, 36.02%, Err 529 (1.0e-004)
772.521 .... 1084 packets received, 2875 bps, 35.94%, Err 534 (1.0e-004)
774.662 .... 1087 packets received, 2875 bps, 35.94%, Err 536 (1.0e-004)
777.115 .... 1091 packets received, 2876 bps, 35.95%, Err 539 (1.0e-004)
779.301 .... 1092 packets received, 2871 bps, 35.89%, Err 540 (1.0e-004)
781.405 .... 1096 packets received, 2874 bps, 35.92%, Err 541 (1.0e-004)
783.527 .... 1099 packets received, 2874 bps, 35.92%, Err 543 (1.0e-004)
785.993 .... 1103 packets received, 2875 bps, 35.94%, Err 546 (1.0e-004)
790.688 .... 1111 packets received, 2879 bps, 35.98%, Err 548 (1.0e-004)
792.788 .... 1113 packets received, 2876 bps, 35.95%, Err 551 (1.0e-004)
794.939 .... 1121 packets received, 2889 bps, 36.11%, Err 551 (1.0e-004)
797.417 .... 1123 packets received, 2885 bps, 36.07%, Err 552 (1.0e-004)
799.523 .... 1126 packets received, 2885 bps, 36.07%, Err 556 (1.0e-004)
801.666 .... 1128 packets received, 2883 bps, 36.03%, Err 556 (1.0e-004)
803.786 .... 1136 packets received, 2896 bps, 36.19%, Err 556 (1.0e-004)
805.944 .... 1139 packets received, 2895 bps, 36.19%, Err 560 (1.0e-004)
809.983 .... 1141 packets received, 2886 bps, 36.08%, Err 563 (1.0e-004)
812.087 .... 1144 packets received, 2886 bps, 36.08%, Err 564 (1.0e-004)
814.532 .... 1148 packets received, 2888 bps, 36.09%, Err 566 (1.0e-004)
817.182 .... 1153 packets received, 2891 bps, 36.13%, Err 569 (1.0e-004)
819.869 .... 1158 packets received, 2894 bps, 36.17%, Err 570 (1.0e-004)
821.986 .... 1162 packets received, 2896 bps, 36.20%, Err 571 (1.0e-004)
824.104 .... 1165 packets received, 2896 bps, 36.20%, Err 573 (1.0e-004)
827.610 .... 1172 packets received, 2901 bps, 36.27%, Err 576 (1.0e-004)
832.558 .... 1175 packets received, 2891 bps, 36.14%, Err 582 (1.0e-004)
834.711 .... 1178 packets received, 2891 bps, 36.14%, Err 584 (1.0e-004)
838.770 .... 1181 packets received, 2885 bps, 36.06%, Err 588 (1.0e-004)
841.453 .... 1187 packets received, 2890 bps, 36.13%, Err 590 (1.0e-004)
843.579 .... 1195 packets received, 2902 bps, 36.28%, Err 590 (1.0e-004)
845.684 .... 1198 packets received, 2902 bps, 36.28%, Err 593 (1.0e-004)
847.887 .... 1201 packets received, 2902 bps, 36.27%, Err 594 (1.0e-004)
850.023 .... 1209 packets received, 2914 bps, 36.42%, Err 594 (1.0e-004)
852.194 .... 1217 packets received, 2926 bps, 36.57%, Err 595 (1.0e-004)
854.342 .... 1220 packets received, 2926 bps, 36.57%, Err 597 (1.0e-004)
858.234 .... 1223 packets received, 2919 bps, 36.49%, Err 600 (1.0e-004)
860.385 .... 1231 packets received, 2931 bps, 36.64%, Err 600 (1.0e-004)
864.498 .... 1235 packets received, 2927 bps, 36.58%, Err 604 (1.0e-004)
866.639 .... 1239 packets received, 2929 bps, 36.61%, Err 605 (1.0e-004)
869.566 .... 1243 packets received, 2929 bps, 36.61%, Err 607 (1.0e-004)
872.204 .... 1247 packets received, 2929 bps, 36.61%, Err 612 (1.0e-004)
874.344 .... 1254 packets received, 2938 bps, 36.73%, Err 613 (1.0e-004)
876.549 .... 1256 packets received, 2936 bps, 36.69%, Err 614 (1.0e-004)
878.656 .... 1259 packets received, 2936 bps, 36.69%, Err 615 (1.0e-004)
884.484 .... 1262 packets received, 2923 bps, 36.54%, Err 622 (1.0e-004)
887.778 .... 1263 packets received, 2915 bps, 36.43%, Err 624 (1.0e-004)
890.449 .... 1267 packets received, 2915 bps, 36.44%, Err 627 (1.0e-004)
892.624 .... 1273 packets received, 2922 bps, 36.52%, Err 627 (1.0e-004)
895.197 .... 1275 packets received, 2918 bps, 36.47%, Err 628 (1.0e-004)
897.887 .... 1278 packets received, 2916 bps, 36.45%, Err 630 (1.0e-004)
900.013 .... 1286 packets received, 2927 bps, 36.59%, Err 631 (1.0e-004)
902.165 .... 1287 packets received, 2923 bps, 36.53%, Err 632 (1.0e-004)
905.184 .... 1290 packets received, 2920 bps, 36.50%, Err 633 (1.0e-004)
907.559 ** WARNING: System too busy, sleep 15 ms, but be awakened 69 ms later
908.791 .... 1292 packets received, 2913 bps, 36.41%, Err 636 (1.0e-004)
911.232 .... 1296 packets received, 2914 bps, 36.42%, Err 637 (1.0e-004)
913.470 .... 1300 packets received, 2916 bps, 36.44%, Err 638 (1.0e-004)
916.743 .... 1305 packets received, 2916 bps, 36.45%, Err 640 (1.0e-004)
919.650 .... 1310 packets received, 2918 bps, 36.48%, Err 643 (1.0e-004)
922.069 .... 1311 packets received, 2913 bps, 36.41%, Err 645 (1.0e-004)
924.755 .... 1317 packets received, 2918 bps, 36.47%, Err 647 (1.0e-004)
928.458 .... 1323 packets received, 2919 bps, 36.49%, Err 649 (1.0e-004)
929.530 ** WARNING: System too busy, sleep 15 ms, but be awakened 71 ms later
930.625 .... 1326 packets received, 2919 bps, 36.49%, Err 651 (1.0e-004)
932.763 .... 1329 packets received, 2919 bps, 36.49%, Err 652 (1.0e-004)
935.514 ** WARNING: System too busy, sleep 15 ms, but be awakened 69 ms later
936.469 .... 1335 packets received, 2921 bps, 36.51%, Err 653 (1.0e-004)
938.636 .... 1339 packets received, 2922 bps, 36.53%, Err 657 (1.0e-004)
941.526 ** WARNING: System too busy, sleep 15 ms, but be awakened 69 ms later
942.080 .... 1345 packets received, 2925 bps, 36.56%, Err 659 (1.0e-004)
947.554 .... 1349 packets received, 2917 bps, 36.46%, Err 664 (1.0e-004)
949.683 .... 1351 packets received, 2914 bps, 36.43%, Err 666 (1.0e-004)
952.187 .... 1357 packets received, 2920 bps, 36.50%, Err 666 (1.0e-004)
954.915 .... 1359 packets received, 2916 bps, 36.44%, Err 670 (1.0e-004)
959.798 .... 1361 packets received, 2905 bps, 36.31%, Err 678 (1.0e-004)
961.924 .... 1369 packets received, 2916 bps, 36.45%, Err 678 (1.0e-004)
964.025 .... 1377 packets received, 2926 bps, 36.58%, Err 678 (1.0e-004)
966.174 .... 1381 packets received, 2928 bps, 36.60%, Err 680 (1.0e-004)
968.263 .... 1389 packets received, 2939 bps, 36.74%, Err 680 (1.0e-004)
970.786 .... 1391 packets received, 2935 bps, 36.69%, Err 681 (1.0e-004)
972.906 .... 1399 packets received, 2946 bps, 36.82%, Err 681 (1.0e-004)
975.081 .... 1406 packets received, 2954 bps, 36.92%, Err 681 (1.0e-004)
977.716 .... 1411 packets received, 2957 bps, 36.96%, Err 682 (1.0e-004)
984.519 .... 1417 packets received, 2949 bps, 36.86%, Err 687 (1.0e-004)
986.676 .... 1419 packets received, 2946 bps, 36.83%, Err 691 (1.0e-004)
988.826 .... 1427 packets received, 2956 bps, 36.96%, Err 692 (1.0e-004)
993.763 .... 1429 packets received, 2946 bps, 36.82%, Err 695 (1.0e-004)
995.921 .... 1432 packets received, 2946 bps, 36.82%, Err 696 (1.0e-004)
997.559 ** WARNING: System too busy, sleep 15 ms, but be awakened 67 ms later
998.293 .... 1436 packets received, 2947 bps, 36.84%, Err 699 (1.0e-004)
1000.425 .... 1444 packets received, 2957 bps, 36.96%, Err 699 (1.0e-004)
1002.877 .... 1447 packets received, 2956 bps, 36.95%, Err 701 (1.0e-004)
1010.009 .... 1454 packets received, 2949 bps, 36.86%, Err 707 (1.0e-004)
1012.012 .... 1455 packets received, 2945 bps, 36.82%, Err 712 (1.0e-004)
1014.696 .... 1462 packets received, 2952 bps, 36.90%, Err 712 (1.0e-004)
1016.822 .... 1470 packets received, 2962 bps, 37.02%, Err 712 (1.0e-004)
1019.455 .... 1474 packets received, 2962 bps, 37.03%, Err 713 (1.0e-004)
1023.231 .... 1479 packets received, 2961 bps, 37.01%, Err 717 (1.0e-004)
1025.335 .... 1481 packets received, 2959 bps, 36.99%, Err 718 (1.0e-004)
1027.521 .... 1489 packets received, 2969 bps, 37.11%, Err 719 (1.0e-004)
1029.608 .... 1492 packets received, 2969 bps, 37.11%, Err 721 (1.0e-004)
1031.706 .... 1499 packets received, 2976 bps, 37.21%, Err 721 (1.0e-004)
1035.850 .... 1503 packets received, 2972 bps, 37.16%, Err 723 (1.0e-004)
1040.778 .... 1506 packets received, 2964 bps, 37.05%, Err 726 (1.0e-004)
1043.467 .... 1511 packets received, 2966 bps, 37.08%, Err 728 (1.0e-004)
1048.822 .... 1512 packets received, 2953 bps, 36.92%, Err 732 (1.0e-004)
1050.956 .... 1516 packets received, 2955 bps, 36.94%, Err 735 (1.0e-004)
1053.358 .... 1520 packets received, 2956 bps, 36.95%, Err 737 (1.0e-004)
1055.501 .... 1524 packets received, 2958 bps, 36.97%, Err 737 (1.0e-004)
1057.669 .... 1527 packets received, 2958 bps, 36.97%, Err 739 (1.0e-004)
1059.806 .... 1529 packets received, 2956 bps, 36.94%, Err 743 (1.0e-004)
1061.924 .... 1537 packets received, 2965 bps, 37.06%, Err 743 (1.0e-004)
1064.073 .... 1539 packets received, 2963 bps, 37.04%, Err 745 (1.0e-004)
1066.192 .... 1547 packets received, 2972 bps, 37.16%, Err 745 (1.0e-004)
1069.538 ** WARNING: System too busy, sleep 15 ms, but be awakened 69 ms later
1072.375 .... 1551 packets received, 2963 bps, 37.04%, Err 748 (1.0e-004)
1077.844 .... 1556 packets received, 2957 bps, 36.97%, Err 752 (1.0e-004)
1080.006 .... 1559 packets received, 2957 bps, 36.96%, Err 754 (1.0e-004)
1085.208 .... 1562 packets received, 2949 bps, 36.86%, Err 759 (1.0e-004)
1087.368 .... 1570 packets received, 2958 bps, 36.97%, Err 759 (1.0e-004)
1089.785 .... 1578 packets received, 2966 bps, 37.08%, Err 759 (1.0e-004)
1093.025 .... 1583 packets received, 2967 bps, 37.09%, Err 761 (1.0e-004)
1096.549 .... 1588 packets received, 2967 bps, 37.08%, Err 764 (1.0e-004)
1098.639 .... 1591 packets received, 2967 bps, 37.08%, Err 764 (1.0e-004)
1101.634 .... 1597 packets received, 2970 bps, 37.12%, Err 765 (9.9e-005)
1103.839 .... 1599 packets received, 2968 bps, 37.09%, Err 769 (1.0e-004)
1105.957 .... 1602 packets received, 2967 bps, 37.09%, Err 772 (1.0e-004)
1110.639 .... 1603 packets received, 2957 bps, 36.96%, Err 777 (1.0e-004)
1112.713 .... 1610 packets received, 2964 bps, 37.05%, Err 777 (1.0e-004)
1114.779 .... 1618 packets received, 2973 bps, 37.17%, Err 778 (1.0e-004)
1116.883 .... 1621 packets received, 2973 bps, 37.16%, Err 781 (1.0e-004)
1119.023 .... 1625 packets received, 2975 bps, 37.19%, Err 782 (1.0e-004)
1123.635 ** WARNING: System too busy, sleep 15 ms, but be awakened 68 ms later
1124.824 .... 1626 packets received, 2961 bps, 37.02%, Err 786 (1.0e-004)
1128.545 .... 1633 packets received, 2964 bps, 37.05%, Err 789 (1.0e-004)
1130.715 .... 1635 packets received, 2962 bps, 37.03%, Err 795 (1.0e-004)
1131.615 ** WARNING: System too busy, sleep 15 ms, but be awakened 68 ms later
1132.818 .... 1643 packets received, 2971 bps, 37.14%, Err 795 (1.0e-004)
1135.568 ** WARNING: System too busy, sleep 15 ms, but be awakened 79 ms later
1136.267 .... 1648 packets received, 2971 bps, 37.14%, Err 798 (1.0e-004)
1139.492 .... 1651 packets received, 2968 bps, 37.10%, Err 802 (1.0e-004)
1141.625 .... 1653 packets received, 2966 bps, 37.08%, Err 806 (1.0e-004)
1143.757 .... 1661 packets received, 2975 bps, 37.19%, Err 806 (1.0e-004)
1146.200 .... 1664 packets received, 2974 bps, 37.17%, Err 807 (1.0e-004)
1149.602 .... 1671 packets received, 2978 bps, 37.22%, Err 810 (1.0e-004)
1153.368 .... 1676 packets received, 2977 bps, 37.21%, Err 812 (1.0e-004)
1155.610 .... 1679 packets received, 2976 bps, 37.20%, Err 816 (1.0e-004)
1157.663 .... 1682 packets received, 2976 bps, 37.20%, Err 816 (1.0e-004)
1159.864 .... 1689 packets received, 2983 bps, 37.29%, Err 816 (1.0e-004)
1165.263 .... 1692 packets received, 2975 bps, 37.18%, Err 819 (1.0e-004)
1167.367 .... 1700 packets received, 2983 bps, 37.29%, Err 820 (1.0e-004)
1169.759 .... 1701 packets received, 2979 bps, 37.24%, Err 821 (1.0e-004)
1171.907 .... 1704 packets received, 2979 bps, 37.23%, Err 822 (1.0e-004)
1174.028 .... 1707 packets received, 2978 bps, 37.23%, Err 822 (1.0e-004)
1176.133 .... 1715 packets received, 2987 bps, 37.34%, Err 823 (1.0e-004)
1179.094 .... 1720 packets received, 2988 bps, 37.35%, Err 826 (1.0e-004)
1181.231 .... 1721 packets received, 2985 bps, 37.31%, Err 826 (1.0e-004)
1183.374 .... 1729 packets received, 2993 bps, 37.41%, Err 827 (1.0e-004)
1188.061 .... 1730 packets received, 2983 bps, 37.29%, Err 830 (1.0e-004)
1190.171 .... 1733 packets received, 2983 bps, 37.29%, Err 834 (1.0e-004)
1192.325 .... 1734 packets received, 2979 bps, 37.24%, Err 835 (1.0e-004)
1194.442 .... 1742 packets received, 2988 bps, 37.35%, Err 835 (1.0e-004)
1195.593 ** WARNING: System too busy, sleep 15 ms, but be awakened 67 ms later
1196.573 .... 1749 packets received, 2994 bps, 37.43%, Err 836 (1.0e-004)
1199.467 .... 1752 packets received, 2992 bps, 37.40%, Err 838 (1.0e-004)
1201.907 .... 1757 packets received, 2995 bps, 37.43%, Err 840 (1.0e-004)
1204.040 .... 1765 packets received, 3003 bps, 37.54%, Err 840 (1.0e-004)
1206.173 .... 1772 packets received, 3009 bps, 37.62%, Err 842 (1.0e-004)
1207.613 ** WARNING: System too busy, sleep 15 ms, but be awakened 85 ms later
1208.328 .... 1775 packets received, 3009 bps, 37.62%, Err 842 (1.0e-004)
1210.416 .... 1783 packets received, 3018 bps, 37.72%, Err 842 (9.9e-005)
1212.621 .... 1789 packets received, 3022 bps, 37.78%, Err 843 (9.9e-005)
1214.989 .... 1790 packets received, 3018 bps, 37.72%, Err 846 (1.0e-004)
1217.674 .... 1796 packets received, 3021 bps, 37.77%, Err 850 (1.0e-004)
1219.830 .... 1800 packets received, 3023 bps, 37.79%, Err 850 (1.0e-004)
1221.640 ** WARNING: System too busy, sleep 15 ms, but be awakened 76 ms later
1223.082 .... 1803 packets received, 3020 bps, 37.75%, Err 853 (1.0e-004)
1225.200 .... 1811 packets received, 3028 bps, 37.85%, Err 854 (1.0e-004)
1227.341 .... 1813 packets received, 3026 bps, 37.83%, Err 855 (1.0e-004)
1230.746 .... 1818 packets received, 3026 bps, 37.82%, Err 856 (9.9e-005)
1234.559 .... 1825 packets received, 3028 bps, 37.85%, Err 859 (9.9e-005)
1238.115 .... 1831 packets received, 3029 bps, 37.87%, Err 863 (1.0e-004)
1242.780 .... 1832 packets received, 3020 bps, 37.75%, Err 867 (1.0e-004)
1244.915 .... 1836 packets received, 3021 bps, 37.76%, Err 870 (1.0e-004)
1247.168 .... 1837 packets received, 3017 bps, 37.72%, Err 872 (1.0e-004)
1252.628 .... 1842 packets received, 3012 bps, 37.65%, Err 876 (1.0e-004)
1254.805 .... 1844 packets received, 3010 bps, 37.63%, Err 877 (1.0e-004)
1256.958 .... 1847 packets received, 3010 bps, 37.63%, Err 879 (1.0e-004)
1260.531 .... 1851 packets received, 3008 bps, 37.60%, Err 881 (1.0e-004)
1262.650 .... 1859 packets received, 3016 bps, 37.70%, Err 881 (1.0e-004)
1264.768 .... 1866 packets received, 3022 bps, 37.78%, Err 883 (1.0e-004)
1266.885 .... 1868 packets received, 3020 bps, 37.76%, Err 885 (1.0e-004)
1272.545 .... 1870 packets received, 3010 bps, 37.63%, Err 889 (1.0e-004)
1277.634 ** WARNING: System too busy, sleep 15 ms, but be awakened 90 ms later
1277.744 .... 1874 packets received, 3004 bps, 37.56%, Err 896 (1.0e-004)
1281.604 ** WARNING: System too busy, sleep 15 ms, but be awakened 69 ms later
1282.954 .... 1878 packets received, 2999 bps, 37.48%, Err 898 (1.0e-004)
1286.393 .... 1886 packets received, 3003 bps, 37.54%, Err 902 (1.0e-004)
1289.083 .... 1891 packets received, 3005 bps, 37.56%, Err 903 (1.0e-004)
1294.061 .... 1894 packets received, 2998 bps, 37.48%, Err 906 (1.0e-004)
1296.553 .... 1899 packets received, 3000 bps, 37.50%, Err 908 (1.0e-004)
1298.691 .... 1902 packets received, 3000 bps, 37.50%, Err 909 (1.0e-004)
1300.829 .... 1910 packets received, 3008 bps, 37.60%, Err 909 (1.0e-004)
1303.073 .... 1918 packets received, 3015 bps, 37.69%, Err 909 (1.0e-004)
1305.157 .... 1926 packets received, 3023 bps, 37.79%, Err 910 (1.0e-004)
1307.684 .... 1928 packets received, 3020 bps, 37.75%, Err 913 (1.0e-004)
1309.852 .... 1932 packets received, 3021 bps, 37.77%, Err 916 (1.0e-004)
1312.226 .... 1936 packets received, 3022 bps, 37.78%, Err 918 (1.0e-004)
1315.434 .... 1938 packets received, 3018 bps, 37.72%, Err 920 (1.0e-004)
1321.174 .... 1943 packets received, 3013 bps, 37.66%, Err 925 (1.0e-004)
1323.345 .... 1947 packets received, 3014 bps, 37.67%, Err 927 (1.0e-004)
1325.481 .... 1955 packets received, 3021 bps, 37.77%, Err 927 (1.0e-004)
1329.206 .... 1961 packets received, 3022 bps, 37.78%, Err 931 (1.0e-004)
1331.798 .... 1968 packets received, 3027 bps, 37.84%, Err 931 (1.0e-004)
1333.899 .... 1971 packets received, 3027 bps, 37.84%, Err 933 (1.0e-004)
1336.015 .... 1979 packets received, 3034 bps, 37.93%, Err 933 (1.0e-004)
1339.249 .... 1983 packets received, 3033 bps, 37.91%, Err 938 (1.0e-004)
1341.636 ** WARNING: System too busy, sleep 15 ms, but be awakened 77 ms later
1342.175 .... 1985 packets received, 3030 bps, 37.87%, Err 942 (1.0e-004)
1347.015 .... 1992 packets received, 3029 bps, 37.87%, Err 944 (1.0e-004)
1349.135 .... 2000 packets received, 3037 bps, 37.96%, Err 945 (1.0e-004)
1351.394 .... 2003 packets received, 3036 bps, 37.95%, Err 947 (1.0e-004)
1354.987 .... 2009 packets received, 3037 bps, 37.96%, Err 948 (1.0e-004)
1357.107 .... 2017 packets received, 3045 bps, 38.06%, Err 948 (1.0e-004)
1359.256 .... 2023 packets received, 3049 bps, 38.11%, Err 951 (1.0e-004)
1361.636 .... 2024 packets received, 3045 bps, 38.06%, Err 951 (1.0e-004)
1363.745 .... 2032 packets received, 3052 bps, 38.15%, Err 952 (1.0e-004)
1365.876 .... 2035 packets received, 3052 bps, 38.15%, Err 954 (1.0e-004)
1369.635 ** WARNING: System too busy, sleep 15 ms, but be awakened 73 ms later
1370.562 .... 2037 packets received, 3045 bps, 38.06%, Err 960 (1.0e-004)
1374.071 .... 2045 packets received, 3049 bps, 38.11%, Err 962 (1.0e-004)
1379.298 .... 2047 packets received, 3040 bps, 38.00%, Err 968 (1.0e-004)
1381.401 .... 2055 packets received, 3047 bps, 38.09%, Err 968 (1.0e-004)
1383.539 .... 2058 packets received, 3047 bps, 38.09%, Err 969 (1.0e-004)
1385.709 .... 2066 packets received, 3054 bps, 38.18%, Err 969 (1.0e-004)
1388.096 .... 2070 packets received, 3055 bps, 38.18%, Err 971 (1.0e-004)
1390.286 .... 2078 packets received, 3062 bps, 38.27%, Err 971 (1.0e-004)
1393.276 .... 2080 packets received, 3058 bps, 38.23%, Err 974 (1.0e-004)
1395.716 .... 2083 packets received, 3057 bps, 38.21%, Err 976 (1.0e-004)
1397.891 .... 2084 packets received, 3054 bps, 38.17%, Err 976 (1.0e-004)
1400.041 .... 2087 packets received, 3054 bps, 38.17%, Err 979 (1.0e-004)
1402.127 .... 2090 packets received, 3053 bps, 38.17%, Err 982 (1.0e-004)
1404.330 .... 2093 packets received, 3053 bps, 38.16%, Err 984 (1.0e-004)
1406.471 .... 2097 packets received, 3054 bps, 38.18%, Err 986 (1.0e-004)
1407.665 ** WARNING: System too busy, sleep 15 ms, but be awakened 76 ms later
1408.637 .... 2100 packets received, 3054 bps, 38.17%, Err 987 (1.0e-004)
1410.809 .... 2104 packets received, 3055 bps, 38.19%, Err 989 (1.0e-004)
1413.667 ** WARNING: System too busy, sleep 15 ms, but be awakened 69 ms later
1413.799 .... 2111 packets received, 3059 bps, 38.23%, Err 990 (1.0e-004)
1416.835 .... 2115 packets received, 3058 bps, 38.22%, Err 992 (1.0e-004)
1420.072 .... 2122 packets received, 3061 bps, 38.26%, Err 993 (1.0e-004)
1424.519 .... 2129 packets received, 3061 bps, 38.27%, Err 998 (1.0e-004)
1426.686 .... 2137 packets received, 3068 bps, 38.35%, Err 998 (1.0e-004)
1428.844 .... 2143 packets received, 3072 bps, 38.40%, Err 998 (1.0e-004)
1433.821 .... 2145 packets received, 3064 bps, 38.31%, Err 1003 (1.0e-004)
1436.725 .... 2148 packets received, 3063 bps, 38.28%, Err 1005 (1.0e-004)
1439.108 .... 2150 packets received, 3060 bps, 38.25%, Err 1006 (1.0e-004)
1442.637 .... 2158 packets received, 3064 bps, 38.30%, Err 1010 (1.0e-004)
1444.743 .... 2160 packets received, 3063 bps, 38.28%, Err 1011 (1.0e-004)
1447.913 .... 2167 packets received, 3066 bps, 38.32%, Err 1014 (1.0e-004)
1450.086 .... 2170 packets received, 3065 bps, 38.32%, Err 1015 (1.0e-004)
1455.069 .... 2171 packets received, 3056 bps, 38.20%, Err 1017 (1.0e-004)
1460.330 .... 2175 packets received, 3051 bps, 38.14%, Err 1022 (1.0e-004)
1462.436 .... 2177 packets received, 3049 bps, 38.12%, Err 1024 (1.0e-004)
1464.624 .... 2178 packets received, 3046 bps, 38.08%, Err 1025 (1.0e-004)
1466.757 .... 2180 packets received, 3045 bps, 38.06%, Err 1026 (1.0e-004)
1468.876 .... 2183 packets received, 3044 bps, 38.05%, Err 1028 (1.0e-004)
1471.037 .... 2185 packets received, 3043 bps, 38.03%, Err 1029 (1.0e-004)
1476.523 .... 2189 packets received, 3037 bps, 37.96%, Err 1032 (1.0e-004)
1478.891 .... 2196 packets received, 3042 bps, 38.02%, Err 1033 (1.0e-004)
1483.315 .... 2197 packets received, 3034 bps, 37.92%, Err 1037 (1.0e-004)
1492.656 .... 2204 packets received, 3025 bps, 37.81%, Err 1044 (1.0e-004)
1494.805 .... 2212 packets received, 3031 bps, 37.89%, Err 1044 (1.0e-004)
1496.922 .... 2218 packets received, 3035 bps, 37.94%, Err 1045 (1.0e-004)
1499.078 .... 2225 packets received, 3040 bps, 38.00%, Err 1045 (1.0e-004)
1501.198 .... 2233 packets received, 3047 bps, 38.09%, Err 1045 (1.0e-004)
1503.314 .... 2235 packets received, 3045 bps, 38.07%, Err 1047 (1.0e-004)
1505.570 .... 2242 packets received, 3050 bps, 38.13%, Err 1049 (1.0e-004)
1507.823 .... 2243 packets received, 3047 bps, 38.09%, Err 1050 (1.0e-004)
1512.525 .... 2245 packets received, 3040 bps, 38.00%, Err 1054 (1.0e-004)
1513.697 ** WARNING: System too busy, sleep 15 ms, but be awakened 101 ms later
1517.434 .... 2246 packets received, 3032 bps, 37.90%, Err 1059 (1.0e-004)
1519.568 .... 2254 packets received, 3038 bps, 37.98%, Err 1059 (1.0e-004)
1521.681 .... 2262 packets received, 3045 bps, 38.06%, Err 1060 (1.0e-004)
1527.214 .... 2263 packets received, 3035 bps, 37.94%, Err 1067 (1.0e-004)
1531.723 .... 2270 packets received, 3036 bps, 37.95%, Err 1068 (1.0e-004)
1533.862 .... 2278 packets received, 3042 bps, 38.03%, Err 1068 (1.0e-004)
1536.014 .... 2281 packets received, 3042 bps, 38.02%, Err 1071 (1.0e-004)
1538.118 .... 2284 packets received, 3042 bps, 38.02%, Err 1072 (1.0e-004)
1540.291 .... 2287 packets received, 3041 bps, 38.02%, Err 1077 (1.0e-004)
1542.728 .... 2292 packets received, 3043 bps, 38.04%, Err 1079 (1.0e-004)
1545.488 .... 2296 packets received, 3043 bps, 38.04%, Err 1081 (1.0e-004)
1547.622 .... 2299 packets received, 3043 bps, 38.04%, Err 1082 (1.0e-004)
1550.495 .... 2307 packets received, 3048 bps, 38.10%, Err 1083 (1.0e-004)
1553.132 .... 2308 packets received, 3044 bps, 38.05%, Err 1083 (1.0e-004)
1559.644 .... 2311 packets received, 3035 bps, 37.94%, Err 1088 (1.0e-004)
1567.690 .... 2313 packets received, 3022 bps, 37.78%, Err 1092 (1.0e-004)
1570.697 .... 2314 packets received, 3018 bps, 37.72%, Err 1093 (1.0e-004)
1572.836 .... 2317 packets received, 3018 bps, 37.72%, Err 1096 (1.0e-004)
1575.241 .... 2320 packets received, 3017 bps, 37.71%, Err 1097 (1.0e-004)
1579.294 .... 2325 packets received, 3016 bps, 37.69%, Err 1098 (1.0e-004)
1581.394 .... 2328 packets received, 3015 bps, 37.69%, Err 1100 (1.0e-004)
1583.797 .... 2331 packets received, 3015 bps, 37.68%, Err 1103 (1.0e-004)
1586.700 .... 2338 packets received, 3018 bps, 37.73%, Err 1104 (1.0e-004)
1589.390 .... 2344 packets received, 3021 bps, 37.76%, Err 1106 (1.0e-004)
1594.604 .... 2347 packets received, 3015 bps, 37.69%, Err 1109 (1.0e-004)
1596.693 .... 2354 packets received, 3020 bps, 37.75%, Err 1110 (1.0e-004)
1600.494 .... 2357 packets received, 3017 bps, 37.71%, Err 1113 (1.0e-004)
1604.786 .... 2360 packets received, 3012 bps, 37.65%, Err 1115 (1.0e-004)
1606.941 .... 2363 packets received, 3012 bps, 37.65%, Err 1118 (1.0e-004)
1609.104 .... 2365 packets received, 3011 bps, 37.63%, Err 1120 (1.0e-004)
1611.475 .... 2369 packets received, 3011 bps, 37.64%, Err 1122 (1.0e-004)
1613.579 .... 2377 packets received, 3018 bps, 37.72%, Err 1122 (1.0e-004)
1615.988 .... 2381 packets received, 3018 bps, 37.73%, Err 1126 (1.0e-004)
1623.717 .... 2382 packets received, 3005 bps, 37.56%, Err 1135 (1.0e-004)
1629.640 .... 2384 packets received, 2997 bps, 37.46%, Err 1141 (1.0e-004)
1631.780 .... 2388 packets received, 2998 bps, 37.47%, Err 1142 (1.0e-004)
1634.930 .... 2391 packets received, 2996 bps, 37.45%, Err 1145 (1.0e-004)
1635.699 ** WARNING: System too busy, sleep 15 ms, but be awakened 69 ms later
1643.972 .... 2397 packets received, 2987 bps, 37.33%, Err 1151 (1.0e-004)
1647.058 .... 2398 packets received, 2982 bps, 37.28%, Err 1152 (1.0e-004)
1647.728 ** WARNING: System too busy, sleep 15 ms, but be awakened 69 ms later
1650.166 .... 2405 packets received, 2985 bps, 37.32%, Err 1154 (1.0e-004)
1652.258 .... 2408 packets received, 2985 bps, 37.32%, Err 1155 (1.0e-004)
1654.392 .... 2412 packets received, 2986 bps, 37.33%, Err 1158 (1.0e-004)
1656.563 .... 2416 packets received, 2987 bps, 37.34%, Err 1159 (1.0e-004)
1660.370 .... 2422 packets received, 2988 bps, 37.35%, Err 1161 (1.0e-004)
1663.688 .... 2425 packets received, 2986 bps, 37.32%, Err 1163 (1.0e-004)
1665.811 .... 2427 packets received, 2984 bps, 37.30%, Err 1165 (1.0e-004)
1667.997 .... 2431 packets received, 2985 bps, 37.32%, Err 1167 (1.0e-004)
1670.052 .... 2439 packets received, 2992 bps, 37.39%, Err 1167 (1.0e-004)
1678.307 .... 2443 packets received, 2982 bps, 37.27%, Err 1171 (1.0e-004)
1683.017 .... 2450 packets received, 2982 bps, 37.27%, Err 1172 (1.0e-004)
1685.657 .... 2456 packets received, 2984 bps, 37.31%, Err 1177 (1.0e-004)
1691.126 .... 2460 packets received, 2980 bps, 37.25%, Err 1180 (1.0e-004)
1693.784 .... 2466 packets received, 2982 bps, 37.28%, Err 1182 (1.0e-004)
1700.358 .... 2468 packets received, 2973 bps, 37.16%, Err 1184 (1.0e-004)
1704.364 .... 2475 packets received, 2975 bps, 37.18%, Err 1186 (1.0e-004)
1707.004 .... 2479 packets received, 2975 bps, 37.18%, Err 1190 (1.0e-004)
1709.125 .... 2487 packets received, 2981 bps, 37.26%, Err 1191 (1.0e-004)
1713.741 ** WARNING: System too busy, sleep 15 ms, but be awakened 78 ms later
1713.832 .... 2488 packets received, 2974 bps, 37.17%, Err 1195 (1.0e-004)
1715.966 .... 2492 packets received, 2975 bps, 37.18%, Err 1197 (1.0e-004)
1718.137 .... 2499 packets received, 2979 bps, 37.24%, Err 1198 (1.0e-004)
1720.288 .... 2500 packets received, 2977 bps, 37.21%, Err 1199 (1.0e-004)
1724.117 .... 2508 packets received, 2980 bps, 37.25%, Err 1200 (1.0e-004)
1726.251 .... 2511 packets received, 2980 bps, 37.24%, Err 1202 (1.0e-004)
1728.899 .... 2516 packets received, 2981 bps, 37.26%, Err 1204 (1.0e-004)
1731.745 ** WARNING: System too busy, sleep 15 ms, but be awakened 74 ms later
1732.372 .... 2519 packets received, 2978 bps, 37.23%, Err 1208 (1.0e-004)
1734.495 .... 2523 packets received, 2980 bps, 37.24%, Err 1213 (1.0e-004)
1736.634 .... 2526 packets received, 2979 bps, 37.24%, Err 1214 (1.0e-004)
1738.839 .... 2529 packets received, 2979 bps, 37.24%, Err 1216 (1.0e-004)
1741.205 .... 2533 packets received, 2980 bps, 37.25%, Err 1217 (1.0e-004)
1743.645 .... 2537 packets received, 2980 bps, 37.25%, Err 1218 (1.0e-004)
1745.763 .... 2540 packets received, 2980 bps, 37.25%, Err 1220 (1.0e-004)
1747.155 ** WARNING: System too busy, sleep 15 ms, but be awakened 72 ms later
1747.908 .... 2548 packets received, 2986 bps, 37.32%, Err 1221 (1.0e-004)
1751.397 .... 2552 packets received, 2985 bps, 37.31%, Err 1222 (1.0e-004)
1753.500 .... 2560 packets received, 2990 bps, 37.38%, Err 1222 (1.0e-004)
1757.176 .... 2564 packets received, 2989 bps, 37.36%, Err 1224 (1.0e-004)
1762.363 .... 2567 packets received, 2984 bps, 37.29%, Err 1227 (1.0e-004)
1764.495 .... 2569 packets received, 2982 bps, 37.28%, Err 1229 (1.0e-004)
1767.800 .... 2574 packets received, 2982 bps, 37.28%, Err 1230 (1.0e-004)
1772.974 .... 2576 packets received, 2976 bps, 37.20%, Err 1235 (1.0e-004)
1775.118 .... 2584 packets received, 2982 bps, 37.27%, Err 1235 (1.0e-004)
1777.515 .... 2587 packets received, 2981 bps, 37.26%, Err 1238 (1.0e-004)
1782.424 .... 2588 packets received, 2974 bps, 37.18%, Err 1241 (1.0e-004)
1783.771 ** WARNING: System too busy, sleep 15 ms, but be awakened 78 ms later
1787.011 .... 2596 packets received, 2976 bps, 37.20%, Err 1243 (1.0e-004)
1790.166 .... 2603 packets received, 2978 bps, 37.23%, Err 1246 (1.0e-004)
1792.310 .... 2611 packets received, 2984 bps, 37.30%, Err 1246 (1.0e-004)
1794.444 .... 2618 packets received, 2988 bps, 37.36%, Err 1248 (1.0e-004)
1802.986 .... 2619 packets received, 2975 bps, 37.19%, Err 1254 (1.0e-004)
1805.328 .... 2626 packets received, 2979 bps, 37.24%, Err 1257 (1.0e-004)
1807.446 .... 2629 packets received, 2979 bps, 37.24%, Err 1259 (1.0e-004)
1809.611 .... 2637 packets received, 2985 bps, 37.31%, Err 1259 (1.0e-004)
1815.373 .... 2641 packets received, 2980 bps, 37.25%, Err 1265 (1.0e-004)
1818.008 .... 2644 packets received, 2979 bps, 37.24%, Err 1267 (1.0e-004)
1820.149 .... 2652 packets received, 2984 bps, 37.31%, Err 1267 (1.0e-004)
1822.229 .... 2658 packets received, 2988 bps, 37.35%, Err 1267 (1.0e-004)
1824.387 .... 2665 packets received, 2992 bps, 37.40%, Err 1267 (1.0e-004)
1827.223 .... 2671 packets received, 2994 bps, 37.43%, Err 1268 (1.0e-004)
1830.695 .... 2679 packets received, 2997 bps, 37.47%, Err 1271 (1.0e-004)
1833.066 .... 2682 packets received, 2997 bps, 37.46%, Err 1273 (1.0e-004)
1835.201 .... 2686 packets received, 2998 bps, 37.47%, Err 1274 (1.0e-004)
1837.351 .... 2694 packets received, 3003 bps, 37.54%, Err 1274 (1.0e-004)
1840.006 .... 2698 packets received, 3003 bps, 37.54%, Err 1277 (1.0e-004)
1842.143 .... 2702 packets received, 3004 bps, 37.56%, Err 1279 (1.0e-004)
1858.159 .... 2710 packets received, 2987 bps, 37.34%, Err 1292 (1.0e-004)
1863.122 .... 2711 packets received, 2980 bps, 37.26%, Err 1296 (1.0e-004)
1865.201 .... 2713 packets received, 2979 bps, 37.24%, Err 1296 (1.0e-004)
1867.940 .... 2718 packets received, 2980 bps, 37.26%, Err 1298 (1.0e-004)
1870.097 .... 2721 packets received, 2980 bps, 37.25%, Err 1299 (1.0e-004)
1872.334 .... 2724 packets received, 2980 bps, 37.25%, Err 1300 (1.0e-004)
1875.809 .... 2728 packets received, 2979 bps, 37.24%, Err 1304 (1.0e-004)
1877.922 .... 2731 packets received, 2979 bps, 37.24%, Err 1307 (1.0e-004)
1879.796 ** WARNING: System too busy, sleep 15 ms, but be awakened 88 ms later
1880.624 .... 2736 packets received, 2980 bps, 37.25%, Err 1310 (1.0e-004)
1882.784 .... 2744 packets received, 2985 bps, 37.32%, Err 1310 (1.0e-004)
1885.959 .... 2749 packets received, 2986 bps, 37.32%, Err 1311 (1.0e-004)
1888.878 .... 2756 packets received, 2989 bps, 37.36%, Err 1313 (1.0e-004)
1890.998 .... 2758 packets received, 2987 bps, 37.34%, Err 1314 (1.0e-004)
1893.803 ** WARNING: System too busy, sleep 15 ms, but be awakened 70 ms later
1894.608 .... 2763 packets received, 2987 bps, 37.34%, Err 1316 (1.0e-004)
1898.596 .... 2766 packets received, 2984 bps, 37.30%, Err 1319 (1.0e-004)
1909.680 .... 2768 packets received, 2969 bps, 37.11%, Err 1331 (1.0e-004)
1909.803 ** WARNING: System too busy, sleep 15 ms, but be awakened 69 ms later
1911.821 .... 2770 packets received, 2968 bps, 37.10%, Err 1331 (1.0e-004)
1914.091 .... 2776 packets received, 2971 bps, 37.13%, Err 1331 (1.0e-004)
1916.748 .... 2783 packets received, 2974 bps, 37.18%, Err 1331 (1.0e-004)
1926.130 .... 2788 packets received, 2965 bps, 37.06%, Err 1336 (1.0e-004)
1929.389 .... 2793 packets received, 2965 bps, 37.06%, Err 1337 (1.0e-004)
1931.523 .... 2796 packets received, 2965 bps, 37.06%, Err 1339 (1.0e-004)
1934.444 .... 2803 packets received, 2968 bps, 37.10%, Err 1344 (1.0e-004)
1936.573 .... 2806 packets received, 2968 bps, 37.10%, Err 1346 (1.0e-004)
1940.030 .... 2811 packets received, 2968 bps, 37.10%, Err 1347 (1.0e-004)
1942.703 .... 2816 packets received, 2969 bps, 37.11%, Err 1350 (1.0e-004)
1944.892 .... 2824 packets received, 2974 bps, 37.18%, Err 1351 (1.0e-004)
1949.135 .... 2830 packets received, 2974 bps, 37.18%, Err 1352 (1.0e-004)
1951.810 .... 2836 packets received, 2976 bps, 37.20%, Err 1356 (1.0e-004)
1957.521 .... 2841 packets received, 2973 bps, 37.16%, Err 1359 (1.0e-004)
1959.780 .... 2848 packets received, 2977 bps, 37.21%, Err 1359 (1.0e-004)
1971.059 .... 2850 packets received, 2962 bps, 37.02%, Err 1367 (1.0e-004)
1973.478 .... 2853 packets received, 2961 bps, 37.01%, Err 1368 (1.0e-004)
1975.950 .... 2855 packets received, 2960 bps, 36.99%, Err 1370 (1.0e-004)
1981.158 .... 2859 packets received, 2956 bps, 36.95%, Err 1373 (1.0e-004)
1983.281 .... 2862 packets received, 2956 bps, 36.95%, Err 1374 (1.0e-004)
1985.404 .... 2865 packets received, 2956 bps, 36.95%, Err 1377 (1.0e-004)
1987.538 .... 2868 packets received, 2956 bps, 36.95%, Err 1378 (1.0e-004)
1991.023 .... 2872 packets received, 2955 bps, 36.93%, Err 1379 (1.0e-004)
1993.450 .... 2876 packets received, 2955 bps, 36.94%, Err 1380 (1.0e-004)
2000.165 .... 2881 packets received, 2950 bps, 36.88%, Err 1386 (1.0e-004)
2005.329 .... 2882 packets received, 2944 bps, 36.80%, Err 1388 (1.0e-004)
2007.718 .... 2887 packets received, 2945 bps, 36.82%, Err 1389 (1.0e-004)
2018.793 .... 2889 packets received, 2931 bps, 36.64%, Err 1398 (1.0e-004)
2020.932 .... 2893 packets received, 2932 bps, 36.65%, Err 1399 (1.0e-004)
2023.061 .... 2895 packets received, 2931 bps, 36.64%, Err 1401 (1.0e-004)
2025.495 .... 2899 packets received, 2932 bps, 36.65%, Err 1402 (1.0e-004)
2028.451 .... 2903 packets received, 2931 bps, 36.64%, Err 1403 (1.0e-004)
2032.642 .... 2909 packets received, 2931 bps, 36.64%, Err 1407 (1.0e-004)
2041.153 .... 2913 packets received, 2923 bps, 36.54%, Err 1412 (1.0e-004)
2047.057 .... 2919 packets received, 2921 bps, 36.51%, Err 1416 (1.0e-004)
2049.175 .... 2921 packets received, 2920 bps, 36.50%, Err 1416 (1.0e-004)
2054.135 .... 2924 packets received, 2916 bps, 36.45%, Err 1422 (1.0e-004)
2056.372 .... 2931 packets received, 2919 bps, 36.49%, Err 1422 (1.0e-004)
2059.577 .... 2937 packets received, 2921 bps, 36.51%, Err 1423 (1.0e-004)
2061.682 .... 2941 packets received, 2922 bps, 36.52%, Err 1426 (1.0e-004)
2065.825 ** WARNING: System too busy, sleep 15 ms, but be awakened 69 ms later
2066.026 .... 2949 packets received, 2924 bps, 36.55%, Err 1429 (1.0e-004)
2068.693 .... 2951 packets received, 2922 bps, 36.52%, Err 1434 (1.0e-004)
2072.097 .... 2956 packets received, 2922 bps, 36.53%, Err 1435 (1.0e-004)
2075.271 .... 2963 packets received, 2924 bps, 36.56%, Err 1436 (1.0e-004)
2077.389 .... 2967 packets received, 2925 bps, 36.57%, Err 1438 (1.0e-004)
2079.523 .... 2975 packets received, 2930 bps, 36.63%, Err 1440 (1.0e-004)
2081.728 .... 2977 packets received, 2929 bps, 36.61%, Err 1440 (1.0e-004)
2083.841 .... 2981 packets received, 2930 bps, 36.63%, Err 1443 (1.0e-004)
2086.437 .... 2982 packets received, 2927 bps, 36.59%, Err 1444 (1.0e-004)
2088.560 .... 2990 packets received, 2932 bps, 36.65%, Err 1444 (1.0e-004)
2090.995 .... 2994 packets received, 2933 bps, 36.66%, Err 1445 (1.0e-004)
2093.901 .... 2998 packets received, 2933 bps, 36.66%, Err 1447 (1.0e-004)
2096.585 .... 3003 packets received, 2934 bps, 36.67%, Err 1452 (1.0e-004)
2098.721 .... 3006 packets received, 2934 bps, 36.67%, Err 1453 (1.0e-004)
2101.154 .... 3010 packets received, 2934 bps, 36.68%, Err 1456 (1.0e-004)
2104.301 .... 3017 packets received, 2937 bps, 36.71%, Err 1459 (1.0e-004)
2106.454 .... 3018 packets received, 2935 bps, 36.68%, Err 1459 (1.0e-004)
2108.628 .... 3022 packets received, 2936 bps, 36.69%, Err 1463 (1.0e-004)
2110.765 .... 3024 packets received, 2934 bps, 36.68%, Err 1464 (1.0e-004)
2113.106 .... 3028 packets received, 2935 bps, 36.69%, Err 1465 (1.0e-004)
2116.364 .... 3035 packets received, 2937 bps, 36.72%, Err 1467 (1.0e-004)
2117.854 ** WARNING: System too busy, sleep 15 ms, but be awakened 72 ms later
2118.552 .... 3039 packets received, 2938 bps, 36.73%, Err 1468 (1.0e-004)
2120.669 .... 3047 packets received, 2943 bps, 36.79%, Err 1468 (1.0e-004)
2123.618 .... 3054 packets received, 2946 bps, 36.82%, Err 1471 (1.0e-004)
2123.855 ** WARNING: System too busy, sleep 15 ms, but be awakened 69 ms later
2125.872 ** WARNING: System too busy, sleep 15 ms, but be awakened 85 ms later
2127.427 .... 3058 packets received, 2944 bps, 36.80%, Err 1473 (1.0e-004)
2129.585 .... 3060 packets received, 2943 bps, 36.79%, Err 1476 (1.0e-004)
2131.703 .... 3064 packets received, 2944 bps, 36.80%, Err 1477 (1.0e-004)
2136.657 .... 3067 packets received, 2940 bps, 36.75%, Err 1480 (1.0e-004)
2139.326 .... 3073 packets received, 2942 bps, 36.78%, Err 1483 (1.0e-004)
2141.866 ** WARNING: System too busy, sleep 15 ms, but be awakened 68 ms later
2142.534 .... 3080 packets received, 2945 bps, 36.81%, Err 1485 (1.0e-004)
2147.750 .... 3083 packets received, 2940 bps, 36.75%, Err 1489 (1.0e-004)
2147.886 ** WARNING: System too busy, sleep 15 ms, but be awakened 81 ms later
2149.939 .... 3091 packets received, 2945 bps, 36.81%, Err 1489 (1.0e-004)
2153.383 .... 3099 packets received, 2948 bps, 36.85%, Err 1491 (1.0e-004)
2155.487 .... 3107 packets received, 2952 bps, 36.91%, Err 1492 (1.0e-004)
2158.043 .... 3109 packets received, 2951 bps, 36.89%, Err 1495 (1.0e-004)
2162.019 .... 3115 packets received, 2951 bps, 36.89%, Err 1498 (1.0e-004)
2164.485 .... 3119 packets received, 2952 bps, 36.89%, Err 1500 (1.0e-004)
2166.605 .... 3122 packets received, 2952 bps, 36.89%, Err 1502 (1.0e-004)
2168.609 .... 3129 packets received, 2955 bps, 36.94%, Err 1503 (1.0e-004)
2171.867 .... 3132 packets received, 2954 bps, 36.92%, Err 1506 (1.0e-004)
2174.019 .... 3134 packets received, 2953 bps, 36.91%, Err 1509 (1.0e-004)
2176.144 .... 3142 packets received, 2957 bps, 36.97%, Err 1510 (1.0e-004)
2177.874 ** WARNING: System too busy, sleep 15 ms, but be awakened 81 ms later
2178.296 .... 3145 packets received, 2957 bps, 36.97%, Err 1510 (1.0e-004)
2181.253 .... 3149 packets received, 2957 bps, 36.96%, Err 1514 (1.0e-004)
2181.872 ** WARNING: System too busy, sleep 15 ms, but be awakened 76 ms later
2183.422 .... 3157 packets received, 2962 bps, 37.02%, Err 1514 (1.0e-004)
2187.367 .... 3160 packets received, 2959 bps, 36.99%, Err 1518 (1.0e-004)
2195.352 .... 3162 packets received, 2950 bps, 36.88%, Err 1524 (1.0e-004)
2197.776 .... 3165 packets received, 2950 bps, 36.87%, Err 1528 (1.0e-004)
2199.863 ** WARNING: System too busy, sleep 15 ms, but be awakened 69 ms later
2201.852 .... 3172 packets received, 2951 bps, 36.88%, Err 1530 (1.0e-004)
2203.986 .... 3180 packets received, 2955 bps, 36.94%, Err 1530 (1.0e-004)
2212.257 .... 3183 packets received, 2947 bps, 36.84%, Err 1537 (1.0e-004)
2214.804 .... 3188 packets received, 2948 bps, 36.85%, Err 1540 (1.0e-004)
2225.599 .... 3189 packets received, 2935 bps, 36.69%, Err 1546 (1.0e-004)
2228.287 .... 3195 packets received, 2937 bps, 36.71%, Err 1547 (1.0e-004)
2230.407 .... 3203 packets received, 2941 bps, 36.77%, Err 1547 (1.0e-004)
2234.665 .... 3209 packets received, 2941 bps, 36.77%, Err 1548 (1.0e-004)
2236.784 .... 3217 packets received, 2946 bps, 36.82%, Err 1548 (1.0e-004)
2243.391 .... 3222 packets received, 2942 bps, 36.77%, Err 1555 (1.0e-004)
2245.508 .... 3224 packets received, 2941 bps, 36.76%, Err 1556 (1.0e-004)
2247.667 .... 3231 packets received, 2944 bps, 36.80%, Err 1556 (1.0e-004)
2251.286 .... 3237 packets received, 2945 bps, 36.81%, Err 1558 (1.0e-004)
2251.902 ** WARNING: System too busy, sleep 15 ms, but be awakened 68 ms later
2254.737 .... 3239 packets received, 2942 bps, 36.78%, Err 1562 (1.0e-004)
2260.002 .... 3240 packets received, 2936 bps, 36.71%, Err 1567 (1.0e-004)
2265.239 .... 3242 packets received, 2931 bps, 36.64%, Err 1572 (1.0e-004)
2267.327 .... 3244 packets received, 2931 bps, 36.63%, Err 1574 (1.0e-004)
2270.283 .... 3250 packets received, 2932 bps, 36.65%, Err 1576 (1.0e-004)
2272.420 .... 3254 packets received, 2933 bps, 36.66%, Err 1579 (1.0e-004)
2274.523 .... 3257 packets received, 2933 bps, 36.66%, Err 1581 (1.0e-004)
2279.227 .... 3261 packets received, 2931 bps, 36.63%, Err 1586 (1.0e-004)
2281.404 .... 3269 packets received, 2935 bps, 36.69%, Err 1586 (1.0e-004)
2283.755 .... 3273 packets received, 2936 bps, 36.69%, Err 1588 (1.0e-004)
2285.913 .... 3281 packets received, 2940 bps, 36.75%, Err 1589 (1.0e-004)
2288.014 .... 3282 packets received, 2938 bps, 36.73%, Err 1590 (1.0e-004)
2290.195 .... 3290 packets received, 2942 bps, 36.78%, Err 1591 (1.0e-004)
2292.283 .... 3293 packets received, 2942 bps, 36.78%, Err 1593 (1.0e-004)
2294.425 .... 3295 packets received, 2941 bps, 36.77%, Err 1594 (1.0e-004)
2296.607 .... 3303 packets received, 2946 bps, 36.82%, Err 1594 (1.0e-004)
2299.410 .... 3307 packets received, 2946 bps, 36.82%, Err 1596 (1.0e-004)
2301.514 .... 3311 packets received, 2947 bps, 36.83%, Err 1597 (1.0e-004)
2303.588 .... 3315 packets received, 2948 bps, 36.84%, Err 1601 (1.0e-004)
2305.707 .... 3319 packets received, 2948 bps, 36.86%, Err 1601 (1.0e-004)
2308.876 .... 3327 packets received, 2951 bps, 36.89%, Err 1602 (1.0e-004)
2312.116 .... 3331 packets received, 2951 bps, 36.89%, Err 1604 (1.0e-004)
2314.225 .... 3339 packets received, 2955 bps, 36.94%, Err 1604 (1.0e-004)
2317.715 .... 3346 packets received, 2957 bps, 36.96%, Err 1606 (1.0e-004)
2319.835 .... 3350 packets received, 2958 bps, 36.97%, Err 1607 (1.0e-004)
2324.543 .... 3352 packets received, 2954 bps, 36.92%, Err 1610 (1.0e-004)
2326.650 .... 3354 packets received, 2953 bps, 36.91%, Err 1610 (1.0e-004)
2329.084 .... 3361 packets received, 2956 bps, 36.95%, Err 1610 (1.0e-004)
2333.115 .... 3366 packets received, 2955 bps, 36.94%, Err 1613 (1.0e-004)
2338.041 .... 3368 packets received, 2951 bps, 36.88%, Err 1617 (1.0e-004)
2340.193 .... 3372 packets received, 2951 bps, 36.89%, Err 1619 (1.0e-004)
2343.635 .... 3376 packets received, 2951 bps, 36.88%, Err 1621 (1.0e-004)
2346.272 .... 3382 packets received, 2952 bps, 36.91%, Err 1624 (1.0e-004)
2349.464 .... 3388 packets received, 2954 bps, 36.92%, Err 1626 (1.0e-004)
2351.682 .... 3395 packets received, 2957 bps, 36.96%, Err 1627 (1.0e-004)
2353.817 .... 3403 packets received, 2961 bps, 37.02%, Err 1628 (1.0e-004)
2355.892 .... 3410 packets received, 2965 bps, 37.06%, Err 1629 (1.0e-004)
2357.994 .... 3413 packets received, 2965 bps, 37.06%, Err 1629 (1.0e-004)
2361.543 .... 3421 packets received, 2967 bps, 37.09%, Err 1632 (1.0e-004)
2366.504 .... 3423 packets received, 2963 bps, 37.03%, Err 1641 (1.0e-004)
2371.443 .... 3424 packets received, 2957 bps, 36.97%, Err 1646 (1.0e-004)
2373.600 .... 3426 packets received, 2956 bps, 36.96%, Err 1646 (1.0e-004)
2376.493 .... 3433 packets received, 2959 bps, 36.99%, Err 1649 (1.0e-004)
2378.626 .... 3437 packets received, 2960 bps, 37.00%, Err 1651 (1.0e-004)
2382.338 .... 3443 packets received, 2960 bps, 37.00%, Err 1655 (1.0e-004)
2385.012 .... 3448 packets received, 2961 bps, 37.01%, Err 1656 (1.0e-004)
2387.745 .... 3451 packets received, 2960 bps, 37.00%, Err 1658 (1.0e-004)
2391.219 .... 3459 packets received, 2963 bps, 37.04%, Err 1659 (1.0e-004)
2393.352 .... 3462 packets received, 2963 bps, 37.04%, Err 1661 (1.0e-004)
2393.921 ** WARNING: System too busy, sleep 15 ms, but be awakened 100 ms later
2395.501 .... 3470 packets received, 2967 bps, 37.09%, Err 1661 (1.0e-004)
2397.656 .... 3476 packets received, 2969 bps, 37.12%, Err 1661 (1.0e-004)
2401.107 .... 3484 packets received, 2972 bps, 37.15%, Err 1664 (1.0e-004)
2401.945 ** WARNING: System too busy, sleep 15 ms, but be awakened 84 ms later
2405.179 .... 3486 packets received, 2969 bps, 37.11%, Err 1668 (1.0e-004)
2407.880 .... 3489 packets received, 2968 bps, 37.10%, Err 1669 (1.0e-004)
2410.502 .... 3492 packets received, 2967 bps, 37.09%, Err 1672 (1.0e-004)
2411.957 ** WARNING: System too busy, sleep 15 ms, but be awakened 106 ms later
2413.206 .... 3498 packets received, 2969 bps, 37.11%, Err 1675 (1.0e-004)
2415.742 .... 3500 packets received, 2968 bps, 37.09%, Err 1677 (1.0e-004)
2418.162 .... 3505 packets received, 2969 bps, 37.11%, Err 1678 (1.0e-004)
2424.473 .... 3509 packets received, 2964 bps, 37.06%, Err 1685 (1.0e-004)
2427.305 .... 3514 packets received, 2965 bps, 37.07%, Err 1687 (1.0e-004)
2430.310 .... 3521 packets received, 2967 bps, 37.09%, Err 1689 (1.0e-004)
2432.429 .... 3529 packets received, 2972 bps, 37.15%, Err 1689 (1.0e-004)
2435.398 .... 3531 packets received, 2970 bps, 37.12%, Err 1691 (1.0e-004)
2437.540 .... 3535 packets received, 2970 bps, 37.13%, Err 1693 (1.0e-004)
2439.660 .... 3537 packets received, 2970 bps, 37.12%, Err 1695 (1.0e-004)
2443.922 ** WARNING: System too busy, sleep 15 ms, but be awakened 83 ms later
2444.217 .... 3544 packets received, 2970 bps, 37.12%, Err 1697 (1.0e-004)
2449.144 .... 3545 packets received, 2965 bps, 37.06%, Err 1701 (1.0e-004)
2451.292 .... 3547 packets received, 2964 bps, 37.05%, Err 1701 (1.0e-004)
2453.414 .... 3553 packets received, 2966 bps, 37.08%, Err 1701 (1.0e-004)
2459.495 .... 3557 packets received, 2962 bps, 37.03%, Err 1707 (1.0e-004)
2463.149 .... 3564 packets received, 2964 bps, 37.05%, Err 1708 (1.0e-004)
2465.637 .... 3568 packets received, 2964 bps, 37.05%, Err 1709 (1.0e-004)
2473.636 .... 3570 packets received, 2956 bps, 36.95%, Err 1719 (1.0e-004)
2475.768 .... 3572 packets received, 2955 bps, 36.94%, Err 1720 (1.0e-004)
2477.922 .... 3580 packets received, 2959 bps, 36.99%, Err 1720 (1.0e-004)
2480.095 .... 3583 packets received, 2959 bps, 36.99%, Err 1723 (1.0e-004)
2482.227 .... 3591 packets received, 2963 bps, 37.04%, Err 1723 (1.0e-004)
2485.162 .... 3595 packets received, 2963 bps, 37.04%, Err 1724 (1.0e-004)
2487.319 .... 3599 packets received, 2964 bps, 37.05%, Err 1725 (1.0e-004)
2490.141 .... 3607 packets received, 2967 bps, 37.09%, Err 1725 (1.0e-004)
2496.139 .... 3613 packets received, 2965 bps, 37.06%, Err 1729 (1.0e-004)
2498.292 .... 3617 packets received, 2965 bps, 37.07%, Err 1733 (1.0e-004)
2500.480 .... 3618 packets received, 2964 bps, 37.05%, Err 1734 (1.0e-004)
2504.142 .... 3624 packets received, 2964 bps, 37.05%, Err 1738 (1.0e-004)
2507.346 .... 3626 packets received, 2962 bps, 37.03%, Err 1739 (1.0e-004)
2510.085 .... 3631 packets received, 2963 bps, 37.04%, Err 1742 (1.0e-004)
2512.207 .... 3634 packets received, 2963 bps, 37.04%, Err 1743 (1.0e-004)
2515.626 .... 3639 packets received, 2963 bps, 37.04%, Err 1746 (1.0e-004)
2515.948 ** WARNING: System too busy, sleep 15 ms, but be awakened 85 ms later
2518.566 .... 3645 packets received, 2964 bps, 37.05%, Err 1749 (1.0e-004)
2521.632 .... 3649 packets received, 2964 bps, 37.05%, Err 1752 (1.0e-004)
2523.734 .... 3653 packets received, 2965 bps, 37.06%, Err 1753 (1.0e-004)
2525.892 .... 3661 packets received, 2969 bps, 37.11%, Err 1753 (1.0e-004)
2525.967 ** WARNING: System too busy, sleep 15 ms, but be awakened 75 ms later
2529.479 .... 3663 packets received, 2966 bps, 37.08%, Err 1755 (1.0e-004)
2531.929 .... 3665 packets received, 2965 bps, 37.06%, Err 1758 (1.0e-004)
2534.102 .... 3669 packets received, 2966 bps, 37.07%, Err 1760 (1.0e-004)
2540.296 .... 3673 packets received, 2962 bps, 37.02%, Err 1763 (1.0e-004)
2542.334 .... 3674 packets received, 2960 bps, 37.00%, Err 1765 (1.0e-004)
2545.271 .... 3679 packets received, 2961 bps, 37.01%, Err 1766 (1.0e-004)
2547.660 .... 3683 packets received, 2961 bps, 37.01%, Err 1767 (1.0e-004)
2549.780 .... 3687 packets received, 2962 bps, 37.02%, Err 1768 (1.0e-004)
2551.955 .... 3690 packets received, 2962 bps, 37.02%, Err 1770 (1.0e-004)
2554.059 .... 3694 packets received, 2962 bps, 37.03%, Err 1771 (1.0e-004)
2556.195 .... 3698 packets received, 2963 bps, 37.04%, Err 1773 (1.0e-004)
2559.670 .... 3704 packets received, 2964 bps, 37.05%, Err 1776 (1.0e-004)
2563.508 .... 3710 packets received, 2964 bps, 37.05%, Err 1779 (1.0e-004)
2565.968 ** WARNING: System too busy, sleep 15 ms, but be awakened 67 ms later
2567.119 .... 3716 packets received, 2965 bps, 37.06%, Err 1782 (1.0e-004)
2569.239 .... 3724 packets received, 2969 bps, 37.11%, Err 1782 (1.0e-004)
2572.044 .... 3726 packets received, 2967 bps, 37.09%, Err 1785 (1.0e-004)
2574.174 .... 3734 packets received, 2971 bps, 37.14%, Err 1785 (1.0e-004)
2579.686 .... 3738 packets received, 2968 bps, 37.10%, Err 1788 (1.0e-004)
2586.201 .... 3741 packets received, 2963 bps, 37.04%, Err 1794 (1.0e-004)
2594.214 .... 3748 packets received, 2959 bps, 36.99%, Err 1798 (1.0e-004)
2596.321 .... 3756 packets received, 2963 bps, 37.04%, Err 1798 (1.0e-004)
2598.555 .... 3759 packets received, 2963 bps, 37.04%, Err 1799 (1.0e-004)
2600.704 .... 3762 packets received, 2963 bps, 37.04%, Err 1801 (1.0e-004)
2604.166 .... 3766 packets received, 2962 bps, 37.03%, Err 1805 (1.0e-004)
2606.304 .... 3768 packets received, 2961 bps, 37.01%, Err 1806 (1.0e-004)
2608.406 .... 3775 packets received, 2964 bps, 37.05%, Err 1806 (1.0e-004)
2610.608 .... 3781 packets received, 2967 bps, 37.08%, Err 1806 (1.0e-004)
2615.815 .... 3784 packets received, 2963 bps, 37.04%, Err 1811 (1.0e-004)
2617.918 .... 3787 packets received, 2963 bps, 37.04%, Err 1814 (1.0e-004)
2620.108 .... 3789 packets received, 2962 bps, 37.03%, Err 1816 (1.0e-004)
2624.764 .... 3791 packets received, 2958 bps, 36.98%, Err 1821 (1.0e-004)
2631.332 .... 3794 packets received, 2953 bps, 36.92%, Err 1828 (1.0e-004)
2633.451 .... 3796 packets received, 2952 bps, 36.91%, Err 1828 (1.0e-004)
2635.210 TCP disconnected.
